- | [] | [20190720 00:00:58.128] | [INFO] | [PC-20190528OEHK] | [AsyncResolver-bootstrap-executor-0] | [c.n.d.s.r.aws.ConfigClusterResolver] | --> Resolving eureka endpoints via configuration|
- | [] | [20190720 00:05:58.146] | [INFO] | [PC-20190528OEHK] | [AsyncResolver-bootstrap-executor-0] | [c.n.d.s.r.aws.ConfigClusterResolver] | --> Resolving eureka endpoints via configuration|
- | [] | [20190720 00:10:58.157] | [INFO] | [PC-20190528OEHK] | [AsyncResolver-bootstrap-executor-0] | [c.n.d.s.r.aws.ConfigClusterResolver] | --> Resolving eureka endpoints via configuration|
- | [] | [20190720 00:15:58.168] | [INFO] | [PC-20190528OEHK] | [AsyncResolver-bootstrap-executor-0] | [c.n.d.s.r.aws.ConfigClusterResolver] | --> Resolving eureka endpoints via configuration|
- | [] | [20190720 00:20:58.179] | [INFO] | [PC-20190528OEHK] | [AsyncResolver-bootstrap-executor-0] | [c.n.d.s.r.aws.ConfigClusterResolver] | --> Resolving eureka endpoints via configuration|
- | [] | [20190720 00:25:58.190] | [INFO] | [PC-20190528OEHK] | [AsyncResolver-bootstrap-executor-0] | [c.n.d.s.r.aws.ConfigClusterResolver] | --> Resolving eureka endpoints via configuration|
- | [] | [20190720 00:30:58.202] | [INFO] | [PC-20190528OEHK] | [AsyncResolver-bootstrap-executor-0] | [c.n.d.s.r.aws.ConfigClusterResolver] | --> Resolving eureka endpoints via configuration|
- | [] | [20190720 00:35:58.214] | [INFO] | [PC-20190528OEHK] | [AsyncResolver-bootstrap-executor-0] | [c.n.d.s.r.aws.ConfigClusterResolver] | --> Resolving eureka endpoints via configuration|
- | [] | [20190720 00:40:58.225] | [INFO] | [PC-20190528OEHK] | [AsyncResolver-bootstrap-executor-0] | [c.n.d.s.r.aws.ConfigClusterResolver] | --> Resolving eureka endpoints via configuration|
- | [] | [20190720 00:45:58.236] | [INFO] | [PC-20190528OEHK] | [AsyncResolver-bootstrap-executor-0] | [c.n.d.s.r.aws.ConfigClusterResolver] | --> Resolving eureka endpoints via configuration|
- | [] | [20190720 00:50:58.247] | [INFO] | [PC-20190528OEHK] | [AsyncResolver-bootstrap-executor-0] | [c.n.d.s.r.aws.ConfigClusterResolver] | --> Resolving eureka endpoints via configuration|
- | [] | [20190720 00:55:58.258] | [INFO] | [PC-20190528OEHK] | [AsyncResolver-bootstrap-executor-0] | [c.n.d.s.r.aws.ConfigClusterResolver] | --> Resolving eureka endpoints via configuration|
- | [] | [20190720 01:00:58.269] | [INFO] | [PC-20190528OEHK] | [AsyncResolver-bootstrap-executor-0] | [c.n.d.s.r.aws.ConfigClusterResolver] | --> Resolving eureka endpoints via configuration|
- | [] | [20190720 01:05:58.280] | [INFO] | [PC-20190528OEHK] | [AsyncResolver-bootstrap-executor-0] | [c.n.d.s.r.aws.ConfigClusterResolver] | --> Resolving eureka endpoints via configuration|
- | [] | [20190720 01:10:58.292] | [INFO] | [PC-20190528OEHK] | [AsyncResolver-bootstrap-executor-0] | [c.n.d.s.r.aws.ConfigClusterResolver] | --> Resolving eureka endpoints via configuration|
- | [] | [20190720 01:15:58.303] | [INFO] | [PC-20190528OEHK] | [AsyncResolver-bootstrap-executor-0] | [c.n.d.s.r.aws.ConfigClusterResolver] | --> Resolving eureka endpoints via configuration|
- | [] | [20190720 01:20:58.315] | [INFO] | [PC-20190528OEHK] | [AsyncResolver-bootstrap-executor-0] | [c.n.d.s.r.aws.ConfigClusterResolver] | --> Resolving eureka endpoints via configuration|
- | [] | [20190720 01:25:58.327] | [INFO] | [PC-20190528OEHK] | [AsyncResolver-bootstrap-executor-0] | [c.n.d.s.r.aws.ConfigClusterResolver] | --> Resolving eureka endpoints via configuration|
- | [] | [20190720 01:30:58.338] | [INFO] | [PC-20190528OEHK] | [AsyncResolver-bootstrap-executor-0] | [c.n.d.s.r.aws.ConfigClusterResolver] | --> Resolving eureka endpoints via configuration|
- | [] | [20190720 01:35:58.349] | [INFO] | [PC-20190528OEHK] | [AsyncResolver-bootstrap-executor-0] | [c.n.d.s.r.aws.ConfigClusterResolver] | --> Resolving eureka endpoints via configuration|
- | [] | [20190720 01:40:58.361] | [INFO] | [PC-20190528OEHK] | [AsyncResolver-bootstrap-executor-0] | [c.n.d.s.r.aws.ConfigClusterResolver] | --> Resolving eureka endpoints via configuration|
- | [] | [20190720 01:45:58.372] | [INFO] | [PC-20190528OEHK] | [AsyncResolver-bootstrap-executor-0] | [c.n.d.s.r.aws.ConfigClusterResolver] | --> Resolving eureka endpoints via configuration|
- | [] | [20190720 01:50:58.383] | [INFO] | [PC-20190528OEHK] | [AsyncResolver-bootstrap-executor-0] | [c.n.d.s.r.aws.ConfigClusterResolver] | --> Resolving eureka endpoints via configuration|
- | [] | [20190720 01:55:58.394] | [INFO] | [PC-20190528OEHK] | [AsyncResolver-bootstrap-executor-0] | [c.n.d.s.r.aws.ConfigClusterResolver] | --> Resolving eureka endpoints via configuration|
- | [] | [20190720 02:00:58.406] | [INFO] | [PC-20190528OEHK] | [AsyncResolver-bootstrap-executor-0] | [c.n.d.s.r.aws.ConfigClusterResolver] | --> Resolving eureka endpoints via configuration|
- | [] | [20190720 02:05:58.417] | [INFO] | [PC-20190528OEHK] | [AsyncResolver-bootstrap-executor-0] | [c.n.d.s.r.aws.ConfigClusterResolver] | --> Resolving eureka endpoints via configuration|
- | [] | [20190720 02:10:58.428] | [INFO] | [PC-20190528OEHK] | [AsyncResolver-bootstrap-executor-0] | [c.n.d.s.r.aws.ConfigClusterResolver] | --> Resolving eureka endpoints via configuration|
- | [] | [20190720 02:15:58.440] | [INFO] | [PC-20190528OEHK] | [AsyncResolver-bootstrap-executor-0] | [c.n.d.s.r.aws.ConfigClusterResolver] | --> Resolving eureka endpoints via configuration|
- | [] | [20190720 02:20:58.451] | [INFO] | [PC-20190528OEHK] | [AsyncResolver-bootstrap-executor-0] | [c.n.d.s.r.aws.ConfigClusterResolver] | --> Resolving eureka endpoints via configuration|
- | [] | [20190720 02:25:58.462] | [INFO] | [PC-20190528OEHK] | [AsyncResolver-bootstrap-executor-0] | [c.n.d.s.r.aws.ConfigClusterResolver] | --> Resolving eureka endpoints via configuration|
- | [] | [20190720 02:30:58.473] | [INFO] | [PC-20190528OEHK] | [AsyncResolver-bootstrap-executor-0] | [c.n.d.s.r.aws.ConfigClusterResolver] | --> Resolving eureka endpoints via configuration|
- | [] | [20190720 02:35:58.485] | [INFO] | [PC-20190528OEHK] | [AsyncResolver-bootstrap-executor-0] | [c.n.d.s.r.aws.ConfigClusterResolver] | --> Resolving eureka endpoints via configuration|
- | [] | [20190720 02:40:58.496] | [INFO] | [PC-20190528OEHK] | [AsyncResolver-bootstrap-executor-0] | [c.n.d.s.r.aws.ConfigClusterResolver] | --> Resolving eureka endpoints via configuration|
- | [] | [20190720 02:45:58.507] | [INFO] | [PC-20190528OEHK] | [AsyncResolver-bootstrap-executor-0] | [c.n.d.s.r.aws.ConfigClusterResolver] | --> Resolving eureka endpoints via configuration|
- | [] | [20190720 02:50:58.519] | [INFO] | [PC-20190528OEHK] | [AsyncResolver-bootstrap-executor-0] | [c.n.d.s.r.aws.ConfigClusterResolver] | --> Resolving eureka endpoints via configuration|
- | [] | [20190720 02:55:58.530] | [INFO] | [PC-20190528OEHK] | [AsyncResolver-bootstrap-executor-0] | [c.n.d.s.r.aws.ConfigClusterResolver] | --> Resolving eureka endpoints via configuration|
- | [] | [20190720 03:00:58.541] | [INFO] | [PC-20190528OEHK] | [AsyncResolver-bootstrap-executor-0] | [c.n.d.s.r.aws.ConfigClusterResolver] | --> Resolving eureka endpoints via configuration|
- | [] | [20190720 03:05:58.552] | [INFO] | [PC-20190528OEHK] | [AsyncResolver-bootstrap-executor-0] | [c.n.d.s.r.aws.ConfigClusterResolver] | --> Resolving eureka endpoints via configuration|
- | [] | [20190720 03:10:58.563] | [INFO] | [PC-20190528OEHK] | [AsyncResolver-bootstrap-executor-0] | [c.n.d.s.r.aws.ConfigClusterResolver] | --> Resolving eureka endpoints via configuration|
- | [] | [20190720 03:15:58.574] | [INFO] | [PC-20190528OEHK] | [AsyncResolver-bootstrap-executor-0] | [c.n.d.s.r.aws.ConfigClusterResolver] | --> Resolving eureka endpoints via configuration|
- | [] | [20190720 03:20:58.586] | [INFO] | [PC-20190528OEHK] | [AsyncResolver-bootstrap-executor-0] | [c.n.d.s.r.aws.ConfigClusterResolver] | --> Resolving eureka endpoints via configuration|
- | [] | [20190720 03:25:58.597] | [INFO] | [PC-20190528OEHK] | [AsyncResolver-bootstrap-executor-0] | [c.n.d.s.r.aws.ConfigClusterResolver] | --> Resolving eureka endpoints via configuration|
- | [] | [20190720 03:30:58.608] | [INFO] | [PC-20190528OEHK] | [AsyncResolver-bootstrap-executor-0] | [c.n.d.s.r.aws.ConfigClusterResolver] | --> Resolving eureka endpoints via configuration|
- | [] | [20190720 03:35:58.620] | [INFO] | [PC-20190528OEHK] | [AsyncResolver-bootstrap-executor-0] | [c.n.d.s.r.aws.ConfigClusterResolver] | --> Resolving eureka endpoints via configuration|
- | [] | [20190720 03:40:58.631] | [INFO] | [PC-20190528OEHK] | [AsyncResolver-bootstrap-executor-0] | [c.n.d.s.r.aws.ConfigClusterResolver] | --> Resolving eureka endpoints via configuration|
- | [] | [20190720 03:45:58.642] | [INFO] | [PC-20190528OEHK] | [AsyncResolver-bootstrap-executor-0] | [c.n.d.s.r.aws.ConfigClusterResolver] | --> Resolving eureka endpoints via configuration|
- | [] | [20190720 03:50:58.653] | [INFO] | [PC-20190528OEHK] | [AsyncResolver-bootstrap-executor-0] | [c.n.d.s.r.aws.ConfigClusterResolver] | --> Resolving eureka endpoints via configuration|
- | [] | [20190720 03:55:58.664] | [INFO] | [PC-20190528OEHK] | [AsyncResolver-bootstrap-executor-0] | [c.n.d.s.r.aws.ConfigClusterResolver] | --> Resolving eureka endpoints via configuration|
- | [] | [20190720 04:00:58.675] | [INFO] | [PC-20190528OEHK] | [AsyncResolver-bootstrap-executor-0] | [c.n.d.s.r.aws.ConfigClusterResolver] | --> Resolving eureka endpoints via configuration|
- | [] | [20190720 04:05:58.686] | [INFO] | [PC-20190528OEHK] | [AsyncResolver-bootstrap-executor-0] | [c.n.d.s.r.aws.ConfigClusterResolver] | --> Resolving eureka endpoints via configuration|
- | [] | [20190720 04:10:58.697] | [INFO] | [PC-20190528OEHK] | [AsyncResolver-bootstrap-executor-0] | [c.n.d.s.r.aws.ConfigClusterResolver] | --> Resolving eureka endpoints via configuration|
- | [] | [20190720 04:15:58.709] | [INFO] | [PC-20190528OEHK] | [AsyncResolver-bootstrap-executor-0] | [c.n.d.s.r.aws.ConfigClusterResolver] | --> Resolving eureka endpoints via configuration|
- | [] | [20190720 04:20:58.720] | [INFO] | [PC-20190528OEHK] | [AsyncResolver-bootstrap-executor-0] | [c.n.d.s.r.aws.ConfigClusterResolver] | --> Resolving eureka endpoints via configuration|
- | [] | [20190720 04:25:58.732] | [INFO] | [PC-20190528OEHK] | [AsyncResolver-bootstrap-executor-0] | [c.n.d.s.r.aws.ConfigClusterResolver] | --> Resolving eureka endpoints via configuration|
- | [] | [20190720 04:30:58.743] | [INFO] | [PC-20190528OEHK] | [AsyncResolver-bootstrap-executor-0] | [c.n.d.s.r.aws.ConfigClusterResolver] | --> Resolving eureka endpoints via configuration|
- | [] | [20190720 04:35:58.754] | [INFO] | [PC-20190528OEHK] | [AsyncResolver-bootstrap-executor-0] | [c.n.d.s.r.aws.ConfigClusterResolver] | --> Resolving eureka endpoints via configuration|
- | [] | [20190720 04:40:58.765] | [INFO] | [PC-20190528OEHK] | [AsyncResolver-bootstrap-executor-0] | [c.n.d.s.r.aws.ConfigClusterResolver] | --> Resolving eureka endpoints via configuration|
- | [] | [20190720 04:45:58.776] | [INFO] | [PC-20190528OEHK] | [AsyncResolver-bootstrap-executor-0] | [c.n.d.s.r.aws.ConfigClusterResolver] | --> Resolving eureka endpoints via configuration|
- | [] | [20190720 04:50:58.787] | [INFO] | [PC-20190528OEHK] | [AsyncResolver-bootstrap-executor-0] | [c.n.d.s.r.aws.ConfigClusterResolver] | --> Resolving eureka endpoints via configuration|
- | [] | [20190720 04:55:58.799] | [INFO] | [PC-20190528OEHK] | [AsyncResolver-bootstrap-executor-0] | [c.n.d.s.r.aws.ConfigClusterResolver] | --> Resolving eureka endpoints via configuration|
- | [] | [20190720 05:00:58.810] | [INFO] | [PC-20190528OEHK] | [AsyncResolver-bootstrap-executor-0] | [c.n.d.s.r.aws.ConfigClusterResolver] | --> Resolving eureka endpoints via configuration|
- | [] | [20190720 05:05:58.822] | [INFO] | [PC-20190528OEHK] | [AsyncResolver-bootstrap-executor-0] | [c.n.d.s.r.aws.ConfigClusterResolver] | --> Resolving eureka endpoints via configuration|
- | [] | [20190720 05:10:58.833] | [INFO] | [PC-20190528OEHK] | [AsyncResolver-bootstrap-executor-0] | [c.n.d.s.r.aws.ConfigClusterResolver] | --> Resolving eureka endpoints via configuration|
- | [] | [20190720 05:15:58.844] | [INFO] | [PC-20190528OEHK] | [AsyncResolver-bootstrap-executor-0] | [c.n.d.s.r.aws.ConfigClusterResolver] | --> Resolving eureka endpoints via configuration|
- | [] | [20190720 05:20:58.856] | [INFO] | [PC-20190528OEHK] | [AsyncResolver-bootstrap-executor-0] | [c.n.d.s.r.aws.ConfigClusterResolver] | --> Resolving eureka endpoints via configuration|
- | [] | [20190720 05:25:58.868] | [INFO] | [PC-20190528OEHK] | [AsyncResolver-bootstrap-executor-0] | [c.n.d.s.r.aws.ConfigClusterResolver] | --> Resolving eureka endpoints via configuration|
- | [] | [20190720 05:30:58.880] | [INFO] | [PC-20190528OEHK] | [AsyncResolver-bootstrap-executor-0] | [c.n.d.s.r.aws.ConfigClusterResolver] | --> Resolving eureka endpoints via configuration|
- | [] | [20190720 05:35:58.892] | [INFO] | [PC-20190528OEHK] | [AsyncResolver-bootstrap-executor-0] | [c.n.d.s.r.aws.ConfigClusterResolver] | --> Resolving eureka endpoints via configuration|
- | [] | [20190720 05:40:58.903] | [INFO] | [PC-20190528OEHK] | [AsyncResolver-bootstrap-executor-0] | [c.n.d.s.r.aws.ConfigClusterResolver] | --> Resolving eureka endpoints via configuration|
- | [] | [20190720 05:45:58.915] | [INFO] | [PC-20190528OEHK] | [AsyncResolver-bootstrap-executor-0] | [c.n.d.s.r.aws.ConfigClusterResolver] | --> Resolving eureka endpoints via configuration|
- | [] | [20190720 05:50:58.926] | [INFO] | [PC-20190528OEHK] | [AsyncResolver-bootstrap-executor-0] | [c.n.d.s.r.aws.ConfigClusterResolver] | --> Resolving eureka endpoints via configuration|
- | [] | [20190720 05:55:58.937] | [INFO] | [PC-20190528OEHK] | [AsyncResolver-bootstrap-executor-0] | [c.n.d.s.r.aws.ConfigClusterResolver] | --> Resolving eureka endpoints via configuration|
- | [] | [20190720 06:00:58.949] | [INFO] | [PC-20190528OEHK] | [AsyncResolver-bootstrap-executor-0] | [c.n.d.s.r.aws.ConfigClusterResolver] | --> Resolving eureka endpoints via configuration|
- | [] | [20190720 06:05:58.960] | [INFO] | [PC-20190528OEHK] | [AsyncResolver-bootstrap-executor-0] | [c.n.d.s.r.aws.ConfigClusterResolver] | --> Resolving eureka endpoints via configuration|
- | [] | [20190720 06:10:58.971] | [INFO] | [PC-20190528OEHK] | [AsyncResolver-bootstrap-executor-0] | [c.n.d.s.r.aws.ConfigClusterResolver] | --> Resolving eureka endpoints via configuration|
- | [] | [20190720 06:15:58.983] | [INFO] | [PC-20190528OEHK] | [AsyncResolver-bootstrap-executor-0] | [c.n.d.s.r.aws.ConfigClusterResolver] | --> Resolving eureka endpoints via configuration|
- | [] | [20190720 06:20:58.994] | [INFO] | [PC-20190528OEHK] | [AsyncResolver-bootstrap-executor-0] | [c.n.d.s.r.aws.ConfigClusterResolver] | --> Resolving eureka endpoints via configuration|
- | [] | [20190720 06:25:59.006] | [INFO] | [PC-20190528OEHK] | [AsyncResolver-bootstrap-executor-0] | [c.n.d.s.r.aws.ConfigClusterResolver] | --> Resolving eureka endpoints via configuration|
- | [] | [20190720 06:30:59.017] | [INFO] | [PC-20190528OEHK] | [AsyncResolver-bootstrap-executor-0] | [c.n.d.s.r.aws.ConfigClusterResolver] | --> Resolving eureka endpoints via configuration|
- | [] | [20190720 06:35:59.028] | [INFO] | [PC-20190528OEHK] | [AsyncResolver-bootstrap-executor-0] | [c.n.d.s.r.aws.ConfigClusterResolver] | --> Resolving eureka endpoints via configuration|
- | [] | [20190720 06:40:59.039] | [INFO] | [PC-20190528OEHK] | [AsyncResolver-bootstrap-executor-0] | [c.n.d.s.r.aws.ConfigClusterResolver] | --> Resolving eureka endpoints via configuration|
- | [] | [20190720 06:45:59.050] | [INFO] | [PC-20190528OEHK] | [AsyncResolver-bootstrap-executor-0] | [c.n.d.s.r.aws.ConfigClusterResolver] | --> Resolving eureka endpoints via configuration|
- | [] | [20190720 06:50:59.061] | [INFO] | [PC-20190528OEHK] | [AsyncResolver-bootstrap-executor-0] | [c.n.d.s.r.aws.ConfigClusterResolver] | --> Resolving eureka endpoints via configuration|
- | [] | [20190720 06:55:59.072] | [INFO] | [PC-20190528OEHK] | [AsyncResolver-bootstrap-executor-0] | [c.n.d.s.r.aws.ConfigClusterResolver] | --> Resolving eureka endpoints via configuration|
- | [] | [20190720 07:00:59.084] | [INFO] | [PC-20190528OEHK] | [AsyncResolver-bootstrap-executor-0] | [c.n.d.s.r.aws.ConfigClusterResolver] | --> Resolving eureka endpoints via configuration|
- | [] | [20190720 07:05:59.095] | [INFO] | [PC-20190528OEHK] | [AsyncResolver-bootstrap-executor-0] | [c.n.d.s.r.aws.ConfigClusterResolver] | --> Resolving eureka endpoints via configuration|
- | [] | [20190720 07:10:59.107] | [INFO] | [PC-20190528OEHK] | [AsyncResolver-bootstrap-executor-0] | [c.n.d.s.r.aws.ConfigClusterResolver] | --> Resolving eureka endpoints via configuration|
- | [] | [20190720 07:15:59.119] | [INFO] | [PC-20190528OEHK] | [AsyncResolver-bootstrap-executor-0] | [c.n.d.s.r.aws.ConfigClusterResolver] | --> Resolving eureka endpoints via configuration|
- | [] | [20190720 07:20:59.131] | [INFO] | [PC-20190528OEHK] | [AsyncResolver-bootstrap-executor-0] | [c.n.d.s.r.aws.ConfigClusterResolver] | --> Resolving eureka endpoints via configuration|
- | [] | [20190720 07:25:59.142] | [INFO] | [PC-20190528OEHK] | [AsyncResolver-bootstrap-executor-0] | [c.n.d.s.r.aws.ConfigClusterResolver] | --> Resolving eureka endpoints via configuration|
- | [] | [20190720 07:30:59.153] | [INFO] | [PC-20190528OEHK] | [AsyncResolver-bootstrap-executor-0] | [c.n.d.s.r.aws.ConfigClusterResolver] | --> Resolving eureka endpoints via configuration|
- | [] | [20190720 07:35:59.164] | [INFO] | [PC-20190528OEHK] | [AsyncResolver-bootstrap-executor-0] | [c.n.d.s.r.aws.ConfigClusterResolver] | --> Resolving eureka endpoints via configuration|
- | [] | [20190720 07:40:59.175] | [INFO] | [PC-20190528OEHK] | [AsyncResolver-bootstrap-executor-0] | [c.n.d.s.r.aws.ConfigClusterResolver] | --> Resolving eureka endpoints via configuration|
- | [] | [20190720 07:45:59.186] | [INFO] | [PC-20190528OEHK] | [AsyncResolver-bootstrap-executor-0] | [c.n.d.s.r.aws.ConfigClusterResolver] | --> Resolving eureka endpoints via configuration|
- | [] | [20190720 07:50:59.198] | [INFO] | [PC-20190528OEHK] | [AsyncResolver-bootstrap-executor-0] | [c.n.d.s.r.aws.ConfigClusterResolver] | --> Resolving eureka endpoints via configuration|
- | [] | [20190720 07:55:59.209] | [INFO] | [PC-20190528OEHK] | [AsyncResolver-bootstrap-executor-0] | [c.n.d.s.r.aws.ConfigClusterResolver] | --> Resolving eureka endpoints via configuration|
- | [] | [20190720 08:00:59.220] | [INFO] | [PC-20190528OEHK] | [AsyncResolver-bootstrap-executor-0] | [c.n.d.s.r.aws.ConfigClusterResolver] | --> Resolving eureka endpoints via configuration|
- | [] | [20190720 08:05:59.231] | [INFO] | [PC-20190528OEHK] | [AsyncResolver-bootstrap-executor-0] | [c.n.d.s.r.aws.ConfigClusterResolver] | --> Resolving eureka endpoints via configuration|
- | [] | [20190720 08:10:59.242] | [INFO] | [PC-20190528OEHK] | [AsyncResolver-bootstrap-executor-0] | [c.n.d.s.r.aws.ConfigClusterResolver] | --> Resolving eureka endpoints via configuration|
- | [] | [20190720 08:15:59.253] | [INFO] | [PC-20190528OEHK] | [AsyncResolver-bootstrap-executor-0] | [c.n.d.s.r.aws.ConfigClusterResolver] | --> Resolving eureka endpoints via configuration|
- | [] | [20190720 08:20:59.264] | [INFO] | [PC-20190528OEHK] | [AsyncResolver-bootstrap-executor-0] | [c.n.d.s.r.aws.ConfigClusterResolver] | --> Resolving eureka endpoints via configuration|
- | [] | [20190720 08:25:59.275] | [INFO] | [PC-20190528OEHK] | [AsyncResolver-bootstrap-executor-0] | [c.n.d.s.r.aws.ConfigClusterResolver] | --> Resolving eureka endpoints via configuration|
- | [] | [20190720 08:30:59.287] | [INFO] | [PC-20190528OEHK] | [AsyncResolver-bootstrap-executor-0] | [c.n.d.s.r.aws.ConfigClusterResolver] | --> Resolving eureka endpoints via configuration|
- | [] | [20190720 08:35:59.298] | [INFO] | [PC-20190528OEHK] | [AsyncResolver-bootstrap-executor-0] | [c.n.d.s.r.aws.ConfigClusterResolver] | --> Resolving eureka endpoints via configuration|
- | [] | [20190720 08:40:59.309] | [INFO] | [PC-20190528OEHK] | [AsyncResolver-bootstrap-executor-0] | [c.n.d.s.r.aws.ConfigClusterResolver] | --> Resolving eureka endpoints via configuration|
- | [] | [20190720 08:45:59.320] | [INFO] | [PC-20190528OEHK] | [AsyncResolver-bootstrap-executor-0] | [c.n.d.s.r.aws.ConfigClusterResolver] | --> Resolving eureka endpoints via configuration|
- | [] | [20190720 08:50:59.331] | [INFO] | [PC-20190528OEHK] | [AsyncResolver-bootstrap-executor-0] | [c.n.d.s.r.aws.ConfigClusterResolver] | --> Resolving eureka endpoints via configuration|
- | [] | [20190720 08:55:59.342] | [INFO] | [PC-20190528OEHK] | [AsyncResolver-bootstrap-executor-0] | [c.n.d.s.r.aws.ConfigClusterResolver] | --> Resolving eureka endpoints via configuration|
- | [] | [20190720 09:00:59.353] | [INFO] | [PC-20190528OEHK] | [AsyncResolver-bootstrap-executor-0] | [c.n.d.s.r.aws.ConfigClusterResolver] | --> Resolving eureka endpoints via configuration|
- | [] | [20190720 09:05:59.364] | [INFO] | [PC-20190528OEHK] | [AsyncResolver-bootstrap-executor-0] | [c.n.d.s.r.aws.ConfigClusterResolver] | --> Resolving eureka endpoints via configuration|
- | [] | [20190720 09:10:59.375] | [INFO] | [PC-20190528OEHK] | [AsyncResolver-bootstrap-executor-0] | [c.n.d.s.r.aws.ConfigClusterResolver] | --> Resolving eureka endpoints via configuration|
- | [] | [20190720 09:15:59.387] | [INFO] | [PC-20190528OEHK] | [AsyncResolver-bootstrap-executor-0] | [c.n.d.s.r.aws.ConfigClusterResolver] | --> Resolving eureka endpoints via configuration|
- | [] | [20190720 09:20:59.399] | [INFO] | [PC-20190528OEHK] | [AsyncResolver-bootstrap-executor-0] | [c.n.d.s.r.aws.ConfigClusterResolver] | --> Resolving eureka endpoints via configuration|
- | [] | [20190720 09:25:59.411] | [INFO] | [PC-20190528OEHK] | [AsyncResolver-bootstrap-executor-0] | [c.n.d.s.r.aws.ConfigClusterResolver] | --> Resolving eureka endpoints via configuration|
- | [] | [20190720 09:30:59.423] | [INFO] | [PC-20190528OEHK] | [AsyncResolver-bootstrap-executor-0] | [c.n.d.s.r.aws.ConfigClusterResolver] | --> Resolving eureka endpoints via configuration|
- | [] | [20190720 09:35:59.434] | [INFO] | [PC-20190528OEHK] | [AsyncResolver-bootstrap-executor-0] | [c.n.d.s.r.aws.ConfigClusterResolver] | --> Resolving eureka endpoints via configuration|
- | [] | [20190720 09:40:59.445] | [INFO] | [PC-20190528OEHK] | [AsyncResolver-bootstrap-executor-0] | [c.n.d.s.r.aws.ConfigClusterResolver] | --> Resolving eureka endpoints via configuration|
- | [] | [20190720 09:45:59.456] | [INFO] | [PC-20190528OEHK] | [AsyncResolver-bootstrap-executor-0] | [c.n.d.s.r.aws.ConfigClusterResolver] | --> Resolving eureka endpoints via configuration|
- | [] | [20190720 09:50:59.467] | [INFO] | [PC-20190528OEHK] | [AsyncResolver-bootstrap-executor-0] | [c.n.d.s.r.aws.ConfigClusterResolver] | --> Resolving eureka endpoints via configuration|
- | [] | [20190720 09:55:59.478] | [INFO] | [PC-20190528OEHK] | [AsyncResolver-bootstrap-executor-0] | [c.n.d.s.r.aws.ConfigClusterResolver] | --> Resolving eureka endpoints via configuration|
- | [] | [20190720 10:00:59.489] | [INFO] | [PC-20190528OEHK] | [AsyncResolver-bootstrap-executor-0] | [c.n.d.s.r.aws.ConfigClusterResolver] | --> Resolving eureka endpoints via configuration|
- | [] | [20190720 10:05:59.500] | [INFO] | [PC-20190528OEHK] | [AsyncResolver-bootstrap-executor-0] | [c.n.d.s.r.aws.ConfigClusterResolver] | --> Resolving eureka endpoints via configuration|
- | [] | [20190720 10:10:59.511] | [INFO] | [PC-20190528OEHK] | [AsyncResolver-bootstrap-executor-0] | [c.n.d.s.r.aws.ConfigClusterResolver] | --> Resolving eureka endpoints via configuration|
- | [] | [20190720 10:15:59.522] | [INFO] | [PC-20190528OEHK] | [AsyncResolver-bootstrap-executor-0] | [c.n.d.s.r.aws.ConfigClusterResolver] | --> Resolving eureka endpoints via configuration|
- | [] | [20190720 10:20:59.534] | [INFO] | [PC-20190528OEHK] | [AsyncResolver-bootstrap-executor-0] | [c.n.d.s.r.aws.ConfigClusterResolver] | --> Resolving eureka endpoints via configuration|
- | [] | [20190720 10:25:59.546] | [INFO] | [PC-20190528OEHK] | [AsyncResolver-bootstrap-executor-0] | [c.n.d.s.r.aws.ConfigClusterResolver] | --> Resolving eureka endpoints via configuration|
- | [] | [20190720 10:30:59.557] | [INFO] | [PC-20190528OEHK] | [AsyncResolver-bootstrap-executor-0] | [c.n.d.s.r.aws.ConfigClusterResolver] | --> Resolving eureka endpoints via configuration|
- | [] | [20190720 10:35:59.569] | [INFO] | [PC-20190528OEHK] | [AsyncResolver-bootstrap-executor-0] | [c.n.d.s.r.aws.ConfigClusterResolver] | --> Resolving eureka endpoints via configuration|
- | [] | [20190720 10:40:59.580] | [INFO] | [PC-20190528OEHK] | [AsyncResolver-bootstrap-executor-0] | [c.n.d.s.r.aws.ConfigClusterResolver] | --> Resolving eureka endpoints via configuration|
- | [] | [20190720 10:45:59.591] | [INFO] | [PC-20190528OEHK] | [AsyncResolver-bootstrap-executor-0] | [c.n.d.s.r.aws.ConfigClusterResolver] | --> Resolving eureka endpoints via configuration|
- | [] | [20190720 10:46:09.931] | [INFO] | [PC-20190528OEHK] | [http-nio-22000-exec-1] | [c.z.s.s.controller.UserController] | --> 根据邮箱查询用户:dto:"lzskcloud@qq.com"|
- | [] | [20190720 10:46:09.945] | [DEBUG] | [PC-20190528OEHK] | [http-nio-22000-exec-1] | [c.z.s.m.mapper.UserMapper.selectOne] | --> ==>  Preparing: SELECT ID,PHONE,EMAIL,PASSWORD,ID_CARD,USER_NAME,GENDER,IS_EMAIL_VALID,LAST_COMPANY_ID,PERMISSION_TYPE,PERMISSION_ORG_IDS,STATUS,UPDATE_BY_ID,CREATE_BY_ID,UPDATE_TIME,CREATE_TIME,IS_DEL FROM scf_user WHERE IS_DEL=0 AND email = ? |
- | [] | [20190720 10:46:09.946] | [DEBUG] | [PC-20190528OEHK] | [http-nio-22000-exec-1] | [c.z.s.m.mapper.UserMapper.selectOne] | --> ==> Parameters: lzskcloud@qq.com(String)|
- | [] | [20190720 10:46:09.952] | [DEBUG] | [PC-20190528OEHK] | [http-nio-22000-exec-1] | [c.z.s.m.mapper.UserMapper.selectOne] | --> <==      Total: 1|
- | [] | [20190720 10:46:09.959] | [INFO] | [PC-20190528OEHK] | [http-nio-22000-exec-3] | [c.z.s.s.controller.UserController] | --> 获取用户详细信息:dto:{"userId":1}|
- | [] | [20190720 10:46:09.960] | [DEBUG] | [PC-20190528OEHK] | [http-nio-22000-exec-3] | [c.z.s.m.mapper.UserMapper.selectOne] | --> ==>  Preparing: SELECT ID,PHONE,EMAIL,PASSWORD,ID_CARD,USER_NAME,GENDER,IS_EMAIL_VALID,LAST_COMPANY_ID,PERMISSION_TYPE,PERMISSION_ORG_IDS,STATUS,UPDATE_BY_ID,CREATE_BY_ID,UPDATE_TIME,CREATE_TIME,IS_DEL FROM scf_user WHERE IS_DEL=0 AND id = ? |
- | [] | [20190720 10:46:09.961] | [DEBUG] | [PC-20190528OEHK] | [http-nio-22000-exec-3] | [c.z.s.m.mapper.UserMapper.selectOne] | --> ==> Parameters: 1(Long)|
- | [] | [20190720 10:46:09.963] | [DEBUG] | [PC-20190528OEHK] | [http-nio-22000-exec-3] | [c.z.s.m.mapper.UserMapper.selectOne] | --> <==      Total: 1|
- | [] | [20190720 10:46:09.965] | [DEBUG] | [PC-20190528OEHK] | [http-nio-22000-exec-3] | [c.z.s.m.m.C.selectList] | --> ==>  Preparing: SELECT ID,COMPANY_ID,USER_ID,STATUS,LEAVE_TIME,CREATE_TIME,UPDATE_TIME,IS_DELETE FROM scf_cfg_company_user WHERE user_id = ? AND is_delete = ? AND status = ? |
- | [] | [20190720 10:46:09.965] | [DEBUG] | [PC-20190528OEHK] | [http-nio-22000-exec-3] | [c.z.s.m.m.C.selectList] | --> ==> Parameters: 1(Long), 0(Integer), 1(Integer)|
- | [] | [20190720 10:46:09.968] | [DEBUG] | [PC-20190528OEHK] | [http-nio-22000-exec-3] | [c.z.s.m.m.C.selectList] | --> <==      Total: 1|
- | [] | [20190720 10:46:09.969] | [DEBUG] | [PC-20190528OEHK] | [http-nio-22000-exec-3] | [c.z.s.m.m.CompanyMapper.selectById] | --> ==>  Preparing: SELECT ID,COMPANY_NAME,CREDIT_CODE,LEGAL_PERSON,NAME,PHONE,BUSINESS_LICENCE_URL,COMPANY_TEL,COMPANY_EMAIL,COMPANY_URL,COMPANY_FAX,COMPANY_REMARK,COMPANY_NATURE_KEY,COMPANY_NATURE_CONCRETE_KEY,STAFF_SIZE_KEY,PROVINCE_ID,CITY_ID,DISTRICT_ID,DETAIL_ADDR,COMPANY_TAX_NO,COMPANY_INVOICE_TITLE,REG_USER_ID,STATUS,UPDATE_BY_ID,CREATE_BY_ID,UPDATE_TIME,CREATE_TIME,IS_DELETE FROM scf_company WHERE ID=? |
- | [] | [20190720 10:46:09.969] | [DEBUG] | [PC-20190528OEHK] | [http-nio-22000-exec-3] | [c.z.s.m.m.CompanyMapper.selectById] | --> ==> Parameters: 1(Long)|
- | [] | [20190720 10:46:09.973] | [DEBUG] | [PC-20190528OEHK] | [http-nio-22000-exec-3] | [c.z.s.m.m.CompanyMapper.selectById] | --> <==      Total: 1|
- | [] | [20190720 10:46:09.974] | [DEBUG] | [PC-20190528OEHK] | [http-nio-22000-exec-3] | [c.z.s.m.m.R.findUserRolesByCompanyId] | --> ==>  Preparing: select scr.* from scf_cfg_role scr join scf_cfg_role_user scru on scr.id = scru.role_id where scr.`status` = 1 and scru.user_id = ? and scr.company_id = ? |
- | [] | [20190720 10:46:09.974] | [DEBUG] | [PC-20190528OEHK] | [http-nio-22000-exec-3] | [c.z.s.m.m.R.findUserRolesByCompanyId] | --> ==> Parameters: 1(Long), 1(Long)|
- | [] | [20190720 10:46:09.978] | [DEBUG] | [PC-20190528OEHK] | [http-nio-22000-exec-3] | [c.z.s.m.m.R.findUserRolesByCompanyId] | --> <==      Total: 1|
- | [] | [20190720 10:46:09.979] | [DEBUG] | [PC-20190528OEHK] | [http-nio-22000-exec-3] | [c.z.s.m.m.MenuMapper.findHaveMenu] | --> ==>  Preparing: select DISTINCT sm.* from scf_menu sm left join scf_cfg_system_function scsf on scsf.menu_id = sm.id left join scf_cfg_role_function scrf on scrf.funct_code = scsf.func_code where sm.`status` = 1 and scrf.role_id in(1) |
- | [] | [20190720 10:46:09.979] | [DEBUG] | [PC-20190528OEHK] | [http-nio-22000-exec-3] | [c.z.s.m.m.MenuMapper.findHaveMenu] | --> ==> Parameters: |
- | [] | [20190720 10:46:09.988] | [DEBUG] | [PC-20190528OEHK] | [http-nio-22000-exec-3] | [c.z.s.m.m.MenuMapper.findHaveMenu] | --> <==      Total: 9|
- | [] | [20190720 10:46:09.989] | [DEBUG] | [PC-20190528OEHK] | [http-nio-22000-exec-3] | [c.z.s.m.m.S.findFuncListByRoleIds] | --> ==>  Preparing: SELECT DISTINCT scyf.* FROM scf_cfg_system_function scyf JOIN scf_cfg_role_function scrf ON scyf.func_code = scrf.funct_code WHERE scrf.role_id IN( 1) |
- | [] | [20190720 10:46:09.989] | [DEBUG] | [PC-20190528OEHK] | [http-nio-22000-exec-3] | [c.z.s.m.m.S.findFuncListByRoleIds] | --> ==> Parameters: |
- | [] | [20190720 10:46:09.995] | [DEBUG] | [PC-20190528OEHK] | [http-nio-22000-exec-3] | [c.z.s.m.m.S.findFuncListByRoleIds] | --> <==      Total: 39|
- | [] | [20190720 10:46:09.996] | [DEBUG] | [PC-20190528OEHK] | [http-nio-22000-exec-3] | [c.z.s.m.m.CompanyMapper.selectList] | --> ==>  Preparing: SELECT ID,COMPANY_NAME,CREDIT_CODE,LEGAL_PERSON,NAME,PHONE,BUSINESS_LICENCE_URL,COMPANY_TEL,COMPANY_EMAIL,COMPANY_URL,COMPANY_FAX,COMPANY_REMARK,COMPANY_NATURE_KEY,COMPANY_NATURE_CONCRETE_KEY,STAFF_SIZE_KEY,PROVINCE_ID,CITY_ID,DISTRICT_ID,DETAIL_ADDR,COMPANY_TAX_NO,COMPANY_INVOICE_TITLE,REG_USER_ID,STATUS,UPDATE_BY_ID,CREATE_BY_ID,UPDATE_TIME,CREATE_TIME,IS_DELETE FROM scf_company WHERE id IN (?) AND is_delete = ? AND status = ? |
- | [] | [20190720 10:46:09.997] | [DEBUG] | [PC-20190528OEHK] | [http-nio-22000-exec-3] | [c.z.s.m.m.CompanyMapper.selectList] | --> ==> Parameters: 1(Long), 0(Integer), 1(Integer)|
- | [] | [20190720 10:46:09.999] | [DEBUG] | [PC-20190528OEHK] | [http-nio-22000-exec-3] | [c.z.s.m.m.CompanyMapper.selectList] | --> <==      Total: 1|
- | [] | [20190720 10:46:10.010] | [INFO] | [PC-20190528OEHK] | [http-nio-22000-exec-4] | [c.z.s.s.controller.UserController] | --> 密码输入是否正确{"createTime":"2019-06-06T05:07:14","email":"lzskcloud@qq.com","gender":1,"id":1,"idCard":"1111111111111111","isDel":0,"lastCompanyId":1,"password":"123456","permissionOrgIds":"1,23,11","permissionType":2,"phone":"13367966485","status":1,"updateTime":"2019-07-01T15:25:07","userName":"admin"} |
- | [] | [20190720 10:46:10.011] | [DEBUG] | [PC-20190528OEHK] | [http-nio-22000-exec-4] | [c.z.s.m.mapper.UserMapper.updateById] | --> ==>  Preparing: UPDATE scf_user SET PHONE=?, EMAIL=?, PASSWORD=?, ID_CARD=?, USER_NAME=?, GENDER=?, IS_EMAIL_VALID=?, LAST_COMPANY_ID=?, PERMISSION_TYPE=?, PERMISSION_ORG_IDS=?, STATUS=?, UPDATE_BY_ID=?, CREATE_BY_ID=?, UPDATE_TIME=?, CREATE_TIME=? WHERE ID=? AND IS_DEL=0 |
- | [] | [20190720 10:46:10.012] | [DEBUG] | [PC-20190528OEHK] | [http-nio-22000-exec-4] | [c.z.s.m.mapper.UserMapper.updateById] | --> ==> Parameters: 13367966485(String), lzskcloud@qq.com(String), 123456(String), 1111111111111111(String), admin(String), 1(Integer), null, 1(Long), 2(Integer), 1,23,11(String), 1(Integer), null, null, 2019-07-01 15:25:07.0(Timestamp), 2019-06-06 05:07:14.0(Timestamp), 1(Long)|
- | [] | [20190720 10:46:10.014] | [DEBUG] | [PC-20190528OEHK] | [http-nio-22000-exec-4] | [c.z.s.m.mapper.UserMapper.updateById] | --> <==    Updates: 1|
- | [] | [20190720 10:46:10.148] | [INFO] | [PC-20190528OEHK] | [http-nio-22000-exec-2] | [c.z.s.s.controller.CompanyController] | --> subject:是否弹出邀请成员引导(只有一个成员时弹出),companyId:1|
- | [] | [20190720 10:46:10.149] | [DEBUG] | [PC-20190528OEHK] | [http-nio-22000-exec-2] | [c.z.s.m.m.C.findCompanyUserListById] | --> ==>  Preparing: SELECT su.id, su.user_name, su.email, su.phone FROM `scf_cfg_company_user` sccu LEFT JOIN scf_user su ON su.id = sccu.user_id WHERE sccu.company_id = ? |
- | [] | [20190720 10:46:10.150] | [DEBUG] | [PC-20190528OEHK] | [http-nio-22000-exec-2] | [c.z.s.m.m.C.findCompanyUserListById] | --> ==> Parameters: 1(Long)|
- | [] | [20190720 10:46:10.154] | [DEBUG] | [PC-20190528OEHK] | [http-nio-22000-exec-2] | [c.z.s.m.m.C.findCompanyUserListById] | --> <==      Total: 20|
- | [] | [20190720 10:46:43.744] | [INFO] | [PC-20190528OEHK] | [http-nio-22000-exec-5] | [c.z.s.s.controller.CompanyController] | --> subject:是否弹出邀请成员引导(只有一个成员时弹出),companyId:1|
- | [] | [20190720 10:46:43.745] | [DEBUG] | [PC-20190528OEHK] | [http-nio-22000-exec-5] | [c.z.s.m.m.C.findCompanyUserListById] | --> ==>  Preparing: SELECT su.id, su.user_name, su.email, su.phone FROM `scf_cfg_company_user` sccu LEFT JOIN scf_user su ON su.id = sccu.user_id WHERE sccu.company_id = ? |
- | [] | [20190720 10:46:43.746] | [DEBUG] | [PC-20190528OEHK] | [http-nio-22000-exec-5] | [c.z.s.m.m.C.findCompanyUserListById] | --> ==> Parameters: 1(Long)|
- | [] | [20190720 10:46:43.749] | [DEBUG] | [PC-20190528OEHK] | [http-nio-22000-exec-5] | [c.z.s.m.m.C.findCompanyUserListById] | --> <==      Total: 20|
- | [] | [20190720 10:46:50.770] | [INFO] | [PC-20190528OEHK] | [http-nio-22000-exec-7] | [c.z.s.s.c.CreditApplyController] | --> subject:授信申请所有申请,creditApplyAllListQueryDTO:CreditApplyAllListQueryDTO(flowCode=, customerName=, businessId=null, itemName=, permissionType=2, permissionOrgIds=1,23,11, userId=1, roleIds=1)|
- | [] | [20190720 10:46:50.817] | [DEBUG] | [PC-20190528OEHK] | [http-nio-22000-exec-7] | [c.z.s.m.m.C.selectAllApplyList] | --> ==>  Preparing: SELECT COUNT(1) FROM scf_credit_apply sca LEFT JOIN scf_cfg_business_flow scbf ON sca.flow_code = scbf.flow_code WHERE EXISTS (SELECT sca1.id FROM scf_credit_apply sca1 LEFT JOIN scf_credit_item sci ON sci.credit_apply_id = sca1.id WHERE sca.id = sca1.id AND (sca1.create_by = ? OR is_mixed(sca1.dispose_user_ids, ?) OR is_mixed(sca1.dispose_role_ids, ?) OR is_mixed(sca1.company_id, ?))) |
- | [] | [20190720 10:46:50.817] | [DEBUG] | [PC-20190528OEHK] | [http-nio-22000-exec-7] | [c.z.s.m.m.C.selectAllApplyList] | --> ==> Parameters: 1(Long), 1(Long), 1(String), 1,23,11(String)|
- | [] | [20190720 10:46:50.850] | [DEBUG] | [PC-20190528OEHK] | [http-nio-22000-exec-7] | [c.z.s.m.m.C.selectAllApplyList] | --> ==>  Preparing: select sca.company_id companyId,sca.business_type_id businessTypeId,sca.id, sca.customer_name customerName,sca.flow_code flowCode, sca.mobile,sca.apply_time applyTime,scbf.flow_name flowName from scf_credit_apply sca left join scf_cfg_business_flow scbf on sca.flow_code = scbf.flow_code where exists ( select sca1.id from scf_credit_apply sca1 left join scf_credit_item sci ON sci.credit_apply_id = sca1.id where sca.id = sca1.id and (sca1.create_by = ? or is_mixed(sca1.dispose_user_ids,?) or is_mixed(sca1.dispose_role_ids,?) or is_mixed(sca1.company_id,?) ) ) order by sca.create_time desc LIMIT 0,10 |
- | [] | [20190720 10:46:50.851] | [DEBUG] | [PC-20190528OEHK] | [http-nio-22000-exec-7] | [c.z.s.m.m.C.selectAllApplyList] | --> ==> Parameters: 1(Long), 1(Long), 1(String), 1,23,11(String)|
- | [] | [20190720 10:46:50.855] | [DEBUG] | [PC-20190528OEHK] | [http-nio-22000-exec-7] | [c.z.s.m.m.C.selectAllApplyList] | --> <==      Total: 10|
- | [] | [20190720 10:46:50.857] | [DEBUG] | [PC-20190528OEHK] | [http-nio-22000-exec-7] | [c.z.s.m.m.C.selectList] | --> ==>  Preparing: SELECT ID,COMPANY_ID,CREDIT_APPLY_ID,ITEM_NAME,CONSTRUCTION_SCHEDULE,PLAN_FINISH_TIME,APPLY_CREDIT_MONEY,AUDIT_CREDIT_MONEY,APPLY_CREDIT_BUSINESS,APPLY_PURPOSE,APPLY_PURPOSE_OTHER,CREDIT_START_DATE,CREDIT_END_DATE,THE_USE_MONEY,USE_CREDIT_REQUIRE,CREDIT_CONDITIONS,HAS_OCCUR_SAFETY_ACCIDENT,SAFETY_ACCIDENT_EXPLAIN,HAS_SIGN_DUTY_BOOK,RISK_EXPLAIN,CONTROLS_EXPLAIN,OTHER_NOTICE_ITEM,ITEM_INDEX,UPDATE_TIME,UPDATE_BY,CREATE_TIME,CREATE_BY FROM scf_credit_item WHERE credit_apply_id IN (?,?,?,?,?,?,?,?,?,?) |
- | [] | [20190720 10:46:50.857] | [DEBUG] | [PC-20190528OEHK] | [http-nio-22000-exec-7] | [c.z.s.m.m.C.selectList] | --> ==> Parameters: 19(Long), 19(Long), 18(Long), 17(Long), 18(Long), 17(Long), 16(Long), 16(Long), 15(Long), 15(Long)|
- | [] | [20190720 10:46:50.859] | [DEBUG] | [PC-20190528OEHK] | [http-nio-22000-exec-7] | [c.z.s.m.m.C.selectList] | --> <==      Total: 4|
- | [] | [20190720 10:50:59.603] | [INFO] | [PC-20190528OEHK] | [AsyncResolver-bootstrap-executor-0] | [c.n.d.s.r.aws.ConfigClusterResolver] | --> Resolving eureka endpoints via configuration|
- | [] | [20190720 10:55:59.614] | [INFO] | [PC-20190528OEHK] | [AsyncResolver-bootstrap-executor-0] | [c.n.d.s.r.aws.ConfigClusterResolver] | --> Resolving eureka endpoints via configuration|
- | [] | [20190720 11:00:59.625] | [INFO] | [PC-20190528OEHK] | [AsyncResolver-bootstrap-executor-0] | [c.n.d.s.r.aws.ConfigClusterResolver] | --> Resolving eureka endpoints via configuration|
- | [] | [20190720 11:05:59.636] | [INFO] | [PC-20190528OEHK] | [AsyncResolver-bootstrap-executor-0] | [c.n.d.s.r.aws.ConfigClusterResolver] | --> Resolving eureka endpoints via configuration|
- | [] | [20190720 11:10:59.647] | [INFO] | [PC-20190528OEHK] | [AsyncResolver-bootstrap-executor-0] | [c.n.d.s.r.aws.ConfigClusterResolver] | --> Resolving eureka endpoints via configuration|
- | [] | [20190720 11:15:59.658] | [INFO] | [PC-20190528OEHK] | [AsyncResolver-bootstrap-executor-0] | [c.n.d.s.r.aws.ConfigClusterResolver] | --> Resolving eureka endpoints via configuration|
- | [] | [20190720 11:20:59.669] | [INFO] | [PC-20190528OEHK] | [AsyncResolver-bootstrap-executor-0] | [c.n.d.s.r.aws.ConfigClusterResolver] | --> Resolving eureka endpoints via configuration|
- | [] | [20190720 11:25:59.680] | [INFO] | [PC-20190528OEHK] | [AsyncResolver-bootstrap-executor-0] | [c.n.d.s.r.aws.ConfigClusterResolver] | --> Resolving eureka endpoints via configuration|
- | [] | [20190720 11:30:59.691] | [INFO] | [PC-20190528OEHK] | [AsyncResolver-bootstrap-executor-0] | [c.n.d.s.r.aws.ConfigClusterResolver] | --> Resolving eureka endpoints via configuration|
- | [] | [20190720 11:35:59.702] | [INFO] | [PC-20190528OEHK] | [AsyncResolver-bootstrap-executor-0] | [c.n.d.s.r.aws.ConfigClusterResolver] | --> Resolving eureka endpoints via configuration|
- | [] | [20190720 11:40:59.714] | [INFO] | [PC-20190528OEHK] | [AsyncResolver-bootstrap-executor-0] | [c.n.d.s.r.aws.ConfigClusterResolver] | --> Resolving eureka endpoints via configuration|
- | [] | [20190720 11:45:59.726] | [INFO] | [PC-20190528OEHK] | [AsyncResolver-bootstrap-executor-0] | [c.n.d.s.r.aws.ConfigClusterResolver] | --> Resolving eureka endpoints via configuration|
- | [] | [20190720 11:50:59.737] | [INFO] | [PC-20190528OEHK] | [AsyncResolver-bootstrap-executor-0] | [c.n.d.s.r.aws.ConfigClusterResolver] | --> Resolving eureka endpoints via configuration|
- | [] | [20190720 11:55:59.748] | [INFO] | [PC-20190528OEHK] | [AsyncResolver-bootstrap-executor-0] | [c.n.d.s.r.aws.ConfigClusterResolver] | --> Resolving eureka endpoints via configuration|
- | [] | [20190720 12:00:59.759] | [INFO] | [PC-20190528OEHK] | [AsyncResolver-bootstrap-executor-0] | [c.n.d.s.r.aws.ConfigClusterResolver] | --> Resolving eureka endpoints via configuration|
- | [] | [20190720 12:05:59.770] | [INFO] | [PC-20190528OEHK] | [AsyncResolver-bootstrap-executor-0] | [c.n.d.s.r.aws.ConfigClusterResolver] | --> Resolving eureka endpoints via configuration|
- | [] | [20190720 12:10:59.781] | [INFO] | [PC-20190528OEHK] | [AsyncResolver-bootstrap-executor-0] | [c.n.d.s.r.aws.ConfigClusterResolver] | --> Resolving eureka endpoints via configuration|
- | [] | [20190720 12:15:59.792] | [INFO] | [PC-20190528OEHK] | [AsyncResolver-bootstrap-executor-0] | [c.n.d.s.r.aws.ConfigClusterResolver] | --> Resolving eureka endpoints via configuration|
- | [] | [20190720 12:20:59.803] | [INFO] | [PC-20190528OEHK] | [AsyncResolver-bootstrap-executor-0] | [c.n.d.s.r.aws.ConfigClusterResolver] | --> Resolving eureka endpoints via configuration|
- | [] | [20190720 12:25:59.814] | [INFO] | [PC-20190528OEHK] | [AsyncResolver-bootstrap-executor-0] | [c.n.d.s.r.aws.ConfigClusterResolver] | --> Resolving eureka endpoints via configuration|
- | [] | [20190720 12:30:59.825] | [INFO] | [PC-20190528OEHK] | [AsyncResolver-bootstrap-executor-0] | [c.n.d.s.r.aws.ConfigClusterResolver] | --> Resolving eureka endpoints via configuration|
- | [] | [20190720 12:35:59.836] | [INFO] | [PC-20190528OEHK] | [AsyncResolver-bootstrap-executor-0] | [c.n.d.s.r.aws.ConfigClusterResolver] | --> Resolving eureka endpoints via configuration|
- | [] | [20190720 12:40:59.847] | [INFO] | [PC-20190528OEHK] | [AsyncResolver-bootstrap-executor-0] | [c.n.d.s.r.aws.ConfigClusterResolver] | --> Resolving eureka endpoints via configuration|
- | [] | [20190720 12:45:59.858] | [INFO] | [PC-20190528OEHK] | [AsyncResolver-bootstrap-executor-0] | [c.n.d.s.r.aws.ConfigClusterResolver] | --> Resolving eureka endpoints via configuration|
- | [] | [20190720 12:50:59.869] | [INFO] | [PC-20190528OEHK] | [AsyncResolver-bootstrap-executor-0] | [c.n.d.s.r.aws.ConfigClusterResolver] | --> Resolving eureka endpoints via configuration|
- | [] | [20190720 12:55:59.880] | [INFO] | [PC-20190528OEHK] | [AsyncResolver-bootstrap-executor-0] | [c.n.d.s.r.aws.ConfigClusterResolver] | --> Resolving eureka endpoints via configuration|
- | [] | [20190720 13:00:59.891] | [INFO] | [PC-20190528OEHK] | [AsyncResolver-bootstrap-executor-0] | [c.n.d.s.r.aws.ConfigClusterResolver] | --> Resolving eureka endpoints via configuration|
- | [] | [20190720 13:05:59.902] | [INFO] | [PC-20190528OEHK] | [AsyncResolver-bootstrap-executor-0] | [c.n.d.s.r.aws.ConfigClusterResolver] | --> Resolving eureka endpoints via configuration|
- | [] | [20190720 13:10:59.913] | [INFO] | [PC-20190528OEHK] | [AsyncResolver-bootstrap-executor-0] | [c.n.d.s.r.aws.ConfigClusterResolver] | --> Resolving eureka endpoints via configuration|
- | [] | [20190720 13:15:59.924] | [INFO] | [PC-20190528OEHK] | [AsyncResolver-bootstrap-executor-0] | [c.n.d.s.r.aws.ConfigClusterResolver] | --> Resolving eureka endpoints via configuration|
- | [] | [20190720 13:20:59.935] | [INFO] | [PC-20190528OEHK] | [AsyncResolver-bootstrap-executor-0] | [c.n.d.s.r.aws.ConfigClusterResolver] | --> Resolving eureka endpoints via configuration|
- | [] | [20190720 13:25:59.946] | [INFO] | [PC-20190528OEHK] | [AsyncResolver-bootstrap-executor-0] | [c.n.d.s.r.aws.ConfigClusterResolver] | --> Resolving eureka endpoints via configuration|
- | [] | [20190720 13:30:59.957] | [INFO] | [PC-20190528OEHK] | [AsyncResolver-bootstrap-executor-0] | [c.n.d.s.r.aws.ConfigClusterResolver] | --> Resolving eureka endpoints via configuration|
- | [] | [20190720 13:35:59.968] | [INFO] | [PC-20190528OEHK] | [AsyncResolver-bootstrap-executor-0] | [c.n.d.s.r.aws.ConfigClusterResolver] | --> Resolving eureka endpoints via configuration|
- | [] | [20190720 13:40:59.979] | [INFO] | [PC-20190528OEHK] | [AsyncResolver-bootstrap-executor-0] | [c.n.d.s.r.aws.ConfigClusterResolver] | --> Resolving eureka endpoints via configuration|
- | [] | [20190720 13:45:59.990] | [INFO] | [PC-20190528OEHK] | [AsyncResolver-bootstrap-executor-0] | [c.n.d.s.r.aws.ConfigClusterResolver] | --> Resolving eureka endpoints via configuration|
- | [] | [20190720 13:51:00.001] | [INFO] | [PC-20190528OEHK] | [AsyncResolver-bootstrap-executor-0] | [c.n.d.s.r.aws.ConfigClusterResolver] | --> Resolving eureka endpoints via configuration|
- | [] | [20190720 13:52:14.372] | [INFO] | [PC-20190528OEHK] | [http-nio-22000-exec-10] | [c.z.s.s.controller.UserController] | --> 根据邮箱查询用户:dto:"lzskcloud@qq.com"|
- | [] | [20190720 13:52:14.380] | [DEBUG] | [PC-20190528OEHK] | [http-nio-22000-exec-10] | [c.z.s.m.mapper.UserMapper.selectOne] | --> ==>  Preparing: SELECT ID,PHONE,EMAIL,PASSWORD,ID_CARD,USER_NAME,GENDER,IS_EMAIL_VALID,LAST_COMPANY_ID,PERMISSION_TYPE,PERMISSION_ORG_IDS,STATUS,UPDATE_BY_ID,CREATE_BY_ID,UPDATE_TIME,CREATE_TIME,IS_DEL FROM scf_user WHERE IS_DEL=0 AND email = ? |
- | [] | [20190720 13:52:14.381] | [DEBUG] | [PC-20190528OEHK] | [http-nio-22000-exec-10] | [c.z.s.m.mapper.UserMapper.selectOne] | --> ==> Parameters: lzskcloud@qq.com(String)|
- | [] | [20190720 13:52:14.387] | [DEBUG] | [PC-20190528OEHK] | [http-nio-22000-exec-10] | [c.z.s.m.mapper.UserMapper.selectOne] | --> <==      Total: 1|
- | [] | [20190720 13:52:14.397] | [INFO] | [PC-20190528OEHK] | [http-nio-22000-exec-1] | [c.z.s.s.controller.UserController] | --> 获取用户详细信息:dto:{"userId":1}|
- | [] | [20190720 13:52:14.398] | [DEBUG] | [PC-20190528OEHK] | [http-nio-22000-exec-1] | [c.z.s.m.mapper.UserMapper.selectOne] | --> ==>  Preparing: SELECT ID,PHONE,EMAIL,PASSWORD,ID_CARD,USER_NAME,GENDER,IS_EMAIL_VALID,LAST_COMPANY_ID,PERMISSION_TYPE,PERMISSION_ORG_IDS,STATUS,UPDATE_BY_ID,CREATE_BY_ID,UPDATE_TIME,CREATE_TIME,IS_DEL FROM scf_user WHERE IS_DEL=0 AND id = ? |
- | [] | [20190720 13:52:14.399] | [DEBUG] | [PC-20190528OEHK] | [http-nio-22000-exec-1] | [c.z.s.m.mapper.UserMapper.selectOne] | --> ==> Parameters: 1(Long)|
- | [] | [20190720 13:52:14.402] | [DEBUG] | [PC-20190528OEHK] | [http-nio-22000-exec-1] | [c.z.s.m.mapper.UserMapper.selectOne] | --> <==      Total: 1|
- | [] | [20190720 13:52:14.403] | [DEBUG] | [PC-20190528OEHK] | [http-nio-22000-exec-1] | [c.z.s.m.m.C.selectList] | --> ==>  Preparing: SELECT ID,COMPANY_ID,USER_ID,STATUS,LEAVE_TIME,CREATE_TIME,UPDATE_TIME,IS_DELETE FROM scf_cfg_company_user WHERE user_id = ? AND is_delete = ? AND status = ? |
- | [] | [20190720 13:52:14.403] | [DEBUG] | [PC-20190528OEHK] | [http-nio-22000-exec-1] | [c.z.s.m.m.C.selectList] | --> ==> Parameters: 1(Long), 0(Integer), 1(Integer)|
- | [] | [20190720 13:52:14.406] | [DEBUG] | [PC-20190528OEHK] | [http-nio-22000-exec-1] | [c.z.s.m.m.C.selectList] | --> <==      Total: 1|
- | [] | [20190720 13:52:14.407] | [DEBUG] | [PC-20190528OEHK] | [http-nio-22000-exec-1] | [c.z.s.m.m.CompanyMapper.selectById] | --> ==>  Preparing: SELECT ID,COMPANY_NAME,CREDIT_CODE,LEGAL_PERSON,NAME,PHONE,BUSINESS_LICENCE_URL,COMPANY_TEL,COMPANY_EMAIL,COMPANY_URL,COMPANY_FAX,COMPANY_REMARK,COMPANY_NATURE_KEY,COMPANY_NATURE_CONCRETE_KEY,STAFF_SIZE_KEY,PROVINCE_ID,CITY_ID,DISTRICT_ID,DETAIL_ADDR,COMPANY_TAX_NO,COMPANY_INVOICE_TITLE,REG_USER_ID,STATUS,UPDATE_BY_ID,CREATE_BY_ID,UPDATE_TIME,CREATE_TIME,IS_DELETE FROM scf_company WHERE ID=? |
- | [] | [20190720 13:52:14.407] | [DEBUG] | [PC-20190528OEHK] | [http-nio-22000-exec-1] | [c.z.s.m.m.CompanyMapper.selectById] | --> ==> Parameters: 1(Long)|
- | [] | [20190720 13:52:14.410] | [DEBUG] | [PC-20190528OEHK] | [http-nio-22000-exec-1] | [c.z.s.m.m.CompanyMapper.selectById] | --> <==      Total: 1|
- | [] | [20190720 13:52:14.411] | [DEBUG] | [PC-20190528OEHK] | [http-nio-22000-exec-1] | [c.z.s.m.m.R.findUserRolesByCompanyId] | --> ==>  Preparing: select scr.* from scf_cfg_role scr join scf_cfg_role_user scru on scr.id = scru.role_id where scr.`status` = 1 and scru.user_id = ? and scr.company_id = ? |
- | [] | [20190720 13:52:14.412] | [DEBUG] | [PC-20190528OEHK] | [http-nio-22000-exec-1] | [c.z.s.m.m.R.findUserRolesByCompanyId] | --> ==> Parameters: 1(Long), 1(Long)|
- | [] | [20190720 13:52:14.414] | [DEBUG] | [PC-20190528OEHK] | [http-nio-22000-exec-1] | [c.z.s.m.m.R.findUserRolesByCompanyId] | --> <==      Total: 1|
- | [] | [20190720 13:52:14.415] | [DEBUG] | [PC-20190528OEHK] | [http-nio-22000-exec-1] | [c.z.s.m.m.MenuMapper.findHaveMenu] | --> ==>  Preparing: select DISTINCT sm.* from scf_menu sm left join scf_cfg_system_function scsf on scsf.menu_id = sm.id left join scf_cfg_role_function scrf on scrf.funct_code = scsf.func_code where sm.`status` = 1 and scrf.role_id in(1) |
- | [] | [20190720 13:52:14.415] | [DEBUG] | [PC-20190528OEHK] | [http-nio-22000-exec-1] | [c.z.s.m.m.MenuMapper.findHaveMenu] | --> ==> Parameters: |
- | [] | [20190720 13:52:14.420] | [DEBUG] | [PC-20190528OEHK] | [http-nio-22000-exec-1] | [c.z.s.m.m.MenuMapper.findHaveMenu] | --> <==      Total: 9|
- | [] | [20190720 13:52:14.420] | [DEBUG] | [PC-20190528OEHK] | [http-nio-22000-exec-1] | [c.z.s.m.m.S.findFuncListByRoleIds] | --> ==>  Preparing: SELECT DISTINCT scyf.* FROM scf_cfg_system_function scyf JOIN scf_cfg_role_function scrf ON scyf.func_code = scrf.funct_code WHERE scrf.role_id IN( 1) |
- | [] | [20190720 13:52:14.420] | [DEBUG] | [PC-20190528OEHK] | [http-nio-22000-exec-1] | [c.z.s.m.m.S.findFuncListByRoleIds] | --> ==> Parameters: |
- | [] | [20190720 13:52:14.423] | [DEBUG] | [PC-20190528OEHK] | [http-nio-22000-exec-1] | [c.z.s.m.m.S.findFuncListByRoleIds] | --> <==      Total: 39|
- | [] | [20190720 13:52:14.424] | [DEBUG] | [PC-20190528OEHK] | [http-nio-22000-exec-1] | [c.z.s.m.m.CompanyMapper.selectList] | --> ==>  Preparing: SELECT ID,COMPANY_NAME,CREDIT_CODE,LEGAL_PERSON,NAME,PHONE,BUSINESS_LICENCE_URL,COMPANY_TEL,COMPANY_EMAIL,COMPANY_URL,COMPANY_FAX,COMPANY_REMARK,COMPANY_NATURE_KEY,COMPANY_NATURE_CONCRETE_KEY,STAFF_SIZE_KEY,PROVINCE_ID,CITY_ID,DISTRICT_ID,DETAIL_ADDR,COMPANY_TAX_NO,COMPANY_INVOICE_TITLE,REG_USER_ID,STATUS,UPDATE_BY_ID,CREATE_BY_ID,UPDATE_TIME,CREATE_TIME,IS_DELETE FROM scf_company WHERE id IN (?) AND is_delete = ? AND status = ? |
- | [] | [20190720 13:52:14.424] | [DEBUG] | [PC-20190528OEHK] | [http-nio-22000-exec-1] | [c.z.s.m.m.CompanyMapper.selectList] | --> ==> Parameters: 1(Long), 0(Integer), 1(Integer)|
- | [] | [20190720 13:52:14.426] | [DEBUG] | [PC-20190528OEHK] | [http-nio-22000-exec-1] | [c.z.s.m.m.CompanyMapper.selectList] | --> <==      Total: 1|
- | [] | [20190720 13:52:14.433] | [INFO] | [PC-20190528OEHK] | [http-nio-22000-exec-3] | [c.z.s.s.controller.UserController] | --> 密码输入是否正确{"createTime":"2019-06-06T05:07:14","email":"lzskcloud@qq.com","gender":1,"id":1,"idCard":"1111111111111111","isDel":0,"lastCompanyId":1,"password":"123456","permissionOrgIds":"1,23,11","permissionType":2,"phone":"13367966485","status":1,"updateTime":"2019-07-01T15:25:07","userName":"admin"} |
- | [] | [20190720 13:52:14.434] | [DEBUG] | [PC-20190528OEHK] | [http-nio-22000-exec-3] | [c.z.s.m.mapper.UserMapper.updateById] | --> ==>  Preparing: UPDATE scf_user SET PHONE=?, EMAIL=?, PASSWORD=?, ID_CARD=?, USER_NAME=?, GENDER=?, IS_EMAIL_VALID=?, LAST_COMPANY_ID=?, PERMISSION_TYPE=?, PERMISSION_ORG_IDS=?, STATUS=?, UPDATE_BY_ID=?, CREATE_BY_ID=?, UPDATE_TIME=?, CREATE_TIME=? WHERE ID=? AND IS_DEL=0 |
- | [] | [20190720 13:52:14.435] | [DEBUG] | [PC-20190528OEHK] | [http-nio-22000-exec-3] | [c.z.s.m.mapper.UserMapper.updateById] | --> ==> Parameters: 13367966485(String), lzskcloud@qq.com(String), 123456(String), 1111111111111111(String), admin(String), 1(Integer), null, 1(Long), 2(Integer), 1,23,11(String), 1(Integer), null, null, 2019-07-01 15:25:07.0(Timestamp), 2019-06-06 05:07:14.0(Timestamp), 1(Long)|
- | [] | [20190720 13:52:14.437] | [DEBUG] | [PC-20190528OEHK] | [http-nio-22000-exec-3] | [c.z.s.m.mapper.UserMapper.updateById] | --> <==    Updates: 1|
- | [] | [20190720 13:52:14.578] | [INFO] | [PC-20190528OEHK] | [http-nio-22000-exec-4] | [c.z.s.s.controller.CompanyController] | --> subject:是否弹出邀请成员引导(只有一个成员时弹出),companyId:1|
- | [] | [20190720 13:52:14.578] | [DEBUG] | [PC-20190528OEHK] | [http-nio-22000-exec-4] | [c.z.s.m.m.C.findCompanyUserListById] | --> ==>  Preparing: SELECT su.id, su.user_name, su.email, su.phone FROM `scf_cfg_company_user` sccu LEFT JOIN scf_user su ON su.id = sccu.user_id WHERE sccu.company_id = ? |
- | [] | [20190720 13:52:14.578] | [DEBUG] | [PC-20190528OEHK] | [http-nio-22000-exec-4] | [c.z.s.m.m.C.findCompanyUserListById] | --> ==> Parameters: 1(Long)|
- | [] | [20190720 13:52:14.579] | [DEBUG] | [PC-20190528OEHK] | [http-nio-22000-exec-4] | [c.z.s.m.m.C.findCompanyUserListById] | --> <==      Total: 20|
- | [] | [20190720 13:56:00.012] | [INFO] | [PC-20190528OEHK] | [AsyncResolver-bootstrap-executor-0] | [c.n.d.s.r.aws.ConfigClusterResolver] | --> Resolving eureka endpoints via configuration|
- | [] | [20190720 14:01:00.024] | [INFO] | [PC-20190528OEHK] | [AsyncResolver-bootstrap-executor-0] | [c.n.d.s.r.aws.ConfigClusterResolver] | --> Resolving eureka endpoints via configuration|
- | [] | [20190720 14:06:00.035] | [INFO] | [PC-20190528OEHK] | [AsyncResolver-bootstrap-executor-0] | [c.n.d.s.r.aws.ConfigClusterResolver] | --> Resolving eureka endpoints via configuration|
- | [] | [20190720 14:11:00.046] | [INFO] | [PC-20190528OEHK] | [AsyncResolver-bootstrap-executor-0] | [c.n.d.s.r.aws.ConfigClusterResolver] | --> Resolving eureka endpoints via configuration|
- | [] | [20190720 14:16:00.058] | [INFO] | [PC-20190528OEHK] | [AsyncResolver-bootstrap-executor-0] | [c.n.d.s.r.aws.ConfigClusterResolver] | --> Resolving eureka endpoints via configuration|
- | [] | [20190720 14:21:00.069] | [INFO] | [PC-20190528OEHK] | [AsyncResolver-bootstrap-executor-0] | [c.n.d.s.r.aws.ConfigClusterResolver] | --> Resolving eureka endpoints via configuration|
- | [] | [20190720 14:26:00.080] | [INFO] | [PC-20190528OEHK] | [AsyncResolver-bootstrap-executor-0] | [c.n.d.s.r.aws.ConfigClusterResolver] | --> Resolving eureka endpoints via configuration|
- | [] | [20190720 14:31:00.092] | [INFO] | [PC-20190528OEHK] | [AsyncResolver-bootstrap-executor-0] | [c.n.d.s.r.aws.ConfigClusterResolver] | --> Resolving eureka endpoints via configuration|
- | [] | [20190720 14:36:00.104] | [INFO] | [PC-20190528OEHK] | [AsyncResolver-bootstrap-executor-0] | [c.n.d.s.r.aws.ConfigClusterResolver] | --> Resolving eureka endpoints via configuration|
- | [] | [20190720 14:41:00.116] | [INFO] | [PC-20190528OEHK] | [AsyncResolver-bootstrap-executor-0] | [c.n.d.s.r.aws.ConfigClusterResolver] | --> Resolving eureka endpoints via configuration|
- | [] | [20190720 14:46:00.128] | [INFO] | [PC-20190528OEHK] | [AsyncResolver-bootstrap-executor-0] | [c.n.d.s.r.aws.ConfigClusterResolver] | --> Resolving eureka endpoints via configuration|
- | [] | [20190720 14:51:00.139] | [INFO] | [PC-20190528OEHK] | [AsyncResolver-bootstrap-executor-0] | [c.n.d.s.r.aws.ConfigClusterResolver] | --> Resolving eureka endpoints via configuration|
- | [] | [20190720 14:56:00.150] | [INFO] | [PC-20190528OEHK] | [AsyncResolver-bootstrap-executor-0] | [c.n.d.s.r.aws.ConfigClusterResolver] | --> Resolving eureka endpoints via configuration|
- | [] | [20190720 15:01:00.163] | [INFO] | [PC-20190528OEHK] | [AsyncResolver-bootstrap-executor-0] | [c.n.d.s.r.aws.ConfigClusterResolver] | --> Resolving eureka endpoints via configuration|
- | [] | [20190720 15:06:00.174] | [INFO] | [PC-20190528OEHK] | [AsyncResolver-bootstrap-executor-0] | [c.n.d.s.r.aws.ConfigClusterResolver] | --> Resolving eureka endpoints via configuration|
- | [] | [20190720 15:11:00.280] | [INFO] | [PC-20190528OEHK] | [AsyncResolver-bootstrap-executor-0] | [c.n.d.s.r.aws.ConfigClusterResolver] | --> Resolving eureka endpoints via configuration|
- | [] | [20190720 15:16:00.291] | [INFO] | [PC-20190528OEHK] | [AsyncResolver-bootstrap-executor-0] | [c.n.d.s.r.aws.ConfigClusterResolver] | --> Resolving eureka endpoints via configuration|
- | [] | [20190720 15:21:00.302] | [INFO] | [PC-20190528OEHK] | [AsyncResolver-bootstrap-executor-0] | [c.n.d.s.r.aws.ConfigClusterResolver] | --> Resolving eureka endpoints via configuration|
- | [] | [20190720 15:26:00.313] | [INFO] | [PC-20190528OEHK] | [AsyncResolver-bootstrap-executor-0] | [c.n.d.s.r.aws.ConfigClusterResolver] | --> Resolving eureka endpoints via configuration|
- | [] | [20190720 15:31:00.325] | [INFO] | [PC-20190528OEHK] | [AsyncResolver-bootstrap-executor-0] | [c.n.d.s.r.aws.ConfigClusterResolver] | --> Resolving eureka endpoints via configuration|
- | [] | [20190720 15:36:00.336] | [INFO] | [PC-20190528OEHK] | [AsyncResolver-bootstrap-executor-0] | [c.n.d.s.r.aws.ConfigClusterResolver] | --> Resolving eureka endpoints via configuration|
- | [] | [20190720 15:41:00.347] | [INFO] | [PC-20190528OEHK] | [AsyncResolver-bootstrap-executor-0] | [c.n.d.s.r.aws.ConfigClusterResolver] | --> Resolving eureka endpoints via configuration|
- | [] | [20190720 15:46:00.359] | [INFO] | [PC-20190528OEHK] | [AsyncResolver-bootstrap-executor-0] | [c.n.d.s.r.aws.ConfigClusterResolver] | --> Resolving eureka endpoints via configuration|
- | [] | [20190720 15:51:00.370] | [INFO] | [PC-20190528OEHK] | [AsyncResolver-bootstrap-executor-0] | [c.n.d.s.r.aws.ConfigClusterResolver] | --> Resolving eureka endpoints via configuration|
- | [] | [20190720 15:56:00.382] | [INFO] | [PC-20190528OEHK] | [AsyncResolver-bootstrap-executor-0] | [c.n.d.s.r.aws.ConfigClusterResolver] | --> Resolving eureka endpoints via configuration|
- | [] | [20190720 16:01:00.394] | [INFO] | [PC-20190528OEHK] | [AsyncResolver-bootstrap-executor-0] | [c.n.d.s.r.aws.ConfigClusterResolver] | --> Resolving eureka endpoints via configuration|
- | [] | [20190720 16:02:30.696] | [INFO] | [PC-20190528OEHK] | [http-nio-22000-exec-6] | [c.z.s.s.controller.UserController] | --> 根据邮箱查询用户:dto:"lzskcloud@qq.com"|
- | [] | [20190720 16:02:30.702] | [DEBUG] | [PC-20190528OEHK] | [http-nio-22000-exec-6] | [c.z.s.m.mapper.UserMapper.selectOne] | --> ==>  Preparing: SELECT ID,PHONE,EMAIL,PASSWORD,ID_CARD,USER_NAME,GENDER,IS_EMAIL_VALID,LAST_COMPANY_ID,PERMISSION_TYPE,PERMISSION_ORG_IDS,STATUS,UPDATE_BY_ID,CREATE_BY_ID,UPDATE_TIME,CREATE_TIME,IS_DEL FROM scf_user WHERE IS_DEL=0 AND email = ? |
- | [] | [20190720 16:02:30.702] | [DEBUG] | [PC-20190528OEHK] | [http-nio-22000-exec-6] | [c.z.s.m.mapper.UserMapper.selectOne] | --> ==> Parameters: lzskcloud@qq.com(String)|
- | [] | [20190720 16:02:30.704] | [DEBUG] | [PC-20190528OEHK] | [http-nio-22000-exec-6] | [c.z.s.m.mapper.UserMapper.selectOne] | --> <==      Total: 1|
- | [] | [20190720 16:02:30.709] | [INFO] | [PC-20190528OEHK] | [http-nio-22000-exec-5] | [c.z.s.s.controller.UserController] | --> 获取用户详细信息:dto:{"userId":1}|
- | [] | [20190720 16:02:30.710] | [DEBUG] | [PC-20190528OEHK] | [http-nio-22000-exec-5] | [c.z.s.m.mapper.UserMapper.selectOne] | --> ==>  Preparing: SELECT ID,PHONE,EMAIL,PASSWORD,ID_CARD,USER_NAME,GENDER,IS_EMAIL_VALID,LAST_COMPANY_ID,PERMISSION_TYPE,PERMISSION_ORG_IDS,STATUS,UPDATE_BY_ID,CREATE_BY_ID,UPDATE_TIME,CREATE_TIME,IS_DEL FROM scf_user WHERE IS_DEL=0 AND id = ? |
- | [] | [20190720 16:02:30.711] | [DEBUG] | [PC-20190528OEHK] | [http-nio-22000-exec-5] | [c.z.s.m.mapper.UserMapper.selectOne] | --> ==> Parameters: 1(Long)|
- | [] | [20190720 16:02:30.712] | [DEBUG] | [PC-20190528OEHK] | [http-nio-22000-exec-5] | [c.z.s.m.mapper.UserMapper.selectOne] | --> <==      Total: 1|
- | [] | [20190720 16:02:30.714] | [DEBUG] | [PC-20190528OEHK] | [http-nio-22000-exec-5] | [c.z.s.m.m.C.selectList] | --> ==>  Preparing: SELECT ID,COMPANY_ID,USER_ID,STATUS,LEAVE_TIME,CREATE_TIME,UPDATE_TIME,IS_DELETE FROM scf_cfg_company_user WHERE user_id = ? AND is_delete = ? AND status = ? |
- | [] | [20190720 16:02:30.714] | [DEBUG] | [PC-20190528OEHK] | [http-nio-22000-exec-5] | [c.z.s.m.m.C.selectList] | --> ==> Parameters: 1(Long), 0(Integer), 1(Integer)|
- | [] | [20190720 16:02:30.717] | [DEBUG] | [PC-20190528OEHK] | [http-nio-22000-exec-5] | [c.z.s.m.m.C.selectList] | --> <==      Total: 1|
- | [] | [20190720 16:02:30.717] | [DEBUG] | [PC-20190528OEHK] | [http-nio-22000-exec-5] | [c.z.s.m.m.CompanyMapper.selectById] | --> ==>  Preparing: SELECT ID,COMPANY_NAME,CREDIT_CODE,LEGAL_PERSON,NAME,PHONE,BUSINESS_LICENCE_URL,COMPANY_TEL,COMPANY_EMAIL,COMPANY_URL,COMPANY_FAX,COMPANY_REMARK,COMPANY_NATURE_KEY,COMPANY_NATURE_CONCRETE_KEY,STAFF_SIZE_KEY,PROVINCE_ID,CITY_ID,DISTRICT_ID,DETAIL_ADDR,COMPANY_TAX_NO,COMPANY_INVOICE_TITLE,REG_USER_ID,STATUS,UPDATE_BY_ID,CREATE_BY_ID,UPDATE_TIME,CREATE_TIME,IS_DELETE FROM scf_company WHERE ID=? |
- | [] | [20190720 16:02:30.718] | [DEBUG] | [PC-20190528OEHK] | [http-nio-22000-exec-5] | [c.z.s.m.m.CompanyMapper.selectById] | --> ==> Parameters: 1(Long)|
- | [] | [20190720 16:02:30.719] | [DEBUG] | [PC-20190528OEHK] | [http-nio-22000-exec-5] | [c.z.s.m.m.CompanyMapper.selectById] | --> <==      Total: 1|
- | [] | [20190720 16:02:30.720] | [DEBUG] | [PC-20190528OEHK] | [http-nio-22000-exec-5] | [c.z.s.m.m.R.findUserRolesByCompanyId] | --> ==>  Preparing: select scr.* from scf_cfg_role scr join scf_cfg_role_user scru on scr.id = scru.role_id where scr.`status` = 1 and scru.user_id = ? and scr.company_id = ? |
- | [] | [20190720 16:02:30.720] | [DEBUG] | [PC-20190528OEHK] | [http-nio-22000-exec-5] | [c.z.s.m.m.R.findUserRolesByCompanyId] | --> ==> Parameters: 1(Long), 1(Long)|
- | [] | [20190720 16:02:30.721] | [DEBUG] | [PC-20190528OEHK] | [http-nio-22000-exec-5] | [c.z.s.m.m.R.findUserRolesByCompanyId] | --> <==      Total: 1|
- | [] | [20190720 16:02:30.722] | [DEBUG] | [PC-20190528OEHK] | [http-nio-22000-exec-5] | [c.z.s.m.m.MenuMapper.findHaveMenu] | --> ==>  Preparing: select DISTINCT sm.* from scf_menu sm left join scf_cfg_system_function scsf on scsf.menu_id = sm.id left join scf_cfg_role_function scrf on scrf.funct_code = scsf.func_code where sm.`status` = 1 and scrf.role_id in(1) |
- | [] | [20190720 16:02:30.722] | [DEBUG] | [PC-20190528OEHK] | [http-nio-22000-exec-5] | [c.z.s.m.m.MenuMapper.findHaveMenu] | --> ==> Parameters: |
- | [] | [20190720 16:02:30.726] | [DEBUG] | [PC-20190528OEHK] | [http-nio-22000-exec-5] | [c.z.s.m.m.MenuMapper.findHaveMenu] | --> <==      Total: 9|
- | [] | [20190720 16:02:30.726] | [DEBUG] | [PC-20190528OEHK] | [http-nio-22000-exec-5] | [c.z.s.m.m.S.findFuncListByRoleIds] | --> ==>  Preparing: SELECT DISTINCT scyf.* FROM scf_cfg_system_function scyf JOIN scf_cfg_role_function scrf ON scyf.func_code = scrf.funct_code WHERE scrf.role_id IN( 1) |
- | [] | [20190720 16:02:30.726] | [DEBUG] | [PC-20190528OEHK] | [http-nio-22000-exec-5] | [c.z.s.m.m.S.findFuncListByRoleIds] | --> ==> Parameters: |
- | [] | [20190720 16:02:30.730] | [DEBUG] | [PC-20190528OEHK] | [http-nio-22000-exec-5] | [c.z.s.m.m.S.findFuncListByRoleIds] | --> <==      Total: 39|
- | [] | [20190720 16:02:30.731] | [DEBUG] | [PC-20190528OEHK] | [http-nio-22000-exec-5] | [c.z.s.m.m.CompanyMapper.selectList] | --> ==>  Preparing: SELECT ID,COMPANY_NAME,CREDIT_CODE,LEGAL_PERSON,NAME,PHONE,BUSINESS_LICENCE_URL,COMPANY_TEL,COMPANY_EMAIL,COMPANY_URL,COMPANY_FAX,COMPANY_REMARK,COMPANY_NATURE_KEY,COMPANY_NATURE_CONCRETE_KEY,STAFF_SIZE_KEY,PROVINCE_ID,CITY_ID,DISTRICT_ID,DETAIL_ADDR,COMPANY_TAX_NO,COMPANY_INVOICE_TITLE,REG_USER_ID,STATUS,UPDATE_BY_ID,CREATE_BY_ID,UPDATE_TIME,CREATE_TIME,IS_DELETE FROM scf_company WHERE id IN (?) AND is_delete = ? AND status = ? |
- | [] | [20190720 16:02:30.731] | [DEBUG] | [PC-20190528OEHK] | [http-nio-22000-exec-5] | [c.z.s.m.m.CompanyMapper.selectList] | --> ==> Parameters: 1(Long), 0(Integer), 1(Integer)|
- | [] | [20190720 16:02:30.734] | [DEBUG] | [PC-20190528OEHK] | [http-nio-22000-exec-5] | [c.z.s.m.m.CompanyMapper.selectList] | --> <==      Total: 1|
- | [] | [20190720 16:02:30.742] | [INFO] | [PC-20190528OEHK] | [http-nio-22000-exec-8] | [c.z.s.s.controller.UserController] | --> 密码输入是否正确{"createTime":"2019-06-06T05:07:14","email":"lzskcloud@qq.com","gender":1,"id":1,"idCard":"1111111111111111","isDel":0,"lastCompanyId":1,"password":"123456","permissionOrgIds":"1,23,11","permissionType":2,"phone":"13367966485","status":1,"updateTime":"2019-07-01T15:25:07","userName":"admin"} |
- | [] | [20190720 16:02:30.743] | [DEBUG] | [PC-20190528OEHK] | [http-nio-22000-exec-8] | [c.z.s.m.mapper.UserMapper.updateById] | --> ==>  Preparing: UPDATE scf_user SET PHONE=?, EMAIL=?, PASSWORD=?, ID_CARD=?, USER_NAME=?, GENDER=?, IS_EMAIL_VALID=?, LAST_COMPANY_ID=?, PERMISSION_TYPE=?, PERMISSION_ORG_IDS=?, STATUS=?, UPDATE_BY_ID=?, CREATE_BY_ID=?, UPDATE_TIME=?, CREATE_TIME=? WHERE ID=? AND IS_DEL=0 |
- | [] | [20190720 16:02:30.744] | [DEBUG] | [PC-20190528OEHK] | [http-nio-22000-exec-8] | [c.z.s.m.mapper.UserMapper.updateById] | --> ==> Parameters: 13367966485(String), lzskcloud@qq.com(String), 123456(String), 1111111111111111(String), admin(String), 1(Integer), null, 1(Long), 2(Integer), 1,23,11(String), 1(Integer), null, null, 2019-07-01 15:25:07.0(Timestamp), 2019-06-06 05:07:14.0(Timestamp), 1(Long)|
- | [] | [20190720 16:02:30.746] | [DEBUG] | [PC-20190528OEHK] | [http-nio-22000-exec-8] | [c.z.s.m.mapper.UserMapper.updateById] | --> <==    Updates: 1|
- | [] | [20190720 16:02:30.860] | [INFO] | [PC-20190528OEHK] | [http-nio-22000-exec-7] | [c.z.s.s.controller.CompanyController] | --> subject:是否弹出邀请成员引导(只有一个成员时弹出),companyId:1|
- | [] | [20190720 16:02:30.860] | [DEBUG] | [PC-20190528OEHK] | [http-nio-22000-exec-7] | [c.z.s.m.m.C.findCompanyUserListById] | --> ==>  Preparing: SELECT su.id, su.user_name, su.email, su.phone FROM `scf_cfg_company_user` sccu LEFT JOIN scf_user su ON su.id = sccu.user_id WHERE sccu.company_id = ? |
- | [] | [20190720 16:02:30.860] | [DEBUG] | [PC-20190528OEHK] | [http-nio-22000-exec-7] | [c.z.s.m.m.C.findCompanyUserListById] | --> ==> Parameters: 1(Long)|
- | [] | [20190720 16:02:30.861] | [DEBUG] | [PC-20190528OEHK] | [http-nio-22000-exec-7] | [c.z.s.m.m.C.findCompanyUserListById] | --> <==      Total: 20|
- | [] | [20190720 16:06:00.405] | [INFO] | [PC-20190528OEHK] | [AsyncResolver-bootstrap-executor-0] | [c.n.d.s.r.aws.ConfigClusterResolver] | --> Resolving eureka endpoints via configuration|
- | [] | [20190720 16:11:00.417] | [INFO] | [PC-20190528OEHK] | [AsyncResolver-bootstrap-executor-0] | [c.n.d.s.r.aws.ConfigClusterResolver] | --> Resolving eureka endpoints via configuration|
- | [] | [20190720 16:16:00.429] | [INFO] | [PC-20190528OEHK] | [AsyncResolver-bootstrap-executor-0] | [c.n.d.s.r.aws.ConfigClusterResolver] | --> Resolving eureka endpoints via configuration|
- | [] | [20190720 16:21:00.440] | [INFO] | [PC-20190528OEHK] | [AsyncResolver-bootstrap-executor-0] | [c.n.d.s.r.aws.ConfigClusterResolver] | --> Resolving eureka endpoints via configuration|
- | [] | [20190720 16:26:00.452] | [INFO] | [PC-20190528OEHK] | [AsyncResolver-bootstrap-executor-0] | [c.n.d.s.r.aws.ConfigClusterResolver] | --> Resolving eureka endpoints via configuration|
- | [] | [20190720 16:31:00.464] | [INFO] | [PC-20190528OEHK] | [AsyncResolver-bootstrap-executor-0] | [c.n.d.s.r.aws.ConfigClusterResolver] | --> Resolving eureka endpoints via configuration|
- | [] | [20190720 16:36:00.476] | [INFO] | [PC-20190528OEHK] | [AsyncResolver-bootstrap-executor-0] | [c.n.d.s.r.aws.ConfigClusterResolver] | --> Resolving eureka endpoints via configuration|
- | [] | [20190720 16:37:48.567] | [INFO] | [PC-20190528OEHK] | [http-nio-22000-exec-10] | [c.z.s.s.controller.UserController] | --> 根据邮箱查询用户:dto:"lzskcloud@qq.com"|
- | [] | [20190720 16:37:48.571] | [DEBUG] | [PC-20190528OEHK] | [http-nio-22000-exec-10] | [c.z.s.m.mapper.UserMapper.selectOne] | --> ==>  Preparing: SELECT ID,PHONE,EMAIL,PASSWORD,ID_CARD,USER_NAME,GENDER,IS_EMAIL_VALID,LAST_COMPANY_ID,PERMISSION_TYPE,PERMISSION_ORG_IDS,STATUS,UPDATE_BY_ID,CREATE_BY_ID,UPDATE_TIME,CREATE_TIME,IS_DEL FROM scf_user WHERE IS_DEL=0 AND email = ? |
- | [] | [20190720 16:37:48.572] | [DEBUG] | [PC-20190528OEHK] | [http-nio-22000-exec-10] | [c.z.s.m.mapper.UserMapper.selectOne] | --> ==> Parameters: lzskcloud@qq.com(String)|
- | [] | [20190720 16:37:48.574] | [DEBUG] | [PC-20190528OEHK] | [http-nio-22000-exec-10] | [c.z.s.m.mapper.UserMapper.selectOne] | --> <==      Total: 1|
- | [] | [20190720 16:37:48.579] | [INFO] | [PC-20190528OEHK] | [http-nio-22000-exec-1] | [c.z.s.s.controller.UserController] | --> 获取用户详细信息:dto:{"userId":1}|
- | [] | [20190720 16:37:48.580] | [DEBUG] | [PC-20190528OEHK] | [http-nio-22000-exec-1] | [c.z.s.m.mapper.UserMapper.selectOne] | --> ==>  Preparing: SELECT ID,PHONE,EMAIL,PASSWORD,ID_CARD,USER_NAME,GENDER,IS_EMAIL_VALID,LAST_COMPANY_ID,PERMISSION_TYPE,PERMISSION_ORG_IDS,STATUS,UPDATE_BY_ID,CREATE_BY_ID,UPDATE_TIME,CREATE_TIME,IS_DEL FROM scf_user WHERE IS_DEL=0 AND id = ? |
- | [] | [20190720 16:37:48.580] | [DEBUG] | [PC-20190528OEHK] | [http-nio-22000-exec-1] | [c.z.s.m.mapper.UserMapper.selectOne] | --> ==> Parameters: 1(Long)|
- | [] | [20190720 16:37:48.582] | [DEBUG] | [PC-20190528OEHK] | [http-nio-22000-exec-1] | [c.z.s.m.mapper.UserMapper.selectOne] | --> <==      Total: 1|
- | [] | [20190720 16:37:48.583] | [DEBUG] | [PC-20190528OEHK] | [http-nio-22000-exec-1] | [c.z.s.m.m.C.selectList] | --> ==>  Preparing: SELECT ID,COMPANY_ID,USER_ID,STATUS,LEAVE_TIME,CREATE_TIME,UPDATE_TIME,IS_DELETE FROM scf_cfg_company_user WHERE user_id = ? AND is_delete = ? AND status = ? |
- | [] | [20190720 16:37:48.583] | [DEBUG] | [PC-20190528OEHK] | [http-nio-22000-exec-1] | [c.z.s.m.m.C.selectList] | --> ==> Parameters: 1(Long), 0(Integer), 1(Integer)|
- | [] | [20190720 16:37:48.585] | [DEBUG] | [PC-20190528OEHK] | [http-nio-22000-exec-1] | [c.z.s.m.m.C.selectList] | --> <==      Total: 1|
- | [] | [20190720 16:37:48.585] | [DEBUG] | [PC-20190528OEHK] | [http-nio-22000-exec-1] | [c.z.s.m.m.CompanyMapper.selectById] | --> ==>  Preparing: SELECT ID,COMPANY_NAME,CREDIT_CODE,LEGAL_PERSON,NAME,PHONE,BUSINESS_LICENCE_URL,COMPANY_TEL,COMPANY_EMAIL,COMPANY_URL,COMPANY_FAX,COMPANY_REMARK,COMPANY_NATURE_KEY,COMPANY_NATURE_CONCRETE_KEY,STAFF_SIZE_KEY,PROVINCE_ID,CITY_ID,DISTRICT_ID,DETAIL_ADDR,COMPANY_TAX_NO,COMPANY_INVOICE_TITLE,REG_USER_ID,STATUS,UPDATE_BY_ID,CREATE_BY_ID,UPDATE_TIME,CREATE_TIME,IS_DELETE FROM scf_company WHERE ID=? |
- | [] | [20190720 16:37:48.585] | [DEBUG] | [PC-20190528OEHK] | [http-nio-22000-exec-1] | [c.z.s.m.m.CompanyMapper.selectById] | --> ==> Parameters: 1(Long)|
- | [] | [20190720 16:37:48.587] | [DEBUG] | [PC-20190528OEHK] | [http-nio-22000-exec-1] | [c.z.s.m.m.CompanyMapper.selectById] | --> <==      Total: 1|
- | [] | [20190720 16:37:48.588] | [DEBUG] | [PC-20190528OEHK] | [http-nio-22000-exec-1] | [c.z.s.m.m.R.findUserRolesByCompanyId] | --> ==>  Preparing: select scr.* from scf_cfg_role scr join scf_cfg_role_user scru on scr.id = scru.role_id where scr.`status` = 1 and scru.user_id = ? and scr.company_id = ? |
- | [] | [20190720 16:37:48.588] | [DEBUG] | [PC-20190528OEHK] | [http-nio-22000-exec-1] | [c.z.s.m.m.R.findUserRolesByCompanyId] | --> ==> Parameters: 1(Long), 1(Long)|
- | [] | [20190720 16:37:48.589] | [DEBUG] | [PC-20190528OEHK] | [http-nio-22000-exec-1] | [c.z.s.m.m.R.findUserRolesByCompanyId] | --> <==      Total: 1|
- | [] | [20190720 16:37:48.590] | [DEBUG] | [PC-20190528OEHK] | [http-nio-22000-exec-1] | [c.z.s.m.m.MenuMapper.findHaveMenu] | --> ==>  Preparing: select DISTINCT sm.* from scf_menu sm left join scf_cfg_system_function scsf on scsf.menu_id = sm.id left join scf_cfg_role_function scrf on scrf.funct_code = scsf.func_code where sm.`status` = 1 and scrf.role_id in(1) |
- | [] | [20190720 16:37:48.590] | [DEBUG] | [PC-20190528OEHK] | [http-nio-22000-exec-1] | [c.z.s.m.m.MenuMapper.findHaveMenu] | --> ==> Parameters: |
- | [] | [20190720 16:37:48.594] | [DEBUG] | [PC-20190528OEHK] | [http-nio-22000-exec-1] | [c.z.s.m.m.MenuMapper.findHaveMenu] | --> <==      Total: 9|
- | [] | [20190720 16:37:48.595] | [DEBUG] | [PC-20190528OEHK] | [http-nio-22000-exec-1] | [c.z.s.m.m.S.findFuncListByRoleIds] | --> ==>  Preparing: SELECT DISTINCT scyf.* FROM scf_cfg_system_function scyf JOIN scf_cfg_role_function scrf ON scyf.func_code = scrf.funct_code WHERE scrf.role_id IN( 1) |
- | [] | [20190720 16:37:48.595] | [DEBUG] | [PC-20190528OEHK] | [http-nio-22000-exec-1] | [c.z.s.m.m.S.findFuncListByRoleIds] | --> ==> Parameters: |
- | [] | [20190720 16:37:48.597] | [DEBUG] | [PC-20190528OEHK] | [http-nio-22000-exec-1] | [c.z.s.m.m.S.findFuncListByRoleIds] | --> <==      Total: 39|
- | [] | [20190720 16:37:48.598] | [DEBUG] | [PC-20190528OEHK] | [http-nio-22000-exec-1] | [c.z.s.m.m.CompanyMapper.selectList] | --> ==>  Preparing: SELECT ID,COMPANY_NAME,CREDIT_CODE,LEGAL_PERSON,NAME,PHONE,BUSINESS_LICENCE_URL,COMPANY_TEL,COMPANY_EMAIL,COMPANY_URL,COMPANY_FAX,COMPANY_REMARK,COMPANY_NATURE_KEY,COMPANY_NATURE_CONCRETE_KEY,STAFF_SIZE_KEY,PROVINCE_ID,CITY_ID,DISTRICT_ID,DETAIL_ADDR,COMPANY_TAX_NO,COMPANY_INVOICE_TITLE,REG_USER_ID,STATUS,UPDATE_BY_ID,CREATE_BY_ID,UPDATE_TIME,CREATE_TIME,IS_DELETE FROM scf_company WHERE id IN (?) AND is_delete = ? AND status = ? |
- | [] | [20190720 16:37:48.599] | [DEBUG] | [PC-20190528OEHK] | [http-nio-22000-exec-1] | [c.z.s.m.m.CompanyMapper.selectList] | --> ==> Parameters: 1(Long), 0(Integer), 1(Integer)|
- | [] | [20190720 16:37:48.602] | [DEBUG] | [PC-20190528OEHK] | [http-nio-22000-exec-1] | [c.z.s.m.m.CompanyMapper.selectList] | --> <==      Total: 1|
- | [] | [20190720 16:37:48.610] | [INFO] | [PC-20190528OEHK] | [http-nio-22000-exec-3] | [c.z.s.s.controller.UserController] | --> 密码输入是否正确{"createTime":"2019-06-06T05:07:14","email":"lzskcloud@qq.com","gender":1,"id":1,"idCard":"1111111111111111","isDel":0,"lastCompanyId":1,"password":"123456","permissionOrgIds":"1,23,11","permissionType":2,"phone":"19865762339","status":1,"updateTime":"2019-07-20T16:36:27","userName":"admin"} |
- | [] | [20190720 16:37:48.611] | [DEBUG] | [PC-20190528OEHK] | [http-nio-22000-exec-3] | [c.z.s.m.mapper.UserMapper.updateById] | --> ==>  Preparing: UPDATE scf_user SET PHONE=?, EMAIL=?, PASSWORD=?, ID_CARD=?, USER_NAME=?, GENDER=?, IS_EMAIL_VALID=?, LAST_COMPANY_ID=?, PERMISSION_TYPE=?, PERMISSION_ORG_IDS=?, STATUS=?, UPDATE_BY_ID=?, CREATE_BY_ID=?, UPDATE_TIME=?, CREATE_TIME=? WHERE ID=? AND IS_DEL=0 |
- | [] | [20190720 16:37:48.612] | [DEBUG] | [PC-20190528OEHK] | [http-nio-22000-exec-3] | [c.z.s.m.mapper.UserMapper.updateById] | --> ==> Parameters: 19865762339(String), lzskcloud@qq.com(String), 123456(String), 1111111111111111(String), admin(String), 1(Integer), null, 1(Long), 2(Integer), 1,23,11(String), 1(Integer), null, null, 2019-07-20 16:36:27.0(Timestamp), 2019-06-06 05:07:14.0(Timestamp), 1(Long)|
- | [] | [20190720 16:37:48.613] | [DEBUG] | [PC-20190528OEHK] | [http-nio-22000-exec-3] | [c.z.s.m.mapper.UserMapper.updateById] | --> <==    Updates: 1|
- | [] | [20190720 16:37:48.702] | [INFO] | [PC-20190528OEHK] | [http-nio-22000-exec-4] | [c.z.s.s.controller.CompanyController] | --> subject:是否弹出邀请成员引导(只有一个成员时弹出),companyId:1|
- | [] | [20190720 16:37:48.703] | [DEBUG] | [PC-20190528OEHK] | [http-nio-22000-exec-4] | [c.z.s.m.m.C.findCompanyUserListById] | --> ==>  Preparing: SELECT su.id, su.user_name, su.email, su.phone FROM `scf_cfg_company_user` sccu LEFT JOIN scf_user su ON su.id = sccu.user_id WHERE sccu.company_id = ? |
- | [] | [20190720 16:37:48.703] | [DEBUG] | [PC-20190528OEHK] | [http-nio-22000-exec-4] | [c.z.s.m.m.C.findCompanyUserListById] | --> ==> Parameters: 1(Long)|
- | [] | [20190720 16:37:48.704] | [DEBUG] | [PC-20190528OEHK] | [http-nio-22000-exec-4] | [c.z.s.m.m.C.findCompanyUserListById] | --> <==      Total: 20|
- | [] | [20190720 16:41:00.487] | [INFO] | [PC-20190528OEHK] | [AsyncResolver-bootstrap-executor-0] | [c.n.d.s.r.aws.ConfigClusterResolver] | --> Resolving eureka endpoints via configuration|
- | [] | [20190720 16:46:00.498] | [INFO] | [PC-20190528OEHK] | [AsyncResolver-bootstrap-executor-0] | [c.n.d.s.r.aws.ConfigClusterResolver] | --> Resolving eureka endpoints via configuration|
- | [] | [20190720 16:51:00.509] | [INFO] | [PC-20190528OEHK] | [AsyncResolver-bootstrap-executor-0] | [c.n.d.s.r.aws.ConfigClusterResolver] | --> Resolving eureka endpoints via configuration|
- | [] | [20190720 16:56:00.520] | [INFO] | [PC-20190528OEHK] | [AsyncResolver-bootstrap-executor-0] | [c.n.d.s.r.aws.ConfigClusterResolver] | --> Resolving eureka endpoints via configuration|
- | [] | [20190720 17:01:00.531] | [INFO] | [PC-20190528OEHK] | [AsyncResolver-bootstrap-executor-0] | [c.n.d.s.r.aws.ConfigClusterResolver] | --> Resolving eureka endpoints via configuration|
- | [] | [20190720 17:06:00.542] | [INFO] | [PC-20190528OEHK] | [AsyncResolver-bootstrap-executor-0] | [c.n.d.s.r.aws.ConfigClusterResolver] | --> Resolving eureka endpoints via configuration|
- | [] | [20190720 17:11:00.553] | [INFO] | [PC-20190528OEHK] | [AsyncResolver-bootstrap-executor-0] | [c.n.d.s.r.aws.ConfigClusterResolver] | --> Resolving eureka endpoints via configuration|
- | [] | [20190720 17:16:00.564] | [INFO] | [PC-20190528OEHK] | [AsyncResolver-bootstrap-executor-0] | [c.n.d.s.r.aws.ConfigClusterResolver] | --> Resolving eureka endpoints via configuration|
- | [] | [20190720 17:21:00.575] | [INFO] | [PC-20190528OEHK] | [AsyncResolver-bootstrap-executor-0] | [c.n.d.s.r.aws.ConfigClusterResolver] | --> Resolving eureka endpoints via configuration|
- | [] | [20190720 17:26:00.586] | [INFO] | [PC-20190528OEHK] | [AsyncResolver-bootstrap-executor-0] | [c.n.d.s.r.aws.ConfigClusterResolver] | --> Resolving eureka endpoints via configuration|
- | [] | [20190720 17:31:00.597] | [INFO] | [PC-20190528OEHK] | [AsyncResolver-bootstrap-executor-0] | [c.n.d.s.r.aws.ConfigClusterResolver] | --> Resolving eureka endpoints via configuration|
- | [] | [20190720 17:36:00.608] | [INFO] | [PC-20190528OEHK] | [AsyncResolver-bootstrap-executor-0] | [c.n.d.s.r.aws.ConfigClusterResolver] | --> Resolving eureka endpoints via configuration|
- | [] | [20190720 17:41:00.619] | [INFO] | [PC-20190528OEHK] | [AsyncResolver-bootstrap-executor-0] | [c.n.d.s.r.aws.ConfigClusterResolver] | --> Resolving eureka endpoints via configuration|
- | [] | [20190720 17:46:00.631] | [INFO] | [PC-20190528OEHK] | [AsyncResolver-bootstrap-executor-0] | [c.n.d.s.r.aws.ConfigClusterResolver] | --> Resolving eureka endpoints via configuration|
- | [] | [20190720 17:51:00.643] | [INFO] | [PC-20190528OEHK] | [AsyncResolver-bootstrap-executor-0] | [c.n.d.s.r.aws.ConfigClusterResolver] | --> Resolving eureka endpoints via configuration|
- | [] | [20190720 17:56:00.655] | [INFO] | [PC-20190528OEHK] | [AsyncResolver-bootstrap-executor-0] | [c.n.d.s.r.aws.ConfigClusterResolver] | --> Resolving eureka endpoints via configuration|
- | [] | [20190720 18:01:00.667] | [INFO] | [PC-20190528OEHK] | [AsyncResolver-bootstrap-executor-0] | [c.n.d.s.r.aws.ConfigClusterResolver] | --> Resolving eureka endpoints via configuration|
- | [] | [20190720 18:06:00.679] | [INFO] | [PC-20190528OEHK] | [AsyncResolver-bootstrap-executor-0] | [c.n.d.s.r.aws.ConfigClusterResolver] | --> Resolving eureka endpoints via configuration|
- | [] | [20190720 18:11:00.691] | [INFO] | [PC-20190528OEHK] | [AsyncResolver-bootstrap-executor-0] | [c.n.d.s.r.aws.ConfigClusterResolver] | --> Resolving eureka endpoints via configuration|
- | [] | [20190720 18:16:00.702] | [INFO] | [PC-20190528OEHK] | [AsyncResolver-bootstrap-executor-0] | [c.n.d.s.r.aws.ConfigClusterResolver] | --> Resolving eureka endpoints via configuration|
- | [] | [20190720 18:21:00.713] | [INFO] | [PC-20190528OEHK] | [AsyncResolver-bootstrap-executor-0] | [c.n.d.s.r.aws.ConfigClusterResolver] | --> Resolving eureka endpoints via configuration|
- | [] | [20190720 18:26:00.724] | [INFO] | [PC-20190528OEHK] | [AsyncResolver-bootstrap-executor-0] | [c.n.d.s.r.aws.ConfigClusterResolver] | --> Resolving eureka endpoints via configuration|
- | [] | [20190720 18:31:00.736] | [INFO] | [PC-20190528OEHK] | [AsyncResolver-bootstrap-executor-0] | [c.n.d.s.r.aws.ConfigClusterResolver] | --> Resolving eureka endpoints via configuration|
- | [] | [20190720 18:36:00.747] | [INFO] | [PC-20190528OEHK] | [AsyncResolver-bootstrap-executor-0] | [c.n.d.s.r.aws.ConfigClusterResolver] | --> Resolving eureka endpoints via configuration|
- | [] | [20190720 18:41:00.758] | [INFO] | [PC-20190528OEHK] | [AsyncResolver-bootstrap-executor-0] | [c.n.d.s.r.aws.ConfigClusterResolver] | --> Resolving eureka endpoints via configuration|
- | [] | [20190720 18:46:00.769] | [INFO] | [PC-20190528OEHK] | [AsyncResolver-bootstrap-executor-0] | [c.n.d.s.r.aws.ConfigClusterResolver] | --> Resolving eureka endpoints via configuration|
- | [] | [20190720 18:51:00.780] | [INFO] | [PC-20190528OEHK] | [AsyncResolver-bootstrap-executor-0] | [c.n.d.s.r.aws.ConfigClusterResolver] | --> Resolving eureka endpoints via configuration|
- | [] | [20190720 18:56:00.791] | [INFO] | [PC-20190528OEHK] | [AsyncResolver-bootstrap-executor-0] | [c.n.d.s.r.aws.ConfigClusterResolver] | --> Resolving eureka endpoints via configuration|
- | [] | [20190720 19:01:00.802] | [INFO] | [PC-20190528OEHK] | [AsyncResolver-bootstrap-executor-0] | [c.n.d.s.r.aws.ConfigClusterResolver] | --> Resolving eureka endpoints via configuration|
- | [] | [20190720 19:06:00.813] | [INFO] | [PC-20190528OEHK] | [AsyncResolver-bootstrap-executor-0] | [c.n.d.s.r.aws.ConfigClusterResolver] | --> Resolving eureka endpoints via configuration|
- | [] | [20190720 19:11:00.824] | [INFO] | [PC-20190528OEHK] | [AsyncResolver-bootstrap-executor-0] | [c.n.d.s.r.aws.ConfigClusterResolver] | --> Resolving eureka endpoints via configuration|
- | [] | [20190720 19:16:00.835] | [INFO] | [PC-20190528OEHK] | [AsyncResolver-bootstrap-executor-0] | [c.n.d.s.r.aws.ConfigClusterResolver] | --> Resolving eureka endpoints via configuration|
- | [] | [20190720 19:21:00.846] | [INFO] | [PC-20190528OEHK] | [AsyncResolver-bootstrap-executor-0] | [c.n.d.s.r.aws.ConfigClusterResolver] | --> Resolving eureka endpoints via configuration|
- | [] | [20190720 19:26:00.857] | [INFO] | [PC-20190528OEHK] | [AsyncResolver-bootstrap-executor-0] | [c.n.d.s.r.aws.ConfigClusterResolver] | --> Resolving eureka endpoints via configuration|
- | [] | [20190720 19:31:00.868] | [INFO] | [PC-20190528OEHK] | [AsyncResolver-bootstrap-executor-0] | [c.n.d.s.r.aws.ConfigClusterResolver] | --> Resolving eureka endpoints via configuration|
- | [] | [20190720 19:36:00.879] | [INFO] | [PC-20190528OEHK] | [AsyncResolver-bootstrap-executor-0] | [c.n.d.s.r.aws.ConfigClusterResolver] | --> Resolving eureka endpoints via configuration|
- | [] | [20190720 19:41:00.890] | [INFO] | [PC-20190528OEHK] | [AsyncResolver-bootstrap-executor-0] | [c.n.d.s.r.aws.ConfigClusterResolver] | --> Resolving eureka endpoints via configuration|
- | [] | [20190720 19:46:00.901] | [INFO] | [PC-20190528OEHK] | [AsyncResolver-bootstrap-executor-0] | [c.n.d.s.r.aws.ConfigClusterResolver] | --> Resolving eureka endpoints via configuration|
- | [] | [20190720 19:51:00.913] | [INFO] | [PC-20190528OEHK] | [AsyncResolver-bootstrap-executor-0] | [c.n.d.s.r.aws.ConfigClusterResolver] | --> Resolving eureka endpoints via configuration|
- | [] | [20190720 19:56:00.924] | [INFO] | [PC-20190528OEHK] | [AsyncResolver-bootstrap-executor-0] | [c.n.d.s.r.aws.ConfigClusterResolver] | --> Resolving eureka endpoints via configuration|
- | [] | [20190720 20:01:00.935] | [INFO] | [PC-20190528OEHK] | [AsyncResolver-bootstrap-executor-0] | [c.n.d.s.r.aws.ConfigClusterResolver] | --> Resolving eureka endpoints via configuration|
- | [] | [20190720 20:06:00.946] | [INFO] | [PC-20190528OEHK] | [AsyncResolver-bootstrap-executor-0] | [c.n.d.s.r.aws.ConfigClusterResolver] | --> Resolving eureka endpoints via configuration|
- | [] | [20190720 20:11:00.957] | [INFO] | [PC-20190528OEHK] | [AsyncResolver-bootstrap-executor-0] | [c.n.d.s.r.aws.ConfigClusterResolver] | --> Resolving eureka endpoints via configuration|
- | [] | [20190720 20:16:00.968] | [INFO] | [PC-20190528OEHK] | [AsyncResolver-bootstrap-executor-0] | [c.n.d.s.r.aws.ConfigClusterResolver] | --> Resolving eureka endpoints via configuration|
- | [] | [20190720 20:21:00.979] | [INFO] | [PC-20190528OEHK] | [AsyncResolver-bootstrap-executor-0] | [c.n.d.s.r.aws.ConfigClusterResolver] | --> Resolving eureka endpoints via configuration|
- | [] | [20190720 20:26:00.991] | [INFO] | [PC-20190528OEHK] | [AsyncResolver-bootstrap-executor-0] | [c.n.d.s.r.aws.ConfigClusterResolver] | --> Resolving eureka endpoints via configuration|
- | [] | [20190720 20:31:01.002] | [INFO] | [PC-20190528OEHK] | [AsyncResolver-bootstrap-executor-0] | [c.n.d.s.r.aws.ConfigClusterResolver] | --> Resolving eureka endpoints via configuration|
- | [] | [20190720 20:36:01.013] | [INFO] | [PC-20190528OEHK] | [AsyncResolver-bootstrap-executor-0] | [c.n.d.s.r.aws.ConfigClusterResolver] | --> Resolving eureka endpoints via configuration|
- | [] | [20190720 20:41:01.024] | [INFO] | [PC-20190528OEHK] | [AsyncResolver-bootstrap-executor-0] | [c.n.d.s.r.aws.ConfigClusterResolver] | --> Resolving eureka endpoints via configuration|
- | [] | [20190720 20:46:01.035] | [INFO] | [PC-20190528OEHK] | [AsyncResolver-bootstrap-executor-0] | [c.n.d.s.r.aws.ConfigClusterResolver] | --> Resolving eureka endpoints via configuration|
- | [] | [20190720 20:51:01.046] | [INFO] | [PC-20190528OEHK] | [AsyncResolver-bootstrap-executor-0] | [c.n.d.s.r.aws.ConfigClusterResolver] | --> Resolving eureka endpoints via configuration|
- | [] | [20190720 20:56:01.057] | [INFO] | [PC-20190528OEHK] | [AsyncResolver-bootstrap-executor-0] | [c.n.d.s.r.aws.ConfigClusterResolver] | --> Resolving eureka endpoints via configuration|
- | [] | [20190720 21:01:01.068] | [INFO] | [PC-20190528OEHK] | [AsyncResolver-bootstrap-executor-0] | [c.n.d.s.r.aws.ConfigClusterResolver] | --> Resolving eureka endpoints via configuration|
- | [] | [20190720 21:06:01.079] | [INFO] | [PC-20190528OEHK] | [AsyncResolver-bootstrap-executor-0] | [c.n.d.s.r.aws.ConfigClusterResolver] | --> Resolving eureka endpoints via configuration|
- | [] | [20190720 21:11:01.091] | [INFO] | [PC-20190528OEHK] | [AsyncResolver-bootstrap-executor-0] | [c.n.d.s.r.aws.ConfigClusterResolver] | --> Resolving eureka endpoints via configuration|
- | [] | [20190720 21:16:01.102] | [INFO] | [PC-20190528OEHK] | [AsyncResolver-bootstrap-executor-0] | [c.n.d.s.r.aws.ConfigClusterResolver] | --> Resolving eureka endpoints via configuration|
- | [] | [20190720 21:21:01.113] | [INFO] | [PC-20190528OEHK] | [AsyncResolver-bootstrap-executor-0] | [c.n.d.s.r.aws.ConfigClusterResolver] | --> Resolving eureka endpoints via configuration|
- | [] | [20190720 21:26:01.124] | [INFO] | [PC-20190528OEHK] | [AsyncResolver-bootstrap-executor-0] | [c.n.d.s.r.aws.ConfigClusterResolver] | --> Resolving eureka endpoints via configuration|
- | [] | [20190720 21:31:01.135] | [INFO] | [PC-20190528OEHK] | [AsyncResolver-bootstrap-executor-0] | [c.n.d.s.r.aws.ConfigClusterResolver] | --> Resolving eureka endpoints via configuration|
- | [] | [20190720 21:36:01.146] | [INFO] | [PC-20190528OEHK] | [AsyncResolver-bootstrap-executor-0] | [c.n.d.s.r.aws.ConfigClusterResolver] | --> Resolving eureka endpoints via configuration|
- | [] | [20190720 21:41:01.157] | [INFO] | [PC-20190528OEHK] | [AsyncResolver-bootstrap-executor-0] | [c.n.d.s.r.aws.ConfigClusterResolver] | --> Resolving eureka endpoints via configuration|
- | [] | [20190720 21:46:01.168] | [INFO] | [PC-20190528OEHK] | [AsyncResolver-bootstrap-executor-0] | [c.n.d.s.r.aws.ConfigClusterResolver] | --> Resolving eureka endpoints via configuration|
- | [] | [20190720 21:51:01.179] | [INFO] | [PC-20190528OEHK] | [AsyncResolver-bootstrap-executor-0] | [c.n.d.s.r.aws.ConfigClusterResolver] | --> Resolving eureka endpoints via configuration|
- | [] | [20190720 21:56:01.190] | [INFO] | [PC-20190528OEHK] | [AsyncResolver-bootstrap-executor-0] | [c.n.d.s.r.aws.ConfigClusterResolver] | --> Resolving eureka endpoints via configuration|
- | [] | [20190720 22:01:01.201] | [INFO] | [PC-20190528OEHK] | [AsyncResolver-bootstrap-executor-0] | [c.n.d.s.r.aws.ConfigClusterResolver] | --> Resolving eureka endpoints via configuration|
- | [] | [20190720 22:06:01.212] | [INFO] | [PC-20190528OEHK] | [AsyncResolver-bootstrap-executor-0] | [c.n.d.s.r.aws.ConfigClusterResolver] | --> Resolving eureka endpoints via configuration|
- | [] | [20190720 22:11:01.224] | [INFO] | [PC-20190528OEHK] | [AsyncResolver-bootstrap-executor-0] | [c.n.d.s.r.aws.ConfigClusterResolver] | --> Resolving eureka endpoints via configuration|
- | [] | [20190720 22:16:01.235] | [INFO] | [PC-20190528OEHK] | [AsyncResolver-bootstrap-executor-0] | [c.n.d.s.r.aws.ConfigClusterResolver] | --> Resolving eureka endpoints via configuration|
- | [] | [20190720 22:21:01.246] | [INFO] | [PC-20190528OEHK] | [AsyncResolver-bootstrap-executor-0] | [c.n.d.s.r.aws.ConfigClusterResolver] | --> Resolving eureka endpoints via configuration|
- | [] | [20190720 22:26:01.257] | [INFO] | [PC-20190528OEHK] | [AsyncResolver-bootstrap-executor-0] | [c.n.d.s.r.aws.ConfigClusterResolver] | --> Resolving eureka endpoints via configuration|
- | [] | [20190720 22:31:01.268] | [INFO] | [PC-20190528OEHK] | [AsyncResolver-bootstrap-executor-0] | [c.n.d.s.r.aws.ConfigClusterResolver] | --> Resolving eureka endpoints via configuration|
- | [] | [20190720 22:36:01.279] | [INFO] | [PC-20190528OEHK] | [AsyncResolver-bootstrap-executor-0] | [c.n.d.s.r.aws.ConfigClusterResolver] | --> Resolving eureka endpoints via configuration|
- | [] | [20190720 22:41:01.290] | [INFO] | [PC-20190528OEHK] | [AsyncResolver-bootstrap-executor-0] | [c.n.d.s.r.aws.ConfigClusterResolver] | --> Resolving eureka endpoints via configuration|
- | [] | [20190720 22:46:01.302] | [INFO] | [PC-20190528OEHK] | [AsyncResolver-bootstrap-executor-0] | [c.n.d.s.r.aws.ConfigClusterResolver] | --> Resolving eureka endpoints via configuration|
- | [] | [20190720 22:51:01.314] | [INFO] | [PC-20190528OEHK] | [AsyncResolver-bootstrap-executor-0] | [c.n.d.s.r.aws.ConfigClusterResolver] | --> Resolving eureka endpoints via configuration|
- | [] | [20190720 22:56:01.325] | [INFO] | [PC-20190528OEHK] | [AsyncResolver-bootstrap-executor-0] | [c.n.d.s.r.aws.ConfigClusterResolver] | --> Resolving eureka endpoints via configuration|
- | [] | [20190720 23:01:01.336] | [INFO] | [PC-20190528OEHK] | [AsyncResolver-bootstrap-executor-0] | [c.n.d.s.r.aws.ConfigClusterResolver] | --> Resolving eureka endpoints via configuration|
- | [] | [20190720 23:06:01.347] | [INFO] | [PC-20190528OEHK] | [AsyncResolver-bootstrap-executor-0] | [c.n.d.s.r.aws.ConfigClusterResolver] | --> Resolving eureka endpoints via configuration|
- | [] | [20190720 23:11:01.358] | [INFO] | [PC-20190528OEHK] | [AsyncResolver-bootstrap-executor-0] | [c.n.d.s.r.aws.ConfigClusterResolver] | --> Resolving eureka endpoints via configuration|
- | [] | [20190720 23:16:01.369] | [INFO] | [PC-20190528OEHK] | [AsyncResolver-bootstrap-executor-0] | [c.n.d.s.r.aws.ConfigClusterResolver] | --> Resolving eureka endpoints via configuration|
- | [] | [20190720 23:21:01.380] | [INFO] | [PC-20190528OEHK] | [AsyncResolver-bootstrap-executor-0] | [c.n.d.s.r.aws.ConfigClusterResolver] | --> Resolving eureka endpoints via configuration|
- | [] | [20190720 23:26:01.391] | [INFO] | [PC-20190528OEHK] | [AsyncResolver-bootstrap-executor-0] | [c.n.d.s.r.aws.ConfigClusterResolver] | --> Resolving eureka endpoints via configuration|
- | [] | [20190720 23:31:01.402] | [INFO] | [PC-20190528OEHK] | [AsyncResolver-bootstrap-executor-0] | [c.n.d.s.r.aws.ConfigClusterResolver] | --> Resolving eureka endpoints via configuration|
- | [] | [20190720 23:36:01.413] | [INFO] | [PC-20190528OEHK] | [AsyncResolver-bootstrap-executor-0] | [c.n.d.s.r.aws.ConfigClusterResolver] | --> Resolving eureka endpoints via configuration|
- | [] | [20190720 23:41:01.424] | [INFO] | [PC-20190528OEHK] | [AsyncResolver-bootstrap-executor-0] | [c.n.d.s.r.aws.ConfigClusterResolver] | --> Resolving eureka endpoints via configuration|
- | [] | [20190720 23:46:01.435] | [INFO] | [PC-20190528OEHK] | [AsyncResolver-bootstrap-executor-0] | [c.n.d.s.r.aws.ConfigClusterResolver] | --> Resolving eureka endpoints via configuration|
- | [] | [20190720 23:51:01.446] | [INFO] | [PC-20190528OEHK] | [AsyncResolver-bootstrap-executor-0] | [c.n.d.s.r.aws.ConfigClusterResolver] | --> Resolving eureka endpoints via configuration|
- | [] | [20190720 23:56:01.457] | [INFO] | [PC-20190528OEHK] | [AsyncResolver-bootstrap-executor-0] | [c.n.d.s.r.aws.ConfigClusterResolver] | --> Resolving eureka endpoints via configuration|
