- | [] | [20190717 11:25:30.937] | [INFO] | [PC-20190528OEHK] | [main] | [c.z.s.s.ScfcloudSystemApplication] | --> No active profile set, falling back to default profiles: default|
- | [] | [20190717 11:25:32.219] | [INFO] | [PC-20190528OEHK] | [main] | [o.a.coyote.http11.Http11NioProtocol] | --> Initializing ProtocolHandler ["http-nio-22000"]|
- | [] | [20190717 11:25:32.224] | [INFO] | [PC-20190528OEHK] | [main] | [o.a.catalina.core.StandardService] | --> Starting service [Tomcat]|
- | [] | [20190717 11:25:32.225] | [INFO] | [PC-20190528OEHK] | [main] | [o.a.catalina.core.StandardEngine] | --> Starting Servlet engine: [Apache Tomcat/9.0.17]|
- | [] | [20190717 11:25:32.323] | [INFO] | [PC-20190528OEHK] | [main] | [o.a.c.c.C.[Tomcat].[localhost].[/]] | --> Initializing Spring embedded WebApplicationContext|
- | [] | [20190717 11:25:32.640] | [INFO] | [PC-20190528OEHK] | [main] | [c.a.d.s.b.a.DruidDataSourceAutoConfigure] | --> Init DruidDataSource|
- | [] | [20190717 11:25:32.924] | [INFO] | [PC-20190528OEHK] | [main] | [c.alibaba.druid.pool.DruidDataSource] | --> {dataSource-1} inited|
- | [] | [20190717 11:25:33.168] | [WARN] | [PC-20190528OEHK] | [main] | [o.m.spring.SqlSessionFactoryBean] | --> Can't find class in '[classpath*:com/zhjs/scfcloud/model/enums]' package. Please check your configuration.|
- | [] | [20190717 11:25:34.558] | [INFO] | [PC-20190528OEHK] | [main] | [s.d.s.w.PropertySourcedRequestMappingHandlerMapping] | --> Mapped URL path [/v2/api-docs] onto method [public org.springframework.http.ResponseEntity<springfox.documentation.spring.web.json.Json> springfox.documentation.swagger2.web.Swagger2Controller.getDocumentation(java.lang.String,javax.servlet.http.HttpServletRequest)]|
- | [] | [20190717 11:25:34.575] | [WARN] | [PC-20190528OEHK] | [main] | [c.n.c.sources.URLConfigurationSource] | --> No URLs will be polled as dynamic configuration sources.|
- | [] | [20190717 11:25:34.575] | [INFO] | [PC-20190528OEHK] | [main] | [c.n.c.sources.URLConfigurationSource] | --> To enable URLs as dynamic configuration sources, define System property archaius.configurationSource.additionalUrls or make config.properties available on classpath.|
- | [] | [20190717 11:25:34.578] | [WARN] | [PC-20190528OEHK] | [main] | [c.n.c.sources.URLConfigurationSource] | --> No URLs will be polled as dynamic configuration sources.|
- | [] | [20190717 11:25:34.578] | [INFO] | [PC-20190528OEHK] | [main] | [c.n.c.sources.URLConfigurationSource] | --> To enable URLs as dynamic configuration sources, define System property archaius.configurationSource.additionalUrls or make config.properties available on classpath.|
- | [] | [20190717 11:25:35.316] | [INFO] | [PC-20190528OEHK] | [main] | [c.netflix.discovery.DiscoveryClient] | --> Initializing Eureka in region us-east-1|
- | [] | [20190717 11:25:35.442] | [INFO] | [PC-20190528OEHK] | [main] | [c.n.d.p.DiscoveryJerseyProvider] | --> Using JSON encoding codec LegacyJacksonJson|
- | [] | [20190717 11:25:35.443] | [INFO] | [PC-20190528OEHK] | [main] | [c.n.d.p.DiscoveryJerseyProvider] | --> Using JSON decoding codec LegacyJacksonJson|
- | [] | [20190717 11:25:35.514] | [INFO] | [PC-20190528OEHK] | [main] | [c.n.d.p.DiscoveryJerseyProvider] | --> Using XML encoding codec XStreamXml|
- | [] | [20190717 11:25:35.514] | [INFO] | [PC-20190528OEHK] | [main] | [c.n.d.p.DiscoveryJerseyProvider] | --> Using XML decoding codec XStreamXml|
- | [] | [20190717 11:25:35.654] | [INFO] | [PC-20190528OEHK] | [main] | [c.n.d.s.r.aws.ConfigClusterResolver] | --> Resolving eureka endpoints via configuration|
- | [] | [20190717 11:25:35.681] | [INFO] | [PC-20190528OEHK] | [main] | [c.netflix.discovery.DiscoveryClient] | --> Disable delta property : false|
- | [] | [20190717 11:25:35.682] | [INFO] | [PC-20190528OEHK] | [main] | [c.netflix.discovery.DiscoveryClient] | --> Single vip registry refresh property : null|
- | [] | [20190717 11:25:35.682] | [INFO] | [PC-20190528OEHK] | [main] | [c.netflix.discovery.DiscoveryClient] | --> Force full registry fetch : false|
- | [] | [20190717 11:25:35.682] | [INFO] | [PC-20190528OEHK] | [main] | [c.netflix.discovery.DiscoveryClient] | --> Application is null : false|
- | [] | [20190717 11:25:35.682] | [INFO] | [PC-20190528OEHK] | [main] | [c.netflix.discovery.DiscoveryClient] | --> Registered Applications size is zero : true|
- | [] | [20190717 11:25:35.682] | [INFO] | [PC-20190528OEHK] | [main] | [c.netflix.discovery.DiscoveryClient] | --> Application version is -1: true|
- | [] | [20190717 11:25:35.682] | [INFO] | [PC-20190528OEHK] | [main] | [c.netflix.discovery.DiscoveryClient] | --> Getting all instance registry info from the eureka server|
- | [] | [20190717 11:25:35.751] | [INFO] | [PC-20190528OEHK] | [main] | [c.netflix.discovery.DiscoveryClient] | --> The response status is 200|
- | [] | [20190717 11:25:35.753] | [INFO] | [PC-20190528OEHK] | [main] | [c.netflix.discovery.DiscoveryClient] | --> Starting heartbeat executor: renew interval is: 30|
- | [] | [20190717 11:25:35.755] | [INFO] | [PC-20190528OEHK] | [main] | [c.n.discovery.InstanceInfoReplicator] | --> InstanceInfoReplicator onDemand update allowed rate per min is 4|
- | [] | [20190717 11:25:35.757] | [INFO] | [PC-20190528OEHK] | [main] | [c.netflix.discovery.DiscoveryClient] | --> Discovery Client initialized at timestamp 1563333935756 with initial instances count: 3|
- | [] | [20190717 11:25:35.759] | [INFO] | [PC-20190528OEHK] | [main] | [c.netflix.discovery.DiscoveryClient] | --> Saw local status change event StatusChangeEvent [timestamp=1563333935759, current=UP, previous=STARTING]|
- | [] | [20190717 11:25:35.760] | [INFO] | [PC-20190528OEHK] | [main] | [s.d.s.w.p.DocumentationPluginsBootstrapper] | --> Context refreshed|
- | [] | [20190717 11:25:35.760] | [INFO] | [PC-20190528OEHK] | [DiscoveryClient-InstanceInfoReplicator-0] | [c.netflix.discovery.DiscoveryClient] | --> DiscoveryClient_SCFCLOUD-SYSTEM/PC-20190528OEHK:scfcloud-system:22000: registering service...|
- | [] | [20190717 11:25:35.772] | [INFO] | [PC-20190528OEHK] | [main] | [s.d.s.w.p.DocumentationPluginsBootstrapper] | --> Found 1 custom documentation plugin(s)|
- | [] | [20190717 11:25:35.786] | [INFO] | [PC-20190528OEHK] | [DiscoveryClient-InstanceInfoReplicator-0] | [c.netflix.discovery.DiscoveryClient] | --> DiscoveryClient_SCFCLOUD-SYSTEM/PC-20190528OEHK:scfcloud-system:22000 - registration status: 204|
- | [] | [20190717 11:25:35.796] | [INFO] | [PC-20190528OEHK] | [main] | [s.d.s.w.s.ApiListingReferenceScanner] | --> Scanning for api listing references|
- | [] | [20190717 11:25:35.877] | [INFO] | [PC-20190528OEHK] | [main] | [s.d.s.w.r.o.CachingOperationNameGenerator] | --> Generating unique operation named: addUsingPOST_1|
- | [] | [20190717 11:25:35.890] | [INFO] | [PC-20190528OEHK] | [main] | [s.d.s.w.r.o.CachingOperationNameGenerator] | --> Generating unique operation named: addUsingPOST_2|
- | [] | [20190717 11:25:35.893] | [INFO] | [PC-20190528OEHK] | [main] | [s.d.s.w.r.o.CachingOperationNameGenerator] | --> Generating unique operation named: findListUsingPOST_1|
- | [] | [20190717 11:25:35.928] | [INFO] | [PC-20190528OEHK] | [main] | [s.d.s.w.r.o.CachingOperationNameGenerator] | --> Generating unique operation named: findListUsingPOST_2|
- | [] | [20190717 11:25:35.990] | [INFO] | [PC-20190528OEHK] | [main] | [s.d.s.w.r.o.CachingOperationNameGenerator] | --> Generating unique operation named: auditCommitUsingPOST_1|
- | [] | [20190717 11:25:35.994] | [INFO] | [PC-20190528OEHK] | [main] | [s.d.s.w.r.o.CachingOperationNameGenerator] | --> Generating unique operation named: saveDraftUsingPOST_1|
- | [] | [20190717 11:25:35.996] | [INFO] | [PC-20190528OEHK] | [main] | [s.d.s.w.r.o.CachingOperationNameGenerator] | --> Generating unique operation named: saveFileUsingPOST_1|
- | [] | [20190717 11:25:36.035] | [INFO] | [PC-20190528OEHK] | [main] | [s.d.s.w.r.o.CachingOperationNameGenerator] | --> Generating unique operation named: addUsingPOST_3|
- | [] | [20190717 11:25:36.036] | [INFO] | [PC-20190528OEHK] | [main] | [s.d.s.w.r.o.CachingOperationNameGenerator] | --> Generating unique operation named: deleteUsingPOST_1|
- | [] | [20190717 11:25:36.041] | [INFO] | [PC-20190528OEHK] | [main] | [s.d.s.w.r.o.CachingOperationNameGenerator] | --> Generating unique operation named: findListUsingPOST_3|
- | [] | [20190717 11:25:36.046] | [INFO] | [PC-20190528OEHK] | [main] | [s.d.s.w.r.o.CachingOperationNameGenerator] | --> Generating unique operation named: isExistUsingPOST_1|
- | [] | [20190717 11:25:36.047] | [INFO] | [PC-20190528OEHK] | [main] | [s.d.s.w.r.o.CachingOperationNameGenerator] | --> Generating unique operation named: addUsingPOST_4|
- | [] | [20190717 11:25:36.050] | [INFO] | [PC-20190528OEHK] | [main] | [s.d.s.w.r.o.CachingOperationNameGenerator] | --> Generating unique operation named: deleteUsingPOST_2|
- | [] | [20190717 11:25:36.052] | [INFO] | [PC-20190528OEHK] | [main] | [s.d.s.w.r.o.CachingOperationNameGenerator] | --> Generating unique operation named: editUsingPOST_1|
- | [] | [20190717 11:25:36.053] | [INFO] | [PC-20190528OEHK] | [main] | [s.d.s.w.r.o.CachingOperationNameGenerator] | --> Generating unique operation named: findListUsingPOST_4|
- | [] | [20190717 11:25:36.058] | [INFO] | [PC-20190528OEHK] | [main] | [s.d.s.w.r.o.CachingOperationNameGenerator] | --> Generating unique operation named: deleteByIdUsingPOST_1|
- | [] | [20190717 11:25:36.064] | [INFO] | [PC-20190528OEHK] | [main] | [s.d.s.w.r.o.CachingOperationNameGenerator] | --> Generating unique operation named: addUsingPOST_5|
- | [] | [20190717 11:25:36.065] | [INFO] | [PC-20190528OEHK] | [main] | [s.d.s.w.r.o.CachingOperationNameGenerator] | --> Generating unique operation named: deleteUsingPOST_3|
- | [] | [20190717 11:25:36.066] | [INFO] | [PC-20190528OEHK] | [main] | [s.d.s.w.r.o.CachingOperationNameGenerator] | --> Generating unique operation named: editUsingPOST_2|
- | [] | [20190717 11:25:36.067] | [INFO] | [PC-20190528OEHK] | [main] | [s.d.s.w.r.o.CachingOperationNameGenerator] | --> Generating unique operation named: findListUsingPOST_5|
- | [] | [20190717 11:25:36.068] | [INFO] | [PC-20190528OEHK] | [main] | [s.d.s.w.r.o.CachingOperationNameGenerator] | --> Generating unique operation named: isExistUsingPOST_2|
- | [] | [20190717 11:25:36.070] | [INFO] | [PC-20190528OEHK] | [main] | [s.d.s.w.r.o.CachingOperationNameGenerator] | --> Generating unique operation named: addUsingPOST_6|
- | [] | [20190717 11:25:36.071] | [INFO] | [PC-20190528OEHK] | [main] | [s.d.s.w.r.o.CachingOperationNameGenerator] | --> Generating unique operation named: findListUsingPOST_6|
- | [] | [20190717 11:25:36.072] | [INFO] | [PC-20190528OEHK] | [main] | [s.d.s.w.r.o.CachingOperationNameGenerator] | --> Generating unique operation named: addUsingPOST_7|
- | [] | [20190717 11:25:36.073] | [INFO] | [PC-20190528OEHK] | [main] | [s.d.s.w.r.o.CachingOperationNameGenerator] | --> Generating unique operation named: deleteUsingPOST_4|
- | [] | [20190717 11:25:36.074] | [INFO] | [PC-20190528OEHK] | [main] | [s.d.s.w.r.o.CachingOperationNameGenerator] | --> Generating unique operation named: editUsingPOST_3|
- | [] | [20190717 11:25:36.075] | [INFO] | [PC-20190528OEHK] | [main] | [s.d.s.w.r.o.CachingOperationNameGenerator] | --> Generating unique operation named: findListUsingPOST_7|
- | [] | [20190717 11:25:36.076] | [INFO] | [PC-20190528OEHK] | [main] | [s.d.s.w.r.o.CachingOperationNameGenerator] | --> Generating unique operation named: isExistKeyUsingPOST_1|
- | [] | [20190717 11:25:36.080] | [INFO] | [PC-20190528OEHK] | [main] | [s.d.s.w.r.o.CachingOperationNameGenerator] | --> Generating unique operation named: addUsingPOST_8|
- | [] | [20190717 11:25:36.083] | [INFO] | [PC-20190528OEHK] | [main] | [s.d.s.w.r.o.CachingOperationNameGenerator] | --> Generating unique operation named: deleteUsingPOST_5|
- | [] | [20190717 11:25:36.087] | [INFO] | [PC-20190528OEHK] | [main] | [s.d.s.w.r.o.CachingOperationNameGenerator] | --> Generating unique operation named: editUsingPOST_4|
- | [] | [20190717 11:25:36.099] | [INFO] | [PC-20190528OEHK] | [main] | [s.d.s.w.r.o.CachingOperationNameGenerator] | --> Generating unique operation named: isExistUsingPOST_3|
- | [] | [20190717 11:25:36.105] | [INFO] | [PC-20190528OEHK] | [main] | [s.d.s.w.r.o.CachingOperationNameGenerator] | --> Generating unique operation named: addUsingPOST_9|
- | [] | [20190717 11:25:36.106] | [INFO] | [PC-20190528OEHK] | [main] | [s.d.s.w.r.o.CachingOperationNameGenerator] | --> Generating unique operation named: deleteUsingPOST_6|
- | [] | [20190717 11:25:36.107] | [INFO] | [PC-20190528OEHK] | [main] | [s.d.s.w.r.o.CachingOperationNameGenerator] | --> Generating unique operation named: editUsingPOST_5|
- | [] | [20190717 11:25:36.108] | [INFO] | [PC-20190528OEHK] | [main] | [s.d.s.w.r.o.CachingOperationNameGenerator] | --> Generating unique operation named: findListUsingPOST_8|
- | [] | [20190717 11:25:36.111] | [INFO] | [PC-20190528OEHK] | [main] | [s.d.s.w.r.o.CachingOperationNameGenerator] | --> Generating unique operation named: isExistUsingPOST_4|
- | [] | [20190717 11:25:36.112] | [INFO] | [PC-20190528OEHK] | [main] | [s.d.s.w.r.o.CachingOperationNameGenerator] | --> Generating unique operation named: addUsingPOST_10|
- | [] | [20190717 11:25:36.113] | [INFO] | [PC-20190528OEHK] | [main] | [s.d.s.w.r.o.CachingOperationNameGenerator] | --> Generating unique operation named: deleteUsingPOST_7|
- | [] | [20190717 11:25:36.114] | [INFO] | [PC-20190528OEHK] | [main] | [s.d.s.w.r.o.CachingOperationNameGenerator] | --> Generating unique operation named: editUsingPOST_6|
- | [] | [20190717 11:25:36.115] | [INFO] | [PC-20190528OEHK] | [main] | [s.d.s.w.r.o.CachingOperationNameGenerator] | --> Generating unique operation named: findListUsingPOST_9|
- | [] | [20190717 11:25:36.116] | [INFO] | [PC-20190528OEHK] | [main] | [s.d.s.w.r.o.CachingOperationNameGenerator] | --> Generating unique operation named: selectListUsingPOST_1|
- | [] | [20190717 11:25:36.131] | [INFO] | [PC-20190528OEHK] | [main] | [s.d.s.w.r.o.CachingOperationNameGenerator] | --> Generating unique operation named: deleteByIdUsingPOST_2|
- | [] | [20190717 11:25:36.148] | [INFO] | [PC-20190528OEHK] | [main] | [s.d.s.w.r.o.CachingOperationNameGenerator] | --> Generating unique operation named: findUserDataPermissionListUsingPOST_1|
- | [] | [20190717 11:25:36.152] | [INFO] | [PC-20190528OEHK] | [main] | [s.d.s.w.r.o.CachingOperationNameGenerator] | --> Generating unique operation named: findUserlistUsingPOST_1|
- | [] | [20190717 11:25:36.190] | [INFO] | [PC-20190528OEHK] | [main] | [s.d.s.w.r.o.CachingOperationNameGenerator] | --> Generating unique operation named: phoneCheckUsingPOST_1|
- | [] | [20190717 11:25:36.231] | [INFO] | [PC-20190528OEHK] | [main] | [o.a.coyote.http11.Http11NioProtocol] | --> Starting ProtocolHandler ["http-nio-22000"]|
- | [] | [20190717 11:25:36.252] | [INFO] | [PC-20190528OEHK] | [main] | [c.z.s.s.ScfcloudSystemApplication] | --> Started ScfcloudSystemApplication in 6.302 seconds (JVM running for 6.736)|
- | [] | [20190717 11:30:35.694] | [INFO] | [PC-20190528OEHK] | [AsyncResolver-bootstrap-executor-0] | [c.n.d.s.r.aws.ConfigClusterResolver] | --> Resolving eureka endpoints via configuration|
- | [] | [20190717 11:35:35.707] | [INFO] | [PC-20190528OEHK] | [AsyncResolver-bootstrap-executor-0] | [c.n.d.s.r.aws.ConfigClusterResolver] | --> Resolving eureka endpoints via configuration|
- | [] | [20190717 11:40:35.719] | [INFO] | [PC-20190528OEHK] | [AsyncResolver-bootstrap-executor-0] | [c.n.d.s.r.aws.ConfigClusterResolver] | --> Resolving eureka endpoints via configuration|
- | [] | [20190717 11:45:35.731] | [INFO] | [PC-20190528OEHK] | [AsyncResolver-bootstrap-executor-0] | [c.n.d.s.r.aws.ConfigClusterResolver] | --> Resolving eureka endpoints via configuration|
- | [] | [20190717 11:50:35.743] | [INFO] | [PC-20190528OEHK] | [AsyncResolver-bootstrap-executor-0] | [c.n.d.s.r.aws.ConfigClusterResolver] | --> Resolving eureka endpoints via configuration|
- | [] | [20190717 11:55:35.754] | [INFO] | [PC-20190528OEHK] | [AsyncResolver-bootstrap-executor-0] | [c.n.d.s.r.aws.ConfigClusterResolver] | --> Resolving eureka endpoints via configuration|
- | [] | [20190717 12:00:35.766] | [INFO] | [PC-20190528OEHK] | [AsyncResolver-bootstrap-executor-0] | [c.n.d.s.r.aws.ConfigClusterResolver] | --> Resolving eureka endpoints via configuration|
- | [] | [20190717 12:05:35.778] | [INFO] | [PC-20190528OEHK] | [AsyncResolver-bootstrap-executor-0] | [c.n.d.s.r.aws.ConfigClusterResolver] | --> Resolving eureka endpoints via configuration|
- | [] | [20190717 12:10:35.790] | [INFO] | [PC-20190528OEHK] | [AsyncResolver-bootstrap-executor-0] | [c.n.d.s.r.aws.ConfigClusterResolver] | --> Resolving eureka endpoints via configuration|
- | [] | [20190717 12:15:35.802] | [INFO] | [PC-20190528OEHK] | [AsyncResolver-bootstrap-executor-0] | [c.n.d.s.r.aws.ConfigClusterResolver] | --> Resolving eureka endpoints via configuration|
- | [] | [20190717 12:20:35.814] | [INFO] | [PC-20190528OEHK] | [AsyncResolver-bootstrap-executor-0] | [c.n.d.s.r.aws.ConfigClusterResolver] | --> Resolving eureka endpoints via configuration|
- | [] | [20190717 12:25:35.826] | [INFO] | [PC-20190528OEHK] | [AsyncResolver-bootstrap-executor-0] | [c.n.d.s.r.aws.ConfigClusterResolver] | --> Resolving eureka endpoints via configuration|
- | [] | [20190717 12:30:35.838] | [INFO] | [PC-20190528OEHK] | [AsyncResolver-bootstrap-executor-0] | [c.n.d.s.r.aws.ConfigClusterResolver] | --> Resolving eureka endpoints via configuration|
- | [] | [20190717 12:35:35.850] | [INFO] | [PC-20190528OEHK] | [AsyncResolver-bootstrap-executor-0] | [c.n.d.s.r.aws.ConfigClusterResolver] | --> Resolving eureka endpoints via configuration|
- | [] | [20190717 12:40:35.862] | [INFO] | [PC-20190528OEHK] | [AsyncResolver-bootstrap-executor-0] | [c.n.d.s.r.aws.ConfigClusterResolver] | --> Resolving eureka endpoints via configuration|
- | [] | [20190717 12:45:35.874] | [INFO] | [PC-20190528OEHK] | [AsyncResolver-bootstrap-executor-0] | [c.n.d.s.r.aws.ConfigClusterResolver] | --> Resolving eureka endpoints via configuration|
- | [] | [20190717 12:50:35.886] | [INFO] | [PC-20190528OEHK] | [AsyncResolver-bootstrap-executor-0] | [c.n.d.s.r.aws.ConfigClusterResolver] | --> Resolving eureka endpoints via configuration|
- | [] | [20190717 12:55:35.898] | [INFO] | [PC-20190528OEHK] | [AsyncResolver-bootstrap-executor-0] | [c.n.d.s.r.aws.ConfigClusterResolver] | --> Resolving eureka endpoints via configuration|
- | [] | [20190717 13:00:35.910] | [INFO] | [PC-20190528OEHK] | [AsyncResolver-bootstrap-executor-0] | [c.n.d.s.r.aws.ConfigClusterResolver] | --> Resolving eureka endpoints via configuration|
- | [] | [20190717 13:05:35.922] | [INFO] | [PC-20190528OEHK] | [AsyncResolver-bootstrap-executor-0] | [c.n.d.s.r.aws.ConfigClusterResolver] | --> Resolving eureka endpoints via configuration|
- | [] | [20190717 13:10:35.934] | [INFO] | [PC-20190528OEHK] | [AsyncResolver-bootstrap-executor-0] | [c.n.d.s.r.aws.ConfigClusterResolver] | --> Resolving eureka endpoints via configuration|
- | [] | [20190717 13:15:35.946] | [INFO] | [PC-20190528OEHK] | [AsyncResolver-bootstrap-executor-0] | [c.n.d.s.r.aws.ConfigClusterResolver] | --> Resolving eureka endpoints via configuration|
- | [] | [20190717 13:20:35.958] | [INFO] | [PC-20190528OEHK] | [AsyncResolver-bootstrap-executor-0] | [c.n.d.s.r.aws.ConfigClusterResolver] | --> Resolving eureka endpoints via configuration|
- | [] | [20190717 13:25:35.970] | [INFO] | [PC-20190528OEHK] | [AsyncResolver-bootstrap-executor-0] | [c.n.d.s.r.aws.ConfigClusterResolver] | --> Resolving eureka endpoints via configuration|
- | [] | [20190717 13:30:35.982] | [INFO] | [PC-20190528OEHK] | [AsyncResolver-bootstrap-executor-0] | [c.n.d.s.r.aws.ConfigClusterResolver] | --> Resolving eureka endpoints via configuration|
- | [] | [20190717 13:35:35.994] | [INFO] | [PC-20190528OEHK] | [AsyncResolver-bootstrap-executor-0] | [c.n.d.s.r.aws.ConfigClusterResolver] | --> Resolving eureka endpoints via configuration|
- | [] | [20190717 13:40:36.006] | [INFO] | [PC-20190528OEHK] | [AsyncResolver-bootstrap-executor-0] | [c.n.d.s.r.aws.ConfigClusterResolver] | --> Resolving eureka endpoints via configuration|
- | [] | [20190717 13:44:39.975] | [INFO] | [PC-20190528OEHK] | [http-nio-22000-exec-1] | [o.a.c.c.C.[Tomcat].[localhost].[/]] | --> Initializing Spring DispatcherServlet 'dispatcherServlet'|
- | [] | [20190717 13:44:40.018] | [INFO] | [PC-20190528OEHK] | [http-nio-22000-exec-1] | [c.z.s.s.controller.UserController] | --> 根据邮箱查询用户:dto:"lzskcloud@qq.com"|
- | [] | [20190717 13:44:40.063] | [DEBUG] | [PC-20190528OEHK] | [http-nio-22000-exec-1] | [c.z.s.m.mapper.UserMapper.selectOne] | --> ==>  Preparing: SELECT ID,PHONE,EMAIL,PASSWORD,ID_CARD,USER_NAME,GENDER,IS_EMAIL_VALID,LAST_COMPANY_ID,PERMISSION_TYPE,PERMISSION_ORG_IDS,STATUS,UPDATE_BY_ID,CREATE_BY_ID,UPDATE_TIME,CREATE_TIME,IS_DEL FROM scf_user WHERE IS_DEL=0 AND email = ? |
- | [] | [20190717 13:44:40.079] | [DEBUG] | [PC-20190528OEHK] | [http-nio-22000-exec-1] | [c.z.s.m.mapper.UserMapper.selectOne] | --> ==> Parameters: lzskcloud@qq.com(String)|
- | [] | [20190717 13:44:40.102] | [DEBUG] | [PC-20190528OEHK] | [http-nio-22000-exec-1] | [c.z.s.m.mapper.UserMapper.selectOne] | --> <==      Total: 1|
- | [] | [20190717 13:44:40.144] | [INFO] | [PC-20190528OEHK] | [http-nio-22000-exec-2] | [c.z.s.s.controller.UserController] | --> 获取用户详细信息:dto:{"userId":1}|
- | [] | [20190717 13:44:40.146] | [DEBUG] | [PC-20190528OEHK] | [http-nio-22000-exec-2] | [c.z.s.m.mapper.UserMapper.selectOne] | --> ==>  Preparing: SELECT ID,PHONE,EMAIL,PASSWORD,ID_CARD,USER_NAME,GENDER,IS_EMAIL_VALID,LAST_COMPANY_ID,PERMISSION_TYPE,PERMISSION_ORG_IDS,STATUS,UPDATE_BY_ID,CREATE_BY_ID,UPDATE_TIME,CREATE_TIME,IS_DEL FROM scf_user WHERE IS_DEL=0 AND id = ? |
- | [] | [20190717 13:44:40.147] | [DEBUG] | [PC-20190528OEHK] | [http-nio-22000-exec-2] | [c.z.s.m.mapper.UserMapper.selectOne] | --> ==> Parameters: 1(Long)|
- | [] | [20190717 13:44:40.149] | [DEBUG] | [PC-20190528OEHK] | [http-nio-22000-exec-2] | [c.z.s.m.mapper.UserMapper.selectOne] | --> <==      Total: 1|
- | [] | [20190717 13:44:40.152] | [DEBUG] | [PC-20190528OEHK] | [http-nio-22000-exec-2] | [c.z.s.m.m.C.selectList] | --> ==>  Preparing: SELECT ID,COMPANY_ID,USER_ID,STATUS,LEAVE_TIME,CREATE_TIME,UPDATE_TIME,IS_DELETE FROM scf_cfg_company_user WHERE user_id = ? AND is_delete = ? AND status = ? |
- | [] | [20190717 13:44:40.153] | [DEBUG] | [PC-20190528OEHK] | [http-nio-22000-exec-2] | [c.z.s.m.m.C.selectList] | --> ==> Parameters: 1(Long), 0(Integer), 1(Integer)|
- | [] | [20190717 13:44:40.157] | [DEBUG] | [PC-20190528OEHK] | [http-nio-22000-exec-2] | [c.z.s.m.m.C.selectList] | --> <==      Total: 1|
- | [] | [20190717 13:44:40.158] | [DEBUG] | [PC-20190528OEHK] | [http-nio-22000-exec-2] | [c.z.s.m.m.CompanyMapper.selectById] | --> ==>  Preparing: SELECT ID,COMPANY_NAME,CREDIT_CODE,LEGAL_PERSON,NAME,PHONE,BUSINESS_LICENCE_URL,COMPANY_TEL,COMPANY_EMAIL,COMPANY_URL,COMPANY_FAX,COMPANY_REMARK,COMPANY_NATURE_KEY,COMPANY_NATURE_CONCRETE_KEY,STAFF_SIZE_KEY,PROVINCE_ID,CITY_ID,DISTRICT_ID,DETAIL_ADDR,COMPANY_TAX_NO,COMPANY_INVOICE_TITLE,REG_USER_ID,STATUS,UPDATE_BY_ID,CREATE_BY_ID,UPDATE_TIME,CREATE_TIME,IS_DELETE FROM scf_company WHERE ID=? |
- | [] | [20190717 13:44:40.158] | [DEBUG] | [PC-20190528OEHK] | [http-nio-22000-exec-2] | [c.z.s.m.m.CompanyMapper.selectById] | --> ==> Parameters: 1(Long)|
- | [] | [20190717 13:44:40.169] | [DEBUG] | [PC-20190528OEHK] | [http-nio-22000-exec-2] | [c.z.s.m.m.CompanyMapper.selectById] | --> <==      Total: 1|
- | [] | [20190717 13:44:40.170] | [DEBUG] | [PC-20190528OEHK] | [http-nio-22000-exec-2] | [c.z.s.m.m.R.findUserRolesByCompanyId] | --> ==>  Preparing: select scr.* from scf_cfg_role scr join scf_cfg_role_user scru on scr.id = scru.role_id where scr.`status` = 1 and scru.user_id = ? and scr.company_id = ? |
- | [] | [20190717 13:44:40.170] | [DEBUG] | [PC-20190528OEHK] | [http-nio-22000-exec-2] | [c.z.s.m.m.R.findUserRolesByCompanyId] | --> ==> Parameters: 1(Long), 1(Long)|
- | [] | [20190717 13:44:40.175] | [DEBUG] | [PC-20190528OEHK] | [http-nio-22000-exec-2] | [c.z.s.m.m.R.findUserRolesByCompanyId] | --> <==      Total: 1|
- | [] | [20190717 13:44:40.179] | [DEBUG] | [PC-20190528OEHK] | [http-nio-22000-exec-2] | [c.z.s.m.m.MenuMapper.findHaveMenu] | --> ==>  Preparing: select DISTINCT sm.* from scf_menu sm left join scf_cfg_system_function scsf on scsf.menu_id = sm.id left join scf_cfg_role_function scrf on scrf.funct_code = scsf.func_code where sm.`status` = 1 and scrf.role_id in(1) |
- | [] | [20190717 13:44:40.179] | [DEBUG] | [PC-20190528OEHK] | [http-nio-22000-exec-2] | [c.z.s.m.m.MenuMapper.findHaveMenu] | --> ==> Parameters: |
- | [] | [20190717 13:44:40.207] | [DEBUG] | [PC-20190528OEHK] | [http-nio-22000-exec-2] | [c.z.s.m.m.MenuMapper.findHaveMenu] | --> <==      Total: 9|
- | [] | [20190717 13:44:40.207] | [DEBUG] | [PC-20190528OEHK] | [http-nio-22000-exec-2] | [c.z.s.m.m.S.findFuncListByRoleIds] | --> ==>  Preparing: SELECT DISTINCT scyf.* FROM scf_cfg_system_function scyf JOIN scf_cfg_role_function scrf ON scyf.func_code = scrf.funct_code WHERE scrf.role_id IN( 1) |
- | [] | [20190717 13:44:40.207] | [DEBUG] | [PC-20190528OEHK] | [http-nio-22000-exec-2] | [c.z.s.m.m.S.findFuncListByRoleIds] | --> ==> Parameters: |
- | [] | [20190717 13:44:40.215] | [DEBUG] | [PC-20190528OEHK] | [http-nio-22000-exec-2] | [c.z.s.m.m.S.findFuncListByRoleIds] | --> <==      Total: 39|
- | [] | [20190717 13:44:40.216] | [DEBUG] | [PC-20190528OEHK] | [http-nio-22000-exec-2] | [c.z.s.m.m.CompanyMapper.selectList] | --> ==>  Preparing: SELECT ID,COMPANY_NAME,CREDIT_CODE,LEGAL_PERSON,NAME,PHONE,BUSINESS_LICENCE_URL,COMPANY_TEL,COMPANY_EMAIL,COMPANY_URL,COMPANY_FAX,COMPANY_REMARK,COMPANY_NATURE_KEY,COMPANY_NATURE_CONCRETE_KEY,STAFF_SIZE_KEY,PROVINCE_ID,CITY_ID,DISTRICT_ID,DETAIL_ADDR,COMPANY_TAX_NO,COMPANY_INVOICE_TITLE,REG_USER_ID,STATUS,UPDATE_BY_ID,CREATE_BY_ID,UPDATE_TIME,CREATE_TIME,IS_DELETE FROM scf_company WHERE id IN (?) AND is_delete = ? AND status = ? |
- | [] | [20190717 13:44:40.217] | [DEBUG] | [PC-20190528OEHK] | [http-nio-22000-exec-2] | [c.z.s.m.m.CompanyMapper.selectList] | --> ==> Parameters: 1(Long), 0(Integer), 1(Integer)|
- | [] | [20190717 13:44:40.218] | [DEBUG] | [PC-20190528OEHK] | [http-nio-22000-exec-2] | [c.z.s.m.m.CompanyMapper.selectList] | --> <==      Total: 1|
- | [] | [20190717 13:44:40.253] | [INFO] | [PC-20190528OEHK] | [http-nio-22000-exec-3] | [c.z.s.s.controller.UserController] | --> 密码输入是否正确{"createTime":"2019-06-06T05:07:14","email":"lzskcloud@qq.com","gender":1,"id":1,"idCard":"1111111111111111","isDel":0,"lastCompanyId":1,"password":"123456","permissionOrgIds":"1,23,11","permissionType":2,"phone":"13367966485","status":1,"updateTime":"2019-07-01T15:25:07","userName":"admin"} |
- | [] | [20190717 13:44:40.255] | [DEBUG] | [PC-20190528OEHK] | [http-nio-22000-exec-3] | [c.z.s.m.mapper.UserMapper.updateById] | --> ==>  Preparing: UPDATE scf_user SET PHONE=?, EMAIL=?, PASSWORD=?, ID_CARD=?, USER_NAME=?, GENDER=?, IS_EMAIL_VALID=?, LAST_COMPANY_ID=?, PERMISSION_TYPE=?, PERMISSION_ORG_IDS=?, STATUS=?, UPDATE_BY_ID=?, CREATE_BY_ID=?, UPDATE_TIME=?, CREATE_TIME=? WHERE ID=? AND IS_DEL=0 |
- | [] | [20190717 13:44:40.257] | [DEBUG] | [PC-20190528OEHK] | [http-nio-22000-exec-3] | [c.z.s.m.mapper.UserMapper.updateById] | --> ==> Parameters: 13367966485(String), lzskcloud@qq.com(String), 123456(String), 1111111111111111(String), admin(String), 1(Integer), null, 1(Long), 2(Integer), 1,23,11(String), 1(Integer), null, null, 2019-07-01 15:25:07.0(Timestamp), 2019-06-06 05:07:14.0(Timestamp), 1(Long)|
- | [] | [20190717 13:44:40.258] | [DEBUG] | [PC-20190528OEHK] | [http-nio-22000-exec-3] | [c.z.s.m.mapper.UserMapper.updateById] | --> <==    Updates: 1|
- | [] | [20190717 13:44:40.484] | [INFO] | [PC-20190528OEHK] | [http-nio-22000-exec-4] | [c.z.s.s.controller.CompanyController] | --> subject:是否弹出邀请成员引导(只有一个成员时弹出),companyId:1|
- | [] | [20190717 13:44:40.488] | [DEBUG] | [PC-20190528OEHK] | [http-nio-22000-exec-4] | [c.z.s.m.m.C.findCompanyUserListById] | --> ==>  Preparing: SELECT su.id, su.user_name, su.email, su.phone FROM `scf_cfg_company_user` sccu LEFT JOIN scf_user su ON su.id = sccu.user_id WHERE sccu.company_id = ? |
- | [] | [20190717 13:44:40.489] | [DEBUG] | [PC-20190528OEHK] | [http-nio-22000-exec-4] | [c.z.s.m.m.C.findCompanyUserListById] | --> ==> Parameters: 1(Long)|
- | [] | [20190717 13:44:40.494] | [DEBUG] | [PC-20190528OEHK] | [http-nio-22000-exec-4] | [c.z.s.m.m.C.findCompanyUserListById] | --> <==      Total: 20|
- | [] | [20190717 13:45:36.018] | [INFO] | [PC-20190528OEHK] | [AsyncResolver-bootstrap-executor-0] | [c.n.d.s.r.aws.ConfigClusterResolver] | --> Resolving eureka endpoints via configuration|
- | [] | [20190717 13:50:36.030] | [INFO] | [PC-20190528OEHK] | [AsyncResolver-bootstrap-executor-0] | [c.n.d.s.r.aws.ConfigClusterResolver] | --> Resolving eureka endpoints via configuration|
- | [] | [20190717 13:55:36.041] | [INFO] | [PC-20190528OEHK] | [AsyncResolver-bootstrap-executor-0] | [c.n.d.s.r.aws.ConfigClusterResolver] | --> Resolving eureka endpoints via configuration|
- | [] | [20190717 14:00:36.053] | [INFO] | [PC-20190528OEHK] | [AsyncResolver-bootstrap-executor-0] | [c.n.d.s.r.aws.ConfigClusterResolver] | --> Resolving eureka endpoints via configuration|
- | [] | [20190717 14:05:36.065] | [INFO] | [PC-20190528OEHK] | [AsyncResolver-bootstrap-executor-0] | [c.n.d.s.r.aws.ConfigClusterResolver] | --> Resolving eureka endpoints via configuration|
- | [] | [20190717 14:10:36.077] | [INFO] | [PC-20190528OEHK] | [AsyncResolver-bootstrap-executor-0] | [c.n.d.s.r.aws.ConfigClusterResolver] | --> Resolving eureka endpoints via configuration|
- | [] | [20190717 14:15:36.088] | [INFO] | [PC-20190528OEHK] | [AsyncResolver-bootstrap-executor-0] | [c.n.d.s.r.aws.ConfigClusterResolver] | --> Resolving eureka endpoints via configuration|
- | [] | [20190717 14:20:36.100] | [INFO] | [PC-20190528OEHK] | [AsyncResolver-bootstrap-executor-0] | [c.n.d.s.r.aws.ConfigClusterResolver] | --> Resolving eureka endpoints via configuration|
- | [] | [20190717 14:25:36.112] | [INFO] | [PC-20190528OEHK] | [AsyncResolver-bootstrap-executor-0] | [c.n.d.s.r.aws.ConfigClusterResolver] | --> Resolving eureka endpoints via configuration|
- | [] | [20190717 14:30:36.124] | [INFO] | [PC-20190528OEHK] | [AsyncResolver-bootstrap-executor-0] | [c.n.d.s.r.aws.ConfigClusterResolver] | --> Resolving eureka endpoints via configuration|
- | [] | [20190717 14:35:36.136] | [INFO] | [PC-20190528OEHK] | [AsyncResolver-bootstrap-executor-0] | [c.n.d.s.r.aws.ConfigClusterResolver] | --> Resolving eureka endpoints via configuration|
- | [] | [20190717 14:40:36.148] | [INFO] | [PC-20190528OEHK] | [AsyncResolver-bootstrap-executor-0] | [c.n.d.s.r.aws.ConfigClusterResolver] | --> Resolving eureka endpoints via configuration|
- | [] | [20190717 14:45:36.160] | [INFO] | [PC-20190528OEHK] | [AsyncResolver-bootstrap-executor-0] | [c.n.d.s.r.aws.ConfigClusterResolver] | --> Resolving eureka endpoints via configuration|
- | [] | [20190717 14:50:36.172] | [INFO] | [PC-20190528OEHK] | [AsyncResolver-bootstrap-executor-0] | [c.n.d.s.r.aws.ConfigClusterResolver] | --> Resolving eureka endpoints via configuration|
- | [] | [20190717 14:55:36.183] | [INFO] | [PC-20190528OEHK] | [AsyncResolver-bootstrap-executor-0] | [c.n.d.s.r.aws.ConfigClusterResolver] | --> Resolving eureka endpoints via configuration|
- | [] | [20190717 15:00:36.195] | [INFO] | [PC-20190528OEHK] | [AsyncResolver-bootstrap-executor-0] | [c.n.d.s.r.aws.ConfigClusterResolver] | --> Resolving eureka endpoints via configuration|
- | [] | [20190717 15:03:59.728] | [INFO] | [PC-20190528OEHK] | [http-nio-22000-exec-6] | [c.z.s.s.controller.UserController] | --> 根据邮箱查询用户:dto:"lzskcloud@qq.com"|
- | [] | [20190717 15:03:59.731] | [DEBUG] | [PC-20190528OEHK] | [http-nio-22000-exec-6] | [c.z.s.m.mapper.UserMapper.selectOne] | --> ==>  Preparing: SELECT ID,PHONE,EMAIL,PASSWORD,ID_CARD,USER_NAME,GENDER,IS_EMAIL_VALID,LAST_COMPANY_ID,PERMISSION_TYPE,PERMISSION_ORG_IDS,STATUS,UPDATE_BY_ID,CREATE_BY_ID,UPDATE_TIME,CREATE_TIME,IS_DEL FROM scf_user WHERE IS_DEL=0 AND email = ? |
- | [] | [20190717 15:03:59.732] | [DEBUG] | [PC-20190528OEHK] | [http-nio-22000-exec-6] | [c.z.s.m.mapper.UserMapper.selectOne] | --> ==> Parameters: lzskcloud@qq.com(String)|
- | [] | [20190717 15:03:59.733] | [DEBUG] | [PC-20190528OEHK] | [http-nio-22000-exec-6] | [c.z.s.m.mapper.UserMapper.selectOne] | --> <==      Total: 1|
- | [] | [20190717 15:03:59.737] | [INFO] | [PC-20190528OEHK] | [http-nio-22000-exec-7] | [c.z.s.s.controller.UserController] | --> 获取用户详细信息:dto:{"userId":1}|
- | [] | [20190717 15:03:59.738] | [DEBUG] | [PC-20190528OEHK] | [http-nio-22000-exec-7] | [c.z.s.m.mapper.UserMapper.selectOne] | --> ==>  Preparing: SELECT ID,PHONE,EMAIL,PASSWORD,ID_CARD,USER_NAME,GENDER,IS_EMAIL_VALID,LAST_COMPANY_ID,PERMISSION_TYPE,PERMISSION_ORG_IDS,STATUS,UPDATE_BY_ID,CREATE_BY_ID,UPDATE_TIME,CREATE_TIME,IS_DEL FROM scf_user WHERE IS_DEL=0 AND id = ? |
- | [] | [20190717 15:03:59.738] | [DEBUG] | [PC-20190528OEHK] | [http-nio-22000-exec-7] | [c.z.s.m.mapper.UserMapper.selectOne] | --> ==> Parameters: 1(Long)|
- | [] | [20190717 15:03:59.739] | [DEBUG] | [PC-20190528OEHK] | [http-nio-22000-exec-7] | [c.z.s.m.mapper.UserMapper.selectOne] | --> <==      Total: 1|
- | [] | [20190717 15:03:59.740] | [DEBUG] | [PC-20190528OEHK] | [http-nio-22000-exec-7] | [c.z.s.m.m.C.selectList] | --> ==>  Preparing: SELECT ID,COMPANY_ID,USER_ID,STATUS,LEAVE_TIME,CREATE_TIME,UPDATE_TIME,IS_DELETE FROM scf_cfg_company_user WHERE user_id = ? AND is_delete = ? AND status = ? |
- | [] | [20190717 15:03:59.740] | [DEBUG] | [PC-20190528OEHK] | [http-nio-22000-exec-7] | [c.z.s.m.m.C.selectList] | --> ==> Parameters: 1(Long), 0(Integer), 1(Integer)|
- | [] | [20190717 15:03:59.741] | [DEBUG] | [PC-20190528OEHK] | [http-nio-22000-exec-7] | [c.z.s.m.m.C.selectList] | --> <==      Total: 1|
- | [] | [20190717 15:03:59.741] | [DEBUG] | [PC-20190528OEHK] | [http-nio-22000-exec-7] | [c.z.s.m.m.CompanyMapper.selectById] | --> ==>  Preparing: SELECT ID,COMPANY_NAME,CREDIT_CODE,LEGAL_PERSON,NAME,PHONE,BUSINESS_LICENCE_URL,COMPANY_TEL,COMPANY_EMAIL,COMPANY_URL,COMPANY_FAX,COMPANY_REMARK,COMPANY_NATURE_KEY,COMPANY_NATURE_CONCRETE_KEY,STAFF_SIZE_KEY,PROVINCE_ID,CITY_ID,DISTRICT_ID,DETAIL_ADDR,COMPANY_TAX_NO,COMPANY_INVOICE_TITLE,REG_USER_ID,STATUS,UPDATE_BY_ID,CREATE_BY_ID,UPDATE_TIME,CREATE_TIME,IS_DELETE FROM scf_company WHERE ID=? |
- | [] | [20190717 15:03:59.742] | [DEBUG] | [PC-20190528OEHK] | [http-nio-22000-exec-7] | [c.z.s.m.m.CompanyMapper.selectById] | --> ==> Parameters: 1(Long)|
- | [] | [20190717 15:03:59.743] | [DEBUG] | [PC-20190528OEHK] | [http-nio-22000-exec-7] | [c.z.s.m.m.CompanyMapper.selectById] | --> <==      Total: 1|
- | [] | [20190717 15:03:59.743] | [DEBUG] | [PC-20190528OEHK] | [http-nio-22000-exec-7] | [c.z.s.m.m.R.findUserRolesByCompanyId] | --> ==>  Preparing: select scr.* from scf_cfg_role scr join scf_cfg_role_user scru on scr.id = scru.role_id where scr.`status` = 1 and scru.user_id = ? and scr.company_id = ? |
- | [] | [20190717 15:03:59.743] | [DEBUG] | [PC-20190528OEHK] | [http-nio-22000-exec-7] | [c.z.s.m.m.R.findUserRolesByCompanyId] | --> ==> Parameters: 1(Long), 1(Long)|
- | [] | [20190717 15:03:59.745] | [DEBUG] | [PC-20190528OEHK] | [http-nio-22000-exec-7] | [c.z.s.m.m.R.findUserRolesByCompanyId] | --> <==      Total: 1|
- | [] | [20190717 15:03:59.746] | [DEBUG] | [PC-20190528OEHK] | [http-nio-22000-exec-7] | [c.z.s.m.m.MenuMapper.findHaveMenu] | --> ==>  Preparing: select DISTINCT sm.* from scf_menu sm left join scf_cfg_system_function scsf on scsf.menu_id = sm.id left join scf_cfg_role_function scrf on scrf.funct_code = scsf.func_code where sm.`status` = 1 and scrf.role_id in(1) |
- | [] | [20190717 15:03:59.746] | [DEBUG] | [PC-20190528OEHK] | [http-nio-22000-exec-7] | [c.z.s.m.m.MenuMapper.findHaveMenu] | --> ==> Parameters: |
- | [] | [20190717 15:03:59.750] | [DEBUG] | [PC-20190528OEHK] | [http-nio-22000-exec-7] | [c.z.s.m.m.MenuMapper.findHaveMenu] | --> <==      Total: 9|
- | [] | [20190717 15:03:59.751] | [DEBUG] | [PC-20190528OEHK] | [http-nio-22000-exec-7] | [c.z.s.m.m.S.findFuncListByRoleIds] | --> ==>  Preparing: SELECT DISTINCT scyf.* FROM scf_cfg_system_function scyf JOIN scf_cfg_role_function scrf ON scyf.func_code = scrf.funct_code WHERE scrf.role_id IN( 1) |
- | [] | [20190717 15:03:59.752] | [DEBUG] | [PC-20190528OEHK] | [http-nio-22000-exec-7] | [c.z.s.m.m.S.findFuncListByRoleIds] | --> ==> Parameters: |
- | [] | [20190717 15:03:59.756] | [DEBUG] | [PC-20190528OEHK] | [http-nio-22000-exec-7] | [c.z.s.m.m.S.findFuncListByRoleIds] | --> <==      Total: 39|
- | [] | [20190717 15:03:59.757] | [DEBUG] | [PC-20190528OEHK] | [http-nio-22000-exec-7] | [c.z.s.m.m.CompanyMapper.selectList] | --> ==>  Preparing: SELECT ID,COMPANY_NAME,CREDIT_CODE,LEGAL_PERSON,NAME,PHONE,BUSINESS_LICENCE_URL,COMPANY_TEL,COMPANY_EMAIL,COMPANY_URL,COMPANY_FAX,COMPANY_REMARK,COMPANY_NATURE_KEY,COMPANY_NATURE_CONCRETE_KEY,STAFF_SIZE_KEY,PROVINCE_ID,CITY_ID,DISTRICT_ID,DETAIL_ADDR,COMPANY_TAX_NO,COMPANY_INVOICE_TITLE,REG_USER_ID,STATUS,UPDATE_BY_ID,CREATE_BY_ID,UPDATE_TIME,CREATE_TIME,IS_DELETE FROM scf_company WHERE id IN (?) AND is_delete = ? AND status = ? |
- | [] | [20190717 15:03:59.758] | [DEBUG] | [PC-20190528OEHK] | [http-nio-22000-exec-7] | [c.z.s.m.m.CompanyMapper.selectList] | --> ==> Parameters: 1(Long), 0(Integer), 1(Integer)|
- | [] | [20190717 15:03:59.759] | [DEBUG] | [PC-20190528OEHK] | [http-nio-22000-exec-7] | [c.z.s.m.m.CompanyMapper.selectList] | --> <==      Total: 1|
- | [] | [20190717 15:03:59.768] | [INFO] | [PC-20190528OEHK] | [http-nio-22000-exec-8] | [c.z.s.s.controller.UserController] | --> 密码输入是否正确{"createTime":"2019-06-06T05:07:14","email":"lzskcloud@qq.com","gender":1,"id":1,"idCard":"1111111111111111","isDel":0,"lastCompanyId":1,"password":"123456","permissionOrgIds":"1,23,11","permissionType":2,"phone":"13367966485","status":1,"updateTime":"2019-07-01T15:25:07","userName":"admin"} |
- | [] | [20190717 15:03:59.768] | [DEBUG] | [PC-20190528OEHK] | [http-nio-22000-exec-8] | [c.z.s.m.mapper.UserMapper.updateById] | --> ==>  Preparing: UPDATE scf_user SET PHONE=?, EMAIL=?, PASSWORD=?, ID_CARD=?, USER_NAME=?, GENDER=?, IS_EMAIL_VALID=?, LAST_COMPANY_ID=?, PERMISSION_TYPE=?, PERMISSION_ORG_IDS=?, STATUS=?, UPDATE_BY_ID=?, CREATE_BY_ID=?, UPDATE_TIME=?, CREATE_TIME=? WHERE ID=? AND IS_DEL=0 |
- | [] | [20190717 15:03:59.769] | [DEBUG] | [PC-20190528OEHK] | [http-nio-22000-exec-8] | [c.z.s.m.mapper.UserMapper.updateById] | --> ==> Parameters: 13367966485(String), lzskcloud@qq.com(String), 123456(String), 1111111111111111(String), admin(String), 1(Integer), null, 1(Long), 2(Integer), 1,23,11(String), 1(Integer), null, null, 2019-07-01 15:25:07.0(Timestamp), 2019-06-06 05:07:14.0(Timestamp), 1(Long)|
- | [] | [20190717 15:03:59.770] | [DEBUG] | [PC-20190528OEHK] | [http-nio-22000-exec-8] | [c.z.s.m.mapper.UserMapper.updateById] | --> <==    Updates: 1|
- | [] | [20190717 15:03:59.918] | [INFO] | [PC-20190528OEHK] | [http-nio-22000-exec-9] | [c.z.s.s.controller.CompanyController] | --> subject:是否弹出邀请成员引导(只有一个成员时弹出),companyId:1|
- | [] | [20190717 15:03:59.918] | [DEBUG] | [PC-20190528OEHK] | [http-nio-22000-exec-9] | [c.z.s.m.m.C.findCompanyUserListById] | --> ==>  Preparing: SELECT su.id, su.user_name, su.email, su.phone FROM `scf_cfg_company_user` sccu LEFT JOIN scf_user su ON su.id = sccu.user_id WHERE sccu.company_id = ? |
- | [] | [20190717 15:03:59.918] | [DEBUG] | [PC-20190528OEHK] | [http-nio-22000-exec-9] | [c.z.s.m.m.C.findCompanyUserListById] | --> ==> Parameters: 1(Long)|
- | [] | [20190717 15:03:59.920] | [DEBUG] | [PC-20190528OEHK] | [http-nio-22000-exec-9] | [c.z.s.m.m.C.findCompanyUserListById] | --> <==      Total: 20|
- | [] | [20190717 15:05:36.206] | [INFO] | [PC-20190528OEHK] | [AsyncResolver-bootstrap-executor-0] | [c.n.d.s.r.aws.ConfigClusterResolver] | --> Resolving eureka endpoints via configuration|
- | [] | [20190717 15:10:36.217] | [INFO] | [PC-20190528OEHK] | [AsyncResolver-bootstrap-executor-0] | [c.n.d.s.r.aws.ConfigClusterResolver] | --> Resolving eureka endpoints via configuration|
- | [] | [20190717 15:15:36.228] | [INFO] | [PC-20190528OEHK] | [AsyncResolver-bootstrap-executor-0] | [c.n.d.s.r.aws.ConfigClusterResolver] | --> Resolving eureka endpoints via configuration|
- | [] | [20190717 15:20:36.239] | [INFO] | [PC-20190528OEHK] | [AsyncResolver-bootstrap-executor-0] | [c.n.d.s.r.aws.ConfigClusterResolver] | --> Resolving eureka endpoints via configuration|
- | [] | [20190717 15:21:43.172] | [INFO] | [PC-20190528OEHK] | [http-nio-22000-exec-1] | [c.z.s.s.controller.CompanyController] | --> FindCompanyListDTO(companyName=, status=[], loggedUserId=1)|
- | [] | [20190717 15:21:43.207] | [DEBUG] | [PC-20190528OEHK] | [http-nio-22000-exec-1] | [c.z.s.m.m.CompanyMapper.queryPageVO] | --> ==>  Preparing: SELECT COUNT(1) FROM scf_company sc LEFT JOIN scf_system_version ssv ON ssv.id = sc.system_id WHERE sc.is_delete = 0 |
- | [] | [20190717 15:21:43.207] | [DEBUG] | [PC-20190528OEHK] | [http-nio-22000-exec-1] | [c.z.s.m.m.CompanyMapper.queryPageVO] | --> ==> Parameters: |
- | [] | [20190717 15:21:43.232] | [ERROR] | [PC-20190528OEHK] | [http-nio-22000-exec-1] | [c.z.s.m.c.GlobalExceptionHandler] | --> 异常: 类名: class org.mybatis.spring.MyBatisSystemException 异常详细信息: nested exception is org.apache.ibatis.exceptions.PersistenceException: 
### Error querying database.  Cause: com.baomidou.mybatisplus.core.exceptions.MybatisPlusException: Error: Method queryTotal execution error.
### The error may exist in file [F:\codes\scf\scfcloud-model\target\classes\com\zhjs\scfcloud\model\mapper\mapping\CompanyMapper.xml]
### The error may involve defaultParameterMap
### The error occurred while setting parameters
### Cause: com.baomidou.mybatisplus.core.exceptions.MybatisPlusException: Error: Method queryTotal execution error.|
org.mybatis.spring.MyBatisSystemException: nested exception is org.apache.ibatis.exceptions.PersistenceException: 
### Error querying database.  Cause: com.baomidou.mybatisplus.core.exceptions.MybatisPlusException: Error: Method queryTotal execution error.
### The error may exist in file [F:\codes\scf\scfcloud-model\target\classes\com\zhjs\scfcloud\model\mapper\mapping\CompanyMapper.xml]
### The error may involve defaultParameterMap
### The error occurred while setting parameters
### Cause: com.baomidou.mybatisplus.core.exceptions.MybatisPlusException: Error: Method queryTotal execution error.
	at org.mybatis.spring.MyBatisExceptionTranslator.translateExceptionIfPossible(MyBatisExceptionTranslator.java:77)
	at org.mybatis.spring.SqlSessionTemplate$SqlSessionInterceptor.invoke(SqlSessionTemplate.java:446)
	at com.sun.proxy.$Proxy112.selectList(Unknown Source)
	at org.mybatis.spring.SqlSessionTemplate.selectList(SqlSessionTemplate.java:230)
	at com.baomidou.mybatisplus.core.override.PageMapperMethod.executeForMany(PageMapperMethod.java:173)
	at com.baomidou.mybatisplus.core.override.PageMapperMethod.execute(PageMapperMethod.java:86)
	at com.baomidou.mybatisplus.core.override.PageMapperProxy.invoke(PageMapperProxy.java:64)
	at com.sun.proxy.$Proxy125.queryPageVO(Unknown Source)
	at com.zhjs.scfcloud.system.service.impl.CompanyServiceImpl.findPageVO(CompanyServiceImpl.java:135)
	at com.zhjs.scfcloud.system.service.impl.CompanyServiceImpl$$FastClassBySpringCGLIB$$455158b3.invoke(<generated>)
	at org.springframework.cglib.proxy.MethodProxy.invoke(MethodProxy.java:218)
	at org.springframework.aop.framework.CglibAopProxy$CglibMethodInvocation.invokeJoinpoint(CglibAopProxy.java:749)
	at org.springframework.aop.framework.ReflectiveMethodInvocation.proceed(ReflectiveMethodInvocation.java:163)
	at org.springframework.transaction.interceptor.TransactionAspectSupport.invokeWithinTransaction(TransactionAspectSupport.java:294)
	at org.springframework.transaction.interceptor.TransactionInterceptor.invoke(TransactionInterceptor.java:98)
	at org.springframework.aop.framework.ReflectiveMethodInvocation.proceed(ReflectiveMethodInvocation.java:186)
	at org.springframework.aop.framework.CglibAopProxy$DynamicAdvisedInterceptor.intercept(CglibAopProxy.java:688)
	at com.zhjs.scfcloud.system.service.impl.CompanyServiceImpl$$EnhancerBySpringCGLIB$$1a610f32.findPageVO(<generated>)
	at com.zhjs.scfcloud.system.controller.CompanyController.findList(CompanyController.java:79)
	at sun.reflect.NativeMethodAccessorImpl.invoke0(Native Method)
	at sun.reflect.NativeMethodAccessorImpl.invoke(NativeMethodAccessorImpl.java:62)
	at sun.reflect.DelegatingMethodAccessorImpl.invoke(DelegatingMethodAccessorImpl.java:43)
	at java.lang.reflect.Method.invoke(Method.java:498)
	at org.springframework.web.method.support.InvocableHandlerMethod.doInvoke(InvocableHandlerMethod.java:189)
	at org.springframework.web.method.support.InvocableHandlerMethod.invokeForRequest(InvocableHandlerMethod.java:138)
	at org.springframework.web.servlet.mvc.method.annotation.ServletInvocableHandlerMethod.invokeAndHandle(ServletInvocableHandlerMethod.java:102)
	at org.springframework.web.servlet.mvc.method.annotation.RequestMappingHandlerAdapter.invokeHandlerMethod(RequestMappingHandlerAdapter.java:892)
	at org.springframework.web.servlet.mvc.method.annotation.RequestMappingHandlerAdapter.handleInternal(RequestMappingHandlerAdapter.java:797)
	at org.springframework.web.servlet.mvc.method.AbstractHandlerMethodAdapter.handle(AbstractHandlerMethodAdapter.java:87)
	at org.springframework.web.servlet.DispatcherServlet.doDispatch(DispatcherServlet.java:1038)
	at org.springframework.web.servlet.DispatcherServlet.doService(DispatcherServlet.java:942)
	at org.springframework.web.servlet.FrameworkServlet.processRequest(FrameworkServlet.java:1005)
	at org.springframework.web.servlet.FrameworkServlet.doPost(FrameworkServlet.java:908)
	at javax.servlet.http.HttpServlet.service(HttpServlet.java:660)
	at org.springframework.web.servlet.FrameworkServlet.service(FrameworkServlet.java:882)
	at javax.servlet.http.HttpServlet.service(HttpServlet.java:741)
	at org.apache.catalina.core.ApplicationFilterChain.internalDoFilter(ApplicationFilterChain.java:231)
	at org.apache.catalina.core.ApplicationFilterChain.doFilter(ApplicationFilterChain.java:166)
	at org.apache.tomcat.websocket.server.WsFilter.doFilter(WsFilter.java:53)
	at org.apache.catalina.core.ApplicationFilterChain.internalDoFilter(ApplicationFilterChain.java:193)
	at org.apache.catalina.core.ApplicationFilterChain.doFilter(ApplicationFilterChain.java:166)
	at org.springframework.web.filter.CorsFilter.doFilterInternal(CorsFilter.java:96)
	at org.springframework.web.filter.OncePerRequestFilter.doFilter(OncePerRequestFilter.java:107)
	at org.apache.catalina.core.ApplicationFilterChain.internalDoFilter(ApplicationFilterChain.java:193)
	at org.apache.catalina.core.ApplicationFilterChain.doFilter(ApplicationFilterChain.java:166)
	at com.alibaba.druid.support.http.WebStatFilter.doFilter(WebStatFilter.java:123)
	at org.apache.catalina.core.ApplicationFilterChain.internalDoFilter(ApplicationFilterChain.java:193)
	at org.apache.catalina.core.ApplicationFilterChain.doFilter(ApplicationFilterChain.java:166)
	at org.springframework.web.filter.RequestContextFilter.doFilterInternal(RequestContextFilter.java:99)
	at org.springframework.web.filter.OncePerRequestFilter.doFilter(OncePerRequestFilter.java:107)
	at org.apache.catalina.core.ApplicationFilterChain.internalDoFilter(ApplicationFilterChain.java:193)
	at org.apache.catalina.core.ApplicationFilterChain.doFilter(ApplicationFilterChain.java:166)
	at org.springframework.web.filter.FormContentFilter.doFilterInternal(FormContentFilter.java:92)
	at org.springframework.web.filter.OncePerRequestFilter.doFilter(OncePerRequestFilter.java:107)
	at org.apache.catalina.core.ApplicationFilterChain.internalDoFilter(ApplicationFilterChain.java:193)
	at org.apache.catalina.core.ApplicationFilterChain.doFilter(ApplicationFilterChain.java:166)
	at org.springframework.web.filter.HiddenHttpMethodFilter.doFilterInternal(HiddenHttpMethodFilter.java:93)
	at org.springframework.web.filter.OncePerRequestFilter.doFilter(OncePerRequestFilter.java:107)
	at org.apache.catalina.core.ApplicationFilterChain.internalDoFilter(ApplicationFilterChain.java:193)
	at org.apache.catalina.core.ApplicationFilterChain.doFilter(ApplicationFilterChain.java:166)
	at org.springframework.web.filter.CharacterEncodingFilter.doFilterInternal(CharacterEncodingFilter.java:200)
	at org.springframework.web.filter.OncePerRequestFilter.doFilter(OncePerRequestFilter.java:107)
	at org.apache.catalina.core.ApplicationFilterChain.internalDoFilter(ApplicationFilterChain.java:193)
	at org.apache.catalina.core.ApplicationFilterChain.doFilter(ApplicationFilterChain.java:166)
	at org.apache.catalina.core.StandardWrapperValve.invoke(StandardWrapperValve.java:200)
	at org.apache.catalina.core.StandardContextValve.invoke(StandardContextValve.java:96)
	at org.apache.catalina.authenticator.AuthenticatorBase.invoke(AuthenticatorBase.java:490)
	at org.apache.catalina.core.StandardHostValve.invoke(StandardHostValve.java:139)
	at org.apache.catalina.valves.ErrorReportValve.invoke(ErrorReportValve.java:92)
	at org.apache.catalina.core.StandardEngineValve.invoke(StandardEngineValve.java:74)
	at org.apache.catalina.connector.CoyoteAdapter.service(CoyoteAdapter.java:343)
	at org.apache.coyote.http11.Http11Processor.service(Http11Processor.java:408)
	at org.apache.coyote.AbstractProcessorLight.process(AbstractProcessorLight.java:66)
	at org.apache.coyote.AbstractProtocol$ConnectionHandler.process(AbstractProtocol.java:834)
	at org.apache.tomcat.util.net.NioEndpoint$SocketProcessor.doRun(NioEndpoint.java:1415)
	at org.apache.tomcat.util.net.SocketProcessorBase.run(SocketProcessorBase.java:49)
	at java.util.concurrent.ThreadPoolExecutor.runWorker(ThreadPoolExecutor.java:1149)
	at java.util.concurrent.ThreadPoolExecutor$Worker.run(ThreadPoolExecutor.java:624)
	at org.apache.tomcat.util.threads.TaskThread$WrappingRunnable.run(TaskThread.java:61)
	at java.lang.Thread.run(Thread.java:748)
Caused by: org.apache.ibatis.exceptions.PersistenceException: 
### Error querying database.  Cause: com.baomidou.mybatisplus.core.exceptions.MybatisPlusException: Error: Method queryTotal execution error.
### The error may exist in file [F:\codes\scf\scfcloud-model\target\classes\com\zhjs\scfcloud\model\mapper\mapping\CompanyMapper.xml]
### The error may involve defaultParameterMap
### The error occurred while setting parameters
### Cause: com.baomidou.mybatisplus.core.exceptions.MybatisPlusException: Error: Method queryTotal execution error.
	at org.apache.ibatis.exceptions.ExceptionFactory.wrapException(ExceptionFactory.java:30)
	at org.apache.ibatis.session.defaults.DefaultSqlSession.selectList(DefaultSqlSession.java:150)
	at org.apache.ibatis.session.defaults.DefaultSqlSession.selectList(DefaultSqlSession.java:141)
	at sun.reflect.NativeMethodAccessorImpl.invoke0(Native Method)
	at sun.reflect.NativeMethodAccessorImpl.invoke(NativeMethodAccessorImpl.java:62)
	at sun.reflect.DelegatingMethodAccessorImpl.invoke(DelegatingMethodAccessorImpl.java:43)
	at java.lang.reflect.Method.invoke(Method.java:498)
	at org.mybatis.spring.SqlSessionTemplate$SqlSessionInterceptor.invoke(SqlSessionTemplate.java:433)
	... 78 common frames omitted
Caused by: com.baomidou.mybatisplus.core.exceptions.MybatisPlusException: Error: Method queryTotal execution error.
	at com.baomidou.mybatisplus.core.toolkit.ExceptionUtils.mpe(ExceptionUtils.java:41)
	at com.baomidou.mybatisplus.extension.plugins.PaginationInterceptor.queryTotal(PaginationInterceptor.java:224)
	at com.baomidou.mybatisplus.extension.plugins.PaginationInterceptor.intercept(PaginationInterceptor.java:178)
	at org.apache.ibatis.plugin.Plugin.invoke(Plugin.java:61)
	at com.sun.proxy.$Proxy203.prepare(Unknown Source)
	at org.apache.ibatis.executor.SimpleExecutor.prepareStatement(SimpleExecutor.java:85)
	at org.apache.ibatis.executor.SimpleExecutor.doQuery(SimpleExecutor.java:62)
	at org.apache.ibatis.executor.BaseExecutor.queryFromDatabase(BaseExecutor.java:326)
	at org.apache.ibatis.executor.BaseExecutor.query(BaseExecutor.java:156)
	at org.apache.ibatis.executor.CachingExecutor.query(CachingExecutor.java:109)
	at org.apache.ibatis.executor.CachingExecutor.query(CachingExecutor.java:83)
	at org.apache.ibatis.session.defaults.DefaultSqlSession.selectList(DefaultSqlSession.java:148)
	... 84 common frames omitted
Caused by: java.sql.SQLSyntaxErrorException: Unknown column 'sc.system_id' in 'on clause'
	at com.mysql.cj.jdbc.exceptions.SQLError.createSQLException(SQLError.java:118)
	at com.mysql.cj.jdbc.exceptions.SQLError.createSQLException(SQLError.java:95)
	at com.mysql.cj.jdbc.exceptions.SQLExceptionsMapping.translateException(SQLExceptionsMapping.java:122)
	at com.mysql.cj.jdbc.ClientPreparedStatement.executeInternal(ClientPreparedStatement.java:960)
	at com.mysql.cj.jdbc.ClientPreparedStatement.executeQuery(ClientPreparedStatement.java:1019)
	at com.alibaba.druid.filter.FilterChainImpl.preparedStatement_executeQuery(FilterChainImpl.java:3188)
	at com.alibaba.druid.filter.FilterEventAdapter.preparedStatement_executeQuery(FilterEventAdapter.java:465)
	at com.alibaba.druid.filter.FilterChainImpl.preparedStatement_executeQuery(FilterChainImpl.java:3185)
	at com.alibaba.druid.proxy.jdbc.PreparedStatementProxyImpl.executeQuery(PreparedStatementProxyImpl.java:181)
	at com.alibaba.druid.pool.DruidPooledPreparedStatement.executeQuery(DruidPooledPreparedStatement.java:228)
	at sun.reflect.NativeMethodAccessorImpl.invoke0(Native Method)
	at sun.reflect.NativeMethodAccessorImpl.invoke(NativeMethodAccessorImpl.java:62)
	at sun.reflect.DelegatingMethodAccessorImpl.invoke(DelegatingMethodAccessorImpl.java:43)
	at java.lang.reflect.Method.invoke(Method.java:498)
	at org.apache.ibatis.logging.jdbc.PreparedStatementLogger.invoke(PreparedStatementLogger.java:56)
	at com.sun.proxy.$Proxy205.executeQuery(Unknown Source)
	at com.baomidou.mybatisplus.extension.plugins.PaginationInterceptor.queryTotal(PaginationInterceptor.java:209)
	... 94 common frames omitted
- | [] | [20190717 15:24:26.398] | [INFO] | [PC-20190528OEHK] | [http-nio-22000-exec-3] | [c.z.s.s.controller.CompanyController] | --> FindCompanyListDTO(companyName=, status=[], loggedUserId=1)|
- | [] | [20190717 15:24:26.406] | [DEBUG] | [PC-20190528OEHK] | [http-nio-22000-exec-3] | [c.z.s.m.m.CompanyMapper.queryPageVO] | --> ==>  Preparing: SELECT COUNT(1) FROM scf_company sc LEFT JOIN scf_system_version ssv ON ssv.id = sc.system_id WHERE sc.is_delete = 0 |
- | [] | [20190717 15:24:26.407] | [DEBUG] | [PC-20190528OEHK] | [http-nio-22000-exec-3] | [c.z.s.m.m.CompanyMapper.queryPageVO] | --> ==> Parameters: |
- | [] | [20190717 15:24:26.411] | [ERROR] | [PC-20190528OEHK] | [http-nio-22000-exec-3] | [c.z.s.m.c.GlobalExceptionHandler] | --> 异常: 类名: class org.mybatis.spring.MyBatisSystemException 异常详细信息: nested exception is org.apache.ibatis.exceptions.PersistenceException: 
### Error querying database.  Cause: com.baomidou.mybatisplus.core.exceptions.MybatisPlusException: Error: Method queryTotal execution error.
### The error may exist in file [F:\codes\scf\scfcloud-model\target\classes\com\zhjs\scfcloud\model\mapper\mapping\CompanyMapper.xml]
### The error may involve defaultParameterMap
### The error occurred while setting parameters
### Cause: com.baomidou.mybatisplus.core.exceptions.MybatisPlusException: Error: Method queryTotal execution error.|
org.mybatis.spring.MyBatisSystemException: nested exception is org.apache.ibatis.exceptions.PersistenceException: 
### Error querying database.  Cause: com.baomidou.mybatisplus.core.exceptions.MybatisPlusException: Error: Method queryTotal execution error.
### The error may exist in file [F:\codes\scf\scfcloud-model\target\classes\com\zhjs\scfcloud\model\mapper\mapping\CompanyMapper.xml]
### The error may involve defaultParameterMap
### The error occurred while setting parameters
### Cause: com.baomidou.mybatisplus.core.exceptions.MybatisPlusException: Error: Method queryTotal execution error.
	at org.mybatis.spring.MyBatisExceptionTranslator.translateExceptionIfPossible(MyBatisExceptionTranslator.java:77)
	at org.mybatis.spring.SqlSessionTemplate$SqlSessionInterceptor.invoke(SqlSessionTemplate.java:446)
	at com.sun.proxy.$Proxy112.selectList(Unknown Source)
	at org.mybatis.spring.SqlSessionTemplate.selectList(SqlSessionTemplate.java:230)
	at com.baomidou.mybatisplus.core.override.PageMapperMethod.executeForMany(PageMapperMethod.java:173)
	at com.baomidou.mybatisplus.core.override.PageMapperMethod.execute(PageMapperMethod.java:86)
	at com.baomidou.mybatisplus.core.override.PageMapperProxy.invoke(PageMapperProxy.java:64)
	at com.sun.proxy.$Proxy125.queryPageVO(Unknown Source)
	at com.zhjs.scfcloud.system.service.impl.CompanyServiceImpl.findPageVO(CompanyServiceImpl.java:135)
	at com.zhjs.scfcloud.system.service.impl.CompanyServiceImpl$$FastClassBySpringCGLIB$$455158b3.invoke(<generated>)
	at org.springframework.cglib.proxy.MethodProxy.invoke(MethodProxy.java:218)
	at org.springframework.aop.framework.CglibAopProxy$CglibMethodInvocation.invokeJoinpoint(CglibAopProxy.java:749)
	at org.springframework.aop.framework.ReflectiveMethodInvocation.proceed(ReflectiveMethodInvocation.java:163)
	at org.springframework.transaction.interceptor.TransactionAspectSupport.invokeWithinTransaction(TransactionAspectSupport.java:294)
	at org.springframework.transaction.interceptor.TransactionInterceptor.invoke(TransactionInterceptor.java:98)
	at org.springframework.aop.framework.ReflectiveMethodInvocation.proceed(ReflectiveMethodInvocation.java:186)
	at org.springframework.aop.framework.CglibAopProxy$DynamicAdvisedInterceptor.intercept(CglibAopProxy.java:688)
	at com.zhjs.scfcloud.system.service.impl.CompanyServiceImpl$$EnhancerBySpringCGLIB$$1a610f32.findPageVO(<generated>)
	at com.zhjs.scfcloud.system.controller.CompanyController.findList(CompanyController.java:79)
	at sun.reflect.NativeMethodAccessorImpl.invoke0(Native Method)
	at sun.reflect.NativeMethodAccessorImpl.invoke(NativeMethodAccessorImpl.java:62)
	at sun.reflect.DelegatingMethodAccessorImpl.invoke(DelegatingMethodAccessorImpl.java:43)
	at java.lang.reflect.Method.invoke(Method.java:498)
	at org.springframework.web.method.support.InvocableHandlerMethod.doInvoke(InvocableHandlerMethod.java:189)
	at org.springframework.web.method.support.InvocableHandlerMethod.invokeForRequest(InvocableHandlerMethod.java:138)
	at org.springframework.web.servlet.mvc.method.annotation.ServletInvocableHandlerMethod.invokeAndHandle(ServletInvocableHandlerMethod.java:102)
	at org.springframework.web.servlet.mvc.method.annotation.RequestMappingHandlerAdapter.invokeHandlerMethod(RequestMappingHandlerAdapter.java:892)
	at org.springframework.web.servlet.mvc.method.annotation.RequestMappingHandlerAdapter.handleInternal(RequestMappingHandlerAdapter.java:797)
	at org.springframework.web.servlet.mvc.method.AbstractHandlerMethodAdapter.handle(AbstractHandlerMethodAdapter.java:87)
	at org.springframework.web.servlet.DispatcherServlet.doDispatch(DispatcherServlet.java:1038)
	at org.springframework.web.servlet.DispatcherServlet.doService(DispatcherServlet.java:942)
	at org.springframework.web.servlet.FrameworkServlet.processRequest(FrameworkServlet.java:1005)
	at org.springframework.web.servlet.FrameworkServlet.doPost(FrameworkServlet.java:908)
	at javax.servlet.http.HttpServlet.service(HttpServlet.java:660)
	at org.springframework.web.servlet.FrameworkServlet.service(FrameworkServlet.java:882)
	at javax.servlet.http.HttpServlet.service(HttpServlet.java:741)
	at org.apache.catalina.core.ApplicationFilterChain.internalDoFilter(ApplicationFilterChain.java:231)
	at org.apache.catalina.core.ApplicationFilterChain.doFilter(ApplicationFilterChain.java:166)
	at org.apache.tomcat.websocket.server.WsFilter.doFilter(WsFilter.java:53)
	at org.apache.catalina.core.ApplicationFilterChain.internalDoFilter(ApplicationFilterChain.java:193)
	at org.apache.catalina.core.ApplicationFilterChain.doFilter(ApplicationFilterChain.java:166)
	at org.springframework.web.filter.CorsFilter.doFilterInternal(CorsFilter.java:96)
	at org.springframework.web.filter.OncePerRequestFilter.doFilter(OncePerRequestFilter.java:107)
	at org.apache.catalina.core.ApplicationFilterChain.internalDoFilter(ApplicationFilterChain.java:193)
	at org.apache.catalina.core.ApplicationFilterChain.doFilter(ApplicationFilterChain.java:166)
	at com.alibaba.druid.support.http.WebStatFilter.doFilter(WebStatFilter.java:123)
	at org.apache.catalina.core.ApplicationFilterChain.internalDoFilter(ApplicationFilterChain.java:193)
	at org.apache.catalina.core.ApplicationFilterChain.doFilter(ApplicationFilterChain.java:166)
	at org.springframework.web.filter.RequestContextFilter.doFilterInternal(RequestContextFilter.java:99)
	at org.springframework.web.filter.OncePerRequestFilter.doFilter(OncePerRequestFilter.java:107)
	at org.apache.catalina.core.ApplicationFilterChain.internalDoFilter(ApplicationFilterChain.java:193)
	at org.apache.catalina.core.ApplicationFilterChain.doFilter(ApplicationFilterChain.java:166)
	at org.springframework.web.filter.FormContentFilter.doFilterInternal(FormContentFilter.java:92)
	at org.springframework.web.filter.OncePerRequestFilter.doFilter(OncePerRequestFilter.java:107)
	at org.apache.catalina.core.ApplicationFilterChain.internalDoFilter(ApplicationFilterChain.java:193)
	at org.apache.catalina.core.ApplicationFilterChain.doFilter(ApplicationFilterChain.java:166)
	at org.springframework.web.filter.HiddenHttpMethodFilter.doFilterInternal(HiddenHttpMethodFilter.java:93)
	at org.springframework.web.filter.OncePerRequestFilter.doFilter(OncePerRequestFilter.java:107)
	at org.apache.catalina.core.ApplicationFilterChain.internalDoFilter(ApplicationFilterChain.java:193)
	at org.apache.catalina.core.ApplicationFilterChain.doFilter(ApplicationFilterChain.java:166)
	at org.springframework.web.filter.CharacterEncodingFilter.doFilterInternal(CharacterEncodingFilter.java:200)
	at org.springframework.web.filter.OncePerRequestFilter.doFilter(OncePerRequestFilter.java:107)
	at org.apache.catalina.core.ApplicationFilterChain.internalDoFilter(ApplicationFilterChain.java:193)
	at org.apache.catalina.core.ApplicationFilterChain.doFilter(ApplicationFilterChain.java:166)
	at org.apache.catalina.core.StandardWrapperValve.invoke(StandardWrapperValve.java:200)
	at org.apache.catalina.core.StandardContextValve.invoke(StandardContextValve.java:96)
	at org.apache.catalina.authenticator.AuthenticatorBase.invoke(AuthenticatorBase.java:490)
	at org.apache.catalina.core.StandardHostValve.invoke(StandardHostValve.java:139)
	at org.apache.catalina.valves.ErrorReportValve.invoke(ErrorReportValve.java:92)
	at org.apache.catalina.core.StandardEngineValve.invoke(StandardEngineValve.java:74)
	at org.apache.catalina.connector.CoyoteAdapter.service(CoyoteAdapter.java:343)
	at org.apache.coyote.http11.Http11Processor.service(Http11Processor.java:408)
	at org.apache.coyote.AbstractProcessorLight.process(AbstractProcessorLight.java:66)
	at org.apache.coyote.AbstractProtocol$ConnectionHandler.process(AbstractProtocol.java:834)
	at org.apache.tomcat.util.net.NioEndpoint$SocketProcessor.doRun(NioEndpoint.java:1415)
	at org.apache.tomcat.util.net.SocketProcessorBase.run(SocketProcessorBase.java:49)
	at java.util.concurrent.ThreadPoolExecutor.runWorker(ThreadPoolExecutor.java:1149)
	at java.util.concurrent.ThreadPoolExecutor$Worker.run(ThreadPoolExecutor.java:624)
	at org.apache.tomcat.util.threads.TaskThread$WrappingRunnable.run(TaskThread.java:61)
	at java.lang.Thread.run(Thread.java:748)
Caused by: org.apache.ibatis.exceptions.PersistenceException: 
### Error querying database.  Cause: com.baomidou.mybatisplus.core.exceptions.MybatisPlusException: Error: Method queryTotal execution error.
### The error may exist in file [F:\codes\scf\scfcloud-model\target\classes\com\zhjs\scfcloud\model\mapper\mapping\CompanyMapper.xml]
### The error may involve defaultParameterMap
### The error occurred while setting parameters
### Cause: com.baomidou.mybatisplus.core.exceptions.MybatisPlusException: Error: Method queryTotal execution error.
	at org.apache.ibatis.exceptions.ExceptionFactory.wrapException(ExceptionFactory.java:30)
	at org.apache.ibatis.session.defaults.DefaultSqlSession.selectList(DefaultSqlSession.java:150)
	at org.apache.ibatis.session.defaults.DefaultSqlSession.selectList(DefaultSqlSession.java:141)
	at sun.reflect.NativeMethodAccessorImpl.invoke0(Native Method)
	at sun.reflect.NativeMethodAccessorImpl.invoke(NativeMethodAccessorImpl.java:62)
	at sun.reflect.DelegatingMethodAccessorImpl.invoke(DelegatingMethodAccessorImpl.java:43)
	at java.lang.reflect.Method.invoke(Method.java:498)
	at org.mybatis.spring.SqlSessionTemplate$SqlSessionInterceptor.invoke(SqlSessionTemplate.java:433)
	... 78 common frames omitted
Caused by: com.baomidou.mybatisplus.core.exceptions.MybatisPlusException: Error: Method queryTotal execution error.
	at com.baomidou.mybatisplus.core.toolkit.ExceptionUtils.mpe(ExceptionUtils.java:41)
	at com.baomidou.mybatisplus.extension.plugins.PaginationInterceptor.queryTotal(PaginationInterceptor.java:224)
	at com.baomidou.mybatisplus.extension.plugins.PaginationInterceptor.intercept(PaginationInterceptor.java:178)
	at org.apache.ibatis.plugin.Plugin.invoke(Plugin.java:61)
	at com.sun.proxy.$Proxy203.prepare(Unknown Source)
	at org.apache.ibatis.executor.SimpleExecutor.prepareStatement(SimpleExecutor.java:85)
	at org.apache.ibatis.executor.SimpleExecutor.doQuery(SimpleExecutor.java:62)
	at org.apache.ibatis.executor.BaseExecutor.queryFromDatabase(BaseExecutor.java:326)
	at org.apache.ibatis.executor.BaseExecutor.query(BaseExecutor.java:156)
	at org.apache.ibatis.executor.CachingExecutor.query(CachingExecutor.java:109)
	at org.apache.ibatis.executor.CachingExecutor.query(CachingExecutor.java:83)
	at org.apache.ibatis.session.defaults.DefaultSqlSession.selectList(DefaultSqlSession.java:148)
	... 84 common frames omitted
Caused by: java.sql.SQLSyntaxErrorException: Unknown column 'sc.system_id' in 'on clause'
	at com.mysql.cj.jdbc.exceptions.SQLError.createSQLException(SQLError.java:118)
	at com.mysql.cj.jdbc.exceptions.SQLError.createSQLException(SQLError.java:95)
	at com.mysql.cj.jdbc.exceptions.SQLExceptionsMapping.translateException(SQLExceptionsMapping.java:122)
	at com.mysql.cj.jdbc.ClientPreparedStatement.executeInternal(ClientPreparedStatement.java:960)
	at com.mysql.cj.jdbc.ClientPreparedStatement.executeQuery(ClientPreparedStatement.java:1019)
	at com.alibaba.druid.filter.FilterChainImpl.preparedStatement_executeQuery(FilterChainImpl.java:3188)
	at com.alibaba.druid.filter.FilterEventAdapter.preparedStatement_executeQuery(FilterEventAdapter.java:465)
	at com.alibaba.druid.filter.FilterChainImpl.preparedStatement_executeQuery(FilterChainImpl.java:3185)
	at com.alibaba.druid.proxy.jdbc.PreparedStatementProxyImpl.executeQuery(PreparedStatementProxyImpl.java:181)
	at com.alibaba.druid.pool.DruidPooledPreparedStatement.executeQuery(DruidPooledPreparedStatement.java:228)
	at sun.reflect.NativeMethodAccessorImpl.invoke0(Native Method)
	at sun.reflect.NativeMethodAccessorImpl.invoke(NativeMethodAccessorImpl.java:62)
	at sun.reflect.DelegatingMethodAccessorImpl.invoke(DelegatingMethodAccessorImpl.java:43)
	at java.lang.reflect.Method.invoke(Method.java:498)
	at org.apache.ibatis.logging.jdbc.PreparedStatementLogger.invoke(PreparedStatementLogger.java:56)
	at com.sun.proxy.$Proxy205.executeQuery(Unknown Source)
	at com.baomidou.mybatisplus.extension.plugins.PaginationInterceptor.queryTotal(PaginationInterceptor.java:209)
	... 94 common frames omitted
- | [] | [20190717 15:24:45.678] | [INFO] | [PC-20190528OEHK] | [http-nio-22000-exec-5] | [c.z.s.s.controller.CompanyController] | --> subject:是否弹出邀请成员引导(只有一个成员时弹出),companyId:1|
- | [] | [20190717 15:24:45.678] | [DEBUG] | [PC-20190528OEHK] | [http-nio-22000-exec-5] | [c.z.s.m.m.C.findCompanyUserListById] | --> ==>  Preparing: SELECT su.id, su.user_name, su.email, su.phone FROM `scf_cfg_company_user` sccu LEFT JOIN scf_user su ON su.id = sccu.user_id WHERE sccu.company_id = ? |
- | [] | [20190717 15:24:45.678] | [DEBUG] | [PC-20190528OEHK] | [http-nio-22000-exec-5] | [c.z.s.m.m.C.findCompanyUserListById] | --> ==> Parameters: 1(Long)|
- | [] | [20190717 15:24:45.680] | [DEBUG] | [PC-20190528OEHK] | [http-nio-22000-exec-5] | [c.z.s.m.m.C.findCompanyUserListById] | --> <==      Total: 20|
- | [] | [20190717 15:25:36.250] | [INFO] | [PC-20190528OEHK] | [AsyncResolver-bootstrap-executor-0] | [c.n.d.s.r.aws.ConfigClusterResolver] | --> Resolving eureka endpoints via configuration|
- | [] | [20190717 15:30:36.262] | [INFO] | [PC-20190528OEHK] | [AsyncResolver-bootstrap-executor-0] | [c.n.d.s.r.aws.ConfigClusterResolver] | --> Resolving eureka endpoints via configuration|
- | [] | [20190717 15:35:36.274] | [INFO] | [PC-20190528OEHK] | [AsyncResolver-bootstrap-executor-0] | [c.n.d.s.r.aws.ConfigClusterResolver] | --> Resolving eureka endpoints via configuration|
- | [] | [20190717 15:40:36.285] | [INFO] | [PC-20190528OEHK] | [AsyncResolver-bootstrap-executor-0] | [c.n.d.s.r.aws.ConfigClusterResolver] | --> Resolving eureka endpoints via configuration|
- | [] | [20190717 15:45:36.296] | [INFO] | [PC-20190528OEHK] | [AsyncResolver-bootstrap-executor-0] | [c.n.d.s.r.aws.ConfigClusterResolver] | --> Resolving eureka endpoints via configuration|
- | [] | [20190717 15:50:36.307] | [INFO] | [PC-20190528OEHK] | [AsyncResolver-bootstrap-executor-0] | [c.n.d.s.r.aws.ConfigClusterResolver] | --> Resolving eureka endpoints via configuration|
- | [] | [20190717 15:55:36.318] | [INFO] | [PC-20190528OEHK] | [AsyncResolver-bootstrap-executor-0] | [c.n.d.s.r.aws.ConfigClusterResolver] | --> Resolving eureka endpoints via configuration|
- | [] | [20190717 16:00:36.329] | [INFO] | [PC-20190528OEHK] | [AsyncResolver-bootstrap-executor-0] | [c.n.d.s.r.aws.ConfigClusterResolver] | --> Resolving eureka endpoints via configuration|
- | [] | [20190717 16:05:36.341] | [INFO] | [PC-20190528OEHK] | [AsyncResolver-bootstrap-executor-0] | [c.n.d.s.r.aws.ConfigClusterResolver] | --> Resolving eureka endpoints via configuration|
- | [] | [20190717 16:10:36.352] | [INFO] | [PC-20190528OEHK] | [AsyncResolver-bootstrap-executor-0] | [c.n.d.s.r.aws.ConfigClusterResolver] | --> Resolving eureka endpoints via configuration|
- | [] | [20190717 16:15:36.363] | [INFO] | [PC-20190528OEHK] | [AsyncResolver-bootstrap-executor-0] | [c.n.d.s.r.aws.ConfigClusterResolver] | --> Resolving eureka endpoints via configuration|
- | [] | [20190717 16:20:36.375] | [INFO] | [PC-20190528OEHK] | [AsyncResolver-bootstrap-executor-0] | [c.n.d.s.r.aws.ConfigClusterResolver] | --> Resolving eureka endpoints via configuration|
- | [] | [20190717 16:25:36.386] | [INFO] | [PC-20190528OEHK] | [AsyncResolver-bootstrap-executor-0] | [c.n.d.s.r.aws.ConfigClusterResolver] | --> Resolving eureka endpoints via configuration|
- | [] | [20190717 16:30:36.397] | [INFO] | [PC-20190528OEHK] | [AsyncResolver-bootstrap-executor-0] | [c.n.d.s.r.aws.ConfigClusterResolver] | --> Resolving eureka endpoints via configuration|
- | [] | [20190717 16:35:36.408] | [INFO] | [PC-20190528OEHK] | [AsyncResolver-bootstrap-executor-0] | [c.n.d.s.r.aws.ConfigClusterResolver] | --> Resolving eureka endpoints via configuration|
- | [] | [20190717 16:40:36.419] | [INFO] | [PC-20190528OEHK] | [AsyncResolver-bootstrap-executor-0] | [c.n.d.s.r.aws.ConfigClusterResolver] | --> Resolving eureka endpoints via configuration|
- | [] | [20190717 16:45:36.430] | [INFO] | [PC-20190528OEHK] | [AsyncResolver-bootstrap-executor-0] | [c.n.d.s.r.aws.ConfigClusterResolver] | --> Resolving eureka endpoints via configuration|
- | [] | [20190717 16:50:36.441] | [INFO] | [PC-20190528OEHK] | [AsyncResolver-bootstrap-executor-0] | [c.n.d.s.r.aws.ConfigClusterResolver] | --> Resolving eureka endpoints via configuration|
- | [] | [20190717 16:55:36.452] | [INFO] | [PC-20190528OEHK] | [AsyncResolver-bootstrap-executor-0] | [c.n.d.s.r.aws.ConfigClusterResolver] | --> Resolving eureka endpoints via configuration|
- | [] | [20190717 17:00:36.463] | [INFO] | [PC-20190528OEHK] | [AsyncResolver-bootstrap-executor-0] | [c.n.d.s.r.aws.ConfigClusterResolver] | --> Resolving eureka endpoints via configuration|
- | [] | [20190717 17:05:36.475] | [INFO] | [PC-20190528OEHK] | [AsyncResolver-bootstrap-executor-0] | [c.n.d.s.r.aws.ConfigClusterResolver] | --> Resolving eureka endpoints via configuration|
- | [] | [20190717 17:10:36.487] | [INFO] | [PC-20190528OEHK] | [AsyncResolver-bootstrap-executor-0] | [c.n.d.s.r.aws.ConfigClusterResolver] | --> Resolving eureka endpoints via configuration|
- | [] | [20190717 17:15:36.499] | [INFO] | [PC-20190528OEHK] | [AsyncResolver-bootstrap-executor-0] | [c.n.d.s.r.aws.ConfigClusterResolver] | --> Resolving eureka endpoints via configuration|
- | [] | [20190717 17:20:36.511] | [INFO] | [PC-20190528OEHK] | [AsyncResolver-bootstrap-executor-0] | [c.n.d.s.r.aws.ConfigClusterResolver] | --> Resolving eureka endpoints via configuration|
- | [] | [20190717 17:25:36.523] | [INFO] | [PC-20190528OEHK] | [AsyncResolver-bootstrap-executor-0] | [c.n.d.s.r.aws.ConfigClusterResolver] | --> Resolving eureka endpoints via configuration|
- | [] | [20190717 17:30:36.534] | [INFO] | [PC-20190528OEHK] | [AsyncResolver-bootstrap-executor-0] | [c.n.d.s.r.aws.ConfigClusterResolver] | --> Resolving eureka endpoints via configuration|
- | [] | [20190717 17:35:36.545] | [INFO] | [PC-20190528OEHK] | [AsyncResolver-bootstrap-executor-0] | [c.n.d.s.r.aws.ConfigClusterResolver] | --> Resolving eureka endpoints via configuration|
- | [] | [20190717 17:40:36.556] | [INFO] | [PC-20190528OEHK] | [AsyncResolver-bootstrap-executor-0] | [c.n.d.s.r.aws.ConfigClusterResolver] | --> Resolving eureka endpoints via configuration|
- | [] | [20190717 17:45:36.567] | [INFO] | [PC-20190528OEHK] | [AsyncResolver-bootstrap-executor-0] | [c.n.d.s.r.aws.ConfigClusterResolver] | --> Resolving eureka endpoints via configuration|
- | [] | [20190717 17:50:36.578] | [INFO] | [PC-20190528OEHK] | [AsyncResolver-bootstrap-executor-0] | [c.n.d.s.r.aws.ConfigClusterResolver] | --> Resolving eureka endpoints via configuration|
- | [] | [20190717 17:55:36.589] | [INFO] | [PC-20190528OEHK] | [AsyncResolver-bootstrap-executor-0] | [c.n.d.s.r.aws.ConfigClusterResolver] | --> Resolving eureka endpoints via configuration|
- | [] | [20190717 18:00:36.600] | [INFO] | [PC-20190528OEHK] | [AsyncResolver-bootstrap-executor-0] | [c.n.d.s.r.aws.ConfigClusterResolver] | --> Resolving eureka endpoints via configuration|
- | [] | [20190717 18:05:36.611] | [INFO] | [PC-20190528OEHK] | [AsyncResolver-bootstrap-executor-0] | [c.n.d.s.r.aws.ConfigClusterResolver] | --> Resolving eureka endpoints via configuration|
- | [] | [20190717 18:10:36.622] | [INFO] | [PC-20190528OEHK] | [AsyncResolver-bootstrap-executor-0] | [c.n.d.s.r.aws.ConfigClusterResolver] | --> Resolving eureka endpoints via configuration|
- | [] | [20190717 18:15:36.633] | [INFO] | [PC-20190528OEHK] | [AsyncResolver-bootstrap-executor-0] | [c.n.d.s.r.aws.ConfigClusterResolver] | --> Resolving eureka endpoints via configuration|
- | [] | [20190717 18:20:36.644] | [INFO] | [PC-20190528OEHK] | [AsyncResolver-bootstrap-executor-0] | [c.n.d.s.r.aws.ConfigClusterResolver] | --> Resolving eureka endpoints via configuration|
- | [] | [20190717 18:25:36.655] | [INFO] | [PC-20190528OEHK] | [AsyncResolver-bootstrap-executor-0] | [c.n.d.s.r.aws.ConfigClusterResolver] | --> Resolving eureka endpoints via configuration|
- | [] | [20190717 18:30:36.666] | [INFO] | [PC-20190528OEHK] | [AsyncResolver-bootstrap-executor-0] | [c.n.d.s.r.aws.ConfigClusterResolver] | --> Resolving eureka endpoints via configuration|
- | [] | [20190717 18:35:36.677] | [INFO] | [PC-20190528OEHK] | [AsyncResolver-bootstrap-executor-0] | [c.n.d.s.r.aws.ConfigClusterResolver] | --> Resolving eureka endpoints via configuration|
- | [] | [20190717 18:40:36.688] | [INFO] | [PC-20190528OEHK] | [AsyncResolver-bootstrap-executor-0] | [c.n.d.s.r.aws.ConfigClusterResolver] | --> Resolving eureka endpoints via configuration|
- | [] | [20190717 18:45:36.699] | [INFO] | [PC-20190528OEHK] | [AsyncResolver-bootstrap-executor-0] | [c.n.d.s.r.aws.ConfigClusterResolver] | --> Resolving eureka endpoints via configuration|
- | [] | [20190717 18:50:36.710] | [INFO] | [PC-20190528OEHK] | [AsyncResolver-bootstrap-executor-0] | [c.n.d.s.r.aws.ConfigClusterResolver] | --> Resolving eureka endpoints via configuration|
- | [] | [20190717 18:55:36.721] | [INFO] | [PC-20190528OEHK] | [AsyncResolver-bootstrap-executor-0] | [c.n.d.s.r.aws.ConfigClusterResolver] | --> Resolving eureka endpoints via configuration|
- | [] | [20190717 19:00:36.732] | [INFO] | [PC-20190528OEHK] | [AsyncResolver-bootstrap-executor-0] | [c.n.d.s.r.aws.ConfigClusterResolver] | --> Resolving eureka endpoints via configuration|
- | [] | [20190717 19:05:36.744] | [INFO] | [PC-20190528OEHK] | [AsyncResolver-bootstrap-executor-0] | [c.n.d.s.r.aws.ConfigClusterResolver] | --> Resolving eureka endpoints via configuration|
- | [] | [20190717 19:10:36.755] | [INFO] | [PC-20190528OEHK] | [AsyncResolver-bootstrap-executor-0] | [c.n.d.s.r.aws.ConfigClusterResolver] | --> Resolving eureka endpoints via configuration|
- | [] | [20190717 19:15:36.767] | [INFO] | [PC-20190528OEHK] | [AsyncResolver-bootstrap-executor-0] | [c.n.d.s.r.aws.ConfigClusterResolver] | --> Resolving eureka endpoints via configuration|
- | [] | [20190717 19:20:36.779] | [INFO] | [PC-20190528OEHK] | [AsyncResolver-bootstrap-executor-0] | [c.n.d.s.r.aws.ConfigClusterResolver] | --> Resolving eureka endpoints via configuration|
- | [] | [20190717 19:25:36.790] | [INFO] | [PC-20190528OEHK] | [AsyncResolver-bootstrap-executor-0] | [c.n.d.s.r.aws.ConfigClusterResolver] | --> Resolving eureka endpoints via configuration|
- | [] | [20190717 19:30:36.801] | [INFO] | [PC-20190528OEHK] | [AsyncResolver-bootstrap-executor-0] | [c.n.d.s.r.aws.ConfigClusterResolver] | --> Resolving eureka endpoints via configuration|
- | [] | [20190717 19:35:36.813] | [INFO] | [PC-20190528OEHK] | [AsyncResolver-bootstrap-executor-0] | [c.n.d.s.r.aws.ConfigClusterResolver] | --> Resolving eureka endpoints via configuration|
- | [] | [20190717 19:40:36.825] | [INFO] | [PC-20190528OEHK] | [AsyncResolver-bootstrap-executor-0] | [c.n.d.s.r.aws.ConfigClusterResolver] | --> Resolving eureka endpoints via configuration|
- | [] | [20190717 19:45:36.836] | [INFO] | [PC-20190528OEHK] | [AsyncResolver-bootstrap-executor-0] | [c.n.d.s.r.aws.ConfigClusterResolver] | --> Resolving eureka endpoints via configuration|
- | [] | [20190717 19:50:36.847] | [INFO] | [PC-20190528OEHK] | [AsyncResolver-bootstrap-executor-0] | [c.n.d.s.r.aws.ConfigClusterResolver] | --> Resolving eureka endpoints via configuration|
- | [] | [20190717 19:55:36.858] | [INFO] | [PC-20190528OEHK] | [AsyncResolver-bootstrap-executor-0] | [c.n.d.s.r.aws.ConfigClusterResolver] | --> Resolving eureka endpoints via configuration|
- | [] | [20190717 20:00:36.869] | [INFO] | [PC-20190528OEHK] | [AsyncResolver-bootstrap-executor-0] | [c.n.d.s.r.aws.ConfigClusterResolver] | --> Resolving eureka endpoints via configuration|
- | [] | [20190717 20:05:36.880] | [INFO] | [PC-20190528OEHK] | [AsyncResolver-bootstrap-executor-0] | [c.n.d.s.r.aws.ConfigClusterResolver] | --> Resolving eureka endpoints via configuration|
- | [] | [20190717 20:10:36.892] | [INFO] | [PC-20190528OEHK] | [AsyncResolver-bootstrap-executor-0] | [c.n.d.s.r.aws.ConfigClusterResolver] | --> Resolving eureka endpoints via configuration|
- | [] | [20190717 20:15:36.904] | [INFO] | [PC-20190528OEHK] | [AsyncResolver-bootstrap-executor-0] | [c.n.d.s.r.aws.ConfigClusterResolver] | --> Resolving eureka endpoints via configuration|
- | [] | [20190717 20:20:36.915] | [INFO] | [PC-20190528OEHK] | [AsyncResolver-bootstrap-executor-0] | [c.n.d.s.r.aws.ConfigClusterResolver] | --> Resolving eureka endpoints via configuration|
- | [] | [20190717 20:25:36.926] | [INFO] | [PC-20190528OEHK] | [AsyncResolver-bootstrap-executor-0] | [c.n.d.s.r.aws.ConfigClusterResolver] | --> Resolving eureka endpoints via configuration|
