- | [] | [20190725 00:02:38.273] | [INFO] | [PC-20190528OEHK] | [AsyncResolver-bootstrap-executor-0] | [c.n.d.s.r.aws.ConfigClusterResolver] | --> Resolving eureka endpoints via configuration|
- | [] | [20190725 00:07:38.284] | [INFO] | [PC-20190528OEHK] | [AsyncResolver-bootstrap-executor-0] | [c.n.d.s.r.aws.ConfigClusterResolver] | --> Resolving eureka endpoints via configuration|
- | [] | [20190725 00:12:38.290] | [INFO] | [PC-20190528OEHK] | [AsyncResolver-bootstrap-executor-0] | [c.n.d.s.r.aws.ConfigClusterResolver] | --> Resolving eureka endpoints via configuration|
- | [] | [20190725 00:17:38.296] | [INFO] | [PC-20190528OEHK] | [AsyncResolver-bootstrap-executor-0] | [c.n.d.s.r.aws.ConfigClusterResolver] | --> Resolving eureka endpoints via configuration|
- | [] | [20190725 00:22:38.302] | [INFO] | [PC-20190528OEHK] | [AsyncResolver-bootstrap-executor-0] | [c.n.d.s.r.aws.ConfigClusterResolver] | --> Resolving eureka endpoints via configuration|
- | [] | [20190725 00:27:38.308] | [INFO] | [PC-20190528OEHK] | [AsyncResolver-bootstrap-executor-0] | [c.n.d.s.r.aws.ConfigClusterResolver] | --> Resolving eureka endpoints via configuration|
- | [] | [20190725 00:32:38.314] | [INFO] | [PC-20190528OEHK] | [AsyncResolver-bootstrap-executor-0] | [c.n.d.s.r.aws.ConfigClusterResolver] | --> Resolving eureka endpoints via configuration|
- | [] | [20190725 00:37:38.320] | [INFO] | [PC-20190528OEHK] | [AsyncResolver-bootstrap-executor-0] | [c.n.d.s.r.aws.ConfigClusterResolver] | --> Resolving eureka endpoints via configuration|
- | [] | [20190725 00:42:38.326] | [INFO] | [PC-20190528OEHK] | [AsyncResolver-bootstrap-executor-0] | [c.n.d.s.r.aws.ConfigClusterResolver] | --> Resolving eureka endpoints via configuration|
- | [] | [20190725 00:47:38.331] | [INFO] | [PC-20190528OEHK] | [AsyncResolver-bootstrap-executor-0] | [c.n.d.s.r.aws.ConfigClusterResolver] | --> Resolving eureka endpoints via configuration|
- | [] | [20190725 00:52:38.337] | [INFO] | [PC-20190528OEHK] | [AsyncResolver-bootstrap-executor-0] | [c.n.d.s.r.aws.ConfigClusterResolver] | --> Resolving eureka endpoints via configuration|
- | [] | [20190725 00:57:38.343] | [INFO] | [PC-20190528OEHK] | [AsyncResolver-bootstrap-executor-0] | [c.n.d.s.r.aws.ConfigClusterResolver] | --> Resolving eureka endpoints via configuration|
- | [] | [20190725 01:02:38.349] | [INFO] | [PC-20190528OEHK] | [AsyncResolver-bootstrap-executor-0] | [c.n.d.s.r.aws.ConfigClusterResolver] | --> Resolving eureka endpoints via configuration|
- | [] | [20190725 01:07:38.355] | [INFO] | [PC-20190528OEHK] | [AsyncResolver-bootstrap-executor-0] | [c.n.d.s.r.aws.ConfigClusterResolver] | --> Resolving eureka endpoints via configuration|
- | [] | [20190725 01:12:38.361] | [INFO] | [PC-20190528OEHK] | [AsyncResolver-bootstrap-executor-0] | [c.n.d.s.r.aws.ConfigClusterResolver] | --> Resolving eureka endpoints via configuration|
- | [] | [20190725 01:17:38.367] | [INFO] | [PC-20190528OEHK] | [AsyncResolver-bootstrap-executor-0] | [c.n.d.s.r.aws.ConfigClusterResolver] | --> Resolving eureka endpoints via configuration|
- | [] | [20190725 01:22:38.372] | [INFO] | [PC-20190528OEHK] | [AsyncResolver-bootstrap-executor-0] | [c.n.d.s.r.aws.ConfigClusterResolver] | --> Resolving eureka endpoints via configuration|
- | [] | [20190725 01:27:38.378] | [INFO] | [PC-20190528OEHK] | [AsyncResolver-bootstrap-executor-0] | [c.n.d.s.r.aws.ConfigClusterResolver] | --> Resolving eureka endpoints via configuration|
- | [] | [20190725 01:32:38.384] | [INFO] | [PC-20190528OEHK] | [AsyncResolver-bootstrap-executor-0] | [c.n.d.s.r.aws.ConfigClusterResolver] | --> Resolving eureka endpoints via configuration|
- | [] | [20190725 01:37:38.389] | [INFO] | [PC-20190528OEHK] | [AsyncResolver-bootstrap-executor-0] | [c.n.d.s.r.aws.ConfigClusterResolver] | --> Resolving eureka endpoints via configuration|
- | [] | [20190725 01:42:38.395] | [INFO] | [PC-20190528OEHK] | [AsyncResolver-bootstrap-executor-0] | [c.n.d.s.r.aws.ConfigClusterResolver] | --> Resolving eureka endpoints via configuration|
- | [] | [20190725 01:47:38.401] | [INFO] | [PC-20190528OEHK] | [AsyncResolver-bootstrap-executor-0] | [c.n.d.s.r.aws.ConfigClusterResolver] | --> Resolving eureka endpoints via configuration|
- | [] | [20190725 01:52:38.407] | [INFO] | [PC-20190528OEHK] | [AsyncResolver-bootstrap-executor-0] | [c.n.d.s.r.aws.ConfigClusterResolver] | --> Resolving eureka endpoints via configuration|
- | [] | [20190725 01:57:38.413] | [INFO] | [PC-20190528OEHK] | [AsyncResolver-bootstrap-executor-0] | [c.n.d.s.r.aws.ConfigClusterResolver] | --> Resolving eureka endpoints via configuration|
- | [] | [20190725 02:02:38.419] | [INFO] | [PC-20190528OEHK] | [AsyncResolver-bootstrap-executor-0] | [c.n.d.s.r.aws.ConfigClusterResolver] | --> Resolving eureka endpoints via configuration|
- | [] | [20190725 02:07:38.424] | [INFO] | [PC-20190528OEHK] | [AsyncResolver-bootstrap-executor-0] | [c.n.d.s.r.aws.ConfigClusterResolver] | --> Resolving eureka endpoints via configuration|
- | [] | [20190725 02:12:38.430] | [INFO] | [PC-20190528OEHK] | [AsyncResolver-bootstrap-executor-0] | [c.n.d.s.r.aws.ConfigClusterResolver] | --> Resolving eureka endpoints via configuration|
- | [] | [20190725 02:17:38.436] | [INFO] | [PC-20190528OEHK] | [AsyncResolver-bootstrap-executor-0] | [c.n.d.s.r.aws.ConfigClusterResolver] | --> Resolving eureka endpoints via configuration|
- | [] | [20190725 02:22:38.441] | [INFO] | [PC-20190528OEHK] | [AsyncResolver-bootstrap-executor-0] | [c.n.d.s.r.aws.ConfigClusterResolver] | --> Resolving eureka endpoints via configuration|
- | [] | [20190725 02:27:38.447] | [INFO] | [PC-20190528OEHK] | [AsyncResolver-bootstrap-executor-0] | [c.n.d.s.r.aws.ConfigClusterResolver] | --> Resolving eureka endpoints via configuration|
- | [] | [20190725 02:32:38.453] | [INFO] | [PC-20190528OEHK] | [AsyncResolver-bootstrap-executor-0] | [c.n.d.s.r.aws.ConfigClusterResolver] | --> Resolving eureka endpoints via configuration|
- | [] | [20190725 02:37:38.459] | [INFO] | [PC-20190528OEHK] | [AsyncResolver-bootstrap-executor-0] | [c.n.d.s.r.aws.ConfigClusterResolver] | --> Resolving eureka endpoints via configuration|
- | [] | [20190725 02:42:38.464] | [INFO] | [PC-20190528OEHK] | [AsyncResolver-bootstrap-executor-0] | [c.n.d.s.r.aws.ConfigClusterResolver] | --> Resolving eureka endpoints via configuration|
- | [] | [20190725 02:47:38.470] | [INFO] | [PC-20190528OEHK] | [AsyncResolver-bootstrap-executor-0] | [c.n.d.s.r.aws.ConfigClusterResolver] | --> Resolving eureka endpoints via configuration|
- | [] | [20190725 02:52:38.476] | [INFO] | [PC-20190528OEHK] | [AsyncResolver-bootstrap-executor-0] | [c.n.d.s.r.aws.ConfigClusterResolver] | --> Resolving eureka endpoints via configuration|
- | [] | [20190725 02:57:38.482] | [INFO] | [PC-20190528OEHK] | [AsyncResolver-bootstrap-executor-0] | [c.n.d.s.r.aws.ConfigClusterResolver] | --> Resolving eureka endpoints via configuration|
- | [] | [20190725 03:02:38.488] | [INFO] | [PC-20190528OEHK] | [AsyncResolver-bootstrap-executor-0] | [c.n.d.s.r.aws.ConfigClusterResolver] | --> Resolving eureka endpoints via configuration|
- | [] | [20190725 03:07:38.494] | [INFO] | [PC-20190528OEHK] | [AsyncResolver-bootstrap-executor-0] | [c.n.d.s.r.aws.ConfigClusterResolver] | --> Resolving eureka endpoints via configuration|
- | [] | [20190725 03:12:38.500] | [INFO] | [PC-20190528OEHK] | [AsyncResolver-bootstrap-executor-0] | [c.n.d.s.r.aws.ConfigClusterResolver] | --> Resolving eureka endpoints via configuration|
- | [] | [20190725 03:17:38.505] | [INFO] | [PC-20190528OEHK] | [AsyncResolver-bootstrap-executor-0] | [c.n.d.s.r.aws.ConfigClusterResolver] | --> Resolving eureka endpoints via configuration|
- | [] | [20190725 03:22:38.511] | [INFO] | [PC-20190528OEHK] | [AsyncResolver-bootstrap-executor-0] | [c.n.d.s.r.aws.ConfigClusterResolver] | --> Resolving eureka endpoints via configuration|
- | [] | [20190725 03:27:38.517] | [INFO] | [PC-20190528OEHK] | [AsyncResolver-bootstrap-executor-0] | [c.n.d.s.r.aws.ConfigClusterResolver] | --> Resolving eureka endpoints via configuration|
- | [] | [20190725 03:32:38.522] | [INFO] | [PC-20190528OEHK] | [AsyncResolver-bootstrap-executor-0] | [c.n.d.s.r.aws.ConfigClusterResolver] | --> Resolving eureka endpoints via configuration|
- | [] | [20190725 03:37:38.527] | [INFO] | [PC-20190528OEHK] | [AsyncResolver-bootstrap-executor-0] | [c.n.d.s.r.aws.ConfigClusterResolver] | --> Resolving eureka endpoints via configuration|
- | [] | [20190725 03:42:38.533] | [INFO] | [PC-20190528OEHK] | [AsyncResolver-bootstrap-executor-0] | [c.n.d.s.r.aws.ConfigClusterResolver] | --> Resolving eureka endpoints via configuration|
- | [] | [20190725 03:47:38.539] | [INFO] | [PC-20190528OEHK] | [AsyncResolver-bootstrap-executor-0] | [c.n.d.s.r.aws.ConfigClusterResolver] | --> Resolving eureka endpoints via configuration|
- | [] | [20190725 03:52:38.545] | [INFO] | [PC-20190528OEHK] | [AsyncResolver-bootstrap-executor-0] | [c.n.d.s.r.aws.ConfigClusterResolver] | --> Resolving eureka endpoints via configuration|
- | [] | [20190725 03:57:38.551] | [INFO] | [PC-20190528OEHK] | [AsyncResolver-bootstrap-executor-0] | [c.n.d.s.r.aws.ConfigClusterResolver] | --> Resolving eureka endpoints via configuration|
- | [] | [20190725 04:02:38.557] | [INFO] | [PC-20190528OEHK] | [AsyncResolver-bootstrap-executor-0] | [c.n.d.s.r.aws.ConfigClusterResolver] | --> Resolving eureka endpoints via configuration|
- | [] | [20190725 04:07:38.563] | [INFO] | [PC-20190528OEHK] | [AsyncResolver-bootstrap-executor-0] | [c.n.d.s.r.aws.ConfigClusterResolver] | --> Resolving eureka endpoints via configuration|
- | [] | [20190725 04:12:38.569] | [INFO] | [PC-20190528OEHK] | [AsyncResolver-bootstrap-executor-0] | [c.n.d.s.r.aws.ConfigClusterResolver] | --> Resolving eureka endpoints via configuration|
- | [] | [20190725 04:17:38.574] | [INFO] | [PC-20190528OEHK] | [AsyncResolver-bootstrap-executor-0] | [c.n.d.s.r.aws.ConfigClusterResolver] | --> Resolving eureka endpoints via configuration|
- | [] | [20190725 04:22:38.580] | [INFO] | [PC-20190528OEHK] | [AsyncResolver-bootstrap-executor-0] | [c.n.d.s.r.aws.ConfigClusterResolver] | --> Resolving eureka endpoints via configuration|
- | [] | [20190725 04:27:38.586] | [INFO] | [PC-20190528OEHK] | [AsyncResolver-bootstrap-executor-0] | [c.n.d.s.r.aws.ConfigClusterResolver] | --> Resolving eureka endpoints via configuration|
- | [] | [20190725 04:32:38.592] | [INFO] | [PC-20190528OEHK] | [AsyncResolver-bootstrap-executor-0] | [c.n.d.s.r.aws.ConfigClusterResolver] | --> Resolving eureka endpoints via configuration|
- | [] | [20190725 04:37:38.598] | [INFO] | [PC-20190528OEHK] | [AsyncResolver-bootstrap-executor-0] | [c.n.d.s.r.aws.ConfigClusterResolver] | --> Resolving eureka endpoints via configuration|
- | [] | [20190725 04:42:38.604] | [INFO] | [PC-20190528OEHK] | [AsyncResolver-bootstrap-executor-0] | [c.n.d.s.r.aws.ConfigClusterResolver] | --> Resolving eureka endpoints via configuration|
- | [] | [20190725 04:47:38.610] | [INFO] | [PC-20190528OEHK] | [AsyncResolver-bootstrap-executor-0] | [c.n.d.s.r.aws.ConfigClusterResolver] | --> Resolving eureka endpoints via configuration|
- | [] | [20190725 04:52:38.616] | [INFO] | [PC-20190528OEHK] | [AsyncResolver-bootstrap-executor-0] | [c.n.d.s.r.aws.ConfigClusterResolver] | --> Resolving eureka endpoints via configuration|
- | [] | [20190725 04:57:38.622] | [INFO] | [PC-20190528OEHK] | [AsyncResolver-bootstrap-executor-0] | [c.n.d.s.r.aws.ConfigClusterResolver] | --> Resolving eureka endpoints via configuration|
- | [] | [20190725 05:02:38.628] | [INFO] | [PC-20190528OEHK] | [AsyncResolver-bootstrap-executor-0] | [c.n.d.s.r.aws.ConfigClusterResolver] | --> Resolving eureka endpoints via configuration|
- | [] | [20190725 05:07:38.634] | [INFO] | [PC-20190528OEHK] | [AsyncResolver-bootstrap-executor-0] | [c.n.d.s.r.aws.ConfigClusterResolver] | --> Resolving eureka endpoints via configuration|
- | [] | [20190725 05:12:38.639] | [INFO] | [PC-20190528OEHK] | [AsyncResolver-bootstrap-executor-0] | [c.n.d.s.r.aws.ConfigClusterResolver] | --> Resolving eureka endpoints via configuration|
- | [] | [20190725 05:17:38.645] | [INFO] | [PC-20190528OEHK] | [AsyncResolver-bootstrap-executor-0] | [c.n.d.s.r.aws.ConfigClusterResolver] | --> Resolving eureka endpoints via configuration|
- | [] | [20190725 05:22:38.651] | [INFO] | [PC-20190528OEHK] | [AsyncResolver-bootstrap-executor-0] | [c.n.d.s.r.aws.ConfigClusterResolver] | --> Resolving eureka endpoints via configuration|
- | [] | [20190725 05:27:38.657] | [INFO] | [PC-20190528OEHK] | [AsyncResolver-bootstrap-executor-0] | [c.n.d.s.r.aws.ConfigClusterResolver] | --> Resolving eureka endpoints via configuration|
- | [] | [20190725 05:32:38.663] | [INFO] | [PC-20190528OEHK] | [AsyncResolver-bootstrap-executor-0] | [c.n.d.s.r.aws.ConfigClusterResolver] | --> Resolving eureka endpoints via configuration|
- | [] | [20190725 05:37:38.668] | [INFO] | [PC-20190528OEHK] | [AsyncResolver-bootstrap-executor-0] | [c.n.d.s.r.aws.ConfigClusterResolver] | --> Resolving eureka endpoints via configuration|
- | [] | [20190725 05:42:38.674] | [INFO] | [PC-20190528OEHK] | [AsyncResolver-bootstrap-executor-0] | [c.n.d.s.r.aws.ConfigClusterResolver] | --> Resolving eureka endpoints via configuration|
- | [] | [20190725 05:47:38.680] | [INFO] | [PC-20190528OEHK] | [AsyncResolver-bootstrap-executor-0] | [c.n.d.s.r.aws.ConfigClusterResolver] | --> Resolving eureka endpoints via configuration|
- | [] | [20190725 05:52:38.686] | [INFO] | [PC-20190528OEHK] | [AsyncResolver-bootstrap-executor-0] | [c.n.d.s.r.aws.ConfigClusterResolver] | --> Resolving eureka endpoints via configuration|
- | [] | [20190725 05:57:38.692] | [INFO] | [PC-20190528OEHK] | [AsyncResolver-bootstrap-executor-0] | [c.n.d.s.r.aws.ConfigClusterResolver] | --> Resolving eureka endpoints via configuration|
- | [] | [20190725 06:02:38.698] | [INFO] | [PC-20190528OEHK] | [AsyncResolver-bootstrap-executor-0] | [c.n.d.s.r.aws.ConfigClusterResolver] | --> Resolving eureka endpoints via configuration|
- | [] | [20190725 06:07:38.704] | [INFO] | [PC-20190528OEHK] | [AsyncResolver-bootstrap-executor-0] | [c.n.d.s.r.aws.ConfigClusterResolver] | --> Resolving eureka endpoints via configuration|
- | [] | [20190725 06:12:38.710] | [INFO] | [PC-20190528OEHK] | [AsyncResolver-bootstrap-executor-0] | [c.n.d.s.r.aws.ConfigClusterResolver] | --> Resolving eureka endpoints via configuration|
- | [] | [20190725 06:17:38.715] | [INFO] | [PC-20190528OEHK] | [AsyncResolver-bootstrap-executor-0] | [c.n.d.s.r.aws.ConfigClusterResolver] | --> Resolving eureka endpoints via configuration|
- | [] | [20190725 06:22:38.721] | [INFO] | [PC-20190528OEHK] | [AsyncResolver-bootstrap-executor-0] | [c.n.d.s.r.aws.ConfigClusterResolver] | --> Resolving eureka endpoints via configuration|
- | [] | [20190725 06:27:38.726] | [INFO] | [PC-20190528OEHK] | [AsyncResolver-bootstrap-executor-0] | [c.n.d.s.r.aws.ConfigClusterResolver] | --> Resolving eureka endpoints via configuration|
- | [] | [20190725 06:32:38.732] | [INFO] | [PC-20190528OEHK] | [AsyncResolver-bootstrap-executor-0] | [c.n.d.s.r.aws.ConfigClusterResolver] | --> Resolving eureka endpoints via configuration|
- | [] | [20190725 06:37:38.737] | [INFO] | [PC-20190528OEHK] | [AsyncResolver-bootstrap-executor-0] | [c.n.d.s.r.aws.ConfigClusterResolver] | --> Resolving eureka endpoints via configuration|
- | [] | [20190725 06:42:38.742] | [INFO] | [PC-20190528OEHK] | [AsyncResolver-bootstrap-executor-0] | [c.n.d.s.r.aws.ConfigClusterResolver] | --> Resolving eureka endpoints via configuration|
- | [] | [20190725 06:47:38.748] | [INFO] | [PC-20190528OEHK] | [AsyncResolver-bootstrap-executor-0] | [c.n.d.s.r.aws.ConfigClusterResolver] | --> Resolving eureka endpoints via configuration|
- | [] | [20190725 06:52:38.754] | [INFO] | [PC-20190528OEHK] | [AsyncResolver-bootstrap-executor-0] | [c.n.d.s.r.aws.ConfigClusterResolver] | --> Resolving eureka endpoints via configuration|
- | [] | [20190725 06:57:38.759] | [INFO] | [PC-20190528OEHK] | [AsyncResolver-bootstrap-executor-0] | [c.n.d.s.r.aws.ConfigClusterResolver] | --> Resolving eureka endpoints via configuration|
- | [] | [20190725 07:02:38.765] | [INFO] | [PC-20190528OEHK] | [AsyncResolver-bootstrap-executor-0] | [c.n.d.s.r.aws.ConfigClusterResolver] | --> Resolving eureka endpoints via configuration|
- | [] | [20190725 07:07:38.771] | [INFO] | [PC-20190528OEHK] | [AsyncResolver-bootstrap-executor-0] | [c.n.d.s.r.aws.ConfigClusterResolver] | --> Resolving eureka endpoints via configuration|
- | [] | [20190725 07:12:38.777] | [INFO] | [PC-20190528OEHK] | [AsyncResolver-bootstrap-executor-0] | [c.n.d.s.r.aws.ConfigClusterResolver] | --> Resolving eureka endpoints via configuration|
- | [] | [20190725 07:17:38.783] | [INFO] | [PC-20190528OEHK] | [AsyncResolver-bootstrap-executor-0] | [c.n.d.s.r.aws.ConfigClusterResolver] | --> Resolving eureka endpoints via configuration|
- | [] | [20190725 07:22:38.789] | [INFO] | [PC-20190528OEHK] | [AsyncResolver-bootstrap-executor-0] | [c.n.d.s.r.aws.ConfigClusterResolver] | --> Resolving eureka endpoints via configuration|
- | [] | [20190725 07:27:38.794] | [INFO] | [PC-20190528OEHK] | [AsyncResolver-bootstrap-executor-0] | [c.n.d.s.r.aws.ConfigClusterResolver] | --> Resolving eureka endpoints via configuration|
- | [] | [20190725 07:32:38.800] | [INFO] | [PC-20190528OEHK] | [AsyncResolver-bootstrap-executor-0] | [c.n.d.s.r.aws.ConfigClusterResolver] | --> Resolving eureka endpoints via configuration|
- | [] | [20190725 07:37:38.806] | [INFO] | [PC-20190528OEHK] | [AsyncResolver-bootstrap-executor-0] | [c.n.d.s.r.aws.ConfigClusterResolver] | --> Resolving eureka endpoints via configuration|
- | [] | [20190725 07:42:38.812] | [INFO] | [PC-20190528OEHK] | [AsyncResolver-bootstrap-executor-0] | [c.n.d.s.r.aws.ConfigClusterResolver] | --> Resolving eureka endpoints via configuration|
- | [] | [20190725 07:47:38.817] | [INFO] | [PC-20190528OEHK] | [AsyncResolver-bootstrap-executor-0] | [c.n.d.s.r.aws.ConfigClusterResolver] | --> Resolving eureka endpoints via configuration|
- | [] | [20190725 07:52:38.823] | [INFO] | [PC-20190528OEHK] | [AsyncResolver-bootstrap-executor-0] | [c.n.d.s.r.aws.ConfigClusterResolver] | --> Resolving eureka endpoints via configuration|
- | [] | [20190725 07:57:38.829] | [INFO] | [PC-20190528OEHK] | [AsyncResolver-bootstrap-executor-0] | [c.n.d.s.r.aws.ConfigClusterResolver] | --> Resolving eureka endpoints via configuration|
- | [] | [20190725 08:02:38.835] | [INFO] | [PC-20190528OEHK] | [AsyncResolver-bootstrap-executor-0] | [c.n.d.s.r.aws.ConfigClusterResolver] | --> Resolving eureka endpoints via configuration|
- | [] | [20190725 08:07:38.841] | [INFO] | [PC-20190528OEHK] | [AsyncResolver-bootstrap-executor-0] | [c.n.d.s.r.aws.ConfigClusterResolver] | --> Resolving eureka endpoints via configuration|
- | [] | [20190725 08:12:38.847] | [INFO] | [PC-20190528OEHK] | [AsyncResolver-bootstrap-executor-0] | [c.n.d.s.r.aws.ConfigClusterResolver] | --> Resolving eureka endpoints via configuration|
- | [] | [20190725 08:17:38.853] | [INFO] | [PC-20190528OEHK] | [AsyncResolver-bootstrap-executor-0] | [c.n.d.s.r.aws.ConfigClusterResolver] | --> Resolving eureka endpoints via configuration|
- | [] | [20190725 08:22:38.859] | [INFO] | [PC-20190528OEHK] | [AsyncResolver-bootstrap-executor-0] | [c.n.d.s.r.aws.ConfigClusterResolver] | --> Resolving eureka endpoints via configuration|
- | [] | [20190725 08:27:38.865] | [INFO] | [PC-20190528OEHK] | [AsyncResolver-bootstrap-executor-0] | [c.n.d.s.r.aws.ConfigClusterResolver] | --> Resolving eureka endpoints via configuration|
- | [] | [20190725 08:32:38.871] | [INFO] | [PC-20190528OEHK] | [AsyncResolver-bootstrap-executor-0] | [c.n.d.s.r.aws.ConfigClusterResolver] | --> Resolving eureka endpoints via configuration|
- | [] | [20190725 08:37:38.877] | [INFO] | [PC-20190528OEHK] | [AsyncResolver-bootstrap-executor-0] | [c.n.d.s.r.aws.ConfigClusterResolver] | --> Resolving eureka endpoints via configuration|
- | [] | [20190725 08:42:38.882] | [INFO] | [PC-20190528OEHK] | [AsyncResolver-bootstrap-executor-0] | [c.n.d.s.r.aws.ConfigClusterResolver] | --> Resolving eureka endpoints via configuration|
- | [] | [20190725 08:46:30.953] | [INFO] | [PC-20190528OEHK] | [http-nio-22000-exec-7] | [c.z.s.s.controller.UserController] | --> 根据邮箱查询用户:dto:"lzskcloud@qq.com"|
- | [] | [20190725 08:46:30.972] | [DEBUG] | [PC-20190528OEHK] | [http-nio-22000-exec-7] | [c.z.s.m.mapper.UserMapper.selectOne] | --> ==>  Preparing: SELECT ID,PHONE,EMAIL,PASSWORD,ID_CARD,USER_NAME,GENDER,IS_EMAIL_VALID,LAST_COMPANY_ID,PERMISSION_TYPE,PERMISSION_ORG_IDS,UPDATE_BY_ID,UPDATE_TIME,CREATE_BY_ID,CREATE_TIME,IS_DEL FROM scf_user WHERE IS_DEL=0 AND email = ? |
- | [] | [20190725 08:46:30.972] | [DEBUG] | [PC-20190528OEHK] | [http-nio-22000-exec-7] | [c.z.s.m.mapper.UserMapper.selectOne] | --> ==> Parameters: lzskcloud@qq.com(String)|
- | [] | [20190725 08:46:30.978] | [DEBUG] | [PC-20190528OEHK] | [http-nio-22000-exec-7] | [c.z.s.m.mapper.UserMapper.selectOne] | --> <==      Total: 1|
- | [] | [20190725 08:46:30.998] | [INFO] | [PC-20190528OEHK] | [http-nio-22000-exec-8] | [c.z.s.s.controller.UserController] | --> 获取用户详细信息:dto:{"userId":1}|
- | [] | [20190725 08:46:30.999] | [DEBUG] | [PC-20190528OEHK] | [http-nio-22000-exec-8] | [c.z.s.m.mapper.UserMapper.selectOne] | --> ==>  Preparing: SELECT ID,PHONE,EMAIL,PASSWORD,ID_CARD,USER_NAME,GENDER,IS_EMAIL_VALID,LAST_COMPANY_ID,PERMISSION_TYPE,PERMISSION_ORG_IDS,UPDATE_BY_ID,UPDATE_TIME,CREATE_BY_ID,CREATE_TIME,IS_DEL FROM scf_user WHERE IS_DEL=0 AND id = ? |
- | [] | [20190725 08:46:30.999] | [DEBUG] | [PC-20190528OEHK] | [http-nio-22000-exec-8] | [c.z.s.m.mapper.UserMapper.selectOne] | --> ==> Parameters: 1(Long)|
- | [] | [20190725 08:46:31.001] | [DEBUG] | [PC-20190528OEHK] | [http-nio-22000-exec-8] | [c.z.s.m.mapper.UserMapper.selectOne] | --> <==      Total: 1|
- | [] | [20190725 08:46:31.002] | [DEBUG] | [PC-20190528OEHK] | [http-nio-22000-exec-8] | [c.z.s.m.m.C.selectList] | --> ==>  Preparing: SELECT ID,COMPANY_ID,USER_ID,STATUS,LEAVE_TIME,CREATE_TIME,UPDATE_TIME,IS_DELETE FROM scf_cfg_company_user WHERE user_id = ? AND is_delete = ? AND status = ? |
- | [] | [20190725 08:46:31.003] | [DEBUG] | [PC-20190528OEHK] | [http-nio-22000-exec-8] | [c.z.s.m.m.C.selectList] | --> ==> Parameters: 1(Long), 0(Integer), 1(Integer)|
- | [] | [20190725 08:46:31.007] | [DEBUG] | [PC-20190528OEHK] | [http-nio-22000-exec-8] | [c.z.s.m.m.C.selectList] | --> <==      Total: 1|
- | [] | [20190725 08:46:31.008] | [DEBUG] | [PC-20190528OEHK] | [http-nio-22000-exec-8] | [c.z.s.m.m.CompanyMapper.selectById] | --> ==>  Preparing: SELECT ID,COMPANY_NAME,BLIC_URL,CREDIT_CODE,BLIC_END_DATE,PROVINCE_NAME,CITY_NAME,DISTRICT_NAME,DETAIL_ADDR,COMPANY_NATURE,COMPANY_NATURE_CONCRETE,CONTACT_NUMBER,STAFF_SIZE,COMPANY_CATEGORY,LEGAL_PERSON_CERT_FRONT_URL,LEGAL_PERSON_CERT_BACK_URL,LEGAL_PERSON_NAME,LEGAL_PERSON_CERT_NO,LEGAL_PERSON_CERT_END_DATE,AUPIS_LEP,PORXY_PERSON_CERT_FRONT_URL,PORXY_PERSON_CERT_BACK_URL,PORXY_PERSON_NAME,PORXY_PERSON_CERT_NO,PORXY_PERSON_CERT_END_DATE,PORXY_COMMISSION_URL,REG_USER_ID,STATUS,UPDATE_BY_ID,UPDATE_TIME,CREATE_BY_ID,CREATE_TIME,IS_DELETE FROM scf_company WHERE ID=? |
- | [] | [20190725 08:46:31.008] | [DEBUG] | [PC-20190528OEHK] | [http-nio-22000-exec-8] | [c.z.s.m.m.CompanyMapper.selectById] | --> ==> Parameters: 1(Long)|
- | [] | [20190725 08:46:31.011] | [DEBUG] | [PC-20190528OEHK] | [http-nio-22000-exec-8] | [c.z.s.m.m.CompanyMapper.selectById] | --> <==      Total: 1|
- | [] | [20190725 08:46:31.011] | [DEBUG] | [PC-20190528OEHK] | [http-nio-22000-exec-8] | [c.z.s.m.m.R.findUserRolesByCompanyId] | --> ==>  Preparing: select scr.* from scf_cfg_role scr join scf_cfg_role_user scru on scr.id = scru.role_id where scr.`status` = 1 and scru.user_id = ? and scr.company_id = ? |
- | [] | [20190725 08:46:31.011] | [DEBUG] | [PC-20190528OEHK] | [http-nio-22000-exec-8] | [c.z.s.m.m.R.findUserRolesByCompanyId] | --> ==> Parameters: 1(Long), 1(Long)|
- | [] | [20190725 08:46:31.013] | [DEBUG] | [PC-20190528OEHK] | [http-nio-22000-exec-8] | [c.z.s.m.m.R.findUserRolesByCompanyId] | --> <==      Total: 1|
- | [] | [20190725 08:46:31.013] | [DEBUG] | [PC-20190528OEHK] | [http-nio-22000-exec-8] | [c.z.s.m.m.MenuMapper.findHaveMenu] | --> ==>  Preparing: select DISTINCT sm.* from scf_menu sm left join scf_cfg_system_function scsf on scsf.menu_id = sm.id left join scf_cfg_role_function scrf on scrf.funct_code = scsf.func_code where sm.`status` = 1 and scrf.role_id in(1) |
- | [] | [20190725 08:46:31.013] | [DEBUG] | [PC-20190528OEHK] | [http-nio-22000-exec-8] | [c.z.s.m.m.MenuMapper.findHaveMenu] | --> ==> Parameters: |
- | [] | [20190725 08:46:31.024] | [DEBUG] | [PC-20190528OEHK] | [http-nio-22000-exec-8] | [c.z.s.m.m.MenuMapper.findHaveMenu] | --> <==      Total: 9|
- | [] | [20190725 08:46:31.024] | [DEBUG] | [PC-20190528OEHK] | [http-nio-22000-exec-8] | [c.z.s.m.m.S.findFuncListByRoleIds] | --> ==>  Preparing: SELECT DISTINCT scyf.* FROM scf_cfg_system_function scyf JOIN scf_cfg_role_function scrf ON scyf.func_code = scrf.funct_code WHERE scrf.role_id IN( 1) |
- | [] | [20190725 08:46:31.024] | [DEBUG] | [PC-20190528OEHK] | [http-nio-22000-exec-8] | [c.z.s.m.m.S.findFuncListByRoleIds] | --> ==> Parameters: |
- | [] | [20190725 08:46:31.029] | [DEBUG] | [PC-20190528OEHK] | [http-nio-22000-exec-8] | [c.z.s.m.m.S.findFuncListByRoleIds] | --> <==      Total: 39|
- | [] | [20190725 08:46:31.030] | [DEBUG] | [PC-20190528OEHK] | [http-nio-22000-exec-8] | [c.z.s.m.m.CompanyMapper.selectList] | --> ==>  Preparing: SELECT ID,COMPANY_NAME,BLIC_URL,CREDIT_CODE,BLIC_END_DATE,PROVINCE_NAME,CITY_NAME,DISTRICT_NAME,DETAIL_ADDR,COMPANY_NATURE,COMPANY_NATURE_CONCRETE,CONTACT_NUMBER,STAFF_SIZE,COMPANY_CATEGORY,LEGAL_PERSON_CERT_FRONT_URL,LEGAL_PERSON_CERT_BACK_URL,LEGAL_PERSON_NAME,LEGAL_PERSON_CERT_NO,LEGAL_PERSON_CERT_END_DATE,AUPIS_LEP,PORXY_PERSON_CERT_FRONT_URL,PORXY_PERSON_CERT_BACK_URL,PORXY_PERSON_NAME,PORXY_PERSON_CERT_NO,PORXY_PERSON_CERT_END_DATE,PORXY_COMMISSION_URL,REG_USER_ID,STATUS,UPDATE_BY_ID,UPDATE_TIME,CREATE_BY_ID,CREATE_TIME,IS_DELETE FROM scf_company WHERE id IN (?) AND is_delete = ? AND status = ? |
- | [] | [20190725 08:46:31.030] | [DEBUG] | [PC-20190528OEHK] | [http-nio-22000-exec-8] | [c.z.s.m.m.CompanyMapper.selectList] | --> ==> Parameters: 1(Long), 0(Integer), 1(Integer)|
- | [] | [20190725 08:46:31.032] | [DEBUG] | [PC-20190528OEHK] | [http-nio-22000-exec-8] | [c.z.s.m.m.CompanyMapper.selectList] | --> <==      Total: 1|
- | [] | [20190725 08:46:31.053] | [INFO] | [PC-20190528OEHK] | [http-nio-22000-exec-9] | [c.z.s.s.controller.UserController] | --> 密码输入是否正确{"createTime":"2019-06-06T05:07:14","email":"lzskcloud@qq.com","gender":1,"id":1,"idCard":"1111111111111111","isDel":0,"lastCompanyId":1,"password":"123456","permissionOrgIds":"1,23,11","permissionType":2,"phone":"13266862339","updateTime":"2019-07-20T16:54:27","userName":"admin"} |
- | [] | [20190725 08:46:31.053] | [DEBUG] | [PC-20190528OEHK] | [http-nio-22000-exec-9] | [c.z.s.m.mapper.UserMapper.updateById] | --> ==>  Preparing: UPDATE scf_user SET PHONE=?, EMAIL=?, PASSWORD=?, ID_CARD=?, USER_NAME=?, GENDER=?, IS_EMAIL_VALID=?, LAST_COMPANY_ID=?, PERMISSION_TYPE=?, PERMISSION_ORG_IDS=?, UPDATE_BY_ID=?, UPDATE_TIME=?, CREATE_BY_ID=?, CREATE_TIME=? WHERE ID=? AND IS_DEL=0 |
- | [] | [20190725 08:46:31.054] | [DEBUG] | [PC-20190528OEHK] | [http-nio-22000-exec-9] | [c.z.s.m.mapper.UserMapper.updateById] | --> ==> Parameters: 13266862339(String), lzskcloud@qq.com(String), 123456(String), 1111111111111111(String), admin(String), 1(Integer), null, 1(Long), 2(Integer), 1,23,11(String), null, 2019-07-20 16:54:27.0(Timestamp), null, 2019-06-06 05:07:14.0(Timestamp), 1(Long)|
- | [] | [20190725 08:46:31.056] | [DEBUG] | [PC-20190528OEHK] | [http-nio-22000-exec-9] | [c.z.s.m.mapper.UserMapper.updateById] | --> <==    Updates: 1|
- | [] | [20190725 08:46:35.406] | [INFO] | [PC-20190528OEHK] | [http-nio-22000-exec-10] | [c.z.s.s.controller.CompanyController] | --> subject:是否弹出邀请成员引导(只有一个成员时弹出),companyId:1|
- | [] | [20190725 08:46:35.407] | [DEBUG] | [PC-20190528OEHK] | [http-nio-22000-exec-10] | [c.z.s.m.m.C.findCompanyUserListById] | --> ==>  Preparing: SELECT su.id, su.user_name, su.email, su.phone FROM `scf_cfg_company_user` sccu LEFT JOIN scf_user su ON su.id = sccu.user_id WHERE sccu.company_id = ? |
- | [] | [20190725 08:46:35.407] | [DEBUG] | [PC-20190528OEHK] | [http-nio-22000-exec-10] | [c.z.s.m.m.C.findCompanyUserListById] | --> ==> Parameters: 1(Long)|
- | [] | [20190725 08:46:35.411] | [DEBUG] | [PC-20190528OEHK] | [http-nio-22000-exec-10] | [c.z.s.m.m.C.findCompanyUserListById] | --> <==      Total: 20|
- | [] | [20190725 08:47:38.887] | [INFO] | [PC-20190528OEHK] | [AsyncResolver-bootstrap-executor-0] | [c.n.d.s.r.aws.ConfigClusterResolver] | --> Resolving eureka endpoints via configuration|
- | [] | [20190725 08:52:38.893] | [INFO] | [PC-20190528OEHK] | [AsyncResolver-bootstrap-executor-0] | [c.n.d.s.r.aws.ConfigClusterResolver] | --> Resolving eureka endpoints via configuration|
- | [] | [20190725 08:57:38.898] | [INFO] | [PC-20190528OEHK] | [AsyncResolver-bootstrap-executor-0] | [c.n.d.s.r.aws.ConfigClusterResolver] | --> Resolving eureka endpoints via configuration|
- | [] | [20190725 09:02:38.904] | [INFO] | [PC-20190528OEHK] | [AsyncResolver-bootstrap-executor-0] | [c.n.d.s.r.aws.ConfigClusterResolver] | --> Resolving eureka endpoints via configuration|
- | [] | [20190725 09:07:38.910] | [INFO] | [PC-20190528OEHK] | [AsyncResolver-bootstrap-executor-0] | [c.n.d.s.r.aws.ConfigClusterResolver] | --> Resolving eureka endpoints via configuration|
- | [] | [20190725 09:12:38.916] | [INFO] | [PC-20190528OEHK] | [AsyncResolver-bootstrap-executor-0] | [c.n.d.s.r.aws.ConfigClusterResolver] | --> Resolving eureka endpoints via configuration|
- | [] | [20190725 09:17:40.784] | [INFO] | [PC-20190528OEHK] | [main] | [c.z.s.s.ScfcloudSystemApplication] | --> No active profile set, falling back to default profiles: default|
- | [] | [20190725 09:17:42.569] | [INFO] | [PC-20190528OEHK] | [main] | [o.a.coyote.http11.Http11NioProtocol] | --> Initializing ProtocolHandler ["http-nio-22000"]|
- | [] | [20190725 09:17:42.576] | [INFO] | [PC-20190528OEHK] | [main] | [o.a.catalina.core.StandardService] | --> Starting service [Tomcat]|
- | [] | [20190725 09:17:42.576] | [INFO] | [PC-20190528OEHK] | [main] | [o.a.catalina.core.StandardEngine] | --> Starting Servlet engine: [Apache Tomcat/9.0.17]|
- | [] | [20190725 09:17:42.705] | [INFO] | [PC-20190528OEHK] | [main] | [o.a.c.c.C.[Tomcat].[localhost].[/]] | --> Initializing Spring embedded WebApplicationContext|
- | [] | [20190725 09:17:43.046] | [INFO] | [PC-20190528OEHK] | [main] | [c.a.d.s.b.a.DruidDataSourceAutoConfigure] | --> Init DruidDataSource|
- | [] | [20190725 09:17:43.280] | [INFO] | [PC-20190528OEHK] | [main] | [c.alibaba.druid.pool.DruidDataSource] | --> {dataSource-1} inited|
- | [] | [20190725 09:17:43.513] | [WARN] | [PC-20190528OEHK] | [main] | [o.m.spring.SqlSessionFactoryBean] | --> Can't find class in '[classpath*:com/zhjs/scfcloud/model/enums]' package. Please check your configuration.|
- | [] | [20190725 09:17:45.096] | [INFO] | [PC-20190528OEHK] | [main] | [s.d.s.w.PropertySourcedRequestMappingHandlerMapping] | --> Mapped URL path [/v2/api-docs] onto method [public org.springframework.http.ResponseEntity<springfox.documentation.spring.web.json.Json> springfox.documentation.swagger2.web.Swagger2Controller.getDocumentation(java.lang.String,javax.servlet.http.HttpServletRequest)]|
- | [] | [20190725 09:17:45.114] | [WARN] | [PC-20190528OEHK] | [main] | [c.n.c.sources.URLConfigurationSource] | --> No URLs will be polled as dynamic configuration sources.|
- | [] | [20190725 09:17:45.115] | [INFO] | [PC-20190528OEHK] | [main] | [c.n.c.sources.URLConfigurationSource] | --> To enable URLs as dynamic configuration sources, define System property archaius.configurationSource.additionalUrls or make config.properties available on classpath.|
- | [] | [20190725 09:17:45.118] | [WARN] | [PC-20190528OEHK] | [main] | [c.n.c.sources.URLConfigurationSource] | --> No URLs will be polled as dynamic configuration sources.|
- | [] | [20190725 09:17:45.118] | [INFO] | [PC-20190528OEHK] | [main] | [c.n.c.sources.URLConfigurationSource] | --> To enable URLs as dynamic configuration sources, define System property archaius.configurationSource.additionalUrls or make config.properties available on classpath.|
- | [] | [20190725 09:17:45.936] | [INFO] | [PC-20190528OEHK] | [main] | [c.netflix.discovery.DiscoveryClient] | --> Initializing Eureka in region us-east-1|
- | [] | [20190725 09:17:46.077] | [INFO] | [PC-20190528OEHK] | [main] | [c.n.d.p.DiscoveryJerseyProvider] | --> Using JSON encoding codec LegacyJacksonJson|
- | [] | [20190725 09:17:46.077] | [INFO] | [PC-20190528OEHK] | [main] | [c.n.d.p.DiscoveryJerseyProvider] | --> Using JSON decoding codec LegacyJacksonJson|
- | [] | [20190725 09:17:46.154] | [INFO] | [PC-20190528OEHK] | [main] | [c.n.d.p.DiscoveryJerseyProvider] | --> Using XML encoding codec XStreamXml|
- | [] | [20190725 09:17:46.154] | [INFO] | [PC-20190528OEHK] | [main] | [c.n.d.p.DiscoveryJerseyProvider] | --> Using XML decoding codec XStreamXml|
- | [] | [20190725 09:17:46.307] | [INFO] | [PC-20190528OEHK] | [main] | [c.n.d.s.r.aws.ConfigClusterResolver] | --> Resolving eureka endpoints via configuration|
- | [] | [20190725 09:17:46.333] | [INFO] | [PC-20190528OEHK] | [main] | [c.netflix.discovery.DiscoveryClient] | --> Disable delta property : false|
- | [] | [20190725 09:17:46.334] | [INFO] | [PC-20190528OEHK] | [main] | [c.netflix.discovery.DiscoveryClient] | --> Single vip registry refresh property : null|
- | [] | [20190725 09:17:46.334] | [INFO] | [PC-20190528OEHK] | [main] | [c.netflix.discovery.DiscoveryClient] | --> Force full registry fetch : false|
- | [] | [20190725 09:17:46.334] | [INFO] | [PC-20190528OEHK] | [main] | [c.netflix.discovery.DiscoveryClient] | --> Application is null : false|
- | [] | [20190725 09:17:46.334] | [INFO] | [PC-20190528OEHK] | [main] | [c.netflix.discovery.DiscoveryClient] | --> Registered Applications size is zero : true|
- | [] | [20190725 09:17:46.334] | [INFO] | [PC-20190528OEHK] | [main] | [c.netflix.discovery.DiscoveryClient] | --> Application version is -1: true|
- | [] | [20190725 09:17:46.334] | [INFO] | [PC-20190528OEHK] | [main] | [c.netflix.discovery.DiscoveryClient] | --> Getting all instance registry info from the eureka server|
- | [] | [20190725 09:17:46.411] | [INFO] | [PC-20190528OEHK] | [main] | [c.netflix.discovery.DiscoveryClient] | --> The response status is 200|
- | [] | [20190725 09:17:46.414] | [INFO] | [PC-20190528OEHK] | [main] | [c.netflix.discovery.DiscoveryClient] | --> Starting heartbeat executor: renew interval is: 30|
- | [] | [20190725 09:17:46.416] | [INFO] | [PC-20190528OEHK] | [main] | [c.n.discovery.InstanceInfoReplicator] | --> InstanceInfoReplicator onDemand update allowed rate per min is 4|
- | [] | [20190725 09:17:46.418] | [INFO] | [PC-20190528OEHK] | [main] | [c.netflix.discovery.DiscoveryClient] | --> Discovery Client initialized at timestamp 1564017466417 with initial instances count: 3|
- | [] | [20190725 09:17:46.420] | [INFO] | [PC-20190528OEHK] | [main] | [c.netflix.discovery.DiscoveryClient] | --> Saw local status change event StatusChangeEvent [timestamp=1564017466420, current=UP, previous=STARTING]|
- | [] | [20190725 09:17:46.421] | [INFO] | [PC-20190528OEHK] | [DiscoveryClient-InstanceInfoReplicator-0] | [c.netflix.discovery.DiscoveryClient] | --> DiscoveryClient_SCFCLOUD-SYSTEM/PC-20190528OEHK:scfcloud-system:22000: registering service...|
- | [] | [20190725 09:17:46.421] | [INFO] | [PC-20190528OEHK] | [main] | [s.d.s.w.p.DocumentationPluginsBootstrapper] | --> Context refreshed|
- | [] | [20190725 09:17:46.433] | [INFO] | [PC-20190528OEHK] | [main] | [s.d.s.w.p.DocumentationPluginsBootstrapper] | --> Found 1 custom documentation plugin(s)|
- | [] | [20190725 09:17:46.448] | [INFO] | [PC-20190528OEHK] | [DiscoveryClient-InstanceInfoReplicator-0] | [c.netflix.discovery.DiscoveryClient] | --> DiscoveryClient_SCFCLOUD-SYSTEM/PC-20190528OEHK:scfcloud-system:22000 - registration status: 204|
- | [] | [20190725 09:17:46.459] | [INFO] | [PC-20190528OEHK] | [main] | [s.d.s.w.s.ApiListingReferenceScanner] | --> Scanning for api listing references|
- | [] | [20190725 09:17:46.548] | [INFO] | [PC-20190528OEHK] | [main] | [s.d.s.w.r.o.CachingOperationNameGenerator] | --> Generating unique operation named: addUsingPOST_1|
- | [] | [20190725 09:17:46.561] | [INFO] | [PC-20190528OEHK] | [main] | [s.d.s.w.r.o.CachingOperationNameGenerator] | --> Generating unique operation named: addUsingPOST_2|
- | [] | [20190725 09:17:46.564] | [INFO] | [PC-20190528OEHK] | [main] | [s.d.s.w.r.o.CachingOperationNameGenerator] | --> Generating unique operation named: findListUsingPOST_1|
- | [] | [20190725 09:17:46.606] | [INFO] | [PC-20190528OEHK] | [main] | [s.d.s.w.r.o.CachingOperationNameGenerator] | --> Generating unique operation named: findListUsingPOST_2|
- | [] | [20190725 09:17:46.666] | [INFO] | [PC-20190528OEHK] | [main] | [s.d.s.w.r.o.CachingOperationNameGenerator] | --> Generating unique operation named: auditCommitUsingPOST_1|
- | [] | [20190725 09:17:46.670] | [INFO] | [PC-20190528OEHK] | [main] | [s.d.s.w.r.o.CachingOperationNameGenerator] | --> Generating unique operation named: saveDraftUsingPOST_1|
- | [] | [20190725 09:17:46.672] | [INFO] | [PC-20190528OEHK] | [main] | [s.d.s.w.r.o.CachingOperationNameGenerator] | --> Generating unique operation named: saveFileUsingPOST_1|
- | [] | [20190725 09:17:46.714] | [INFO] | [PC-20190528OEHK] | [main] | [s.d.s.w.r.o.CachingOperationNameGenerator] | --> Generating unique operation named: addUsingPOST_3|
- | [] | [20190725 09:17:46.716] | [INFO] | [PC-20190528OEHK] | [main] | [s.d.s.w.r.o.CachingOperationNameGenerator] | --> Generating unique operation named: deleteUsingPOST_1|
- | [] | [20190725 09:17:46.720] | [INFO] | [PC-20190528OEHK] | [main] | [s.d.s.w.r.o.CachingOperationNameGenerator] | --> Generating unique operation named: findListUsingPOST_3|
- | [] | [20190725 09:17:46.725] | [INFO] | [PC-20190528OEHK] | [main] | [s.d.s.w.r.o.CachingOperationNameGenerator] | --> Generating unique operation named: isExistUsingPOST_1|
- | [] | [20190725 09:17:46.727] | [INFO] | [PC-20190528OEHK] | [main] | [s.d.s.w.r.o.CachingOperationNameGenerator] | --> Generating unique operation named: addUsingPOST_4|
- | [] | [20190725 09:17:46.730] | [INFO] | [PC-20190528OEHK] | [main] | [s.d.s.w.r.o.CachingOperationNameGenerator] | --> Generating unique operation named: deleteUsingPOST_2|
- | [] | [20190725 09:17:46.731] | [INFO] | [PC-20190528OEHK] | [main] | [s.d.s.w.r.o.CachingOperationNameGenerator] | --> Generating unique operation named: editUsingPOST_1|
- | [] | [20190725 09:17:46.733] | [INFO] | [PC-20190528OEHK] | [main] | [s.d.s.w.r.o.CachingOperationNameGenerator] | --> Generating unique operation named: findListUsingPOST_4|
- | [] | [20190725 09:17:46.738] | [INFO] | [PC-20190528OEHK] | [main] | [s.d.s.w.r.o.CachingOperationNameGenerator] | --> Generating unique operation named: deleteByIdUsingPOST_1|
- | [] | [20190725 09:17:46.744] | [INFO] | [PC-20190528OEHK] | [main] | [s.d.s.w.r.o.CachingOperationNameGenerator] | --> Generating unique operation named: addUsingPOST_5|
- | [] | [20190725 09:17:46.745] | [INFO] | [PC-20190528OEHK] | [main] | [s.d.s.w.r.o.CachingOperationNameGenerator] | --> Generating unique operation named: deleteUsingPOST_3|
- | [] | [20190725 09:17:46.746] | [INFO] | [PC-20190528OEHK] | [main] | [s.d.s.w.r.o.CachingOperationNameGenerator] | --> Generating unique operation named: editUsingPOST_2|
- | [] | [20190725 09:17:46.747] | [INFO] | [PC-20190528OEHK] | [main] | [s.d.s.w.r.o.CachingOperationNameGenerator] | --> Generating unique operation named: findListUsingPOST_5|
- | [] | [20190725 09:17:46.749] | [INFO] | [PC-20190528OEHK] | [main] | [s.d.s.w.r.o.CachingOperationNameGenerator] | --> Generating unique operation named: isExistUsingPOST_2|
- | [] | [20190725 09:17:46.750] | [INFO] | [PC-20190528OEHK] | [main] | [s.d.s.w.r.o.CachingOperationNameGenerator] | --> Generating unique operation named: addUsingPOST_6|
- | [] | [20190725 09:17:46.751] | [INFO] | [PC-20190528OEHK] | [main] | [s.d.s.w.r.o.CachingOperationNameGenerator] | --> Generating unique operation named: findListUsingPOST_6|
- | [] | [20190725 09:17:46.752] | [INFO] | [PC-20190528OEHK] | [main] | [s.d.s.w.r.o.CachingOperationNameGenerator] | --> Generating unique operation named: addUsingPOST_7|
- | [] | [20190725 09:17:46.753] | [INFO] | [PC-20190528OEHK] | [main] | [s.d.s.w.r.o.CachingOperationNameGenerator] | --> Generating unique operation named: deleteUsingPOST_4|
- | [] | [20190725 09:17:46.754] | [INFO] | [PC-20190528OEHK] | [main] | [s.d.s.w.r.o.CachingOperationNameGenerator] | --> Generating unique operation named: editUsingPOST_3|
- | [] | [20190725 09:17:46.755] | [INFO] | [PC-20190528OEHK] | [main] | [s.d.s.w.r.o.CachingOperationNameGenerator] | --> Generating unique operation named: findListUsingPOST_7|
- | [] | [20190725 09:17:46.757] | [INFO] | [PC-20190528OEHK] | [main] | [s.d.s.w.r.o.CachingOperationNameGenerator] | --> Generating unique operation named: isExistKeyUsingPOST_1|
- | [] | [20190725 09:17:46.760] | [INFO] | [PC-20190528OEHK] | [main] | [s.d.s.w.r.o.CachingOperationNameGenerator] | --> Generating unique operation named: addUsingPOST_8|
- | [] | [20190725 09:17:46.764] | [INFO] | [PC-20190528OEHK] | [main] | [s.d.s.w.r.o.CachingOperationNameGenerator] | --> Generating unique operation named: deleteUsingPOST_5|
- | [] | [20190725 09:17:46.769] | [INFO] | [PC-20190528OEHK] | [main] | [s.d.s.w.r.o.CachingOperationNameGenerator] | --> Generating unique operation named: editUsingPOST_4|
- | [] | [20190725 09:17:46.784] | [INFO] | [PC-20190528OEHK] | [main] | [s.d.s.w.r.o.CachingOperationNameGenerator] | --> Generating unique operation named: isExistUsingPOST_3|
- | [] | [20190725 09:17:46.791] | [INFO] | [PC-20190528OEHK] | [main] | [s.d.s.w.r.o.CachingOperationNameGenerator] | --> Generating unique operation named: addUsingPOST_9|
- | [] | [20190725 09:17:46.792] | [INFO] | [PC-20190528OEHK] | [main] | [s.d.s.w.r.o.CachingOperationNameGenerator] | --> Generating unique operation named: deleteUsingPOST_6|
- | [] | [20190725 09:17:46.793] | [INFO] | [PC-20190528OEHK] | [main] | [s.d.s.w.r.o.CachingOperationNameGenerator] | --> Generating unique operation named: editUsingPOST_5|
- | [] | [20190725 09:17:46.795] | [INFO] | [PC-20190528OEHK] | [main] | [s.d.s.w.r.o.CachingOperationNameGenerator] | --> Generating unique operation named: findListUsingPOST_8|
- | [] | [20190725 09:17:46.798] | [INFO] | [PC-20190528OEHK] | [main] | [s.d.s.w.r.o.CachingOperationNameGenerator] | --> Generating unique operation named: isExistUsingPOST_4|
- | [] | [20190725 09:17:46.800] | [INFO] | [PC-20190528OEHK] | [main] | [s.d.s.w.r.o.CachingOperationNameGenerator] | --> Generating unique operation named: addUsingPOST_10|
- | [] | [20190725 09:17:46.801] | [INFO] | [PC-20190528OEHK] | [main] | [s.d.s.w.r.o.CachingOperationNameGenerator] | --> Generating unique operation named: deleteUsingPOST_7|
- | [] | [20190725 09:17:46.803] | [INFO] | [PC-20190528OEHK] | [main] | [s.d.s.w.r.o.CachingOperationNameGenerator] | --> Generating unique operation named: editUsingPOST_6|
- | [] | [20190725 09:17:46.804] | [INFO] | [PC-20190528OEHK] | [main] | [s.d.s.w.r.o.CachingOperationNameGenerator] | --> Generating unique operation named: findListUsingPOST_9|
- | [] | [20190725 09:17:46.805] | [INFO] | [PC-20190528OEHK] | [main] | [s.d.s.w.r.o.CachingOperationNameGenerator] | --> Generating unique operation named: selectListUsingPOST_1|
- | [] | [20190725 09:17:46.821] | [INFO] | [PC-20190528OEHK] | [main] | [s.d.s.w.r.o.CachingOperationNameGenerator] | --> Generating unique operation named: deleteByIdUsingPOST_2|
- | [] | [20190725 09:17:46.837] | [INFO] | [PC-20190528OEHK] | [main] | [s.d.s.w.r.o.CachingOperationNameGenerator] | --> Generating unique operation named: findUserDataPermissionListUsingPOST_1|
- | [] | [20190725 09:17:46.841] | [INFO] | [PC-20190528OEHK] | [main] | [s.d.s.w.r.o.CachingOperationNameGenerator] | --> Generating unique operation named: findUserlistUsingPOST_1|
- | [] | [20190725 09:17:46.885] | [INFO] | [PC-20190528OEHK] | [main] | [s.d.s.w.r.o.CachingOperationNameGenerator] | --> Generating unique operation named: phoneCheckUsingPOST_1|
- | [] | [20190725 09:17:46.923] | [INFO] | [PC-20190528OEHK] | [main] | [o.a.coyote.http11.Http11NioProtocol] | --> Starting ProtocolHandler ["http-nio-22000"]|
- | [] | [20190725 09:17:46.950] | [INFO] | [PC-20190528OEHK] | [main] | [c.z.s.s.ScfcloudSystemApplication] | --> Started ScfcloudSystemApplication in 7.391 seconds (JVM running for 7.959)|
- | [] | [20190725 09:22:46.340] | [INFO] | [PC-20190528OEHK] | [AsyncResolver-bootstrap-executor-0] | [c.n.d.s.r.aws.ConfigClusterResolver] | --> Resolving eureka endpoints via configuration|
- | [] | [20190725 09:27:46.347] | [INFO] | [PC-20190528OEHK] | [AsyncResolver-bootstrap-executor-0] | [c.n.d.s.r.aws.ConfigClusterResolver] | --> Resolving eureka endpoints via configuration|
- | [] | [20190725 09:28:17.337] | [INFO] | [PC-20190528OEHK] | [http-nio-22000-exec-1] | [o.a.c.c.C.[Tomcat].[localhost].[/]] | --> Initializing Spring DispatcherServlet 'dispatcherServlet'|
- | [] | [20190725 09:28:17.367] | [INFO] | [PC-20190528OEHK] | [http-nio-22000-exec-1] | [c.z.s.s.controller.UserController] | --> 根据邮箱查询用户:dto:"lzskcloud@qq.com"|
- | [] | [20190725 09:28:17.414] | [DEBUG] | [PC-20190528OEHK] | [http-nio-22000-exec-1] | [c.z.s.m.mapper.UserMapper.selectOne] | --> ==>  Preparing: SELECT ID,PHONE,EMAIL,PASSWORD,ID_CARD,USER_NAME,GENDER,IS_EMAIL_VALID,LAST_COMPANY_ID,PERMISSION_TYPE,PERMISSION_ORG_IDS,UPDATE_BY_ID,UPDATE_TIME,CREATE_BY_ID,CREATE_TIME,IS_DEL FROM scf_user WHERE IS_DEL=0 AND email = ? |
- | [] | [20190725 09:28:17.430] | [DEBUG] | [PC-20190528OEHK] | [http-nio-22000-exec-1] | [c.z.s.m.mapper.UserMapper.selectOne] | --> ==> Parameters: lzskcloud@qq.com(String)|
- | [] | [20190725 09:28:17.452] | [DEBUG] | [PC-20190528OEHK] | [http-nio-22000-exec-1] | [c.z.s.m.mapper.UserMapper.selectOne] | --> <==      Total: 1|
- | [] | [20190725 09:28:17.497] | [INFO] | [PC-20190528OEHK] | [http-nio-22000-exec-6] | [c.z.s.s.controller.UserController] | --> 获取用户详细信息:dto:{"userId":1}|
- | [] | [20190725 09:28:17.499] | [DEBUG] | [PC-20190528OEHK] | [http-nio-22000-exec-6] | [c.z.s.m.mapper.UserMapper.selectOne] | --> ==>  Preparing: SELECT ID,PHONE,EMAIL,PASSWORD,ID_CARD,USER_NAME,GENDER,IS_EMAIL_VALID,LAST_COMPANY_ID,PERMISSION_TYPE,PERMISSION_ORG_IDS,UPDATE_BY_ID,UPDATE_TIME,CREATE_BY_ID,CREATE_TIME,IS_DEL FROM scf_user WHERE IS_DEL=0 AND id = ? |
- | [] | [20190725 09:28:17.500] | [DEBUG] | [PC-20190528OEHK] | [http-nio-22000-exec-6] | [c.z.s.m.mapper.UserMapper.selectOne] | --> ==> Parameters: 1(Long)|
- | [] | [20190725 09:28:17.501] | [DEBUG] | [PC-20190528OEHK] | [http-nio-22000-exec-6] | [c.z.s.m.mapper.UserMapper.selectOne] | --> <==      Total: 1|
- | [] | [20190725 09:28:17.505] | [DEBUG] | [PC-20190528OEHK] | [http-nio-22000-exec-6] | [c.z.s.m.m.C.selectList] | --> ==>  Preparing: SELECT ID,COMPANY_ID,USER_ID,STATUS,LEAVE_TIME,CREATE_TIME,UPDATE_TIME,IS_DELETE FROM scf_cfg_company_user WHERE user_id = ? AND is_delete = ? AND status = ? |
- | [] | [20190725 09:28:17.506] | [DEBUG] | [PC-20190528OEHK] | [http-nio-22000-exec-6] | [c.z.s.m.m.C.selectList] | --> ==> Parameters: 1(Long), 0(Integer), 1(Integer)|
- | [] | [20190725 09:28:17.512] | [DEBUG] | [PC-20190528OEHK] | [http-nio-22000-exec-6] | [c.z.s.m.m.C.selectList] | --> <==      Total: 1|
- | [] | [20190725 09:28:17.513] | [DEBUG] | [PC-20190528OEHK] | [http-nio-22000-exec-6] | [c.z.s.m.m.CompanyMapper.selectById] | --> ==>  Preparing: SELECT ID,COMPANY_NAME,BLIC_URL,CREDIT_CODE,BLIC_END_DATE,PROVINCE_NAME,CITY_NAME,DISTRICT_NAME,DETAIL_ADDR,COMPANY_NATURE,COMPANY_NATURE_CONCRETE,CONTACT_NUMBER,STAFF_SIZE,COMPANY_CATEGORY,LEGAL_PERSON_CERT_FRONT_URL,LEGAL_PERSON_CERT_BACK_URL,LEGAL_PERSON_NAME,LEGAL_PERSON_CERT_NO,LEGAL_PERSON_CERT_END_DATE,AUPIS_LEP,PORXY_PERSON_CERT_FRONT_URL,PORXY_PERSON_CERT_BACK_URL,PORXY_PERSON_NAME,PORXY_PERSON_CERT_NO,PORXY_PERSON_CERT_END_DATE,PORXY_COMMISSION_URL,REG_USER_ID,STATUS,UPDATE_BY_ID,UPDATE_TIME,CREATE_BY_ID,CREATE_TIME,IS_DELETE FROM scf_company WHERE ID=? |
- | [] | [20190725 09:28:17.514] | [DEBUG] | [PC-20190528OEHK] | [http-nio-22000-exec-6] | [c.z.s.m.m.CompanyMapper.selectById] | --> ==> Parameters: 1(Long)|
- | [] | [20190725 09:28:17.518] | [DEBUG] | [PC-20190528OEHK] | [http-nio-22000-exec-6] | [c.z.s.m.m.CompanyMapper.selectById] | --> <==      Total: 1|
- | [] | [20190725 09:28:17.519] | [DEBUG] | [PC-20190528OEHK] | [http-nio-22000-exec-6] | [c.z.s.m.m.R.findUserRolesByCompanyId] | --> ==>  Preparing: select scr.* from scf_cfg_role scr join scf_cfg_role_user scru on scr.id = scru.role_id where scr.`status` = 1 and scru.user_id = ? and scr.company_id = ? |
- | [] | [20190725 09:28:17.519] | [DEBUG] | [PC-20190528OEHK] | [http-nio-22000-exec-6] | [c.z.s.m.m.R.findUserRolesByCompanyId] | --> ==> Parameters: 1(Long), 1(Long)|
- | [] | [20190725 09:28:17.522] | [DEBUG] | [PC-20190528OEHK] | [http-nio-22000-exec-6] | [c.z.s.m.m.R.findUserRolesByCompanyId] | --> <==      Total: 1|
- | [] | [20190725 09:28:17.525] | [DEBUG] | [PC-20190528OEHK] | [http-nio-22000-exec-6] | [c.z.s.m.m.MenuMapper.findHaveMenu] | --> ==>  Preparing: select DISTINCT sm.* from scf_menu sm left join scf_cfg_system_function scsf on scsf.menu_id = sm.id left join scf_cfg_role_function scrf on scrf.funct_code = scsf.func_code where sm.`status` = 1 and scrf.role_id in(1) |
- | [] | [20190725 09:28:17.525] | [DEBUG] | [PC-20190528OEHK] | [http-nio-22000-exec-6] | [c.z.s.m.m.MenuMapper.findHaveMenu] | --> ==> Parameters: |
- | [] | [20190725 09:28:17.531] | [DEBUG] | [PC-20190528OEHK] | [http-nio-22000-exec-6] | [c.z.s.m.m.MenuMapper.findHaveMenu] | --> <==      Total: 9|
- | [] | [20190725 09:28:17.532] | [DEBUG] | [PC-20190528OEHK] | [http-nio-22000-exec-6] | [c.z.s.m.m.S.findFuncListByRoleIds] | --> ==>  Preparing: SELECT DISTINCT scyf.* FROM scf_cfg_system_function scyf JOIN scf_cfg_role_function scrf ON scyf.func_code = scrf.funct_code WHERE scrf.role_id IN( 1) |
- | [] | [20190725 09:28:17.532] | [DEBUG] | [PC-20190528OEHK] | [http-nio-22000-exec-6] | [c.z.s.m.m.S.findFuncListByRoleIds] | --> ==> Parameters: |
- | [] | [20190725 09:28:17.539] | [DEBUG] | [PC-20190528OEHK] | [http-nio-22000-exec-6] | [c.z.s.m.m.S.findFuncListByRoleIds] | --> <==      Total: 39|
- | [] | [20190725 09:28:17.542] | [DEBUG] | [PC-20190528OEHK] | [http-nio-22000-exec-6] | [c.z.s.m.m.CompanyMapper.selectList] | --> ==>  Preparing: SELECT ID,COMPANY_NAME,BLIC_URL,CREDIT_CODE,BLIC_END_DATE,PROVINCE_NAME,CITY_NAME,DISTRICT_NAME,DETAIL_ADDR,COMPANY_NATURE,COMPANY_NATURE_CONCRETE,CONTACT_NUMBER,STAFF_SIZE,COMPANY_CATEGORY,LEGAL_PERSON_CERT_FRONT_URL,LEGAL_PERSON_CERT_BACK_URL,LEGAL_PERSON_NAME,LEGAL_PERSON_CERT_NO,LEGAL_PERSON_CERT_END_DATE,AUPIS_LEP,PORXY_PERSON_CERT_FRONT_URL,PORXY_PERSON_CERT_BACK_URL,PORXY_PERSON_NAME,PORXY_PERSON_CERT_NO,PORXY_PERSON_CERT_END_DATE,PORXY_COMMISSION_URL,REG_USER_ID,STATUS,UPDATE_BY_ID,UPDATE_TIME,CREATE_BY_ID,CREATE_TIME,IS_DELETE FROM scf_company WHERE id IN (?) AND is_delete = ? AND status = ? |
- | [] | [20190725 09:28:17.543] | [DEBUG] | [PC-20190528OEHK] | [http-nio-22000-exec-6] | [c.z.s.m.m.CompanyMapper.selectList] | --> ==> Parameters: 1(Long), 0(Integer), 1(Integer)|
- | [] | [20190725 09:28:17.545] | [DEBUG] | [PC-20190528OEHK] | [http-nio-22000-exec-6] | [c.z.s.m.m.CompanyMapper.selectList] | --> <==      Total: 1|
- | [] | [20190725 09:28:17.581] | [INFO] | [PC-20190528OEHK] | [http-nio-22000-exec-4] | [c.z.s.s.controller.UserController] | --> 密码输入是否正确{"createById":1,"createTime":"2019-07-03T10:15:22","email":"lzskcloud@qq.com","gender":1,"id":1,"idCard":"371323196412158334","isDel":0,"isEmailValid":1,"lastCompanyId":1,"password":"123456","permissionOrgIds":"1,49,50","permissionType":2,"phone":"13367966485","updateById":1,"updateTime":"2019-07-19T15:14:49","userName":"超级管理员m"} |
- | [] | [20190725 09:28:17.583] | [DEBUG] | [PC-20190528OEHK] | [http-nio-22000-exec-4] | [c.z.s.m.mapper.UserMapper.updateById] | --> ==>  Preparing: UPDATE scf_user SET PHONE=?, EMAIL=?, PASSWORD=?, ID_CARD=?, USER_NAME=?, GENDER=?, IS_EMAIL_VALID=?, LAST_COMPANY_ID=?, PERMISSION_TYPE=?, PERMISSION_ORG_IDS=?, UPDATE_BY_ID=?, UPDATE_TIME=?, CREATE_BY_ID=?, CREATE_TIME=? WHERE ID=? AND IS_DEL=0 |
- | [] | [20190725 09:28:17.584] | [DEBUG] | [PC-20190528OEHK] | [http-nio-22000-exec-4] | [c.z.s.m.mapper.UserMapper.updateById] | --> ==> Parameters: 13367966485(String), lzskcloud@qq.com(String), 123456(String), 371323196412158334(String), 超级管理员m(String), 1(Integer), 1(Integer), 1(Long), 2(Integer), 1,49,50(String), 1(Long), 2019-07-19 15:14:49.0(Timestamp), 1(Long), 2019-07-03 10:15:22.0(Timestamp), 1(Long)|
- | [] | [20190725 09:28:17.586] | [DEBUG] | [PC-20190528OEHK] | [http-nio-22000-exec-4] | [c.z.s.m.mapper.UserMapper.updateById] | --> <==    Updates: 1|
- | [] | [20190725 09:28:21.718] | [INFO] | [PC-20190528OEHK] | [http-nio-22000-exec-7] | [c.z.s.s.controller.UserController] | --> 根据邮箱查询用户:dto:"lzskcloud@qq.com"|
- | [] | [20190725 09:28:21.719] | [DEBUG] | [PC-20190528OEHK] | [http-nio-22000-exec-7] | [c.z.s.m.mapper.UserMapper.selectOne] | --> ==>  Preparing: SELECT ID,PHONE,EMAIL,PASSWORD,ID_CARD,USER_NAME,GENDER,IS_EMAIL_VALID,LAST_COMPANY_ID,PERMISSION_TYPE,PERMISSION_ORG_IDS,UPDATE_BY_ID,UPDATE_TIME,CREATE_BY_ID,CREATE_TIME,IS_DEL FROM scf_user WHERE IS_DEL=0 AND email = ? |
- | [] | [20190725 09:28:21.720] | [DEBUG] | [PC-20190528OEHK] | [http-nio-22000-exec-7] | [c.z.s.m.mapper.UserMapper.selectOne] | --> ==> Parameters: lzskcloud@qq.com(String)|
- | [] | [20190725 09:28:21.723] | [DEBUG] | [PC-20190528OEHK] | [http-nio-22000-exec-7] | [c.z.s.m.mapper.UserMapper.selectOne] | --> <==      Total: 1|
- | [] | [20190725 09:28:21.728] | [INFO] | [PC-20190528OEHK] | [http-nio-22000-exec-8] | [c.z.s.s.controller.UserController] | --> 获取用户详细信息:dto:{"userId":1}|
- | [] | [20190725 09:28:21.730] | [DEBUG] | [PC-20190528OEHK] | [http-nio-22000-exec-8] | [c.z.s.m.mapper.UserMapper.selectOne] | --> ==>  Preparing: SELECT ID,PHONE,EMAIL,PASSWORD,ID_CARD,USER_NAME,GENDER,IS_EMAIL_VALID,LAST_COMPANY_ID,PERMISSION_TYPE,PERMISSION_ORG_IDS,UPDATE_BY_ID,UPDATE_TIME,CREATE_BY_ID,CREATE_TIME,IS_DEL FROM scf_user WHERE IS_DEL=0 AND id = ? |
- | [] | [20190725 09:28:21.731] | [DEBUG] | [PC-20190528OEHK] | [http-nio-22000-exec-8] | [c.z.s.m.mapper.UserMapper.selectOne] | --> ==> Parameters: 1(Long)|
- | [] | [20190725 09:28:21.733] | [DEBUG] | [PC-20190528OEHK] | [http-nio-22000-exec-8] | [c.z.s.m.mapper.UserMapper.selectOne] | --> <==      Total: 1|
- | [] | [20190725 09:28:21.734] | [DEBUG] | [PC-20190528OEHK] | [http-nio-22000-exec-8] | [c.z.s.m.m.C.selectList] | --> ==>  Preparing: SELECT ID,COMPANY_ID,USER_ID,STATUS,LEAVE_TIME,CREATE_TIME,UPDATE_TIME,IS_DELETE FROM scf_cfg_company_user WHERE user_id = ? AND is_delete = ? AND status = ? |
- | [] | [20190725 09:28:21.734] | [DEBUG] | [PC-20190528OEHK] | [http-nio-22000-exec-8] | [c.z.s.m.m.C.selectList] | --> ==> Parameters: 1(Long), 0(Integer), 1(Integer)|
- | [] | [20190725 09:28:21.736] | [DEBUG] | [PC-20190528OEHK] | [http-nio-22000-exec-8] | [c.z.s.m.m.C.selectList] | --> <==      Total: 1|
- | [] | [20190725 09:28:21.737] | [DEBUG] | [PC-20190528OEHK] | [http-nio-22000-exec-8] | [c.z.s.m.m.CompanyMapper.selectById] | --> ==>  Preparing: SELECT ID,COMPANY_NAME,BLIC_URL,CREDIT_CODE,BLIC_END_DATE,PROVINCE_NAME,CITY_NAME,DISTRICT_NAME,DETAIL_ADDR,COMPANY_NATURE,COMPANY_NATURE_CONCRETE,CONTACT_NUMBER,STAFF_SIZE,COMPANY_CATEGORY,LEGAL_PERSON_CERT_FRONT_URL,LEGAL_PERSON_CERT_BACK_URL,LEGAL_PERSON_NAME,LEGAL_PERSON_CERT_NO,LEGAL_PERSON_CERT_END_DATE,AUPIS_LEP,PORXY_PERSON_CERT_FRONT_URL,PORXY_PERSON_CERT_BACK_URL,PORXY_PERSON_NAME,PORXY_PERSON_CERT_NO,PORXY_PERSON_CERT_END_DATE,PORXY_COMMISSION_URL,REG_USER_ID,STATUS,UPDATE_BY_ID,UPDATE_TIME,CREATE_BY_ID,CREATE_TIME,IS_DELETE FROM scf_company WHERE ID=? |
- | [] | [20190725 09:28:21.738] | [DEBUG] | [PC-20190528OEHK] | [http-nio-22000-exec-8] | [c.z.s.m.m.CompanyMapper.selectById] | --> ==> Parameters: 1(Long)|
- | [] | [20190725 09:28:21.741] | [DEBUG] | [PC-20190528OEHK] | [http-nio-22000-exec-8] | [c.z.s.m.m.CompanyMapper.selectById] | --> <==      Total: 1|
- | [] | [20190725 09:28:21.741] | [DEBUG] | [PC-20190528OEHK] | [http-nio-22000-exec-8] | [c.z.s.m.m.R.findUserRolesByCompanyId] | --> ==>  Preparing: select scr.* from scf_cfg_role scr join scf_cfg_role_user scru on scr.id = scru.role_id where scr.`status` = 1 and scru.user_id = ? and scr.company_id = ? |
- | [] | [20190725 09:28:21.742] | [DEBUG] | [PC-20190528OEHK] | [http-nio-22000-exec-8] | [c.z.s.m.m.R.findUserRolesByCompanyId] | --> ==> Parameters: 1(Long), 1(Long)|
- | [] | [20190725 09:28:21.744] | [DEBUG] | [PC-20190528OEHK] | [http-nio-22000-exec-8] | [c.z.s.m.m.R.findUserRolesByCompanyId] | --> <==      Total: 1|
- | [] | [20190725 09:28:21.744] | [DEBUG] | [PC-20190528OEHK] | [http-nio-22000-exec-8] | [c.z.s.m.m.MenuMapper.findHaveMenu] | --> ==>  Preparing: select DISTINCT sm.* from scf_menu sm left join scf_cfg_system_function scsf on scsf.menu_id = sm.id left join scf_cfg_role_function scrf on scrf.funct_code = scsf.func_code where sm.`status` = 1 and scrf.role_id in(1) |
- | [] | [20190725 09:28:21.744] | [DEBUG] | [PC-20190528OEHK] | [http-nio-22000-exec-8] | [c.z.s.m.m.MenuMapper.findHaveMenu] | --> ==> Parameters: |
- | [] | [20190725 09:28:21.750] | [DEBUG] | [PC-20190528OEHK] | [http-nio-22000-exec-8] | [c.z.s.m.m.MenuMapper.findHaveMenu] | --> <==      Total: 9|
- | [] | [20190725 09:28:21.751] | [DEBUG] | [PC-20190528OEHK] | [http-nio-22000-exec-8] | [c.z.s.m.m.S.findFuncListByRoleIds] | --> ==>  Preparing: SELECT DISTINCT scyf.* FROM scf_cfg_system_function scyf JOIN scf_cfg_role_function scrf ON scyf.func_code = scrf.funct_code WHERE scrf.role_id IN( 1) |
- | [] | [20190725 09:28:21.751] | [DEBUG] | [PC-20190528OEHK] | [http-nio-22000-exec-8] | [c.z.s.m.m.S.findFuncListByRoleIds] | --> ==> Parameters: |
- | [] | [20190725 09:28:21.756] | [DEBUG] | [PC-20190528OEHK] | [http-nio-22000-exec-8] | [c.z.s.m.m.S.findFuncListByRoleIds] | --> <==      Total: 39|
- | [] | [20190725 09:28:21.757] | [DEBUG] | [PC-20190528OEHK] | [http-nio-22000-exec-8] | [c.z.s.m.m.CompanyMapper.selectList] | --> ==>  Preparing: SELECT ID,COMPANY_NAME,BLIC_URL,CREDIT_CODE,BLIC_END_DATE,PROVINCE_NAME,CITY_NAME,DISTRICT_NAME,DETAIL_ADDR,COMPANY_NATURE,COMPANY_NATURE_CONCRETE,CONTACT_NUMBER,STAFF_SIZE,COMPANY_CATEGORY,LEGAL_PERSON_CERT_FRONT_URL,LEGAL_PERSON_CERT_BACK_URL,LEGAL_PERSON_NAME,LEGAL_PERSON_CERT_NO,LEGAL_PERSON_CERT_END_DATE,AUPIS_LEP,PORXY_PERSON_CERT_FRONT_URL,PORXY_PERSON_CERT_BACK_URL,PORXY_PERSON_NAME,PORXY_PERSON_CERT_NO,PORXY_PERSON_CERT_END_DATE,PORXY_COMMISSION_URL,REG_USER_ID,STATUS,UPDATE_BY_ID,UPDATE_TIME,CREATE_BY_ID,CREATE_TIME,IS_DELETE FROM scf_company WHERE id IN (?) AND is_delete = ? AND status = ? |
- | [] | [20190725 09:28:21.758] | [DEBUG] | [PC-20190528OEHK] | [http-nio-22000-exec-8] | [c.z.s.m.m.CompanyMapper.selectList] | --> ==> Parameters: 1(Long), 0(Integer), 1(Integer)|
- | [] | [20190725 09:28:21.760] | [DEBUG] | [PC-20190528OEHK] | [http-nio-22000-exec-8] | [c.z.s.m.m.CompanyMapper.selectList] | --> <==      Total: 1|
- | [] | [20190725 09:28:21.769] | [INFO] | [PC-20190528OEHK] | [http-nio-22000-exec-2] | [c.z.s.s.controller.UserController] | --> 密码输入是否正确{"createById":1,"createTime":"2019-07-03T10:15:22","email":"lzskcloud@qq.com","gender":1,"id":1,"idCard":"371323196412158334","isDel":0,"isEmailValid":1,"lastCompanyId":1,"password":"123456","permissionOrgIds":"1,49,50","permissionType":2,"phone":"13367966485","updateById":1,"updateTime":"2019-07-19T15:14:49","userName":"超级管理员m"} |
- | [] | [20190725 09:28:21.769] | [DEBUG] | [PC-20190528OEHK] | [http-nio-22000-exec-2] | [c.z.s.m.mapper.UserMapper.updateById] | --> ==>  Preparing: UPDATE scf_user SET PHONE=?, EMAIL=?, PASSWORD=?, ID_CARD=?, USER_NAME=?, GENDER=?, IS_EMAIL_VALID=?, LAST_COMPANY_ID=?, PERMISSION_TYPE=?, PERMISSION_ORG_IDS=?, UPDATE_BY_ID=?, UPDATE_TIME=?, CREATE_BY_ID=?, CREATE_TIME=? WHERE ID=? AND IS_DEL=0 |
- | [] | [20190725 09:28:21.770] | [DEBUG] | [PC-20190528OEHK] | [http-nio-22000-exec-2] | [c.z.s.m.mapper.UserMapper.updateById] | --> ==> Parameters: 13367966485(String), lzskcloud@qq.com(String), 123456(String), 371323196412158334(String), 超级管理员m(String), 1(Integer), 1(Integer), 1(Long), 2(Integer), 1,49,50(String), 1(Long), 2019-07-19 15:14:49.0(Timestamp), 1(Long), 2019-07-03 10:15:22.0(Timestamp), 1(Long)|
- | [] | [20190725 09:28:21.771] | [DEBUG] | [PC-20190528OEHK] | [http-nio-22000-exec-2] | [c.z.s.m.mapper.UserMapper.updateById] | --> <==    Updates: 1|
- | [] | [20190725 09:28:21.959] | [INFO] | [PC-20190528OEHK] | [http-nio-22000-exec-9] | [c.z.s.s.controller.CompanyController] | --> subject:是否弹出邀请成员引导(只有一个成员时弹出),companyId:1|
- | [] | [20190725 09:28:21.960] | [DEBUG] | [PC-20190528OEHK] | [http-nio-22000-exec-9] | [c.z.s.m.m.C.findCompanyUserListById] | --> ==>  Preparing: SELECT su.id, su.user_name, su.email, su.phone FROM `scf_cfg_company_user` sccu LEFT JOIN scf_user su ON su.id = sccu.user_id WHERE sccu.company_id = ? |
- | [] | [20190725 09:28:21.960] | [DEBUG] | [PC-20190528OEHK] | [http-nio-22000-exec-9] | [c.z.s.m.m.C.findCompanyUserListById] | --> ==> Parameters: 1(Long)|
- | [] | [20190725 09:28:21.962] | [DEBUG] | [PC-20190528OEHK] | [http-nio-22000-exec-9] | [c.z.s.m.m.C.findCompanyUserListById] | --> <==      Total: 30|
- | [] | [20190725 09:28:24.855] | [INFO] | [PC-20190528OEHK] | [http-nio-22000-exec-3] | [c.z.s.s.c.CreditApplyController] | --> subject:授信审批列表,creditApplyAuditListQueryDTO:CreditApplyAuditListQueryDTO(userId=1, roleIds=1, flowCode=, customerName=, businessId=null, itemName=)|
- | [] | [20190725 09:28:24.888] | [DEBUG] | [PC-20190528OEHK] | [http-nio-22000-exec-3] | [c.z.s.m.m.C.selectAuditList] | --> ==>  Preparing: SELECT COUNT(1) FROM scf_credit_apply sca LEFT JOIN scf_cfg_business_flow scbf ON sca.flow_code = scbf.flow_code AND sca.company_id = scbf.company_id WHERE (scbf.flow_type = 1 OR scbf.flow_type = 2) AND EXISTS (SELECT sca1.id FROM scf_credit_apply sca1 LEFT JOIN scf_credit_item sci ON sci.credit_apply_id = sca1.id WHERE sca1.id = sca.id AND (is_mixed(sca1.dispose_user_ids, ?) OR is_mixed(sca1.dispose_role_ids, ?))) |
- | [] | [20190725 09:28:24.888] | [DEBUG] | [PC-20190528OEHK] | [http-nio-22000-exec-3] | [c.z.s.m.m.C.selectAuditList] | --> ==> Parameters: 1(Long), 1(String)|
- | [] | [20190725 09:28:24.916] | [DEBUG] | [PC-20190528OEHK] | [http-nio-22000-exec-3] | [c.z.s.m.m.C.selectAuditList] | --> ==>  Preparing: select sca.company_id companyId,sca.business_type_id businessTypeId,sca.id, sca.customer_name customerName,sca.flow_code flowCode, sca.mobile,sca.apply_time applyTime,scbf.flow_name flowName from scf_credit_apply sca left join scf_cfg_business_flow scbf on sca.flow_code = scbf.flow_code and sca.company_id = scbf.company_id where (scbf.flow_type = 1 or scbf.flow_type = 2) and exists ( select sca1.id from scf_credit_apply sca1 left join scf_credit_item sci ON sci.credit_apply_id = sca1.id where sca1.id = sca.id and ( is_mixed(sca1.dispose_user_ids,?) or is_mixed(sca1.dispose_role_ids,?) ) ) order by sca.create_time desc LIMIT 0,10 |
- | [] | [20190725 09:28:24.917] | [DEBUG] | [PC-20190528OEHK] | [http-nio-22000-exec-3] | [c.z.s.m.m.C.selectAuditList] | --> ==> Parameters: 1(Long), 1(String)|
- | [] | [20190725 09:28:24.925] | [DEBUG] | [PC-20190528OEHK] | [http-nio-22000-exec-3] | [c.z.s.m.m.C.selectAuditList] | --> <==      Total: 10|
- | [] | [20190725 09:28:24.926] | [DEBUG] | [PC-20190528OEHK] | [http-nio-22000-exec-3] | [c.z.s.m.m.C.selectList] | --> ==>  Preparing: SELECT ID,COMPANY_ID,CREDIT_APPLY_ID,ITEM_NAME,CONSTRUCTION_SCHEDULE,PLAN_FINISH_TIME,APPLY_CREDIT_MONEY,AUDIT_CREDIT_MONEY,APPLY_CREDIT_BUSINESS,APPLY_PURPOSE,APPLY_PURPOSE_OTHER,CREDIT_START_DATE,CREDIT_END_DATE,THE_USE_MONEY,USE_CREDIT_REQUIRE,CREDIT_CONDITIONS,HAS_OCCUR_SAFETY_ACCIDENT,SAFETY_ACCIDENT_EXPLAIN,HAS_SIGN_DUTY_BOOK,RISK_EXPLAIN,CONTROLS_EXPLAIN,OTHER_NOTICE_ITEM,ITEM_INDEX,UPDATE_TIME,UPDATE_BY,CREATE_TIME,CREATE_BY FROM scf_credit_item WHERE credit_apply_id IN (?,?,?,?,?,?,?,?,?,?) |
- | [] | [20190725 09:28:24.926] | [DEBUG] | [PC-20190528OEHK] | [http-nio-22000-exec-3] | [c.z.s.m.m.C.selectList] | --> ==> Parameters: 117(Long), 116(Long), 114(Long), 105(Long), 104(Long), 102(Long), 101(Long), 100(Long), 92(Long), 87(Long)|
- | [] | [20190725 09:28:24.933] | [DEBUG] | [PC-20190528OEHK] | [http-nio-22000-exec-3] | [c.z.s.m.m.C.selectList] | --> <==      Total: 15|
- | [] | [20190725 09:28:24.991] | [INFO] | [PC-20190528OEHK] | [http-nio-22000-exec-3] | [io.lettuce.core.EpollProvider] | --> Starting without optional epoll library|
- | [] | [20190725 09:28:24.992] | [INFO] | [PC-20190528OEHK] | [http-nio-22000-exec-3] | [io.lettuce.core.KqueueProvider] | --> Starting without optional kqueue library|
- | [] | [20190725 09:28:30.061] | [INFO] | [PC-20190528OEHK] | [http-nio-22000-exec-10] | [c.z.s.s.c.CreditApplyController] | --> subject:查询授信申请详情,CreditAuditCommitDTO:CreditApplyQueryDTO(creditApplyId=117, flowCode=credit4)|
- | [] | [20190725 09:28:30.063] | [DEBUG] | [PC-20190528OEHK] | [http-nio-22000-exec-10] | [c.z.s.m.m.C.findCreditApplyDetails] | --> ==>  Preparing: SELECT sca.id creditApply_id, sca.id creditApply_creditApplyId, sca.company_id creditApply_companyId, sca.business_type_id creditApply_businessTypeId, sca.flow_code creditApply_flowCode, sca.apply_source creditApply_applySource, DATE_FORMAT(sca.apply_time,'%Y-%m-%d %H:%k:%s') creditApply_applyTime, DATE_FORMAT(sca.ec_cooperation_time,'%Y-%m-%d') creditApply_ecCooperationTime, CONCAT(sca.ec_cooperation_year) creditApply_ecCooperationYear, sca.belongs_region creditApply_belongsRegion, sca.their_filiale creditApply_theirFiliale, sca.region_manager creditApply_regionManager, sca.customer_name creditApply_customerName, sca.id_card creditApply_idCard, sca.gender creditApply_gender, CONCAT(sca.age) creditApply_age, sca.mobile creditApply_mobile, CONCAT(sca.marital_status) creditApply_maritalStatus, sca.spouse_name creditApply_spouseName, sca.spouse_id_card creditApply_spouseIdCard, sca.spouse_mobile creditApply_spouseMobile, sca.family_address_province_code creditApply_familyAddressProvinceCode, sca.family_address_city_code creditApply_familyAddressCityCode, sca.family_address_region_code creditApply_familyAddressRegionCode, sca.family_address creditApply_familyAddress, sca.housing_ownership creditApply_housingOwnership, scr.id creditRisk_id, CONCAT(scr.risk_credit1) creditRisk_riskCredit1, CONCAT(scr.risk_credit2) creditRisk_riskCredit2, CONCAT(scr.risk_credit3) creditRisk_riskCredit3, CONCAT(scr.risk_credit4) creditRisk_riskCredit4, CONCAT(scr.risk_credit5) creditRisk_riskCredit5, CONCAT(scr.risk_credit6) creditRisk_riskCredit6, CONCAT(scr.risk_credit7) creditRisk_riskCredit7, scr.risk_credit8 creditRisk_riskCredit8, CONCAT(scr.risk_credit9) creditRisk_riskCredit9, scr.risk_credit10 creditRisk_riskCredit10, CONCAT(scr.risk_credit11) creditRisk_riskCredit11, scr.risk_credit12 creditRisk_riskCredit12, scr.risk_credit13 creditRisk_riskCredit13, scad.id creditAuditData_id FROM scf_credit_apply sca LEFT JOIN scf_credit_risk scr ON scr.credit_apply_id = sca.id LEFT JOIN scf_credit_audit_data scad ON scad.credit_apply_id = sca.id WHERE sca.id = ? |
- | [] | [20190725 09:28:30.063] | [DEBUG] | [PC-20190528OEHK] | [http-nio-22000-exec-10] | [c.z.s.m.m.C.findCreditApplyDetails] | --> ==> Parameters: 117(Long)|
- | [] | [20190725 09:28:30.077] | [DEBUG] | [PC-20190528OEHK] | [http-nio-22000-exec-10] | [c.z.s.m.m.C.findCreditApplyDetails] | --> <==      Total: 1|
- | [] | [20190725 09:28:30.080] | [DEBUG] | [PC-20190528OEHK] | [http-nio-22000-exec-10] | [c.z.s.m.m.C.selectByCreditApplyId] | --> ==>  Preparing: SELECT sci.id, sci.id creditItem_id, sci.item_name creditItem_itemName, CONCAT(sci.construction_schedule) creditItem_constructionSchedule, DATE_FORMAT(sci.plan_finish_time,'%Y-%m-%d') creditItem_planFinishTime, CONCAT(sci.apply_credit_money) creditItem_applyCreditMoney, CONCAT(sci.audit_credit_money) creditItem_auditCreditMoney, sci.apply_credit_business creditItem_applyCreditBusiness, sci.apply_purpose creditItem_applyPurpose, sci.apply_purpose_other creditItem_applyPurposeOther, DATE_FORMAT(sci.credit_start_date,'%Y-%m-%d') creditItem_creditStartDate, DATE_FORMAT(sci.credit_end_date,'%Y-%m-%d') creditItem_creditEndDate, CONCAT(sci.the_use_money) creditItem_theUseMoney, sci.use_credit_require creditItem_useCreditRequire, sci.credit_conditions creditItem_creditConditions, CONCAT(sci.has_occur_safety_accident) creditItem_hasOccurSafetyAccident, sci.safety_accident_explain creditItem_safetyAccidentExplain, CONCAT(sci.has_sign_duty_book) creditItem_hasSignDutyBook, sci.risk_explain creditItem_riskExplain, sci.controls_explain creditItem_controlsExplain, sci.other_notice_item creditItem_otherNoticeItem, sci.item_index creditItem_itemIndex FROM scf_credit_item sci WHERE sci.credit_apply_id = ? |
- | [] | [20190725 09:28:30.081] | [DEBUG] | [PC-20190528OEHK] | [http-nio-22000-exec-10] | [c.z.s.m.m.C.selectByCreditApplyId] | --> ==> Parameters: 117(Long)|
- | [] | [20190725 09:28:30.083] | [DEBUG] | [PC-20190528OEHK] | [http-nio-22000-exec-10] | [c.z.s.m.m.C.selectByCreditApplyId] | --> <==      Total: 2|
- | [] | [20190725 09:28:30.086] | [INFO] | [PC-20190528OEHK] | [http-nio-22000-exec-10] | [c.z.s.s.controller.FileController] | --> 查询文件 findList|
- | [] | [20190725 09:28:30.093] | [DEBUG] | [PC-20190528OEHK] | [http-nio-22000-exec-10] | [c.z.s.m.mapper.FileMapper.selectList] | --> ==>  Preparing: SELECT ID,FILE_CODE,NEW_FILE_NAME,ORIGINAL_FILE_NAME,FILE_SIZE,FILE_TYPE,FILE_URL,SUFFIX,STATUS,COMPANY_ID,BUSINESS_ID,BUSINESS_TYPE_ID,UPDATE_TIME,CREATE_TIME FROM scf_file WHERE COMPANY_ID = ? AND BUSINESS_ID = ? AND BUSINESS_TYPE_ID = ? ORDER BY ID DESC |
- | [] | [20190725 09:28:30.093] | [DEBUG] | [PC-20190528OEHK] | [http-nio-22000-exec-10] | [c.z.s.m.mapper.FileMapper.selectList] | --> ==> Parameters: 50(Long), 117(Long), 6(Long)|
- | [] | [20190725 09:28:30.114] | [DEBUG] | [PC-20190528OEHK] | [http-nio-22000-exec-10] | [c.z.s.m.mapper.FileMapper.selectList] | --> <==      Total: 2|
- | [] | [20190725 09:28:31.523] | [INFO] | [PC-20190528OEHK] | [http-nio-22000-exec-5] | [c.z.s.s.c.CreditApplyController] | --> subject:授信审核日记,AuditLogListDTO:AuditLogListDTO(companyId=50, businessTypeId=6, businessId=117)|
- | [] | [20190725 09:28:31.526] | [DEBUG] | [PC-20190528OEHK] | [http-nio-22000-exec-5] | [c.z.s.m.m.C.findAuditLogList] | --> ==>  Preparing: SELECT COUNT(1) FROM `scf_credit_apply_audit` scaa LEFT JOIN scf_credit_apply sca ON sca.id = scaa.business_id WHERE scaa.business_type_id = ? AND scaa.business_id = ? AND scaa.company_id = ? |
- | [] | [20190725 09:28:31.526] | [DEBUG] | [PC-20190528OEHK] | [http-nio-22000-exec-5] | [c.z.s.m.m.C.findAuditLogList] | --> ==> Parameters: 6(Long), 117(Long), 50(Long)|
- | [] | [20190725 09:28:31.538] | [DEBUG] | [PC-20190528OEHK] | [http-nio-22000-exec-5] | [c.z.s.m.m.C.findAuditLogList] | --> ==>  Preparing: SELECT scaa.id, scaa.audit_result, scaa.audit_time, scaa.audit_person,scaa.audit_opinion,scaa.total_time_consuming, (SELECT scbf.flow_name FROM scf_cfg_business_flow scbf WHERE scbf.flow_code = scaa.audit_before_flow AND scbf.company_id = sca.company_id AND scbf.business_type_id = sca.business_type_id) as audit_before_flow, (SELECT scbf.flow_name FROM scf_cfg_business_flow scbf WHERE scbf.flow_code = scaa.audit_after_flow AND scbf.company_id = sca.company_id AND scbf.business_type_id = sca.business_type_id) as audit_after_flow FROM `scf_credit_apply_audit` scaa LEFT JOIN scf_credit_apply sca ON sca.id = scaa.business_id WHERE scaa.business_type_id = ? AND scaa.business_id = ? AND scaa.company_id = ? ORDER BY scaa.id DESC LIMIT 0,10 |
- | [] | [20190725 09:28:31.538] | [DEBUG] | [PC-20190528OEHK] | [http-nio-22000-exec-5] | [c.z.s.m.m.C.findAuditLogList] | --> ==> Parameters: 6(Long), 117(Long), 50(Long)|
- | [] | [20190725 09:28:31.544] | [DEBUG] | [PC-20190528OEHK] | [http-nio-22000-exec-5] | [c.z.s.m.m.C.findAuditLogList] | --> <==      Total: 3|
- | [] | [20190725 09:28:31.613] | [INFO] | [PC-20190528OEHK] | [http-nio-22000-exec-1] | [c.z.s.s.c.CreditApplyController] | --> subject:操作日志,OperateLogDTO:OperateLogDTO(companyId=50, businessTypeId=6, businessId=117, operatObject=credit)|
- | [] | [20190725 09:28:31.618] | [DEBUG] | [PC-20190528OEHK] | [http-nio-22000-exec-1] | [c.z.s.m.m.O.getOperateLogVOList] | --> ==>  Preparing: SELECT COUNT(1) FROM scf_operate_log WHERE company_id = ? AND business_type_id = ? AND business_id = ? AND operat_object = ? |
- | [] | [20190725 09:28:31.619] | [DEBUG] | [PC-20190528OEHK] | [http-nio-22000-exec-1] | [c.z.s.m.m.O.getOperateLogVOList] | --> ==> Parameters: 50(Long), 6(Long), 117(Long), credit(String)|
- | [] | [20190725 09:28:31.626] | [DEBUG] | [PC-20190528OEHK] | [http-nio-22000-exec-1] | [c.z.s.m.m.O.getOperateLogVOList] | --> ==>  Preparing: select id, operate_time operateTime, operat_type operatType, operat_object operatObject, operate_content operateContent, operate_user_name operateUserName from scf_operate_log where company_id = ? and business_type_id = ? and business_id = ? and operat_object = ? order by operate_time desc LIMIT 0,10 |
- | [] | [20190725 09:28:31.626] | [DEBUG] | [PC-20190528OEHK] | [http-nio-22000-exec-1] | [c.z.s.m.m.O.getOperateLogVOList] | --> ==> Parameters: 50(Long), 6(Long), 117(Long), credit(String)|
- | [] | [20190725 09:28:31.630] | [DEBUG] | [PC-20190528OEHK] | [http-nio-22000-exec-1] | [c.z.s.m.m.O.getOperateLogVOList] | --> <==      Total: 4|
- | [] | [20190725 09:28:39.201] | [INFO] | [PC-20190528OEHK] | [http-nio-22000-exec-4] | [c.z.s.s.c.CreditApplyController] | --> subject:授信审批列表,creditApplyAuditListQueryDTO:CreditApplyAuditListQueryDTO(userId=1, roleIds=1, flowCode=, customerName=, businessId=null, itemName=)|
- | [] | [20190725 09:28:39.204] | [DEBUG] | [PC-20190528OEHK] | [http-nio-22000-exec-4] | [c.z.s.m.m.C.selectAuditList] | --> ==>  Preparing: SELECT COUNT(1) FROM scf_credit_apply sca LEFT JOIN scf_cfg_business_flow scbf ON sca.flow_code = scbf.flow_code AND sca.company_id = scbf.company_id WHERE (scbf.flow_type = 1 OR scbf.flow_type = 2) AND EXISTS (SELECT sca1.id FROM scf_credit_apply sca1 LEFT JOIN scf_credit_item sci ON sci.credit_apply_id = sca1.id WHERE sca1.id = sca.id AND (is_mixed(sca1.dispose_user_ids, ?) OR is_mixed(sca1.dispose_role_ids, ?))) |
- | [] | [20190725 09:28:39.205] | [DEBUG] | [PC-20190528OEHK] | [http-nio-22000-exec-4] | [c.z.s.m.m.C.selectAuditList] | --> ==> Parameters: 1(Long), 1(String)|
- | [] | [20190725 09:28:39.214] | [DEBUG] | [PC-20190528OEHK] | [http-nio-22000-exec-4] | [c.z.s.m.m.C.selectAuditList] | --> ==>  Preparing: select sca.company_id companyId,sca.business_type_id businessTypeId,sca.id, sca.customer_name customerName,sca.flow_code flowCode, sca.mobile,sca.apply_time applyTime,scbf.flow_name flowName from scf_credit_apply sca left join scf_cfg_business_flow scbf on sca.flow_code = scbf.flow_code and sca.company_id = scbf.company_id where (scbf.flow_type = 1 or scbf.flow_type = 2) and exists ( select sca1.id from scf_credit_apply sca1 left join scf_credit_item sci ON sci.credit_apply_id = sca1.id where sca1.id = sca.id and ( is_mixed(sca1.dispose_user_ids,?) or is_mixed(sca1.dispose_role_ids,?) ) ) order by sca.create_time desc LIMIT 0,10 |
- | [] | [20190725 09:28:39.214] | [DEBUG] | [PC-20190528OEHK] | [http-nio-22000-exec-4] | [c.z.s.m.m.C.selectAuditList] | --> ==> Parameters: 1(Long), 1(String)|
- | [] | [20190725 09:28:39.226] | [DEBUG] | [PC-20190528OEHK] | [http-nio-22000-exec-4] | [c.z.s.m.m.C.selectAuditList] | --> <==      Total: 10|
- | [] | [20190725 09:28:39.228] | [DEBUG] | [PC-20190528OEHK] | [http-nio-22000-exec-4] | [c.z.s.m.m.C.selectList] | --> ==>  Preparing: SELECT ID,COMPANY_ID,CREDIT_APPLY_ID,ITEM_NAME,CONSTRUCTION_SCHEDULE,PLAN_FINISH_TIME,APPLY_CREDIT_MONEY,AUDIT_CREDIT_MONEY,APPLY_CREDIT_BUSINESS,APPLY_PURPOSE,APPLY_PURPOSE_OTHER,CREDIT_START_DATE,CREDIT_END_DATE,THE_USE_MONEY,USE_CREDIT_REQUIRE,CREDIT_CONDITIONS,HAS_OCCUR_SAFETY_ACCIDENT,SAFETY_ACCIDENT_EXPLAIN,HAS_SIGN_DUTY_BOOK,RISK_EXPLAIN,CONTROLS_EXPLAIN,OTHER_NOTICE_ITEM,ITEM_INDEX,UPDATE_TIME,UPDATE_BY,CREATE_TIME,CREATE_BY FROM scf_credit_item WHERE credit_apply_id IN (?,?,?,?,?,?,?,?,?,?) |
- | [] | [20190725 09:28:39.228] | [DEBUG] | [PC-20190528OEHK] | [http-nio-22000-exec-4] | [c.z.s.m.m.C.selectList] | --> ==> Parameters: 117(Long), 116(Long), 114(Long), 105(Long), 104(Long), 102(Long), 101(Long), 100(Long), 92(Long), 87(Long)|
- | [] | [20190725 09:28:39.235] | [DEBUG] | [PC-20190528OEHK] | [http-nio-22000-exec-4] | [c.z.s.m.m.C.selectList] | --> <==      Total: 15|
- | [] | [20190725 09:32:46.353] | [INFO] | [PC-20190528OEHK] | [AsyncResolver-bootstrap-executor-0] | [c.n.d.s.r.aws.ConfigClusterResolver] | --> Resolving eureka endpoints via configuration|
- | [] | [20190725 09:37:46.359] | [INFO] | [PC-20190528OEHK] | [AsyncResolver-bootstrap-executor-0] | [c.n.d.s.r.aws.ConfigClusterResolver] | --> Resolving eureka endpoints via configuration|
- | [] | [20190725 09:42:46.365] | [INFO] | [PC-20190528OEHK] | [AsyncResolver-bootstrap-executor-0] | [c.n.d.s.r.aws.ConfigClusterResolver] | --> Resolving eureka endpoints via configuration|
- | [] | [20190725 09:47:46.371] | [INFO] | [PC-20190528OEHK] | [AsyncResolver-bootstrap-executor-0] | [c.n.d.s.r.aws.ConfigClusterResolver] | --> Resolving eureka endpoints via configuration|
- | [] | [20190725 09:52:46.377] | [INFO] | [PC-20190528OEHK] | [AsyncResolver-bootstrap-executor-0] | [c.n.d.s.r.aws.ConfigClusterResolver] | --> Resolving eureka endpoints via configuration|
- | [] | [20190725 09:57:46.383] | [INFO] | [PC-20190528OEHK] | [AsyncResolver-bootstrap-executor-0] | [c.n.d.s.r.aws.ConfigClusterResolver] | --> Resolving eureka endpoints via configuration|
- | [] | [20190725 10:02:46.389] | [INFO] | [PC-20190528OEHK] | [AsyncResolver-bootstrap-executor-0] | [c.n.d.s.r.aws.ConfigClusterResolver] | --> Resolving eureka endpoints via configuration|
- | [] | [20190725 10:07:46.395] | [INFO] | [PC-20190528OEHK] | [AsyncResolver-bootstrap-executor-0] | [c.n.d.s.r.aws.ConfigClusterResolver] | --> Resolving eureka endpoints via configuration|
- | [] | [20190725 10:12:46.402] | [INFO] | [PC-20190528OEHK] | [AsyncResolver-bootstrap-executor-0] | [c.n.d.s.r.aws.ConfigClusterResolver] | --> Resolving eureka endpoints via configuration|
- | [] | [20190725 10:17:46.408] | [INFO] | [PC-20190528OEHK] | [AsyncResolver-bootstrap-executor-0] | [c.n.d.s.r.aws.ConfigClusterResolver] | --> Resolving eureka endpoints via configuration|
- | [] | [20190725 10:22:46.414] | [INFO] | [PC-20190528OEHK] | [AsyncResolver-bootstrap-executor-0] | [c.n.d.s.r.aws.ConfigClusterResolver] | --> Resolving eureka endpoints via configuration|
- | [] | [20190725 10:26:58.355] | [DEBUG] | [PC-20190528OEHK] | [http-nio-22000-exec-8] | [c.z.s.m.m.D.selectList] | --> ==>  Preparing: SELECT ID,PARENT_KEY,DICT_KEY,DICT_VALUE,REMARK1,SORT,STATUS,CREATE_TIME,UPDATE_TIME FROM scf_cfg_dictionary_details WHERE parent_key = ? |
- | [] | [20190725 10:26:58.356] | [DEBUG] | [PC-20190528OEHK] | [http-nio-22000-exec-8] | [c.z.s.m.m.D.selectList] | --> ==> Parameters: staff_size(String)|
- | [] | [20190725 10:26:58.357] | [DEBUG] | [PC-20190528OEHK] | [http-nio-22000-exec-2] | [c.z.s.m.m.D.selectList] | --> ==>  Preparing: SELECT ID,PARENT_KEY,DICT_KEY,DICT_VALUE,REMARK1,SORT,STATUS,CREATE_TIME,UPDATE_TIME FROM scf_cfg_dictionary_details WHERE parent_key = ? |
- | [] | [20190725 10:26:58.357] | [DEBUG] | [PC-20190528OEHK] | [http-nio-22000-exec-2] | [c.z.s.m.m.D.selectList] | --> ==> Parameters: nature(String)|
- | [] | [20190725 10:26:58.361] | [DEBUG] | [PC-20190528OEHK] | [http-nio-22000-exec-2] | [c.z.s.m.m.D.selectList] | --> <==      Total: 4|
- | [] | [20190725 10:26:58.361] | [DEBUG] | [PC-20190528OEHK] | [http-nio-22000-exec-8] | [c.z.s.m.m.D.selectList] | --> <==      Total: 8|
- | [] | [20190725 10:27:46.420] | [INFO] | [PC-20190528OEHK] | [AsyncResolver-bootstrap-executor-0] | [c.n.d.s.r.aws.ConfigClusterResolver] | --> Resolving eureka endpoints via configuration|
- | [] | [20190725 10:32:46.426] | [INFO] | [PC-20190528OEHK] | [AsyncResolver-bootstrap-executor-0] | [c.n.d.s.r.aws.ConfigClusterResolver] | --> Resolving eureka endpoints via configuration|
- | [] | [20190725 10:37:46.432] | [INFO] | [PC-20190528OEHK] | [AsyncResolver-bootstrap-executor-0] | [c.n.d.s.r.aws.ConfigClusterResolver] | --> Resolving eureka endpoints via configuration|
- | [] | [20190725 10:42:46.438] | [INFO] | [PC-20190528OEHK] | [AsyncResolver-bootstrap-executor-0] | [c.n.d.s.r.aws.ConfigClusterResolver] | --> Resolving eureka endpoints via configuration|
- | [] | [20190725 10:47:46.444] | [INFO] | [PC-20190528OEHK] | [AsyncResolver-bootstrap-executor-0] | [c.n.d.s.r.aws.ConfigClusterResolver] | --> Resolving eureka endpoints via configuration|
- | [] | [20190725 10:52:46.450] | [INFO] | [PC-20190528OEHK] | [AsyncResolver-bootstrap-executor-0] | [c.n.d.s.r.aws.ConfigClusterResolver] | --> Resolving eureka endpoints via configuration|
- | [] | [20190725 10:57:46.456] | [INFO] | [PC-20190528OEHK] | [AsyncResolver-bootstrap-executor-0] | [c.n.d.s.r.aws.ConfigClusterResolver] | --> Resolving eureka endpoints via configuration|
- | [] | [20190725 11:02:46.462] | [INFO] | [PC-20190528OEHK] | [AsyncResolver-bootstrap-executor-0] | [c.n.d.s.r.aws.ConfigClusterResolver] | --> Resolving eureka endpoints via configuration|
- | [] | [20190725 11:07:46.468] | [INFO] | [PC-20190528OEHK] | [AsyncResolver-bootstrap-executor-0] | [c.n.d.s.r.aws.ConfigClusterResolver] | --> Resolving eureka endpoints via configuration|
- | [] | [20190725 11:12:46.474] | [INFO] | [PC-20190528OEHK] | [AsyncResolver-bootstrap-executor-0] | [c.n.d.s.r.aws.ConfigClusterResolver] | --> Resolving eureka endpoints via configuration|
- | [] | [20190725 11:17:46.478] | [INFO] | [PC-20190528OEHK] | [AsyncResolver-bootstrap-executor-0] | [c.n.d.s.r.aws.ConfigClusterResolver] | --> Resolving eureka endpoints via configuration|
- | [] | [20190725 11:22:46.484] | [INFO] | [PC-20190528OEHK] | [AsyncResolver-bootstrap-executor-0] | [c.n.d.s.r.aws.ConfigClusterResolver] | --> Resolving eureka endpoints via configuration|
- | [] | [20190725 11:27:46.490] | [INFO] | [PC-20190528OEHK] | [AsyncResolver-bootstrap-executor-0] | [c.n.d.s.r.aws.ConfigClusterResolver] | --> Resolving eureka endpoints via configuration|
- | [] | [20190725 11:32:46.496] | [INFO] | [PC-20190528OEHK] | [AsyncResolver-bootstrap-executor-0] | [c.n.d.s.r.aws.ConfigClusterResolver] | --> Resolving eureka endpoints via configuration|
- | [] | [20190725 11:37:46.502] | [INFO] | [PC-20190528OEHK] | [AsyncResolver-bootstrap-executor-0] | [c.n.d.s.r.aws.ConfigClusterResolver] | --> Resolving eureka endpoints via configuration|
- | [] | [20190725 11:42:46.508] | [INFO] | [PC-20190528OEHK] | [AsyncResolver-bootstrap-executor-0] | [c.n.d.s.r.aws.ConfigClusterResolver] | --> Resolving eureka endpoints via configuration|
- | [] | [20190725 11:47:46.514] | [INFO] | [PC-20190528OEHK] | [AsyncResolver-bootstrap-executor-0] | [c.n.d.s.r.aws.ConfigClusterResolver] | --> Resolving eureka endpoints via configuration|
- | [] | [20190725 11:52:46.520] | [INFO] | [PC-20190528OEHK] | [AsyncResolver-bootstrap-executor-0] | [c.n.d.s.r.aws.ConfigClusterResolver] | --> Resolving eureka endpoints via configuration|
- | [] | [20190725 11:57:46.526] | [INFO] | [PC-20190528OEHK] | [AsyncResolver-bootstrap-executor-0] | [c.n.d.s.r.aws.ConfigClusterResolver] | --> Resolving eureka endpoints via configuration|
- | [] | [20190725 12:02:46.532] | [INFO] | [PC-20190528OEHK] | [AsyncResolver-bootstrap-executor-0] | [c.n.d.s.r.aws.ConfigClusterResolver] | --> Resolving eureka endpoints via configuration|
- | [] | [20190725 12:07:46.538] | [INFO] | [PC-20190528OEHK] | [AsyncResolver-bootstrap-executor-0] | [c.n.d.s.r.aws.ConfigClusterResolver] | --> Resolving eureka endpoints via configuration|
- | [] | [20190725 12:12:46.544] | [INFO] | [PC-20190528OEHK] | [AsyncResolver-bootstrap-executor-0] | [c.n.d.s.r.aws.ConfigClusterResolver] | --> Resolving eureka endpoints via configuration|
- | [] | [20190725 12:17:46.550] | [INFO] | [PC-20190528OEHK] | [AsyncResolver-bootstrap-executor-0] | [c.n.d.s.r.aws.ConfigClusterResolver] | --> Resolving eureka endpoints via configuration|
- | [] | [20190725 12:22:46.556] | [INFO] | [PC-20190528OEHK] | [AsyncResolver-bootstrap-executor-0] | [c.n.d.s.r.aws.ConfigClusterResolver] | --> Resolving eureka endpoints via configuration|
- | [] | [20190725 12:27:46.562] | [INFO] | [PC-20190528OEHK] | [AsyncResolver-bootstrap-executor-0] | [c.n.d.s.r.aws.ConfigClusterResolver] | --> Resolving eureka endpoints via configuration|
- | [] | [20190725 12:32:46.568] | [INFO] | [PC-20190528OEHK] | [AsyncResolver-bootstrap-executor-0] | [c.n.d.s.r.aws.ConfigClusterResolver] | --> Resolving eureka endpoints via configuration|
- | [] | [20190725 12:37:46.574] | [INFO] | [PC-20190528OEHK] | [AsyncResolver-bootstrap-executor-0] | [c.n.d.s.r.aws.ConfigClusterResolver] | --> Resolving eureka endpoints via configuration|
- | [] | [20190725 12:42:46.580] | [INFO] | [PC-20190528OEHK] | [AsyncResolver-bootstrap-executor-0] | [c.n.d.s.r.aws.ConfigClusterResolver] | --> Resolving eureka endpoints via configuration|
- | [] | [20190725 12:47:46.586] | [INFO] | [PC-20190528OEHK] | [AsyncResolver-bootstrap-executor-0] | [c.n.d.s.r.aws.ConfigClusterResolver] | --> Resolving eureka endpoints via configuration|
- | [] | [20190725 12:52:46.592] | [INFO] | [PC-20190528OEHK] | [AsyncResolver-bootstrap-executor-0] | [c.n.d.s.r.aws.ConfigClusterResolver] | --> Resolving eureka endpoints via configuration|
- | [] | [20190725 12:57:46.598] | [INFO] | [PC-20190528OEHK] | [AsyncResolver-bootstrap-executor-0] | [c.n.d.s.r.aws.ConfigClusterResolver] | --> Resolving eureka endpoints via configuration|
- | [] | [20190725 13:02:46.604] | [INFO] | [PC-20190528OEHK] | [AsyncResolver-bootstrap-executor-0] | [c.n.d.s.r.aws.ConfigClusterResolver] | --> Resolving eureka endpoints via configuration|
- | [] | [20190725 13:07:46.610] | [INFO] | [PC-20190528OEHK] | [AsyncResolver-bootstrap-executor-0] | [c.n.d.s.r.aws.ConfigClusterResolver] | --> Resolving eureka endpoints via configuration|
- | [] | [20190725 13:12:46.616] | [INFO] | [PC-20190528OEHK] | [AsyncResolver-bootstrap-executor-0] | [c.n.d.s.r.aws.ConfigClusterResolver] | --> Resolving eureka endpoints via configuration|
- | [] | [20190725 13:17:46.622] | [INFO] | [PC-20190528OEHK] | [AsyncResolver-bootstrap-executor-0] | [c.n.d.s.r.aws.ConfigClusterResolver] | --> Resolving eureka endpoints via configuration|
- | [] | [20190725 13:22:46.628] | [INFO] | [PC-20190528OEHK] | [AsyncResolver-bootstrap-executor-0] | [c.n.d.s.r.aws.ConfigClusterResolver] | --> Resolving eureka endpoints via configuration|
- | [] | [20190725 13:27:46.634] | [INFO] | [PC-20190528OEHK] | [AsyncResolver-bootstrap-executor-0] | [c.n.d.s.r.aws.ConfigClusterResolver] | --> Resolving eureka endpoints via configuration|
- | [] | [20190725 13:32:46.640] | [INFO] | [PC-20190528OEHK] | [AsyncResolver-bootstrap-executor-0] | [c.n.d.s.r.aws.ConfigClusterResolver] | --> Resolving eureka endpoints via configuration|
- | [] | [20190725 13:37:46.646] | [INFO] | [PC-20190528OEHK] | [AsyncResolver-bootstrap-executor-0] | [c.n.d.s.r.aws.ConfigClusterResolver] | --> Resolving eureka endpoints via configuration|
- | [] | [20190725 13:42:46.652] | [INFO] | [PC-20190528OEHK] | [AsyncResolver-bootstrap-executor-0] | [c.n.d.s.r.aws.ConfigClusterResolver] | --> Resolving eureka endpoints via configuration|
- | [] | [20190725 13:47:46.658] | [INFO] | [PC-20190528OEHK] | [AsyncResolver-bootstrap-executor-0] | [c.n.d.s.r.aws.ConfigClusterResolver] | --> Resolving eureka endpoints via configuration|
- | [] | [20190725 13:52:46.664] | [INFO] | [PC-20190528OEHK] | [AsyncResolver-bootstrap-executor-0] | [c.n.d.s.r.aws.ConfigClusterResolver] | --> Resolving eureka endpoints via configuration|
- | [] | [20190725 13:57:46.670] | [INFO] | [PC-20190528OEHK] | [AsyncResolver-bootstrap-executor-0] | [c.n.d.s.r.aws.ConfigClusterResolver] | --> Resolving eureka endpoints via configuration|
- | [] | [20190725 14:02:46.676] | [INFO] | [PC-20190528OEHK] | [AsyncResolver-bootstrap-executor-0] | [c.n.d.s.r.aws.ConfigClusterResolver] | --> Resolving eureka endpoints via configuration|
- | [] | [20190725 14:07:46.682] | [INFO] | [PC-20190528OEHK] | [AsyncResolver-bootstrap-executor-0] | [c.n.d.s.r.aws.ConfigClusterResolver] | --> Resolving eureka endpoints via configuration|
- | [] | [20190725 14:12:46.688] | [INFO] | [PC-20190528OEHK] | [AsyncResolver-bootstrap-executor-0] | [c.n.d.s.r.aws.ConfigClusterResolver] | --> Resolving eureka endpoints via configuration|
- | [] | [20190725 14:17:46.694] | [INFO] | [PC-20190528OEHK] | [AsyncResolver-bootstrap-executor-0] | [c.n.d.s.r.aws.ConfigClusterResolver] | --> Resolving eureka endpoints via configuration|
- | [] | [20190725 14:22:46.700] | [INFO] | [PC-20190528OEHK] | [AsyncResolver-bootstrap-executor-0] | [c.n.d.s.r.aws.ConfigClusterResolver] | --> Resolving eureka endpoints via configuration|
- | [] | [20190725 14:27:46.706] | [INFO] | [PC-20190528OEHK] | [AsyncResolver-bootstrap-executor-0] | [c.n.d.s.r.aws.ConfigClusterResolver] | --> Resolving eureka endpoints via configuration|
- | [] | [20190725 14:32:46.712] | [INFO] | [PC-20190528OEHK] | [AsyncResolver-bootstrap-executor-0] | [c.n.d.s.r.aws.ConfigClusterResolver] | --> Resolving eureka endpoints via configuration|
- | [] | [20190725 14:37:46.718] | [INFO] | [PC-20190528OEHK] | [AsyncResolver-bootstrap-executor-0] | [c.n.d.s.r.aws.ConfigClusterResolver] | --> Resolving eureka endpoints via configuration|
- | [] | [20190725 14:42:46.724] | [INFO] | [PC-20190528OEHK] | [AsyncResolver-bootstrap-executor-0] | [c.n.d.s.r.aws.ConfigClusterResolver] | --> Resolving eureka endpoints via configuration|
- | [] | [20190725 14:47:46.730] | [INFO] | [PC-20190528OEHK] | [AsyncResolver-bootstrap-executor-0] | [c.n.d.s.r.aws.ConfigClusterResolver] | --> Resolving eureka endpoints via configuration|
- | [] | [20190725 14:52:46.736] | [INFO] | [PC-20190528OEHK] | [AsyncResolver-bootstrap-executor-0] | [c.n.d.s.r.aws.ConfigClusterResolver] | --> Resolving eureka endpoints via configuration|
- | [] | [20190725 14:57:46.742] | [INFO] | [PC-20190528OEHK] | [AsyncResolver-bootstrap-executor-0] | [c.n.d.s.r.aws.ConfigClusterResolver] | --> Resolving eureka endpoints via configuration|
- | [] | [20190725 15:02:46.748] | [INFO] | [PC-20190528OEHK] | [AsyncResolver-bootstrap-executor-0] | [c.n.d.s.r.aws.ConfigClusterResolver] | --> Resolving eureka endpoints via configuration|
- | [] | [20190725 15:07:46.754] | [INFO] | [PC-20190528OEHK] | [AsyncResolver-bootstrap-executor-0] | [c.n.d.s.r.aws.ConfigClusterResolver] | --> Resolving eureka endpoints via configuration|
- | [] | [20190725 15:12:46.760] | [INFO] | [PC-20190528OEHK] | [AsyncResolver-bootstrap-executor-0] | [c.n.d.s.r.aws.ConfigClusterResolver] | --> Resolving eureka endpoints via configuration|
- | [] | [20190725 15:17:46.766] | [INFO] | [PC-20190528OEHK] | [AsyncResolver-bootstrap-executor-0] | [c.n.d.s.r.aws.ConfigClusterResolver] | --> Resolving eureka endpoints via configuration|
- | [] | [20190725 15:22:46.772] | [INFO] | [PC-20190528OEHK] | [AsyncResolver-bootstrap-executor-0] | [c.n.d.s.r.aws.ConfigClusterResolver] | --> Resolving eureka endpoints via configuration|
