- | [] | [20190716 17:08:43.345] | [INFO] | [PC-20190528OEHK] | [main] | [c.z.s.s.ScfcloudSystemApplication] | --> No active profile set, falling back to default profiles: default|
- | [] | [20190716 17:08:44.661] | [INFO] | [PC-20190528OEHK] | [main] | [o.a.coyote.http11.Http11NioProtocol] | --> Initializing ProtocolHandler ["http-nio-22000"]|
- | [] | [20190716 17:08:44.666] | [INFO] | [PC-20190528OEHK] | [main] | [o.a.catalina.core.StandardService] | --> Starting service [Tomcat]|
- | [] | [20190716 17:08:44.666] | [INFO] | [PC-20190528OEHK] | [main] | [o.a.catalina.core.StandardEngine] | --> Starting Servlet engine: [Apache Tomcat/9.0.17]|
- | [] | [20190716 17:08:44.766] | [INFO] | [PC-20190528OEHK] | [main] | [o.a.c.c.C.[Tomcat].[localhost].[/]] | --> Initializing Spring embedded WebApplicationContext|
- | [] | [20190716 17:08:45.094] | [INFO] | [PC-20190528OEHK] | [main] | [c.a.d.s.b.a.DruidDataSourceAutoConfigure] | --> Init DruidDataSource|
- | [] | [20190716 17:08:45.282] | [INFO] | [PC-20190528OEHK] | [main] | [c.alibaba.druid.pool.DruidDataSource] | --> {dataSource-1} inited|
- | [] | [20190716 17:08:45.499] | [WARN] | [PC-20190528OEHK] | [main] | [o.m.spring.SqlSessionFactoryBean] | --> Can't find class in '[classpath*:com/zhjs/scfcloud/model/enums]' package. Please check your configuration.|
- | [] | [20190716 17:08:47.039] | [INFO] | [PC-20190528OEHK] | [main] | [s.d.s.w.PropertySourcedRequestMappingHandlerMapping] | --> Mapped URL path [/v2/api-docs] onto method [public org.springframework.http.ResponseEntity<springfox.documentation.spring.web.json.Json> springfox.documentation.swagger2.web.Swagger2Controller.getDocumentation(java.lang.String,javax.servlet.http.HttpServletRequest)]|
- | [] | [20190716 17:08:47.057] | [WARN] | [PC-20190528OEHK] | [main] | [c.n.c.sources.URLConfigurationSource] | --> No URLs will be polled as dynamic configuration sources.|
- | [] | [20190716 17:08:47.057] | [INFO] | [PC-20190528OEHK] | [main] | [c.n.c.sources.URLConfigurationSource] | --> To enable URLs as dynamic configuration sources, define System property archaius.configurationSource.additionalUrls or make config.properties available on classpath.|
- | [] | [20190716 17:08:47.061] | [WARN] | [PC-20190528OEHK] | [main] | [c.n.c.sources.URLConfigurationSource] | --> No URLs will be polled as dynamic configuration sources.|
- | [] | [20190716 17:08:47.061] | [INFO] | [PC-20190528OEHK] | [main] | [c.n.c.sources.URLConfigurationSource] | --> To enable URLs as dynamic configuration sources, define System property archaius.configurationSource.additionalUrls or make config.properties available on classpath.|
- | [] | [20190716 17:08:47.731] | [INFO] | [PC-20190528OEHK] | [main] | [c.netflix.discovery.DiscoveryClient] | --> Initializing Eureka in region us-east-1|
- | [] | [20190716 17:08:48.004] | [INFO] | [PC-20190528OEHK] | [main] | [c.n.d.p.DiscoveryJerseyProvider] | --> Using JSON encoding codec LegacyJacksonJson|
- | [] | [20190716 17:08:48.004] | [INFO] | [PC-20190528OEHK] | [main] | [c.n.d.p.DiscoveryJerseyProvider] | --> Using JSON decoding codec LegacyJacksonJson|
- | [] | [20190716 17:08:48.077] | [INFO] | [PC-20190528OEHK] | [main] | [c.n.d.p.DiscoveryJerseyProvider] | --> Using XML encoding codec XStreamXml|
- | [] | [20190716 17:08:48.077] | [INFO] | [PC-20190528OEHK] | [main] | [c.n.d.p.DiscoveryJerseyProvider] | --> Using XML decoding codec XStreamXml|
- | [] | [20190716 17:08:48.223] | [INFO] | [PC-20190528OEHK] | [main] | [c.n.d.s.r.aws.ConfigClusterResolver] | --> Resolving eureka endpoints via configuration|
- | [] | [20190716 17:08:48.251] | [INFO] | [PC-20190528OEHK] | [main] | [c.netflix.discovery.DiscoveryClient] | --> Disable delta property : false|
- | [] | [20190716 17:08:48.251] | [INFO] | [PC-20190528OEHK] | [main] | [c.netflix.discovery.DiscoveryClient] | --> Single vip registry refresh property : null|
- | [] | [20190716 17:08:48.251] | [INFO] | [PC-20190528OEHK] | [main] | [c.netflix.discovery.DiscoveryClient] | --> Force full registry fetch : false|
- | [] | [20190716 17:08:48.251] | [INFO] | [PC-20190528OEHK] | [main] | [c.netflix.discovery.DiscoveryClient] | --> Application is null : false|
- | [] | [20190716 17:08:48.251] | [INFO] | [PC-20190528OEHK] | [main] | [c.netflix.discovery.DiscoveryClient] | --> Registered Applications size is zero : true|
- | [] | [20190716 17:08:48.251] | [INFO] | [PC-20190528OEHK] | [main] | [c.netflix.discovery.DiscoveryClient] | --> Application version is -1: true|
- | [] | [20190716 17:08:48.251] | [INFO] | [PC-20190528OEHK] | [main] | [c.netflix.discovery.DiscoveryClient] | --> Getting all instance registry info from the eureka server|
- | [] | [20190716 17:08:48.326] | [INFO] | [PC-20190528OEHK] | [main] | [c.netflix.discovery.DiscoveryClient] | --> The response status is 200|
- | [] | [20190716 17:08:48.328] | [INFO] | [PC-20190528OEHK] | [main] | [c.netflix.discovery.DiscoveryClient] | --> Starting heartbeat executor: renew interval is: 30|
- | [] | [20190716 17:08:48.329] | [INFO] | [PC-20190528OEHK] | [main] | [c.n.discovery.InstanceInfoReplicator] | --> InstanceInfoReplicator onDemand update allowed rate per min is 4|
- | [] | [20190716 17:08:48.332] | [INFO] | [PC-20190528OEHK] | [main] | [c.netflix.discovery.DiscoveryClient] | --> Discovery Client initialized at timestamp 1563268128331 with initial instances count: 1|
- | [] | [20190716 17:08:48.335] | [INFO] | [PC-20190528OEHK] | [main] | [c.netflix.discovery.DiscoveryClient] | --> Saw local status change event StatusChangeEvent [timestamp=1563268128335, current=UP, previous=STARTING]|
- | [] | [20190716 17:08:48.337] | [INFO] | [PC-20190528OEHK] | [main] | [s.d.s.w.p.DocumentationPluginsBootstrapper] | --> Context refreshed|
- | [] | [20190716 17:08:48.337] | [INFO] | [PC-20190528OEHK] | [DiscoveryClient-InstanceInfoReplicator-0] | [c.netflix.discovery.DiscoveryClient] | --> DiscoveryClient_SCFCLOUD-SYSTEM/PC-20190528OEHK:scfcloud-system:22000: registering service...|
- | [] | [20190716 17:08:48.356] | [INFO] | [PC-20190528OEHK] | [main] | [s.d.s.w.p.DocumentationPluginsBootstrapper] | --> Found 1 custom documentation plugin(s)|
- | [] | [20190716 17:08:48.376] | [INFO] | [PC-20190528OEHK] | [DiscoveryClient-InstanceInfoReplicator-0] | [c.netflix.discovery.DiscoveryClient] | --> DiscoveryClient_SCFCLOUD-SYSTEM/PC-20190528OEHK:scfcloud-system:22000 - registration status: 204|
- | [] | [20190716 17:08:48.398] | [INFO] | [PC-20190528OEHK] | [main] | [s.d.s.w.s.ApiListingReferenceScanner] | --> Scanning for api listing references|
- | [] | [20190716 17:08:48.497] | [INFO] | [PC-20190528OEHK] | [main] | [s.d.s.w.r.o.CachingOperationNameGenerator] | --> Generating unique operation named: addUsingPOST_1|
- | [] | [20190716 17:08:48.511] | [INFO] | [PC-20190528OEHK] | [main] | [s.d.s.w.r.o.CachingOperationNameGenerator] | --> Generating unique operation named: addUsingPOST_2|
- | [] | [20190716 17:08:48.515] | [INFO] | [PC-20190528OEHK] | [main] | [s.d.s.w.r.o.CachingOperationNameGenerator] | --> Generating unique operation named: findListUsingPOST_1|
- | [] | [20190716 17:08:48.547] | [INFO] | [PC-20190528OEHK] | [main] | [s.d.s.w.r.o.CachingOperationNameGenerator] | --> Generating unique operation named: findListUsingPOST_2|
- | [] | [20190716 17:08:48.615] | [INFO] | [PC-20190528OEHK] | [main] | [s.d.s.w.r.o.CachingOperationNameGenerator] | --> Generating unique operation named: auditCommitUsingPOST_1|
- | [] | [20190716 17:08:48.619] | [INFO] | [PC-20190528OEHK] | [main] | [s.d.s.w.r.o.CachingOperationNameGenerator] | --> Generating unique operation named: saveDraftUsingPOST_1|
- | [] | [20190716 17:08:48.621] | [INFO] | [PC-20190528OEHK] | [main] | [s.d.s.w.r.o.CachingOperationNameGenerator] | --> Generating unique operation named: saveFileUsingPOST_1|
- | [] | [20190716 17:08:48.662] | [INFO] | [PC-20190528OEHK] | [main] | [s.d.s.w.r.o.CachingOperationNameGenerator] | --> Generating unique operation named: addUsingPOST_3|
- | [] | [20190716 17:08:48.664] | [INFO] | [PC-20190528OEHK] | [main] | [s.d.s.w.r.o.CachingOperationNameGenerator] | --> Generating unique operation named: deleteUsingPOST_1|
- | [] | [20190716 17:08:48.669] | [INFO] | [PC-20190528OEHK] | [main] | [s.d.s.w.r.o.CachingOperationNameGenerator] | --> Generating unique operation named: findListUsingPOST_3|
- | [] | [20190716 17:08:48.674] | [INFO] | [PC-20190528OEHK] | [main] | [s.d.s.w.r.o.CachingOperationNameGenerator] | --> Generating unique operation named: isExistUsingPOST_1|
- | [] | [20190716 17:08:48.676] | [INFO] | [PC-20190528OEHK] | [main] | [s.d.s.w.r.o.CachingOperationNameGenerator] | --> Generating unique operation named: addUsingPOST_4|
- | [] | [20190716 17:08:48.678] | [INFO] | [PC-20190528OEHK] | [main] | [s.d.s.w.r.o.CachingOperationNameGenerator] | --> Generating unique operation named: deleteUsingPOST_2|
- | [] | [20190716 17:08:48.680] | [INFO] | [PC-20190528OEHK] | [main] | [s.d.s.w.r.o.CachingOperationNameGenerator] | --> Generating unique operation named: editUsingPOST_1|
- | [] | [20190716 17:08:48.681] | [INFO] | [PC-20190528OEHK] | [main] | [s.d.s.w.r.o.CachingOperationNameGenerator] | --> Generating unique operation named: findListUsingPOST_4|
- | [] | [20190716 17:08:48.686] | [INFO] | [PC-20190528OEHK] | [main] | [s.d.s.w.r.o.CachingOperationNameGenerator] | --> Generating unique operation named: deleteByIdUsingPOST_1|
- | [] | [20190716 17:08:48.693] | [INFO] | [PC-20190528OEHK] | [main] | [s.d.s.w.r.o.CachingOperationNameGenerator] | --> Generating unique operation named: addUsingPOST_5|
- | [] | [20190716 17:08:48.694] | [INFO] | [PC-20190528OEHK] | [main] | [s.d.s.w.r.o.CachingOperationNameGenerator] | --> Generating unique operation named: deleteUsingPOST_3|
- | [] | [20190716 17:08:48.696] | [INFO] | [PC-20190528OEHK] | [main] | [s.d.s.w.r.o.CachingOperationNameGenerator] | --> Generating unique operation named: editUsingPOST_2|
- | [] | [20190716 17:08:48.697] | [INFO] | [PC-20190528OEHK] | [main] | [s.d.s.w.r.o.CachingOperationNameGenerator] | --> Generating unique operation named: findListUsingPOST_5|
- | [] | [20190716 17:08:48.698] | [INFO] | [PC-20190528OEHK] | [main] | [s.d.s.w.r.o.CachingOperationNameGenerator] | --> Generating unique operation named: isExistUsingPOST_2|
- | [] | [20190716 17:08:48.700] | [INFO] | [PC-20190528OEHK] | [main] | [s.d.s.w.r.o.CachingOperationNameGenerator] | --> Generating unique operation named: addUsingPOST_6|
- | [] | [20190716 17:08:48.701] | [INFO] | [PC-20190528OEHK] | [main] | [s.d.s.w.r.o.CachingOperationNameGenerator] | --> Generating unique operation named: findListUsingPOST_6|
- | [] | [20190716 17:08:48.702] | [INFO] | [PC-20190528OEHK] | [main] | [s.d.s.w.r.o.CachingOperationNameGenerator] | --> Generating unique operation named: addUsingPOST_7|
- | [] | [20190716 17:08:48.704] | [INFO] | [PC-20190528OEHK] | [main] | [s.d.s.w.r.o.CachingOperationNameGenerator] | --> Generating unique operation named: deleteUsingPOST_4|
- | [] | [20190716 17:08:48.706] | [INFO] | [PC-20190528OEHK] | [main] | [s.d.s.w.r.o.CachingOperationNameGenerator] | --> Generating unique operation named: editUsingPOST_3|
- | [] | [20190716 17:08:48.707] | [INFO] | [PC-20190528OEHK] | [main] | [s.d.s.w.r.o.CachingOperationNameGenerator] | --> Generating unique operation named: findListUsingPOST_7|
- | [] | [20190716 17:08:48.708] | [INFO] | [PC-20190528OEHK] | [main] | [s.d.s.w.r.o.CachingOperationNameGenerator] | --> Generating unique operation named: isExistKeyUsingPOST_1|
- | [] | [20190716 17:08:48.712] | [INFO] | [PC-20190528OEHK] | [main] | [s.d.s.w.r.o.CachingOperationNameGenerator] | --> Generating unique operation named: addUsingPOST_8|
- | [] | [20190716 17:08:48.716] | [INFO] | [PC-20190528OEHK] | [main] | [s.d.s.w.r.o.CachingOperationNameGenerator] | --> Generating unique operation named: deleteUsingPOST_5|
- | [] | [20190716 17:08:48.719] | [INFO] | [PC-20190528OEHK] | [main] | [s.d.s.w.r.o.CachingOperationNameGenerator] | --> Generating unique operation named: editUsingPOST_4|
- | [] | [20190716 17:08:48.732] | [INFO] | [PC-20190528OEHK] | [main] | [s.d.s.w.r.o.CachingOperationNameGenerator] | --> Generating unique operation named: isExistUsingPOST_3|
- | [] | [20190716 17:08:48.739] | [INFO] | [PC-20190528OEHK] | [main] | [s.d.s.w.r.o.CachingOperationNameGenerator] | --> Generating unique operation named: addUsingPOST_9|
- | [] | [20190716 17:08:48.740] | [INFO] | [PC-20190528OEHK] | [main] | [s.d.s.w.r.o.CachingOperationNameGenerator] | --> Generating unique operation named: deleteUsingPOST_6|
- | [] | [20190716 17:08:48.742] | [INFO] | [PC-20190528OEHK] | [main] | [s.d.s.w.r.o.CachingOperationNameGenerator] | --> Generating unique operation named: editUsingPOST_5|
- | [] | [20190716 17:08:48.743] | [INFO] | [PC-20190528OEHK] | [main] | [s.d.s.w.r.o.CachingOperationNameGenerator] | --> Generating unique operation named: findListUsingPOST_8|
- | [] | [20190716 17:08:48.745] | [INFO] | [PC-20190528OEHK] | [main] | [s.d.s.w.r.o.CachingOperationNameGenerator] | --> Generating unique operation named: isExistUsingPOST_4|
- | [] | [20190716 17:08:48.747] | [INFO] | [PC-20190528OEHK] | [main] | [s.d.s.w.r.o.CachingOperationNameGenerator] | --> Generating unique operation named: addUsingPOST_10|
- | [] | [20190716 17:08:48.748] | [INFO] | [PC-20190528OEHK] | [main] | [s.d.s.w.r.o.CachingOperationNameGenerator] | --> Generating unique operation named: deleteUsingPOST_7|
- | [] | [20190716 17:08:48.749] | [INFO] | [PC-20190528OEHK] | [main] | [s.d.s.w.r.o.CachingOperationNameGenerator] | --> Generating unique operation named: editUsingPOST_6|
- | [] | [20190716 17:08:48.750] | [INFO] | [PC-20190528OEHK] | [main] | [s.d.s.w.r.o.CachingOperationNameGenerator] | --> Generating unique operation named: findListUsingPOST_9|
- | [] | [20190716 17:08:48.751] | [INFO] | [PC-20190528OEHK] | [main] | [s.d.s.w.r.o.CachingOperationNameGenerator] | --> Generating unique operation named: selectListUsingPOST_1|
- | [] | [20190716 17:08:48.766] | [INFO] | [PC-20190528OEHK] | [main] | [s.d.s.w.r.o.CachingOperationNameGenerator] | --> Generating unique operation named: deleteByIdUsingPOST_2|
- | [] | [20190716 17:08:48.783] | [INFO] | [PC-20190528OEHK] | [main] | [s.d.s.w.r.o.CachingOperationNameGenerator] | --> Generating unique operation named: findUserDataPermissionListUsingPOST_1|
- | [] | [20190716 17:08:48.788] | [INFO] | [PC-20190528OEHK] | [main] | [s.d.s.w.r.o.CachingOperationNameGenerator] | --> Generating unique operation named: findUserlistUsingPOST_1|
- | [] | [20190716 17:08:48.828] | [INFO] | [PC-20190528OEHK] | [main] | [s.d.s.w.r.o.CachingOperationNameGenerator] | --> Generating unique operation named: phoneCheckUsingPOST_1|
- | [] | [20190716 17:08:48.880] | [INFO] | [PC-20190528OEHK] | [main] | [o.a.coyote.http11.Http11NioProtocol] | --> Starting ProtocolHandler ["http-nio-22000"]|
- | [] | [20190716 17:08:48.900] | [INFO] | [PC-20190528OEHK] | [main] | [c.z.s.s.ScfcloudSystemApplication] | --> Started ScfcloudSystemApplication in 6.58 seconds (JVM running for 7.084)|
- | [] | [20190716 17:09:57.982] | [INFO] | [PC-20190528OEHK] | [http-nio-22000-exec-1] | [o.a.c.c.C.[Tomcat].[localhost].[/]] | --> Initializing Spring DispatcherServlet 'dispatcherServlet'|
- | [] | [20190716 17:09:58.012] | [INFO] | [PC-20190528OEHK] | [http-nio-22000-exec-1] | [c.z.s.s.controller.UserController] | --> 根据邮箱查询用户:dto:"lzskcloud@qq.com"|
- | [] | [20190716 17:09:58.069] | [DEBUG] | [PC-20190528OEHK] | [http-nio-22000-exec-1] | [c.z.s.m.mapper.UserMapper.selectOne] | --> ==>  Preparing: SELECT ID,PHONE,EMAIL,PASSWORD,ID_CARD,USER_NAME,GENDER,IS_EMAIL_VALID,LAST_COMPANY_ID,PERMISSION_TYPE,PERMISSION_ORG_IDS,STATUS,UPDATE_BY_ID,CREATE_BY_ID,UPDATE_TIME,CREATE_TIME,IS_DEL FROM scf_user WHERE IS_DEL=0 AND email = ? |
- | [] | [20190716 17:09:58.085] | [DEBUG] | [PC-20190528OEHK] | [http-nio-22000-exec-1] | [c.z.s.m.mapper.UserMapper.selectOne] | --> ==> Parameters: lzskcloud@qq.com(String)|
- | [] | [20190716 17:09:58.105] | [DEBUG] | [PC-20190528OEHK] | [http-nio-22000-exec-1] | [c.z.s.m.mapper.UserMapper.selectOne] | --> <==      Total: 1|
- | [] | [20190716 17:09:58.155] | [INFO] | [PC-20190528OEHK] | [http-nio-22000-exec-2] | [c.z.s.s.controller.UserController] | --> 获取用户详细信息:dto:{"userId":1}|
- | [] | [20190716 17:09:58.156] | [DEBUG] | [PC-20190528OEHK] | [http-nio-22000-exec-2] | [c.z.s.m.mapper.UserMapper.selectOne] | --> ==>  Preparing: SELECT ID,PHONE,EMAIL,PASSWORD,ID_CARD,USER_NAME,GENDER,IS_EMAIL_VALID,LAST_COMPANY_ID,PERMISSION_TYPE,PERMISSION_ORG_IDS,STATUS,UPDATE_BY_ID,CREATE_BY_ID,UPDATE_TIME,CREATE_TIME,IS_DEL FROM scf_user WHERE IS_DEL=0 AND id = ? |
- | [] | [20190716 17:09:58.157] | [DEBUG] | [PC-20190528OEHK] | [http-nio-22000-exec-2] | [c.z.s.m.mapper.UserMapper.selectOne] | --> ==> Parameters: 1(Long)|
- | [] | [20190716 17:09:58.159] | [DEBUG] | [PC-20190528OEHK] | [http-nio-22000-exec-2] | [c.z.s.m.mapper.UserMapper.selectOne] | --> <==      Total: 1|
- | [] | [20190716 17:09:58.163] | [DEBUG] | [PC-20190528OEHK] | [http-nio-22000-exec-2] | [c.z.s.m.m.C.selectList] | --> ==>  Preparing: SELECT ID,COMPANY_ID,USER_ID,STATUS,LEAVE_TIME,CREATE_TIME,UPDATE_TIME,IS_DELETE FROM scf_cfg_company_user WHERE user_id = ? AND is_delete = ? AND status = ? |
- | [] | [20190716 17:09:58.164] | [DEBUG] | [PC-20190528OEHK] | [http-nio-22000-exec-2] | [c.z.s.m.m.C.selectList] | --> ==> Parameters: 1(Long), 0(Integer), 1(Integer)|
- | [] | [20190716 17:09:58.165] | [DEBUG] | [PC-20190528OEHK] | [http-nio-22000-exec-2] | [c.z.s.m.m.C.selectList] | --> <==      Total: 1|
- | [] | [20190716 17:09:58.167] | [DEBUG] | [PC-20190528OEHK] | [http-nio-22000-exec-2] | [c.z.s.m.m.CompanyMapper.selectById] | --> ==>  Preparing: SELECT ID,COMPANY_NAME,CREDIT_CODE,LEGAL_PERSON,NAME,PHONE,BUSINESS_LICENCE_URL,COMPANY_TEL,COMPANY_EMAIL,COMPANY_URL,COMPANY_FAX,COMPANY_REMARK,COMPANY_NATURE_KEY,COMPANY_NATURE_CONCRETE_KEY,STAFF_SIZE_KEY,PROVINCE_ID,CITY_ID,DISTRICT_ID,DETAIL_ADDR,COMPANY_TAX_NO,COMPANY_INVOICE_TITLE,REG_USER_ID,STATUS,UPDATE_BY_ID,CREATE_BY_ID,UPDATE_TIME,CREATE_TIME,IS_DELETE FROM scf_company WHERE ID=? |
- | [] | [20190716 17:09:58.167] | [DEBUG] | [PC-20190528OEHK] | [http-nio-22000-exec-2] | [c.z.s.m.m.CompanyMapper.selectById] | --> ==> Parameters: 1(Long)|
- | [] | [20190716 17:09:58.170] | [DEBUG] | [PC-20190528OEHK] | [http-nio-22000-exec-2] | [c.z.s.m.m.CompanyMapper.selectById] | --> <==      Total: 1|
- | [] | [20190716 17:09:58.171] | [DEBUG] | [PC-20190528OEHK] | [http-nio-22000-exec-2] | [c.z.s.m.m.R.findUserRolesByCompanyId] | --> ==>  Preparing: select scr.* from scf_cfg_role scr join scf_cfg_role_user scru on scr.id = scru.role_id where scr.`status` = 1 and scru.user_id = ? and scr.company_id = ? |
- | [] | [20190716 17:09:58.171] | [DEBUG] | [PC-20190528OEHK] | [http-nio-22000-exec-2] | [c.z.s.m.m.R.findUserRolesByCompanyId] | --> ==> Parameters: 1(Long), 1(Long)|
- | [] | [20190716 17:09:58.173] | [DEBUG] | [PC-20190528OEHK] | [http-nio-22000-exec-2] | [c.z.s.m.m.R.findUserRolesByCompanyId] | --> <==      Total: 1|
- | [] | [20190716 17:09:58.176] | [DEBUG] | [PC-20190528OEHK] | [http-nio-22000-exec-2] | [c.z.s.m.m.MenuMapper.findHaveMenu] | --> ==>  Preparing: select DISTINCT sm.* from scf_menu sm left join scf_cfg_system_function scsf on scsf.menu_id = sm.id left join scf_cfg_role_function scrf on scrf.funct_code = scsf.func_code where sm.`status` = 1 and scrf.role_id in(1) |
- | [] | [20190716 17:09:58.176] | [DEBUG] | [PC-20190528OEHK] | [http-nio-22000-exec-2] | [c.z.s.m.m.MenuMapper.findHaveMenu] | --> ==> Parameters: |
- | [] | [20190716 17:09:58.182] | [DEBUG] | [PC-20190528OEHK] | [http-nio-22000-exec-2] | [c.z.s.m.m.MenuMapper.findHaveMenu] | --> <==      Total: 9|
- | [] | [20190716 17:09:58.183] | [DEBUG] | [PC-20190528OEHK] | [http-nio-22000-exec-2] | [c.z.s.m.m.S.findFuncListByRoleIds] | --> ==>  Preparing: SELECT DISTINCT scyf.* FROM scf_cfg_system_function scyf JOIN scf_cfg_role_function scrf ON scyf.func_code = scrf.funct_code WHERE scrf.role_id IN( 1) |
- | [] | [20190716 17:09:58.183] | [DEBUG] | [PC-20190528OEHK] | [http-nio-22000-exec-2] | [c.z.s.m.m.S.findFuncListByRoleIds] | --> ==> Parameters: |
- | [] | [20190716 17:09:58.188] | [DEBUG] | [PC-20190528OEHK] | [http-nio-22000-exec-2] | [c.z.s.m.m.S.findFuncListByRoleIds] | --> <==      Total: 39|
- | [] | [20190716 17:09:58.190] | [DEBUG] | [PC-20190528OEHK] | [http-nio-22000-exec-2] | [c.z.s.m.m.CompanyMapper.selectList] | --> ==>  Preparing: SELECT ID,COMPANY_NAME,CREDIT_CODE,LEGAL_PERSON,NAME,PHONE,BUSINESS_LICENCE_URL,COMPANY_TEL,COMPANY_EMAIL,COMPANY_URL,COMPANY_FAX,COMPANY_REMARK,COMPANY_NATURE_KEY,COMPANY_NATURE_CONCRETE_KEY,STAFF_SIZE_KEY,PROVINCE_ID,CITY_ID,DISTRICT_ID,DETAIL_ADDR,COMPANY_TAX_NO,COMPANY_INVOICE_TITLE,REG_USER_ID,STATUS,UPDATE_BY_ID,CREATE_BY_ID,UPDATE_TIME,CREATE_TIME,IS_DELETE FROM scf_company WHERE id IN (?) AND is_delete = ? AND status = ? |
- | [] | [20190716 17:09:58.190] | [DEBUG] | [PC-20190528OEHK] | [http-nio-22000-exec-2] | [c.z.s.m.m.CompanyMapper.selectList] | --> ==> Parameters: 1(Long), 0(Integer), 1(Integer)|
- | [] | [20190716 17:09:58.192] | [DEBUG] | [PC-20190528OEHK] | [http-nio-22000-exec-2] | [c.z.s.m.m.CompanyMapper.selectList] | --> <==      Total: 1|
- | [] | [20190716 17:09:58.229] | [INFO] | [PC-20190528OEHK] | [http-nio-22000-exec-3] | [c.z.s.s.controller.UserController] | --> 密码输入是否正确{"createTime":"2019-06-06T05:07:14","email":"lzskcloud@qq.com","gender":1,"id":1,"idCard":"1111111111111111","isDel":0,"lastCompanyId":1,"password":"123456","permissionOrgIds":"1,23,11","permissionType":2,"phone":"13367966485","status":1,"updateTime":"2019-07-01T15:25:07","userName":"admin"} |
- | [] | [20190716 17:09:58.231] | [DEBUG] | [PC-20190528OEHK] | [http-nio-22000-exec-3] | [c.z.s.m.mapper.UserMapper.updateById] | --> ==>  Preparing: UPDATE scf_user SET PHONE=?, EMAIL=?, PASSWORD=?, ID_CARD=?, USER_NAME=?, GENDER=?, IS_EMAIL_VALID=?, LAST_COMPANY_ID=?, PERMISSION_TYPE=?, PERMISSION_ORG_IDS=?, STATUS=?, UPDATE_BY_ID=?, CREATE_BY_ID=?, UPDATE_TIME=?, CREATE_TIME=? WHERE ID=? AND IS_DEL=0 |
- | [] | [20190716 17:09:58.233] | [DEBUG] | [PC-20190528OEHK] | [http-nio-22000-exec-3] | [c.z.s.m.mapper.UserMapper.updateById] | --> ==> Parameters: 13367966485(String), lzskcloud@qq.com(String), 123456(String), 1111111111111111(String), admin(String), 1(Integer), null, 1(Long), 2(Integer), 1,23,11(String), 1(Integer), null, null, 2019-07-01 15:25:07.0(Timestamp), 2019-06-06 05:07:14.0(Timestamp), 1(Long)|
- | [] | [20190716 17:09:58.234] | [DEBUG] | [PC-20190528OEHK] | [http-nio-22000-exec-3] | [c.z.s.m.mapper.UserMapper.updateById] | --> <==    Updates: 1|
- | [] | [20190716 17:09:58.433] | [INFO] | [PC-20190528OEHK] | [http-nio-22000-exec-4] | [c.z.s.s.controller.CompanyController] | --> subject:是否弹出邀请成员引导(只有一个成员时弹出),companyId:1|
- | [] | [20190716 17:09:58.434] | [DEBUG] | [PC-20190528OEHK] | [http-nio-22000-exec-4] | [c.z.s.m.m.C.findCompanyUserListById] | --> ==>  Preparing: SELECT su.id, su.user_name, su.email, su.phone FROM `scf_cfg_company_user` sccu LEFT JOIN scf_user su ON su.id = sccu.user_id WHERE sccu.company_id = ? |
- | [] | [20190716 17:09:58.435] | [DEBUG] | [PC-20190528OEHK] | [http-nio-22000-exec-4] | [c.z.s.m.m.C.findCompanyUserListById] | --> ==> Parameters: 1(Long)|
- | [] | [20190716 17:09:58.437] | [DEBUG] | [PC-20190528OEHK] | [http-nio-22000-exec-4] | [c.z.s.m.m.C.findCompanyUserListById] | --> <==      Total: 20|
- | [] | [20190716 17:13:48.264] | [INFO] | [PC-20190528OEHK] | [AsyncResolver-bootstrap-executor-0] | [c.n.d.s.r.aws.ConfigClusterResolver] | --> Resolving eureka endpoints via configuration|
- | [] | [20190716 17:18:48.276] | [INFO] | [PC-20190528OEHK] | [AsyncResolver-bootstrap-executor-0] | [c.n.d.s.r.aws.ConfigClusterResolver] | --> Resolving eureka endpoints via configuration|
- | [] | [20190716 17:23:48.288] | [INFO] | [PC-20190528OEHK] | [AsyncResolver-bootstrap-executor-0] | [c.n.d.s.r.aws.ConfigClusterResolver] | --> Resolving eureka endpoints via configuration|
- | [] | [20190716 17:28:48.299] | [INFO] | [PC-20190528OEHK] | [AsyncResolver-bootstrap-executor-0] | [c.n.d.s.r.aws.ConfigClusterResolver] | --> Resolving eureka endpoints via configuration|
- | [] | [20190716 17:33:48.311] | [INFO] | [PC-20190528OEHK] | [AsyncResolver-bootstrap-executor-0] | [c.n.d.s.r.aws.ConfigClusterResolver] | --> Resolving eureka endpoints via configuration|
- | [] | [20190716 17:38:48.322] | [INFO] | [PC-20190528OEHK] | [AsyncResolver-bootstrap-executor-0] | [c.n.d.s.r.aws.ConfigClusterResolver] | --> Resolving eureka endpoints via configuration|
- | [] | [20190716 17:43:48.334] | [INFO] | [PC-20190528OEHK] | [AsyncResolver-bootstrap-executor-0] | [c.n.d.s.r.aws.ConfigClusterResolver] | --> Resolving eureka endpoints via configuration|
- | [] | [20190716 17:48:48.345] | [INFO] | [PC-20190528OEHK] | [AsyncResolver-bootstrap-executor-0] | [c.n.d.s.r.aws.ConfigClusterResolver] | --> Resolving eureka endpoints via configuration|
- | [] | [20190716 17:53:48.356] | [INFO] | [PC-20190528OEHK] | [AsyncResolver-bootstrap-executor-0] | [c.n.d.s.r.aws.ConfigClusterResolver] | --> Resolving eureka endpoints via configuration|
- | [] | [20190716 17:58:48.367] | [INFO] | [PC-20190528OEHK] | [AsyncResolver-bootstrap-executor-0] | [c.n.d.s.r.aws.ConfigClusterResolver] | --> Resolving eureka endpoints via configuration|
- | [] | [20190716 18:03:48.378] | [INFO] | [PC-20190528OEHK] | [AsyncResolver-bootstrap-executor-0] | [c.n.d.s.r.aws.ConfigClusterResolver] | --> Resolving eureka endpoints via configuration|
- | [] | [20190716 18:08:48.389] | [INFO] | [PC-20190528OEHK] | [AsyncResolver-bootstrap-executor-0] | [c.n.d.s.r.aws.ConfigClusterResolver] | --> Resolving eureka endpoints via configuration|
- | [] | [20190716 18:09:19.528] | [INFO] | [PC-20190528OEHK] | [http-nio-22000-exec-6] | [c.z.s.s.controller.UserController] | --> 根据邮箱查询用户:dto:"lzskcloud@qq.com"|
- | [] | [20190716 18:09:19.532] | [DEBUG] | [PC-20190528OEHK] | [http-nio-22000-exec-6] | [c.z.s.m.mapper.UserMapper.selectOne] | --> ==>  Preparing: SELECT ID,PHONE,EMAIL,PASSWORD,ID_CARD,USER_NAME,GENDER,IS_EMAIL_VALID,LAST_COMPANY_ID,PERMISSION_TYPE,PERMISSION_ORG_IDS,STATUS,UPDATE_BY_ID,CREATE_BY_ID,UPDATE_TIME,CREATE_TIME,IS_DEL FROM scf_user WHERE IS_DEL=0 AND email = ? |
- | [] | [20190716 18:09:19.532] | [DEBUG] | [PC-20190528OEHK] | [http-nio-22000-exec-6] | [c.z.s.m.mapper.UserMapper.selectOne] | --> ==> Parameters: lzskcloud@qq.com(String)|
- | [] | [20190716 18:09:19.534] | [DEBUG] | [PC-20190528OEHK] | [http-nio-22000-exec-6] | [c.z.s.m.mapper.UserMapper.selectOne] | --> <==      Total: 1|
- | [] | [20190716 18:09:19.538] | [INFO] | [PC-20190528OEHK] | [http-nio-22000-exec-7] | [c.z.s.s.controller.UserController] | --> 获取用户详细信息:dto:{"userId":1}|
- | [] | [20190716 18:09:19.538] | [DEBUG] | [PC-20190528OEHK] | [http-nio-22000-exec-7] | [c.z.s.m.mapper.UserMapper.selectOne] | --> ==>  Preparing: SELECT ID,PHONE,EMAIL,PASSWORD,ID_CARD,USER_NAME,GENDER,IS_EMAIL_VALID,LAST_COMPANY_ID,PERMISSION_TYPE,PERMISSION_ORG_IDS,STATUS,UPDATE_BY_ID,CREATE_BY_ID,UPDATE_TIME,CREATE_TIME,IS_DEL FROM scf_user WHERE IS_DEL=0 AND id = ? |
- | [] | [20190716 18:09:19.539] | [DEBUG] | [PC-20190528OEHK] | [http-nio-22000-exec-7] | [c.z.s.m.mapper.UserMapper.selectOne] | --> ==> Parameters: 1(Long)|
- | [] | [20190716 18:09:19.540] | [DEBUG] | [PC-20190528OEHK] | [http-nio-22000-exec-7] | [c.z.s.m.mapper.UserMapper.selectOne] | --> <==      Total: 1|
- | [] | [20190716 18:09:19.541] | [DEBUG] | [PC-20190528OEHK] | [http-nio-22000-exec-7] | [c.z.s.m.m.C.selectList] | --> ==>  Preparing: SELECT ID,COMPANY_ID,USER_ID,STATUS,LEAVE_TIME,CREATE_TIME,UPDATE_TIME,IS_DELETE FROM scf_cfg_company_user WHERE user_id = ? AND is_delete = ? AND status = ? |
- | [] | [20190716 18:09:19.541] | [DEBUG] | [PC-20190528OEHK] | [http-nio-22000-exec-7] | [c.z.s.m.m.C.selectList] | --> ==> Parameters: 1(Long), 0(Integer), 1(Integer)|
- | [] | [20190716 18:09:19.542] | [DEBUG] | [PC-20190528OEHK] | [http-nio-22000-exec-7] | [c.z.s.m.m.C.selectList] | --> <==      Total: 1|
- | [] | [20190716 18:09:19.543] | [DEBUG] | [PC-20190528OEHK] | [http-nio-22000-exec-7] | [c.z.s.m.m.CompanyMapper.selectById] | --> ==>  Preparing: SELECT ID,COMPANY_NAME,CREDIT_CODE,LEGAL_PERSON,NAME,PHONE,BUSINESS_LICENCE_URL,COMPANY_TEL,COMPANY_EMAIL,COMPANY_URL,COMPANY_FAX,COMPANY_REMARK,COMPANY_NATURE_KEY,COMPANY_NATURE_CONCRETE_KEY,STAFF_SIZE_KEY,PROVINCE_ID,CITY_ID,DISTRICT_ID,DETAIL_ADDR,COMPANY_TAX_NO,COMPANY_INVOICE_TITLE,REG_USER_ID,STATUS,UPDATE_BY_ID,CREATE_BY_ID,UPDATE_TIME,CREATE_TIME,IS_DELETE FROM scf_company WHERE ID=? |
- | [] | [20190716 18:09:19.543] | [DEBUG] | [PC-20190528OEHK] | [http-nio-22000-exec-7] | [c.z.s.m.m.CompanyMapper.selectById] | --> ==> Parameters: 1(Long)|
- | [] | [20190716 18:09:19.545] | [DEBUG] | [PC-20190528OEHK] | [http-nio-22000-exec-7] | [c.z.s.m.m.CompanyMapper.selectById] | --> <==      Total: 1|
- | [] | [20190716 18:09:19.545] | [DEBUG] | [PC-20190528OEHK] | [http-nio-22000-exec-7] | [c.z.s.m.m.R.findUserRolesByCompanyId] | --> ==>  Preparing: select scr.* from scf_cfg_role scr join scf_cfg_role_user scru on scr.id = scru.role_id where scr.`status` = 1 and scru.user_id = ? and scr.company_id = ? |
- | [] | [20190716 18:09:19.545] | [DEBUG] | [PC-20190528OEHK] | [http-nio-22000-exec-7] | [c.z.s.m.m.R.findUserRolesByCompanyId] | --> ==> Parameters: 1(Long), 1(Long)|
- | [] | [20190716 18:09:19.547] | [DEBUG] | [PC-20190528OEHK] | [http-nio-22000-exec-7] | [c.z.s.m.m.R.findUserRolesByCompanyId] | --> <==      Total: 1|
- | [] | [20190716 18:09:19.547] | [DEBUG] | [PC-20190528OEHK] | [http-nio-22000-exec-7] | [c.z.s.m.m.MenuMapper.findHaveMenu] | --> ==>  Preparing: select DISTINCT sm.* from scf_menu sm left join scf_cfg_system_function scsf on scsf.menu_id = sm.id left join scf_cfg_role_function scrf on scrf.funct_code = scsf.func_code where sm.`status` = 1 and scrf.role_id in(1) |
- | [] | [20190716 18:09:19.548] | [DEBUG] | [PC-20190528OEHK] | [http-nio-22000-exec-7] | [c.z.s.m.m.MenuMapper.findHaveMenu] | --> ==> Parameters: |
- | [] | [20190716 18:09:19.553] | [DEBUG] | [PC-20190528OEHK] | [http-nio-22000-exec-7] | [c.z.s.m.m.MenuMapper.findHaveMenu] | --> <==      Total: 9|
- | [] | [20190716 18:09:19.554] | [DEBUG] | [PC-20190528OEHK] | [http-nio-22000-exec-7] | [c.z.s.m.m.S.findFuncListByRoleIds] | --> ==>  Preparing: SELECT DISTINCT scyf.* FROM scf_cfg_system_function scyf JOIN scf_cfg_role_function scrf ON scyf.func_code = scrf.funct_code WHERE scrf.role_id IN( 1) |
- | [] | [20190716 18:09:19.554] | [DEBUG] | [PC-20190528OEHK] | [http-nio-22000-exec-7] | [c.z.s.m.m.S.findFuncListByRoleIds] | --> ==> Parameters: |
- | [] | [20190716 18:09:19.559] | [DEBUG] | [PC-20190528OEHK] | [http-nio-22000-exec-7] | [c.z.s.m.m.S.findFuncListByRoleIds] | --> <==      Total: 39|
- | [] | [20190716 18:09:19.560] | [DEBUG] | [PC-20190528OEHK] | [http-nio-22000-exec-7] | [c.z.s.m.m.CompanyMapper.selectList] | --> ==>  Preparing: SELECT ID,COMPANY_NAME,CREDIT_CODE,LEGAL_PERSON,NAME,PHONE,BUSINESS_LICENCE_URL,COMPANY_TEL,COMPANY_EMAIL,COMPANY_URL,COMPANY_FAX,COMPANY_REMARK,COMPANY_NATURE_KEY,COMPANY_NATURE_CONCRETE_KEY,STAFF_SIZE_KEY,PROVINCE_ID,CITY_ID,DISTRICT_ID,DETAIL_ADDR,COMPANY_TAX_NO,COMPANY_INVOICE_TITLE,REG_USER_ID,STATUS,UPDATE_BY_ID,CREATE_BY_ID,UPDATE_TIME,CREATE_TIME,IS_DELETE FROM scf_company WHERE id IN (?) AND is_delete = ? AND status = ? |
- | [] | [20190716 18:09:19.561] | [DEBUG] | [PC-20190528OEHK] | [http-nio-22000-exec-7] | [c.z.s.m.m.CompanyMapper.selectList] | --> ==> Parameters: 1(Long), 0(Integer), 1(Integer)|
- | [] | [20190716 18:09:19.562] | [DEBUG] | [PC-20190528OEHK] | [http-nio-22000-exec-7] | [c.z.s.m.m.CompanyMapper.selectList] | --> <==      Total: 1|
- | [] | [20190716 18:09:19.572] | [INFO] | [PC-20190528OEHK] | [http-nio-22000-exec-8] | [c.z.s.s.controller.UserController] | --> 密码输入是否正确{"createTime":"2019-06-06T05:07:14","email":"lzskcloud@qq.com","gender":1,"id":1,"idCard":"1111111111111111","isDel":0,"lastCompanyId":1,"password":"123456","permissionOrgIds":"1,23,11","permissionType":2,"phone":"13367966485","status":1,"updateTime":"2019-07-01T15:25:07","userName":"admin"} |
- | [] | [20190716 18:09:19.572] | [DEBUG] | [PC-20190528OEHK] | [http-nio-22000-exec-8] | [c.z.s.m.mapper.UserMapper.updateById] | --> ==>  Preparing: UPDATE scf_user SET PHONE=?, EMAIL=?, PASSWORD=?, ID_CARD=?, USER_NAME=?, GENDER=?, IS_EMAIL_VALID=?, LAST_COMPANY_ID=?, PERMISSION_TYPE=?, PERMISSION_ORG_IDS=?, STATUS=?, UPDATE_BY_ID=?, CREATE_BY_ID=?, UPDATE_TIME=?, CREATE_TIME=? WHERE ID=? AND IS_DEL=0 |
- | [] | [20190716 18:09:19.573] | [DEBUG] | [PC-20190528OEHK] | [http-nio-22000-exec-8] | [c.z.s.m.mapper.UserMapper.updateById] | --> ==> Parameters: 13367966485(String), lzskcloud@qq.com(String), 123456(String), 1111111111111111(String), admin(String), 1(Integer), null, 1(Long), 2(Integer), 1,23,11(String), 1(Integer), null, null, 2019-07-01 15:25:07.0(Timestamp), 2019-06-06 05:07:14.0(Timestamp), 1(Long)|
- | [] | [20190716 18:09:19.574] | [DEBUG] | [PC-20190528OEHK] | [http-nio-22000-exec-8] | [c.z.s.m.mapper.UserMapper.updateById] | --> <==    Updates: 1|
- | [] | [20190716 18:09:19.748] | [INFO] | [PC-20190528OEHK] | [http-nio-22000-exec-9] | [c.z.s.s.controller.CompanyController] | --> subject:是否弹出邀请成员引导(只有一个成员时弹出),companyId:1|
- | [] | [20190716 18:09:19.748] | [DEBUG] | [PC-20190528OEHK] | [http-nio-22000-exec-9] | [c.z.s.m.m.C.findCompanyUserListById] | --> ==>  Preparing: SELECT su.id, su.user_name, su.email, su.phone FROM `scf_cfg_company_user` sccu LEFT JOIN scf_user su ON su.id = sccu.user_id WHERE sccu.company_id = ? |
- | [] | [20190716 18:09:19.749] | [DEBUG] | [PC-20190528OEHK] | [http-nio-22000-exec-9] | [c.z.s.m.m.C.findCompanyUserListById] | --> ==> Parameters: 1(Long)|
- | [] | [20190716 18:09:19.751] | [DEBUG] | [PC-20190528OEHK] | [http-nio-22000-exec-9] | [c.z.s.m.m.C.findCompanyUserListById] | --> <==      Total: 20|
- | [] | [20190716 18:09:21.186] | [INFO] | [PC-20190528OEHK] | [http-nio-22000-exec-10] | [c.z.s.s.controller.CommentController] | --> 查询评论列表|
- | [] | [20190716 18:09:21.189] | [DEBUG] | [PC-20190528OEHK] | [http-nio-22000-exec-10] | [c.z.s.m.m.CommentMapper.findList] | --> ==>  Preparing: SELECT sc.id, sc.create_time, sc.content, su.user_name as create_by, sc.status_desc FROM `scf_comment` sc LEFT JOIN scf_user su ON su.id = sc.create_by WHERE sc.business_id = ? AND sc.business_type_id = ? AND sc.company_id = ? ORDER BY sc.id DESC |
- | [] | [20190716 18:09:21.189] | [DEBUG] | [PC-20190528OEHK] | [http-nio-22000-exec-10] | [c.z.s.m.m.CommentMapper.findList] | --> ==> Parameters: 92(Long), 2(Long), 1(Long)|
- | [] | [20190716 18:09:21.193] | [DEBUG] | [PC-20190528OEHK] | [http-nio-22000-exec-10] | [c.z.s.m.m.CommentMapper.findList] | --> <==      Total: 0|
- | [] | [20190716 18:09:21.252] | [INFO] | [PC-20190528OEHK] | [http-nio-22000-exec-1] | [c.z.s.s.c.CreditRecordController] | --> 根据身份证查询授信记录：1111111111111111|
- | [] | [20190716 18:09:21.255] | [DEBUG] | [PC-20190528OEHK] | [http-nio-22000-exec-1] | [c.z.s.m.m.C.findPersonalCreditList] | --> ==>  Preparing: SELECT scr.id, scr.credit_apply_id creditApplyId, sci.company_id companyId, scr.customer_name customerName, scr.id_card idCard, sci.id itemId, sci.item_name itemName FROM scf_credit_record scr LEFT JOIN scf_credit_item sci ON sci.id = scr.project_id WHERE scr.id_card = ? AND sci.company_id = ? ORDER BY scr.id |
- | [] | [20190716 18:09:21.256] | [DEBUG] | [PC-20190528OEHK] | [http-nio-22000-exec-1] | [c.z.s.m.m.C.findPersonalCreditList] | --> ==> Parameters: 1111111111111111(String), 1(Long)|
- | [] | [20190716 18:09:21.259] | [DEBUG] | [PC-20190528OEHK] | [http-nio-22000-exec-1] | [c.z.s.m.m.C.findPersonalCreditList] | --> <==      Total: 0|
- | [] | [20190716 18:09:21.264] | [INFO] | [PC-20190528OEHK] | [http-nio-22000-exec-3] | [c.z.s.s.c.CreditApplyController] | --> subject:授信审核日记,AuditLogListDTO:AuditLogListDTO(companyId=1, businessTypeId=2, businessId=92)|
- | [] | [20190716 18:09:21.265] | [INFO] | [PC-20190528OEHK] | [http-nio-22000-exec-2] | [c.z.s.s.c.CreditApplyController] | --> subject:操作日志,OperateLogDTO:OperateLogDTO(companyId=1, businessTypeId=2, businessId=92, operatObject=credit)|
- | [] | [20190716 18:09:21.311] | [DEBUG] | [PC-20190528OEHK] | [http-nio-22000-exec-2] | [c.z.s.m.m.O.getOperateLogVOList] | --> ==>  Preparing: SELECT COUNT(1) FROM scf_operate_log WHERE company_id = ? AND business_type_id = ? AND business_id = ? AND operat_object = ? |
- | [] | [20190716 18:09:21.312] | [DEBUG] | [PC-20190528OEHK] | [http-nio-22000-exec-2] | [c.z.s.m.m.O.getOperateLogVOList] | --> ==> Parameters: 1(Long), 2(Long), 92(Long), credit(String)|
- | [] | [20190716 18:09:21.312] | [DEBUG] | [PC-20190528OEHK] | [http-nio-22000-exec-3] | [c.z.s.m.m.C.findAuditLogList] | --> ==>  Preparing: SELECT COUNT(1) FROM `scf_credit_apply_audit` scaa LEFT JOIN scf_credit_apply sca ON sca.id = scaa.business_id WHERE scaa.business_type_id = ? AND scaa.business_id = ? AND scaa.company_id = ? |
- | [] | [20190716 18:09:21.312] | [DEBUG] | [PC-20190528OEHK] | [http-nio-22000-exec-3] | [c.z.s.m.m.C.findAuditLogList] | --> ==> Parameters: 2(Long), 92(Long), 1(Long)|
- | [] | [20190716 18:09:21.315] | [DEBUG] | [PC-20190528OEHK] | [http-nio-22000-exec-2] | [c.z.s.m.m.O.getOperateLogVOList] | --> ==>  Preparing: select id, operate_time operateTime, operat_type operatType, operat_object operatObject, operate_content operateContent, operate_user_name operateUserName from scf_operate_log where company_id = ? and business_type_id = ? and business_id = ? and operat_object = ? order by operate_time desc |
- | [] | [20190716 18:09:21.315] | [DEBUG] | [PC-20190528OEHK] | [http-nio-22000-exec-2] | [c.z.s.m.m.O.getOperateLogVOList] | --> ==> Parameters: 1(Long), 2(Long), 92(Long), credit(String)|
- | [] | [20190716 18:09:21.317] | [DEBUG] | [PC-20190528OEHK] | [http-nio-22000-exec-2] | [c.z.s.m.m.O.getOperateLogVOList] | --> <==      Total: 0|
- | [] | [20190716 18:09:21.318] | [DEBUG] | [PC-20190528OEHK] | [http-nio-22000-exec-3] | [c.z.s.m.m.C.findAuditLogList] | --> ==>  Preparing: SELECT scaa.id, scaa.audit_result, scaa.audit_time, scaa.audit_person,scaa.audit_opinion,scaa.total_time_consuming, (SELECT scbf.flow_name FROM scf_cfg_business_flow scbf WHERE scbf.flow_code = scaa.audit_before_flow AND scbf.company_id = sca.company_id AND scbf.business_type_id = sca.business_type_id) as audit_before_flow, (SELECT scbf.flow_name FROM scf_cfg_business_flow scbf WHERE scbf.flow_code = scaa.audit_after_flow AND scbf.company_id = sca.company_id AND scbf.business_type_id = sca.business_type_id) as audit_after_flow FROM `scf_credit_apply_audit` scaa LEFT JOIN scf_credit_apply sca ON sca.id = scaa.business_id WHERE scaa.business_type_id = ? AND scaa.business_id = ? AND scaa.company_id = ? ORDER BY scaa.id DESC |
- | [] | [20190716 18:09:21.318] | [DEBUG] | [PC-20190528OEHK] | [http-nio-22000-exec-3] | [c.z.s.m.m.C.findAuditLogList] | --> ==> Parameters: 2(Long), 92(Long), 1(Long)|
- | [] | [20190716 18:09:21.324] | [DEBUG] | [PC-20190528OEHK] | [http-nio-22000-exec-3] | [c.z.s.m.m.C.findAuditLogList] | --> <==      Total: 0|
- | [] | [20190716 18:09:26.511] | [INFO] | [PC-20190528OEHK] | [http-nio-22000-exec-7] | [c.z.s.s.c.CreditApplyController] | --> subject:授信审批列表,creditApplyAuditListQueryDTO:CreditApplyAuditListQueryDTO(userId=1, roleIds=1, flowCode=, customerName=, businessId=null, itemName=, isWait=true)|
- | [] | [20190716 18:09:26.519] | [DEBUG] | [PC-20190528OEHK] | [http-nio-22000-exec-7] | [c.z.s.m.m.C.selectAuditList] | --> ==>  Preparing: SELECT COUNT(1) FROM scf_credit_apply sca LEFT JOIN scf_cfg_business_flow scbf ON sca.flow_code = scbf.flow_code WHERE (scbf.flow_type = 1 OR scbf.flow_type = 2) AND EXISTS (SELECT sca1.id FROM scf_credit_apply sca1 LEFT JOIN scf_credit_item sci ON sci.credit_apply_id = sca1.id WHERE sca1.id = sca.id AND (is_mixed(sca1.dispose_user_ids, ?) OR is_mixed(sca1.dispose_role_ids, ?))) |
- | [] | [20190716 18:09:26.519] | [DEBUG] | [PC-20190528OEHK] | [http-nio-22000-exec-7] | [c.z.s.m.m.C.selectAuditList] | --> ==> Parameters: 1(Long), 1(String)|
- | [] | [20190716 18:09:26.532] | [DEBUG] | [PC-20190528OEHK] | [http-nio-22000-exec-7] | [c.z.s.m.m.C.selectAuditList] | --> ==>  Preparing: select sca.company_id companyId,sca.business_type_id businessTypeId,sca.id, sca.customer_name customerName,sca.flow_code flowCode, sca.mobile,sca.apply_time applyTime,scbf.flow_name flowName from scf_credit_apply sca left join scf_cfg_business_flow scbf on sca.flow_code = scbf.flow_code where (scbf.flow_type = 1 or scbf.flow_type = 2) and exists ( select sca1.id from scf_credit_apply sca1 left join scf_credit_item sci ON sci.credit_apply_id = sca1.id where sca1.id = sca.id and ( is_mixed(sca1.dispose_user_ids,?) or is_mixed(sca1.dispose_role_ids,?) ) ) order by sca.create_time desc LIMIT 0,10 |
- | [] | [20190716 18:09:26.532] | [DEBUG] | [PC-20190528OEHK] | [http-nio-22000-exec-7] | [c.z.s.m.m.C.selectAuditList] | --> ==> Parameters: 1(Long), 1(String)|
- | [] | [20190716 18:09:26.535] | [DEBUG] | [PC-20190528OEHK] | [http-nio-22000-exec-7] | [c.z.s.m.m.C.selectAuditList] | --> <==      Total: 4|
- | [] | [20190716 18:09:26.537] | [DEBUG] | [PC-20190528OEHK] | [http-nio-22000-exec-7] | [c.z.s.m.m.C.selectList] | --> ==>  Preparing: SELECT ID,COMPANY_ID,CREDIT_APPLY_ID,ITEM_NAME,CONSTRUCTION_SCHEDULE,PLAN_FINISH_TIME,APPLY_CREDIT_MONEY,AUDIT_CREDIT_MONEY,APPLY_CREDIT_BUSINESS,APPLY_PURPOSE,APPLY_PURPOSE_OTHER,CREDIT_START_DATE,CREDIT_END_DATE,THE_USE_MONEY,USE_CREDIT_REQUIRE,CREDIT_CONDITIONS,HAS_OCCUR_SAFETY_ACCIDENT,SAFETY_ACCIDENT_EXPLAIN,HAS_SIGN_DUTY_BOOK,RISK_EXPLAIN,CONTROLS_EXPLAIN,OTHER_NOTICE_ITEM,ITEM_INDEX,UPDATE_TIME,UPDATE_BY,CREATE_TIME,CREATE_BY FROM scf_credit_item WHERE credit_apply_id IN (?,?,?,?) |
- | [] | [20190716 18:09:26.537] | [DEBUG] | [PC-20190528OEHK] | [http-nio-22000-exec-7] | [c.z.s.m.m.C.selectList] | --> ==> Parameters: 19(Long), 19(Long), 2(Long), 2(Long)|
- | [] | [20190716 18:09:26.539] | [DEBUG] | [PC-20190528OEHK] | [http-nio-22000-exec-7] | [c.z.s.m.m.C.selectList] | --> <==      Total: 2|
- | [] | [20190716 18:09:26.607] | [INFO] | [PC-20190528OEHK] | [http-nio-22000-exec-7] | [io.lettuce.core.EpollProvider] | --> Starting without optional epoll library|
- | [] | [20190716 18:09:26.608] | [INFO] | [PC-20190528OEHK] | [http-nio-22000-exec-7] | [io.lettuce.core.KqueueProvider] | --> Starting without optional kqueue library|
- | [] | [20190716 18:09:29.995] | [INFO] | [PC-20190528OEHK] | [http-nio-22000-exec-8] | [c.z.s.s.controller.CommentController] | --> 查询评论列表|
- | [] | [20190716 18:09:29.996] | [DEBUG] | [PC-20190528OEHK] | [http-nio-22000-exec-8] | [c.z.s.m.m.CommentMapper.findList] | --> ==>  Preparing: SELECT sc.id, sc.create_time, sc.content, su.user_name as create_by, sc.status_desc FROM `scf_comment` sc LEFT JOIN scf_user su ON su.id = sc.create_by WHERE sc.business_id = ? AND sc.business_type_id = ? AND sc.company_id = ? ORDER BY sc.id DESC |
- | [] | [20190716 18:09:29.997] | [DEBUG] | [PC-20190528OEHK] | [http-nio-22000-exec-8] | [c.z.s.m.m.CommentMapper.findList] | --> ==> Parameters: 19(Long), 1(Long), 1(Long)|
- | [] | [20190716 18:09:29.998] | [INFO] | [PC-20190528OEHK] | [http-nio-22000-exec-9] | [c.z.s.s.c.CreditApplyController] | --> subject:操作日志,OperateLogDTO:OperateLogDTO(companyId=1, businessTypeId=1, businessId=19, operatObject=credit)|
- | [] | [20190716 18:09:29.998] | [INFO] | [PC-20190528OEHK] | [http-nio-22000-exec-10] | [c.z.s.s.c.CreditApplyController] | --> subject:授信审核日记,AuditLogListDTO:AuditLogListDTO(companyId=1, businessTypeId=1, businessId=19)|
- | [] | [20190716 18:09:29.998] | [DEBUG] | [PC-20190528OEHK] | [http-nio-22000-exec-8] | [c.z.s.m.m.CommentMapper.findList] | --> <==      Total: 0|
- | [] | [20190716 18:09:29.999] | [DEBUG] | [PC-20190528OEHK] | [http-nio-22000-exec-10] | [c.z.s.m.m.C.findAuditLogList] | --> ==>  Preparing: SELECT COUNT(1) FROM `scf_credit_apply_audit` scaa LEFT JOIN scf_credit_apply sca ON sca.id = scaa.business_id WHERE scaa.business_type_id = ? AND scaa.business_id = ? AND scaa.company_id = ? |
- | [] | [20190716 18:09:30.000] | [DEBUG] | [PC-20190528OEHK] | [http-nio-22000-exec-10] | [c.z.s.m.m.C.findAuditLogList] | --> ==> Parameters: 1(Long), 19(Long), 1(Long)|
- | [] | [20190716 18:09:30.001] | [DEBUG] | [PC-20190528OEHK] | [http-nio-22000-exec-9] | [c.z.s.m.m.O.getOperateLogVOList] | --> ==>  Preparing: SELECT COUNT(1) FROM scf_operate_log WHERE company_id = ? AND business_type_id = ? AND business_id = ? AND operat_object = ? |
- | [] | [20190716 18:09:30.001] | [DEBUG] | [PC-20190528OEHK] | [http-nio-22000-exec-9] | [c.z.s.m.m.O.getOperateLogVOList] | --> ==> Parameters: 1(Long), 1(Long), 19(Long), credit(String)|
- | [] | [20190716 18:09:30.002] | [DEBUG] | [PC-20190528OEHK] | [http-nio-22000-exec-10] | [c.z.s.m.m.C.findAuditLogList] | --> ==>  Preparing: SELECT scaa.id, scaa.audit_result, scaa.audit_time, scaa.audit_person,scaa.audit_opinion,scaa.total_time_consuming, (SELECT scbf.flow_name FROM scf_cfg_business_flow scbf WHERE scbf.flow_code = scaa.audit_before_flow AND scbf.company_id = sca.company_id AND scbf.business_type_id = sca.business_type_id) as audit_before_flow, (SELECT scbf.flow_name FROM scf_cfg_business_flow scbf WHERE scbf.flow_code = scaa.audit_after_flow AND scbf.company_id = sca.company_id AND scbf.business_type_id = sca.business_type_id) as audit_after_flow FROM `scf_credit_apply_audit` scaa LEFT JOIN scf_credit_apply sca ON sca.id = scaa.business_id WHERE scaa.business_type_id = ? AND scaa.business_id = ? AND scaa.company_id = ? ORDER BY scaa.id DESC LIMIT 0,10 |
- | [] | [20190716 18:09:30.002] | [DEBUG] | [PC-20190528OEHK] | [http-nio-22000-exec-10] | [c.z.s.m.m.C.findAuditLogList] | --> ==> Parameters: 1(Long), 19(Long), 1(Long)|
- | [] | [20190716 18:09:30.003] | [DEBUG] | [PC-20190528OEHK] | [http-nio-22000-exec-9] | [c.z.s.m.m.O.getOperateLogVOList] | --> ==>  Preparing: select id, operate_time operateTime, operat_type operatType, operat_object operatObject, operate_content operateContent, operate_user_name operateUserName from scf_operate_log where company_id = ? and business_type_id = ? and business_id = ? and operat_object = ? order by operate_time desc |
- | [] | [20190716 18:09:30.003] | [DEBUG] | [PC-20190528OEHK] | [http-nio-22000-exec-9] | [c.z.s.m.m.O.getOperateLogVOList] | --> ==> Parameters: 1(Long), 1(Long), 19(Long), credit(String)|
- | [] | [20190716 18:09:30.006] | [DEBUG] | [PC-20190528OEHK] | [http-nio-22000-exec-9] | [c.z.s.m.m.O.getOperateLogVOList] | --> <==      Total: 0|
- | [] | [20190716 18:09:30.008] | [DEBUG] | [PC-20190528OEHK] | [http-nio-22000-exec-10] | [c.z.s.m.m.C.findAuditLogList] | --> <==      Total: 1|
- | [] | [20190716 18:09:30.041] | [INFO] | [PC-20190528OEHK] | [http-nio-22000-exec-1] | [c.z.s.s.c.CreditApplyController] | --> subject:查询授信申请详情,CreditAuditCommitDTO:CreditApplyQueryDTO(creditApplyId=19, flowCode=credit2)|
- | [] | [20190716 18:09:30.056] | [DEBUG] | [PC-20190528OEHK] | [http-nio-22000-exec-1] | [c.z.s.m.m.C.findCreditApplyDetails] | --> ==>  Preparing: SELECT sca.id creditApply_id, sca.id creditApply_creditApplyId, sca.company_id creditApply_companyId, sca.business_type_id creditApply_businessTypeId, sca.flow_code creditApply_flowCode, sca.apply_source creditApply_applySource, DATE_FORMAT(sca.apply_time,'%Y-%m-%d %H:%k:%s') creditApply_applyTime, DATE_FORMAT(sca.ec_cooperation_time,'%Y-%m-%d') creditApply_ecCooperationTime, CONCAT(sca.ec_cooperation_year) creditApply_ecCooperationYear, sca.belongs_region creditApply_belongsRegion, sca.their_filiale creditApply_theirFiliale, sca.region_manager creditApply_regionManager, sca.customer_name creditApply_customerName, sca.id_card creditApply_idCard, sca.gender creditApply_gender, CONCAT(sca.age) creditApply_age, sca.mobile creditApply_mobile, CONCAT(sca.marital_status) creditApply_maritalStatus, sca.spouse_name creditApply_spouseName, sca.spouse_id_card creditApply_spouseIdCard, sca.spouse_mobile creditApply_spouseMobile, sca.family_address_province_code creditApply_familyAddressProvinceCode, sca.family_address_city_code creditApply_familyAddressCityCode, sca.family_address_region_code creditApply_familyAddressRegionCode, sca.family_address creditApply_familyAddress, sca.housing_ownership creditApply_housingOwnership, scr.id creditRisk_id, CONCAT(scr.risk_credit1) creditRisk_riskCredit1, CONCAT(scr.risk_credit2) creditRisk_riskCredit2, CONCAT(scr.risk_credit3) creditRisk_riskCredit3, CONCAT(scr.risk_credit4) creditRisk_riskCredit4, CONCAT(scr.risk_credit5) creditRisk_riskCredit5, CONCAT(scr.risk_credit6) creditRisk_riskCredit6, CONCAT(scr.risk_credit7) creditRisk_riskCredit7, scr.risk_credit8 creditRisk_riskCredit8, CONCAT(scr.risk_credit9) creditRisk_riskCredit9, scr.risk_credit10 creditRisk_riskCredit10, CONCAT(scr.risk_credit11) creditRisk_riskCredit11, scr.risk_credit12 creditRisk_riskCredit12, scr.risk_credit13 creditRisk_riskCredit13, scad.id creditAuditData_id FROM scf_credit_apply sca LEFT JOIN scf_credit_risk scr ON scr.credit_apply_id = sca.id LEFT JOIN scf_credit_audit_data scad ON scad.credit_apply_id = sca.id WHERE sca.id = ? |
- | [] | [20190716 18:09:30.057] | [DEBUG] | [PC-20190528OEHK] | [http-nio-22000-exec-1] | [c.z.s.m.m.C.findCreditApplyDetails] | --> ==> Parameters: 19(Long)|
- | [] | [20190716 18:09:30.060] | [DEBUG] | [PC-20190528OEHK] | [http-nio-22000-exec-1] | [c.z.s.m.m.C.findCreditApplyDetails] | --> <==      Total: 1|
- | [] | [20190716 18:09:30.061] | [DEBUG] | [PC-20190528OEHK] | [http-nio-22000-exec-1] | [c.z.s.m.m.C.selectByCreditApplyId] | --> ==>  Preparing: SELECT sci.id, sci.id creditItem_id, sci.item_name creditItem_itemName, CONCAT(sci.construction_schedule) creditItem_constructionSchedule, DATE_FORMAT(sci.plan_finish_time,'%Y-%m-%d') creditItem_planFinishTime, CONCAT(sci.apply_credit_money) creditItem_applyCreditMoney, CONCAT(sci.audit_credit_money) creditItem_auditCreditMoney, sci.apply_credit_business creditItem_applyCreditBusiness, sci.apply_purpose creditItem_applyPurpose, sci.apply_purpose_other creditItem_applyPurposeOther, DATE_FORMAT(sci.credit_start_date,'%Y-%m-%d') creditItem_creditStartDate, DATE_FORMAT(sci.credit_end_date,'%Y-%m-%d') creditItem_creditEndDate, CONCAT(sci.the_use_money) creditItem_theUseMoney, sci.use_credit_require creditItem_useCreditRequire, sci.credit_conditions creditItem_creditConditions, CONCAT(sci.has_occur_safety_accident) creditItem_hasOccurSafetyAccident, sci.safety_accident_explain creditItem_safetyAccidentExplain, CONCAT(sci.has_sign_duty_book) creditItem_hasSignDutyBook, sci.risk_explain creditItem_riskExplain, sci.controls_explain creditItem_controlsExplain, sci.other_notice_item creditItem_otherNoticeItem, sci.item_index creditItem_itemIndex FROM scf_credit_item sci WHERE sci.credit_apply_id = ? |
- | [] | [20190716 18:09:30.061] | [DEBUG] | [PC-20190528OEHK] | [http-nio-22000-exec-1] | [c.z.s.m.m.C.selectByCreditApplyId] | --> ==> Parameters: 19(Long)|
- | [] | [20190716 18:09:30.063] | [DEBUG] | [PC-20190528OEHK] | [http-nio-22000-exec-1] | [c.z.s.m.m.C.selectByCreditApplyId] | --> <==      Total: 1|
- | [] | [20190716 18:09:30.066] | [INFO] | [PC-20190528OEHK] | [http-nio-22000-exec-1] | [c.z.s.s.controller.FileController] | --> 查询文件 findList|
- | [] | [20190716 18:09:30.072] | [DEBUG] | [PC-20190528OEHK] | [http-nio-22000-exec-1] | [c.z.s.m.mapper.FileMapper.selectList] | --> ==>  Preparing: SELECT ID,FILE_CODE,NEW_FILE_NAME,ORIGINAL_FILE_NAME,FILE_SIZE,FILE_TYPE,FILE_URL,SUFFIX,STATUS,COMPANY_ID,BUSINESS_ID,BUSINESS_TYPE_ID,UPDATE_TIME,CREATE_TIME FROM scf_file WHERE COMPANY_ID = ? AND BUSINESS_ID = ? AND BUSINESS_TYPE_ID = ? ORDER BY ID DESC |
- | [] | [20190716 18:09:30.073] | [DEBUG] | [PC-20190528OEHK] | [http-nio-22000-exec-1] | [c.z.s.m.mapper.FileMapper.selectList] | --> ==> Parameters: 1(Long), 19(Long), 1(Long)|
- | [] | [20190716 18:09:30.075] | [DEBUG] | [PC-20190528OEHK] | [http-nio-22000-exec-1] | [c.z.s.m.mapper.FileMapper.selectList] | --> <==      Total: 0|
- | [] | [20190716 18:13:48.400] | [INFO] | [PC-20190528OEHK] | [AsyncResolver-bootstrap-executor-0] | [c.n.d.s.r.aws.ConfigClusterResolver] | --> Resolving eureka endpoints via configuration|
- | [] | [20190716 18:18:48.412] | [INFO] | [PC-20190528OEHK] | [AsyncResolver-bootstrap-executor-0] | [c.n.d.s.r.aws.ConfigClusterResolver] | --> Resolving eureka endpoints via configuration|
- | [] | [20190716 18:23:48.423] | [INFO] | [PC-20190528OEHK] | [AsyncResolver-bootstrap-executor-0] | [c.n.d.s.r.aws.ConfigClusterResolver] | --> Resolving eureka endpoints via configuration|
- | [] | [20190716 18:28:48.434] | [INFO] | [PC-20190528OEHK] | [AsyncResolver-bootstrap-executor-0] | [c.n.d.s.r.aws.ConfigClusterResolver] | --> Resolving eureka endpoints via configuration|
- | [] | [20190716 18:33:48.445] | [INFO] | [PC-20190528OEHK] | [AsyncResolver-bootstrap-executor-0] | [c.n.d.s.r.aws.ConfigClusterResolver] | --> Resolving eureka endpoints via configuration|
- | [] | [20190716 18:38:48.456] | [INFO] | [PC-20190528OEHK] | [AsyncResolver-bootstrap-executor-0] | [c.n.d.s.r.aws.ConfigClusterResolver] | --> Resolving eureka endpoints via configuration|
- | [] | [20190716 18:43:48.467] | [INFO] | [PC-20190528OEHK] | [AsyncResolver-bootstrap-executor-0] | [c.n.d.s.r.aws.ConfigClusterResolver] | --> Resolving eureka endpoints via configuration|
- | [] | [20190716 18:48:48.478] | [INFO] | [PC-20190528OEHK] | [AsyncResolver-bootstrap-executor-0] | [c.n.d.s.r.aws.ConfigClusterResolver] | --> Resolving eureka endpoints via configuration|
- | [] | [20190716 18:53:48.489] | [INFO] | [PC-20190528OEHK] | [AsyncResolver-bootstrap-executor-0] | [c.n.d.s.r.aws.ConfigClusterResolver] | --> Resolving eureka endpoints via configuration|
- | [] | [20190716 18:58:48.500] | [INFO] | [PC-20190528OEHK] | [AsyncResolver-bootstrap-executor-0] | [c.n.d.s.r.aws.ConfigClusterResolver] | --> Resolving eureka endpoints via configuration|
- | [] | [20190716 19:03:48.512] | [INFO] | [PC-20190528OEHK] | [AsyncResolver-bootstrap-executor-0] | [c.n.d.s.r.aws.ConfigClusterResolver] | --> Resolving eureka endpoints via configuration|
- | [] | [20190716 19:08:48.524] | [INFO] | [PC-20190528OEHK] | [AsyncResolver-bootstrap-executor-0] | [c.n.d.s.r.aws.ConfigClusterResolver] | --> Resolving eureka endpoints via configuration|
- | [] | [20190716 19:13:48.535] | [INFO] | [PC-20190528OEHK] | [AsyncResolver-bootstrap-executor-0] | [c.n.d.s.r.aws.ConfigClusterResolver] | --> Resolving eureka endpoints via configuration|
- | [] | [20190716 19:18:48.546] | [INFO] | [PC-20190528OEHK] | [AsyncResolver-bootstrap-executor-0] | [c.n.d.s.r.aws.ConfigClusterResolver] | --> Resolving eureka endpoints via configuration|
- | [] | [20190716 19:23:48.557] | [INFO] | [PC-20190528OEHK] | [AsyncResolver-bootstrap-executor-0] | [c.n.d.s.r.aws.ConfigClusterResolver] | --> Resolving eureka endpoints via configuration|
- | [] | [20190716 19:28:48.569] | [INFO] | [PC-20190528OEHK] | [AsyncResolver-bootstrap-executor-0] | [c.n.d.s.r.aws.ConfigClusterResolver] | --> Resolving eureka endpoints via configuration|
- | [] | [20190716 19:33:48.580] | [INFO] | [PC-20190528OEHK] | [AsyncResolver-bootstrap-executor-0] | [c.n.d.s.r.aws.ConfigClusterResolver] | --> Resolving eureka endpoints via configuration|
- | [] | [20190716 19:38:48.591] | [INFO] | [PC-20190528OEHK] | [AsyncResolver-bootstrap-executor-0] | [c.n.d.s.r.aws.ConfigClusterResolver] | --> Resolving eureka endpoints via configuration|
- | [] | [20190716 19:43:48.602] | [INFO] | [PC-20190528OEHK] | [AsyncResolver-bootstrap-executor-0] | [c.n.d.s.r.aws.ConfigClusterResolver] | --> Resolving eureka endpoints via configuration|
- | [] | [20190716 19:48:48.613] | [INFO] | [PC-20190528OEHK] | [AsyncResolver-bootstrap-executor-0] | [c.n.d.s.r.aws.ConfigClusterResolver] | --> Resolving eureka endpoints via configuration|
- | [] | [20190716 19:53:48.625] | [INFO] | [PC-20190528OEHK] | [AsyncResolver-bootstrap-executor-0] | [c.n.d.s.r.aws.ConfigClusterResolver] | --> Resolving eureka endpoints via configuration|
- | [] | [20190716 19:58:48.636] | [INFO] | [PC-20190528OEHK] | [AsyncResolver-bootstrap-executor-0] | [c.n.d.s.r.aws.ConfigClusterResolver] | --> Resolving eureka endpoints via configuration|
- | [] | [20190716 20:03:15.888] | [INFO] | [PC-20190528OEHK] | [http-nio-22000-exec-6] | [c.z.s.s.controller.UserController] | --> 根据邮箱查询用户:dto:"lzskcloud@qq.com"|
- | [] | [20190716 20:03:15.893] | [DEBUG] | [PC-20190528OEHK] | [http-nio-22000-exec-6] | [c.z.s.m.mapper.UserMapper.selectOne] | --> ==>  Preparing: SELECT ID,PHONE,EMAIL,PASSWORD,ID_CARD,USER_NAME,GENDER,IS_EMAIL_VALID,LAST_COMPANY_ID,PERMISSION_TYPE,PERMISSION_ORG_IDS,STATUS,UPDATE_BY_ID,CREATE_BY_ID,UPDATE_TIME,CREATE_TIME,IS_DEL FROM scf_user WHERE IS_DEL=0 AND email = ? |
- | [] | [20190716 20:03:15.893] | [DEBUG] | [PC-20190528OEHK] | [http-nio-22000-exec-6] | [c.z.s.m.mapper.UserMapper.selectOne] | --> ==> Parameters: lzskcloud@qq.com(String)|
- | [] | [20190716 20:03:15.896] | [DEBUG] | [PC-20190528OEHK] | [http-nio-22000-exec-6] | [c.z.s.m.mapper.UserMapper.selectOne] | --> <==      Total: 1|
- | [] | [20190716 20:03:15.900] | [INFO] | [PC-20190528OEHK] | [http-nio-22000-exec-4] | [c.z.s.s.controller.UserController] | --> 获取用户详细信息:dto:{"userId":1}|
- | [] | [20190716 20:03:15.900] | [DEBUG] | [PC-20190528OEHK] | [http-nio-22000-exec-4] | [c.z.s.m.mapper.UserMapper.selectOne] | --> ==>  Preparing: SELECT ID,PHONE,EMAIL,PASSWORD,ID_CARD,USER_NAME,GENDER,IS_EMAIL_VALID,LAST_COMPANY_ID,PERMISSION_TYPE,PERMISSION_ORG_IDS,STATUS,UPDATE_BY_ID,CREATE_BY_ID,UPDATE_TIME,CREATE_TIME,IS_DEL FROM scf_user WHERE IS_DEL=0 AND id = ? |
- | [] | [20190716 20:03:15.901] | [DEBUG] | [PC-20190528OEHK] | [http-nio-22000-exec-4] | [c.z.s.m.mapper.UserMapper.selectOne] | --> ==> Parameters: 1(Long)|
- | [] | [20190716 20:03:15.902] | [DEBUG] | [PC-20190528OEHK] | [http-nio-22000-exec-4] | [c.z.s.m.mapper.UserMapper.selectOne] | --> <==      Total: 1|
- | [] | [20190716 20:03:15.903] | [DEBUG] | [PC-20190528OEHK] | [http-nio-22000-exec-4] | [c.z.s.m.m.C.selectList] | --> ==>  Preparing: SELECT ID,COMPANY_ID,USER_ID,STATUS,LEAVE_TIME,CREATE_TIME,UPDATE_TIME,IS_DELETE FROM scf_cfg_company_user WHERE user_id = ? AND is_delete = ? AND status = ? |
- | [] | [20190716 20:03:15.903] | [DEBUG] | [PC-20190528OEHK] | [http-nio-22000-exec-4] | [c.z.s.m.m.C.selectList] | --> ==> Parameters: 1(Long), 0(Integer), 1(Integer)|
- | [] | [20190716 20:03:15.905] | [DEBUG] | [PC-20190528OEHK] | [http-nio-22000-exec-4] | [c.z.s.m.m.C.selectList] | --> <==      Total: 1|
- | [] | [20190716 20:03:15.906] | [DEBUG] | [PC-20190528OEHK] | [http-nio-22000-exec-4] | [c.z.s.m.m.CompanyMapper.selectById] | --> ==>  Preparing: SELECT ID,COMPANY_NAME,CREDIT_CODE,LEGAL_PERSON,NAME,PHONE,BUSINESS_LICENCE_URL,COMPANY_TEL,COMPANY_EMAIL,COMPANY_URL,COMPANY_FAX,COMPANY_REMARK,COMPANY_NATURE_KEY,COMPANY_NATURE_CONCRETE_KEY,STAFF_SIZE_KEY,PROVINCE_ID,CITY_ID,DISTRICT_ID,DETAIL_ADDR,COMPANY_TAX_NO,COMPANY_INVOICE_TITLE,REG_USER_ID,STATUS,UPDATE_BY_ID,CREATE_BY_ID,UPDATE_TIME,CREATE_TIME,IS_DELETE FROM scf_company WHERE ID=? |
- | [] | [20190716 20:03:15.906] | [DEBUG] | [PC-20190528OEHK] | [http-nio-22000-exec-4] | [c.z.s.m.m.CompanyMapper.selectById] | --> ==> Parameters: 1(Long)|
- | [] | [20190716 20:03:15.908] | [DEBUG] | [PC-20190528OEHK] | [http-nio-22000-exec-4] | [c.z.s.m.m.CompanyMapper.selectById] | --> <==      Total: 1|
- | [] | [20190716 20:03:15.909] | [DEBUG] | [PC-20190528OEHK] | [http-nio-22000-exec-4] | [c.z.s.m.m.R.findUserRolesByCompanyId] | --> ==>  Preparing: select scr.* from scf_cfg_role scr join scf_cfg_role_user scru on scr.id = scru.role_id where scr.`status` = 1 and scru.user_id = ? and scr.company_id = ? |
- | [] | [20190716 20:03:15.909] | [DEBUG] | [PC-20190528OEHK] | [http-nio-22000-exec-4] | [c.z.s.m.m.R.findUserRolesByCompanyId] | --> ==> Parameters: 1(Long), 1(Long)|
- | [] | [20190716 20:03:15.912] | [DEBUG] | [PC-20190528OEHK] | [http-nio-22000-exec-4] | [c.z.s.m.m.R.findUserRolesByCompanyId] | --> <==      Total: 1|
- | [] | [20190716 20:03:15.912] | [DEBUG] | [PC-20190528OEHK] | [http-nio-22000-exec-4] | [c.z.s.m.m.MenuMapper.findHaveMenu] | --> ==>  Preparing: select DISTINCT sm.* from scf_menu sm left join scf_cfg_system_function scsf on scsf.menu_id = sm.id left join scf_cfg_role_function scrf on scrf.funct_code = scsf.func_code where sm.`status` = 1 and scrf.role_id in(1) |
- | [] | [20190716 20:03:15.912] | [DEBUG] | [PC-20190528OEHK] | [http-nio-22000-exec-4] | [c.z.s.m.m.MenuMapper.findHaveMenu] | --> ==> Parameters: |
- | [] | [20190716 20:03:15.918] | [DEBUG] | [PC-20190528OEHK] | [http-nio-22000-exec-4] | [c.z.s.m.m.MenuMapper.findHaveMenu] | --> <==      Total: 9|
- | [] | [20190716 20:03:15.919] | [DEBUG] | [PC-20190528OEHK] | [http-nio-22000-exec-4] | [c.z.s.m.m.S.findFuncListByRoleIds] | --> ==>  Preparing: SELECT DISTINCT scyf.* FROM scf_cfg_system_function scyf JOIN scf_cfg_role_function scrf ON scyf.func_code = scrf.funct_code WHERE scrf.role_id IN( 1) |
- | [] | [20190716 20:03:15.919] | [DEBUG] | [PC-20190528OEHK] | [http-nio-22000-exec-4] | [c.z.s.m.m.S.findFuncListByRoleIds] | --> ==> Parameters: |
- | [] | [20190716 20:03:15.924] | [DEBUG] | [PC-20190528OEHK] | [http-nio-22000-exec-4] | [c.z.s.m.m.S.findFuncListByRoleIds] | --> <==      Total: 39|
- | [] | [20190716 20:03:15.925] | [DEBUG] | [PC-20190528OEHK] | [http-nio-22000-exec-4] | [c.z.s.m.m.CompanyMapper.selectList] | --> ==>  Preparing: SELECT ID,COMPANY_NAME,CREDIT_CODE,LEGAL_PERSON,NAME,PHONE,BUSINESS_LICENCE_URL,COMPANY_TEL,COMPANY_EMAIL,COMPANY_URL,COMPANY_FAX,COMPANY_REMARK,COMPANY_NATURE_KEY,COMPANY_NATURE_CONCRETE_KEY,STAFF_SIZE_KEY,PROVINCE_ID,CITY_ID,DISTRICT_ID,DETAIL_ADDR,COMPANY_TAX_NO,COMPANY_INVOICE_TITLE,REG_USER_ID,STATUS,UPDATE_BY_ID,CREATE_BY_ID,UPDATE_TIME,CREATE_TIME,IS_DELETE FROM scf_company WHERE id IN (?) AND is_delete = ? AND status = ? |
- | [] | [20190716 20:03:15.925] | [DEBUG] | [PC-20190528OEHK] | [http-nio-22000-exec-4] | [c.z.s.m.m.CompanyMapper.selectList] | --> ==> Parameters: 1(Long), 0(Integer), 1(Integer)|
- | [] | [20190716 20:03:15.927] | [DEBUG] | [PC-20190528OEHK] | [http-nio-22000-exec-4] | [c.z.s.m.m.CompanyMapper.selectList] | --> <==      Total: 1|
- | [] | [20190716 20:03:15.932] | [INFO] | [PC-20190528OEHK] | [http-nio-22000-exec-7] | [c.z.s.s.controller.UserController] | --> 密码输入是否正确{"createTime":"2019-06-06T05:07:14","email":"lzskcloud@qq.com","gender":1,"id":1,"idCard":"1111111111111111","isDel":0,"lastCompanyId":1,"password":"123456","permissionOrgIds":"1,23,11","permissionType":2,"phone":"13367966485","status":1,"updateTime":"2019-07-01T15:25:07","userName":"admin"} |
- | [] | [20190716 20:03:15.932] | [DEBUG] | [PC-20190528OEHK] | [http-nio-22000-exec-7] | [c.z.s.m.mapper.UserMapper.updateById] | --> ==>  Preparing: UPDATE scf_user SET PHONE=?, EMAIL=?, PASSWORD=?, ID_CARD=?, USER_NAME=?, GENDER=?, IS_EMAIL_VALID=?, LAST_COMPANY_ID=?, PERMISSION_TYPE=?, PERMISSION_ORG_IDS=?, STATUS=?, UPDATE_BY_ID=?, CREATE_BY_ID=?, UPDATE_TIME=?, CREATE_TIME=? WHERE ID=? AND IS_DEL=0 |
- | [] | [20190716 20:03:15.933] | [DEBUG] | [PC-20190528OEHK] | [http-nio-22000-exec-7] | [c.z.s.m.mapper.UserMapper.updateById] | --> ==> Parameters: 13367966485(String), lzskcloud@qq.com(String), 123456(String), 1111111111111111(String), admin(String), 1(Integer), null, 1(Long), 2(Integer), 1,23,11(String), 1(Integer), null, null, 2019-07-01 15:25:07.0(Timestamp), 2019-06-06 05:07:14.0(Timestamp), 1(Long)|
- | [] | [20190716 20:03:15.935] | [DEBUG] | [PC-20190528OEHK] | [http-nio-22000-exec-7] | [c.z.s.m.mapper.UserMapper.updateById] | --> <==    Updates: 1|
- | [] | [20190716 20:03:16.072] | [INFO] | [PC-20190528OEHK] | [http-nio-22000-exec-8] | [c.z.s.s.controller.CompanyController] | --> subject:是否弹出邀请成员引导(只有一个成员时弹出),companyId:1|
- | [] | [20190716 20:03:16.073] | [DEBUG] | [PC-20190528OEHK] | [http-nio-22000-exec-8] | [c.z.s.m.m.C.findCompanyUserListById] | --> ==>  Preparing: SELECT su.id, su.user_name, su.email, su.phone FROM `scf_cfg_company_user` sccu LEFT JOIN scf_user su ON su.id = sccu.user_id WHERE sccu.company_id = ? |
- | [] | [20190716 20:03:16.073] | [DEBUG] | [PC-20190528OEHK] | [http-nio-22000-exec-8] | [c.z.s.m.m.C.findCompanyUserListById] | --> ==> Parameters: 1(Long)|
- | [] | [20190716 20:03:16.075] | [DEBUG] | [PC-20190528OEHK] | [http-nio-22000-exec-8] | [c.z.s.m.m.C.findCompanyUserListById] | --> <==      Total: 20|
- | [] | [20190716 20:03:48.647] | [INFO] | [PC-20190528OEHK] | [AsyncResolver-bootstrap-executor-0] | [c.n.d.s.r.aws.ConfigClusterResolver] | --> Resolving eureka endpoints via configuration|
- | [] | [20190716 20:08:48.658] | [INFO] | [PC-20190528OEHK] | [AsyncResolver-bootstrap-executor-0] | [c.n.d.s.r.aws.ConfigClusterResolver] | --> Resolving eureka endpoints via configuration|
- | [] | [20190716 20:13:48.670] | [INFO] | [PC-20190528OEHK] | [AsyncResolver-bootstrap-executor-0] | [c.n.d.s.r.aws.ConfigClusterResolver] | --> Resolving eureka endpoints via configuration|
- | [] | [20190716 20:18:48.682] | [INFO] | [PC-20190528OEHK] | [AsyncResolver-bootstrap-executor-0] | [c.n.d.s.r.aws.ConfigClusterResolver] | --> Resolving eureka endpoints via configuration|
- | [] | [20190716 20:23:48.694] | [INFO] | [PC-20190528OEHK] | [AsyncResolver-bootstrap-executor-0] | [c.n.d.s.r.aws.ConfigClusterResolver] | --> Resolving eureka endpoints via configuration|
- | [] | [20190716 20:28:48.706] | [INFO] | [PC-20190528OEHK] | [AsyncResolver-bootstrap-executor-0] | [c.n.d.s.r.aws.ConfigClusterResolver] | --> Resolving eureka endpoints via configuration|
