- | [] | [20190718 16:14:28.773] | [INFO] | [PC-20190528OEHK] | [main] | [c.z.s.s.ScfcloudSystemApplication] | --> No active profile set, falling back to default profiles: default|
- | [] | [20190718 16:14:31.267] | [INFO] | [PC-20190528OEHK] | [main] | [o.a.coyote.http11.Http11NioProtocol] | --> Initializing ProtocolHandler ["http-nio-22000"]|
- | [] | [20190718 16:14:31.278] | [INFO] | [PC-20190528OEHK] | [main] | [o.a.catalina.core.StandardService] | --> Starting service [Tomcat]|
- | [] | [20190718 16:14:31.278] | [INFO] | [PC-20190528OEHK] | [main] | [o.a.catalina.core.StandardEngine] | --> Starting Servlet engine: [Apache Tomcat/9.0.17]|
- | [] | [20190718 16:14:31.419] | [INFO] | [PC-20190528OEHK] | [main] | [o.a.c.c.C.[Tomcat].[localhost].[/]] | --> Initializing Spring embedded WebApplicationContext|
- | [] | [20190718 16:14:31.794] | [INFO] | [PC-20190528OEHK] | [main] | [c.a.d.s.b.a.DruidDataSourceAutoConfigure] | --> Init DruidDataSource|
- | [] | [20190718 16:14:32.033] | [INFO] | [PC-20190528OEHK] | [main] | [c.alibaba.druid.pool.DruidDataSource] | --> {dataSource-1} inited|
- | [] | [20190718 16:14:32.251] | [WARN] | [PC-20190528OEHK] | [main] | [o.m.spring.SqlSessionFactoryBean] | --> Can't find class in '[classpath*:com/zhjs/scfcloud/model/enums]' package. Please check your configuration.|
- | [] | [20190718 16:14:34.188] | [INFO] | [PC-20190528OEHK] | [main] | [s.d.s.w.PropertySourcedRequestMappingHandlerMapping] | --> Mapped URL path [/v2/api-docs] onto method [public org.springframework.http.ResponseEntity<springfox.documentation.spring.web.json.Json> springfox.documentation.swagger2.web.Swagger2Controller.getDocumentation(java.lang.String,javax.servlet.http.HttpServletRequest)]|
- | [] | [20190718 16:14:34.208] | [WARN] | [PC-20190528OEHK] | [main] | [c.n.c.sources.URLConfigurationSource] | --> No URLs will be polled as dynamic configuration sources.|
- | [] | [20190718 16:14:34.208] | [INFO] | [PC-20190528OEHK] | [main] | [c.n.c.sources.URLConfigurationSource] | --> To enable URLs as dynamic configuration sources, define System property archaius.configurationSource.additionalUrls or make config.properties available on classpath.|
- | [] | [20190718 16:14:34.211] | [WARN] | [PC-20190528OEHK] | [main] | [c.n.c.sources.URLConfigurationSource] | --> No URLs will be polled as dynamic configuration sources.|
- | [] | [20190718 16:14:34.211] | [INFO] | [PC-20190528OEHK] | [main] | [c.n.c.sources.URLConfigurationSource] | --> To enable URLs as dynamic configuration sources, define System property archaius.configurationSource.additionalUrls or make config.properties available on classpath.|
- | [] | [20190718 16:14:35.193] | [INFO] | [PC-20190528OEHK] | [main] | [c.netflix.discovery.DiscoveryClient] | --> Initializing Eureka in region us-east-1|
- | [] | [20190718 16:14:35.348] | [INFO] | [PC-20190528OEHK] | [main] | [c.n.d.p.DiscoveryJerseyProvider] | --> Using JSON encoding codec LegacyJacksonJson|
- | [] | [20190718 16:14:35.349] | [INFO] | [PC-20190528OEHK] | [main] | [c.n.d.p.DiscoveryJerseyProvider] | --> Using JSON decoding codec LegacyJacksonJson|
- | [] | [20190718 16:14:35.451] | [INFO] | [PC-20190528OEHK] | [main] | [c.n.d.p.DiscoveryJerseyProvider] | --> Using XML encoding codec XStreamXml|
- | [] | [20190718 16:14:35.451] | [INFO] | [PC-20190528OEHK] | [main] | [c.n.d.p.DiscoveryJerseyProvider] | --> Using XML decoding codec XStreamXml|
- | [] | [20190718 16:14:35.626] | [INFO] | [PC-20190528OEHK] | [main] | [c.n.d.s.r.aws.ConfigClusterResolver] | --> Resolving eureka endpoints via configuration|
- | [] | [20190718 16:14:35.660] | [INFO] | [PC-20190528OEHK] | [main] | [c.netflix.discovery.DiscoveryClient] | --> Disable delta property : false|
- | [] | [20190718 16:14:35.660] | [INFO] | [PC-20190528OEHK] | [main] | [c.netflix.discovery.DiscoveryClient] | --> Single vip registry refresh property : null|
- | [] | [20190718 16:14:35.660] | [INFO] | [PC-20190528OEHK] | [main] | [c.netflix.discovery.DiscoveryClient] | --> Force full registry fetch : false|
- | [] | [20190718 16:14:35.660] | [INFO] | [PC-20190528OEHK] | [main] | [c.netflix.discovery.DiscoveryClient] | --> Application is null : false|
- | [] | [20190718 16:14:35.660] | [INFO] | [PC-20190528OEHK] | [main] | [c.netflix.discovery.DiscoveryClient] | --> Registered Applications size is zero : true|
- | [] | [20190718 16:14:35.661] | [INFO] | [PC-20190528OEHK] | [main] | [c.netflix.discovery.DiscoveryClient] | --> Application version is -1: true|
- | [] | [20190718 16:14:35.661] | [INFO] | [PC-20190528OEHK] | [main] | [c.netflix.discovery.DiscoveryClient] | --> Getting all instance registry info from the eureka server|
- | [] | [20190718 16:14:35.740] | [INFO] | [PC-20190528OEHK] | [main] | [c.netflix.discovery.DiscoveryClient] | --> The response status is 200|
- | [] | [20190718 16:14:35.742] | [INFO] | [PC-20190528OEHK] | [main] | [c.netflix.discovery.DiscoveryClient] | --> Starting heartbeat executor: renew interval is: 30|
- | [] | [20190718 16:14:35.745] | [INFO] | [PC-20190528OEHK] | [main] | [c.n.discovery.InstanceInfoReplicator] | --> InstanceInfoReplicator onDemand update allowed rate per min is 4|
- | [] | [20190718 16:14:35.749] | [INFO] | [PC-20190528OEHK] | [main] | [c.netflix.discovery.DiscoveryClient] | --> Discovery Client initialized at timestamp 1563437675748 with initial instances count: 0|
- | [] | [20190718 16:14:35.752] | [INFO] | [PC-20190528OEHK] | [main] | [c.netflix.discovery.DiscoveryClient] | --> Saw local status change event StatusChangeEvent [timestamp=1563437675752, current=UP, previous=STARTING]|
- | [] | [20190718 16:14:35.754] | [INFO] | [PC-20190528OEHK] | [main] | [s.d.s.w.p.DocumentationPluginsBootstrapper] | --> Context refreshed|
- | [] | [20190718 16:14:35.754] | [INFO] | [PC-20190528OEHK] | [DiscoveryClient-InstanceInfoReplicator-0] | [c.netflix.discovery.DiscoveryClient] | --> DiscoveryClient_SCFCLOUD-SYSTEM/PC-20190528OEHK:scfcloud-system:22000: registering service...|
- | [] | [20190718 16:14:35.770] | [INFO] | [PC-20190528OEHK] | [main] | [s.d.s.w.p.DocumentationPluginsBootstrapper] | --> Found 1 custom documentation plugin(s)|
- | [] | [20190718 16:14:35.796] | [INFO] | [PC-20190528OEHK] | [DiscoveryClient-InstanceInfoReplicator-0] | [c.netflix.discovery.DiscoveryClient] | --> DiscoveryClient_SCFCLOUD-SYSTEM/PC-20190528OEHK:scfcloud-system:22000 - registration status: 204|
- | [] | [20190718 16:14:35.807] | [INFO] | [PC-20190528OEHK] | [main] | [s.d.s.w.s.ApiListingReferenceScanner] | --> Scanning for api listing references|
- | [] | [20190718 16:14:35.894] | [INFO] | [PC-20190528OEHK] | [main] | [s.d.s.w.r.o.CachingOperationNameGenerator] | --> Generating unique operation named: addUsingPOST_1|
- | [] | [20190718 16:14:35.908] | [INFO] | [PC-20190528OEHK] | [main] | [s.d.s.w.r.o.CachingOperationNameGenerator] | --> Generating unique operation named: addUsingPOST_2|
- | [] | [20190718 16:14:35.911] | [INFO] | [PC-20190528OEHK] | [main] | [s.d.s.w.r.o.CachingOperationNameGenerator] | --> Generating unique operation named: findListUsingPOST_1|
- | [] | [20190718 16:14:35.947] | [INFO] | [PC-20190528OEHK] | [main] | [s.d.s.w.r.o.CachingOperationNameGenerator] | --> Generating unique operation named: findListUsingPOST_2|
- | [] | [20190718 16:14:36.010] | [INFO] | [PC-20190528OEHK] | [main] | [s.d.s.w.r.o.CachingOperationNameGenerator] | --> Generating unique operation named: auditCommitUsingPOST_1|
- | [] | [20190718 16:14:36.014] | [INFO] | [PC-20190528OEHK] | [main] | [s.d.s.w.r.o.CachingOperationNameGenerator] | --> Generating unique operation named: saveDraftUsingPOST_1|
- | [] | [20190718 16:14:36.016] | [INFO] | [PC-20190528OEHK] | [main] | [s.d.s.w.r.o.CachingOperationNameGenerator] | --> Generating unique operation named: saveFileUsingPOST_1|
- | [] | [20190718 16:14:36.056] | [INFO] | [PC-20190528OEHK] | [main] | [s.d.s.w.r.o.CachingOperationNameGenerator] | --> Generating unique operation named: addUsingPOST_3|
- | [] | [20190718 16:14:36.058] | [INFO] | [PC-20190528OEHK] | [main] | [s.d.s.w.r.o.CachingOperationNameGenerator] | --> Generating unique operation named: deleteUsingPOST_1|
- | [] | [20190718 16:14:36.062] | [INFO] | [PC-20190528OEHK] | [main] | [s.d.s.w.r.o.CachingOperationNameGenerator] | --> Generating unique operation named: findListUsingPOST_3|
- | [] | [20190718 16:14:36.067] | [INFO] | [PC-20190528OEHK] | [main] | [s.d.s.w.r.o.CachingOperationNameGenerator] | --> Generating unique operation named: isExistUsingPOST_1|
- | [] | [20190718 16:14:36.069] | [INFO] | [PC-20190528OEHK] | [main] | [s.d.s.w.r.o.CachingOperationNameGenerator] | --> Generating unique operation named: addUsingPOST_4|
- | [] | [20190718 16:14:36.072] | [INFO] | [PC-20190528OEHK] | [main] | [s.d.s.w.r.o.CachingOperationNameGenerator] | --> Generating unique operation named: deleteUsingPOST_2|
- | [] | [20190718 16:14:36.074] | [INFO] | [PC-20190528OEHK] | [main] | [s.d.s.w.r.o.CachingOperationNameGenerator] | --> Generating unique operation named: editUsingPOST_1|
- | [] | [20190718 16:14:36.075] | [INFO] | [PC-20190528OEHK] | [main] | [s.d.s.w.r.o.CachingOperationNameGenerator] | --> Generating unique operation named: findListUsingPOST_4|
- | [] | [20190718 16:14:36.080] | [INFO] | [PC-20190528OEHK] | [main] | [s.d.s.w.r.o.CachingOperationNameGenerator] | --> Generating unique operation named: deleteByIdUsingPOST_1|
- | [] | [20190718 16:14:36.086] | [INFO] | [PC-20190528OEHK] | [main] | [s.d.s.w.r.o.CachingOperationNameGenerator] | --> Generating unique operation named: addUsingPOST_5|
- | [] | [20190718 16:14:36.087] | [INFO] | [PC-20190528OEHK] | [main] | [s.d.s.w.r.o.CachingOperationNameGenerator] | --> Generating unique operation named: deleteUsingPOST_3|
- | [] | [20190718 16:14:36.088] | [INFO] | [PC-20190528OEHK] | [main] | [s.d.s.w.r.o.CachingOperationNameGenerator] | --> Generating unique operation named: editUsingPOST_2|
- | [] | [20190718 16:14:36.089] | [INFO] | [PC-20190528OEHK] | [main] | [s.d.s.w.r.o.CachingOperationNameGenerator] | --> Generating unique operation named: findListUsingPOST_5|
- | [] | [20190718 16:14:36.091] | [INFO] | [PC-20190528OEHK] | [main] | [s.d.s.w.r.o.CachingOperationNameGenerator] | --> Generating unique operation named: isExistUsingPOST_2|
- | [] | [20190718 16:14:36.092] | [INFO] | [PC-20190528OEHK] | [main] | [s.d.s.w.r.o.CachingOperationNameGenerator] | --> Generating unique operation named: addUsingPOST_6|
- | [] | [20190718 16:14:36.093] | [INFO] | [PC-20190528OEHK] | [main] | [s.d.s.w.r.o.CachingOperationNameGenerator] | --> Generating unique operation named: findListUsingPOST_6|
- | [] | [20190718 16:14:36.094] | [INFO] | [PC-20190528OEHK] | [main] | [s.d.s.w.r.o.CachingOperationNameGenerator] | --> Generating unique operation named: addUsingPOST_7|
- | [] | [20190718 16:14:36.095] | [INFO] | [PC-20190528OEHK] | [main] | [s.d.s.w.r.o.CachingOperationNameGenerator] | --> Generating unique operation named: deleteUsingPOST_4|
- | [] | [20190718 16:14:36.097] | [INFO] | [PC-20190528OEHK] | [main] | [s.d.s.w.r.o.CachingOperationNameGenerator] | --> Generating unique operation named: editUsingPOST_3|
- | [] | [20190718 16:14:36.098] | [INFO] | [PC-20190528OEHK] | [main] | [s.d.s.w.r.o.CachingOperationNameGenerator] | --> Generating unique operation named: findListUsingPOST_7|
- | [] | [20190718 16:14:36.099] | [INFO] | [PC-20190528OEHK] | [main] | [s.d.s.w.r.o.CachingOperationNameGenerator] | --> Generating unique operation named: isExistKeyUsingPOST_1|
- | [] | [20190718 16:14:36.103] | [INFO] | [PC-20190528OEHK] | [main] | [s.d.s.w.r.o.CachingOperationNameGenerator] | --> Generating unique operation named: addUsingPOST_8|
- | [] | [20190718 16:14:36.107] | [INFO] | [PC-20190528OEHK] | [main] | [s.d.s.w.r.o.CachingOperationNameGenerator] | --> Generating unique operation named: deleteUsingPOST_5|
- | [] | [20190718 16:14:36.111] | [INFO] | [PC-20190528OEHK] | [main] | [s.d.s.w.r.o.CachingOperationNameGenerator] | --> Generating unique operation named: editUsingPOST_4|
- | [] | [20190718 16:14:36.124] | [INFO] | [PC-20190528OEHK] | [main] | [s.d.s.w.r.o.CachingOperationNameGenerator] | --> Generating unique operation named: isExistUsingPOST_3|
- | [] | [20190718 16:14:36.130] | [INFO] | [PC-20190528OEHK] | [main] | [s.d.s.w.r.o.CachingOperationNameGenerator] | --> Generating unique operation named: addUsingPOST_9|
- | [] | [20190718 16:14:36.131] | [INFO] | [PC-20190528OEHK] | [main] | [s.d.s.w.r.o.CachingOperationNameGenerator] | --> Generating unique operation named: deleteUsingPOST_6|
- | [] | [20190718 16:14:36.133] | [INFO] | [PC-20190528OEHK] | [main] | [s.d.s.w.r.o.CachingOperationNameGenerator] | --> Generating unique operation named: editUsingPOST_5|
- | [] | [20190718 16:14:36.134] | [INFO] | [PC-20190528OEHK] | [main] | [s.d.s.w.r.o.CachingOperationNameGenerator] | --> Generating unique operation named: findListUsingPOST_8|
- | [] | [20190718 16:14:36.137] | [INFO] | [PC-20190528OEHK] | [main] | [s.d.s.w.r.o.CachingOperationNameGenerator] | --> Generating unique operation named: isExistUsingPOST_4|
- | [] | [20190718 16:14:36.139] | [INFO] | [PC-20190528OEHK] | [main] | [s.d.s.w.r.o.CachingOperationNameGenerator] | --> Generating unique operation named: addUsingPOST_10|
- | [] | [20190718 16:14:36.140] | [INFO] | [PC-20190528OEHK] | [main] | [s.d.s.w.r.o.CachingOperationNameGenerator] | --> Generating unique operation named: deleteUsingPOST_7|
- | [] | [20190718 16:14:36.141] | [INFO] | [PC-20190528OEHK] | [main] | [s.d.s.w.r.o.CachingOperationNameGenerator] | --> Generating unique operation named: editUsingPOST_6|
- | [] | [20190718 16:14:36.142] | [INFO] | [PC-20190528OEHK] | [main] | [s.d.s.w.r.o.CachingOperationNameGenerator] | --> Generating unique operation named: findListUsingPOST_9|
- | [] | [20190718 16:14:36.142] | [INFO] | [PC-20190528OEHK] | [main] | [s.d.s.w.r.o.CachingOperationNameGenerator] | --> Generating unique operation named: selectListUsingPOST_1|
- | [] | [20190718 16:14:36.180] | [INFO] | [PC-20190528OEHK] | [main] | [s.d.s.w.r.o.CachingOperationNameGenerator] | --> Generating unique operation named: deleteByIdUsingPOST_2|
- | [] | [20190718 16:14:36.200] | [INFO] | [PC-20190528OEHK] | [main] | [s.d.s.w.r.o.CachingOperationNameGenerator] | --> Generating unique operation named: findUserDataPermissionListUsingPOST_1|
- | [] | [20190718 16:14:36.206] | [INFO] | [PC-20190528OEHK] | [main] | [s.d.s.w.r.o.CachingOperationNameGenerator] | --> Generating unique operation named: findUserlistUsingPOST_1|
- | [] | [20190718 16:14:36.263] | [INFO] | [PC-20190528OEHK] | [main] | [s.d.s.w.r.o.CachingOperationNameGenerator] | --> Generating unique operation named: phoneCheckUsingPOST_1|
- | [] | [20190718 16:14:36.307] | [INFO] | [PC-20190528OEHK] | [main] | [o.a.coyote.http11.Http11NioProtocol] | --> Starting ProtocolHandler ["http-nio-22000"]|
- | [] | [20190718 16:14:36.329] | [INFO] | [PC-20190528OEHK] | [main] | [c.z.s.s.ScfcloudSystemApplication] | --> Started ScfcloudSystemApplication in 9.415 seconds (JVM running for 9.891)|
- | [] | [20190718 16:15:05.745] | [INFO] | [PC-20190528OEHK] | [DiscoveryClient-CacheRefreshExecutor-0] | [c.netflix.discovery.DiscoveryClient] | --> Disable delta property : false|
- | [] | [20190718 16:15:05.747] | [INFO] | [PC-20190528OEHK] | [DiscoveryClient-CacheRefreshExecutor-0] | [c.netflix.discovery.DiscoveryClient] | --> Single vip registry refresh property : null|
- | [] | [20190718 16:15:05.747] | [INFO] | [PC-20190528OEHK] | [DiscoveryClient-CacheRefreshExecutor-0] | [c.netflix.discovery.DiscoveryClient] | --> Force full registry fetch : false|
- | [] | [20190718 16:15:05.748] | [INFO] | [PC-20190528OEHK] | [DiscoveryClient-CacheRefreshExecutor-0] | [c.netflix.discovery.DiscoveryClient] | --> Application is null : false|
- | [] | [20190718 16:15:05.748] | [INFO] | [PC-20190528OEHK] | [DiscoveryClient-CacheRefreshExecutor-0] | [c.netflix.discovery.DiscoveryClient] | --> Registered Applications size is zero : true|
- | [] | [20190718 16:15:05.748] | [INFO] | [PC-20190528OEHK] | [DiscoveryClient-CacheRefreshExecutor-0] | [c.netflix.discovery.DiscoveryClient] | --> Application version is -1: false|
- | [] | [20190718 16:15:05.748] | [INFO] | [PC-20190528OEHK] | [DiscoveryClient-CacheRefreshExecutor-0] | [c.netflix.discovery.DiscoveryClient] | --> Getting all instance registry info from the eureka server|
- | [] | [20190718 16:15:05.797] | [INFO] | [PC-20190528OEHK] | [DiscoveryClient-CacheRefreshExecutor-0] | [c.netflix.discovery.DiscoveryClient] | --> The response status is 200|
- | [] | [20190718 16:19:35.673] | [INFO] | [PC-20190528OEHK] | [AsyncResolver-bootstrap-executor-0] | [c.n.d.s.r.aws.ConfigClusterResolver] | --> Resolving eureka endpoints via configuration|
- | [] | [20190718 16:24:35.685] | [INFO] | [PC-20190528OEHK] | [AsyncResolver-bootstrap-executor-0] | [c.n.d.s.r.aws.ConfigClusterResolver] | --> Resolving eureka endpoints via configuration|
- | [] | [20190718 16:29:35.696] | [INFO] | [PC-20190528OEHK] | [AsyncResolver-bootstrap-executor-0] | [c.n.d.s.r.aws.ConfigClusterResolver] | --> Resolving eureka endpoints via configuration|
- | [] | [20190718 16:34:35.707] | [INFO] | [PC-20190528OEHK] | [AsyncResolver-bootstrap-executor-0] | [c.n.d.s.r.aws.ConfigClusterResolver] | --> Resolving eureka endpoints via configuration|
- | [] | [20190718 16:39:35.719] | [INFO] | [PC-20190528OEHK] | [AsyncResolver-bootstrap-executor-0] | [c.n.d.s.r.aws.ConfigClusterResolver] | --> Resolving eureka endpoints via configuration|
- | [] | [20190718 16:44:35.731] | [INFO] | [PC-20190528OEHK] | [AsyncResolver-bootstrap-executor-0] | [c.n.d.s.r.aws.ConfigClusterResolver] | --> Resolving eureka endpoints via configuration|
- | [] | [20190718 16:49:35.743] | [INFO] | [PC-20190528OEHK] | [AsyncResolver-bootstrap-executor-0] | [c.n.d.s.r.aws.ConfigClusterResolver] | --> Resolving eureka endpoints via configuration|
- | [] | [20190718 16:54:35.755] | [INFO] | [PC-20190528OEHK] | [AsyncResolver-bootstrap-executor-0] | [c.n.d.s.r.aws.ConfigClusterResolver] | --> Resolving eureka endpoints via configuration|
- | [] | [20190718 16:59:35.767] | [INFO] | [PC-20190528OEHK] | [AsyncResolver-bootstrap-executor-0] | [c.n.d.s.r.aws.ConfigClusterResolver] | --> Resolving eureka endpoints via configuration|
- | [] | [20190718 17:04:35.779] | [INFO] | [PC-20190528OEHK] | [AsyncResolver-bootstrap-executor-0] | [c.n.d.s.r.aws.ConfigClusterResolver] | --> Resolving eureka endpoints via configuration|
- | [] | [20190718 17:09:35.791] | [INFO] | [PC-20190528OEHK] | [AsyncResolver-bootstrap-executor-0] | [c.n.d.s.r.aws.ConfigClusterResolver] | --> Resolving eureka endpoints via configuration|
- | [] | [20190718 17:14:35.803] | [INFO] | [PC-20190528OEHK] | [AsyncResolver-bootstrap-executor-0] | [c.n.d.s.r.aws.ConfigClusterResolver] | --> Resolving eureka endpoints via configuration|
- | [] | [20190718 17:19:35.814] | [INFO] | [PC-20190528OEHK] | [AsyncResolver-bootstrap-executor-0] | [c.n.d.s.r.aws.ConfigClusterResolver] | --> Resolving eureka endpoints via configuration|
- | [] | [20190718 17:24:35.826] | [INFO] | [PC-20190528OEHK] | [AsyncResolver-bootstrap-executor-0] | [c.n.d.s.r.aws.ConfigClusterResolver] | --> Resolving eureka endpoints via configuration|
- | [] | [20190718 17:29:35.837] | [INFO] | [PC-20190528OEHK] | [AsyncResolver-bootstrap-executor-0] | [c.n.d.s.r.aws.ConfigClusterResolver] | --> Resolving eureka endpoints via configuration|
- | [] | [20190718 17:34:35.849] | [INFO] | [PC-20190528OEHK] | [AsyncResolver-bootstrap-executor-0] | [c.n.d.s.r.aws.ConfigClusterResolver] | --> Resolving eureka endpoints via configuration|
- | [] | [20190718 17:39:35.860] | [INFO] | [PC-20190528OEHK] | [AsyncResolver-bootstrap-executor-0] | [c.n.d.s.r.aws.ConfigClusterResolver] | --> Resolving eureka endpoints via configuration|
- | [] | [20190718 17:44:35.872] | [INFO] | [PC-20190528OEHK] | [AsyncResolver-bootstrap-executor-0] | [c.n.d.s.r.aws.ConfigClusterResolver] | --> Resolving eureka endpoints via configuration|
- | [] | [20190718 17:49:35.884] | [INFO] | [PC-20190528OEHK] | [AsyncResolver-bootstrap-executor-0] | [c.n.d.s.r.aws.ConfigClusterResolver] | --> Resolving eureka endpoints via configuration|
- | [] | [20190718 17:54:35.896] | [INFO] | [PC-20190528OEHK] | [AsyncResolver-bootstrap-executor-0] | [c.n.d.s.r.aws.ConfigClusterResolver] | --> Resolving eureka endpoints via configuration|
- | [] | [20190718 17:59:35.908] | [INFO] | [PC-20190528OEHK] | [AsyncResolver-bootstrap-executor-0] | [c.n.d.s.r.aws.ConfigClusterResolver] | --> Resolving eureka endpoints via configuration|
- | [] | [20190718 18:04:35.920] | [INFO] | [PC-20190528OEHK] | [AsyncResolver-bootstrap-executor-0] | [c.n.d.s.r.aws.ConfigClusterResolver] | --> Resolving eureka endpoints via configuration|
- | [] | [20190718 18:09:35.932] | [INFO] | [PC-20190528OEHK] | [AsyncResolver-bootstrap-executor-0] | [c.n.d.s.r.aws.ConfigClusterResolver] | --> Resolving eureka endpoints via configuration|
- | [] | [20190718 18:14:35.943] | [INFO] | [PC-20190528OEHK] | [AsyncResolver-bootstrap-executor-0] | [c.n.d.s.r.aws.ConfigClusterResolver] | --> Resolving eureka endpoints via configuration|
- | [] | [20190718 18:19:35.955] | [INFO] | [PC-20190528OEHK] | [AsyncResolver-bootstrap-executor-0] | [c.n.d.s.r.aws.ConfigClusterResolver] | --> Resolving eureka endpoints via configuration|
- | [] | [20190718 18:24:35.967] | [INFO] | [PC-20190528OEHK] | [AsyncResolver-bootstrap-executor-0] | [c.n.d.s.r.aws.ConfigClusterResolver] | --> Resolving eureka endpoints via configuration|
- | [] | [20190718 18:29:35.979] | [INFO] | [PC-20190528OEHK] | [AsyncResolver-bootstrap-executor-0] | [c.n.d.s.r.aws.ConfigClusterResolver] | --> Resolving eureka endpoints via configuration|
- | [] | [20190718 18:34:35.990] | [INFO] | [PC-20190528OEHK] | [AsyncResolver-bootstrap-executor-0] | [c.n.d.s.r.aws.ConfigClusterResolver] | --> Resolving eureka endpoints via configuration|
- | [] | [20190718 18:39:36.001] | [INFO] | [PC-20190528OEHK] | [AsyncResolver-bootstrap-executor-0] | [c.n.d.s.r.aws.ConfigClusterResolver] | --> Resolving eureka endpoints via configuration|
- | [] | [20190718 18:44:36.013] | [INFO] | [PC-20190528OEHK] | [AsyncResolver-bootstrap-executor-0] | [c.n.d.s.r.aws.ConfigClusterResolver] | --> Resolving eureka endpoints via configuration|
- | [] | [20190718 18:49:36.024] | [INFO] | [PC-20190528OEHK] | [AsyncResolver-bootstrap-executor-0] | [c.n.d.s.r.aws.ConfigClusterResolver] | --> Resolving eureka endpoints via configuration|
- | [] | [20190718 18:54:36.036] | [INFO] | [PC-20190528OEHK] | [AsyncResolver-bootstrap-executor-0] | [c.n.d.s.r.aws.ConfigClusterResolver] | --> Resolving eureka endpoints via configuration|
- | [] | [20190718 18:59:36.047] | [INFO] | [PC-20190528OEHK] | [AsyncResolver-bootstrap-executor-0] | [c.n.d.s.r.aws.ConfigClusterResolver] | --> Resolving eureka endpoints via configuration|
- | [] | [20190718 19:04:36.059] | [INFO] | [PC-20190528OEHK] | [AsyncResolver-bootstrap-executor-0] | [c.n.d.s.r.aws.ConfigClusterResolver] | --> Resolving eureka endpoints via configuration|
- | [] | [20190718 19:09:36.070] | [INFO] | [PC-20190528OEHK] | [AsyncResolver-bootstrap-executor-0] | [c.n.d.s.r.aws.ConfigClusterResolver] | --> Resolving eureka endpoints via configuration|
- | [] | [20190718 19:14:36.082] | [INFO] | [PC-20190528OEHK] | [AsyncResolver-bootstrap-executor-0] | [c.n.d.s.r.aws.ConfigClusterResolver] | --> Resolving eureka endpoints via configuration|
- | [] | [20190718 19:19:36.094] | [INFO] | [PC-20190528OEHK] | [AsyncResolver-bootstrap-executor-0] | [c.n.d.s.r.aws.ConfigClusterResolver] | --> Resolving eureka endpoints via configuration|
- | [] | [20190718 19:24:36.105] | [INFO] | [PC-20190528OEHK] | [AsyncResolver-bootstrap-executor-0] | [c.n.d.s.r.aws.ConfigClusterResolver] | --> Resolving eureka endpoints via configuration|
- | [] | [20190718 19:29:36.117] | [INFO] | [PC-20190528OEHK] | [AsyncResolver-bootstrap-executor-0] | [c.n.d.s.r.aws.ConfigClusterResolver] | --> Resolving eureka endpoints via configuration|
- | [] | [20190718 19:34:36.129] | [INFO] | [PC-20190528OEHK] | [AsyncResolver-bootstrap-executor-0] | [c.n.d.s.r.aws.ConfigClusterResolver] | --> Resolving eureka endpoints via configuration|
- | [] | [20190718 19:39:36.141] | [INFO] | [PC-20190528OEHK] | [AsyncResolver-bootstrap-executor-0] | [c.n.d.s.r.aws.ConfigClusterResolver] | --> Resolving eureka endpoints via configuration|
- | [] | [20190718 19:44:36.153] | [INFO] | [PC-20190528OEHK] | [AsyncResolver-bootstrap-executor-0] | [c.n.d.s.r.aws.ConfigClusterResolver] | --> Resolving eureka endpoints via configuration|
- | [] | [20190718 19:49:36.164] | [INFO] | [PC-20190528OEHK] | [AsyncResolver-bootstrap-executor-0] | [c.n.d.s.r.aws.ConfigClusterResolver] | --> Resolving eureka endpoints via configuration|
- | [] | [20190718 19:54:36.175] | [INFO] | [PC-20190528OEHK] | [AsyncResolver-bootstrap-executor-0] | [c.n.d.s.r.aws.ConfigClusterResolver] | --> Resolving eureka endpoints via configuration|
